2024-03-10 21:43:14,848{GMT}	INFO	[jepsen test runner] jepsen.core: Command line:
lein run test -w echo --bin /Users/lihaoyang/go/bin/maelstrom-echo --node-count 1 --time-limit 10
2024-03-10 21:43:14,941{GMT}	INFO	[jepsen test runner] jepsen.core: Running test:
{:args []
 :remote
 #jepsen.control.retry.Remote{:remote #jepsen.control.scp.Remote{:cmd-remote #jepsen.control.sshj.SSHJRemote{:concurrency-limit 6,
                                                                                                             :conn-spec nil,
                                                                                                             :client nil,
                                                                                                             :semaphore nil},
                                                                 :conn-spec nil},
                              :conn nil}
 :log-net-send false
 :node-count 1
 :availability nil
 :max-txn-length 4
 :concurrency 1
 :db
 #object[maelstrom.db$db$reify__16142
         "0x12c66345"
         "maelstrom.db$db$reify__16142@12c66345"]
 :max-writes-per-key 16
 :leave-db-running? false
 :name "echo"
 :logging-json? false
 :start-time
 #object[org.joda.time.DateTime "0xb0c4670" "2024-03-10T21:43:14.765+08:00"]
 :nemesis-interval 10
 :net
 #object[maelstrom.net$jepsen_net$reify__15251
         "0x5344b208"
         "maelstrom.net$jepsen_net$reify__15251@5344b208"]
 :client
 #object[maelstrom.workload.echo$client$reify__16863
         "0x30769e7a"
         "maelstrom.workload.echo$client$reify__16863@30769e7a"]
 :barrier
 #object[java.util.concurrent.CyclicBarrier
         "0x14021c10"
         "java.util.concurrent.CyclicBarrier@14021c10"]
 :log-stderr false
 :pure-generators true
 :ssh {:dummy? true}
 :rate 5
 :checker
 #object[jepsen.checker$compose$reify__11881
         "0x7dd4f726"
         "jepsen.checker$compose$reify__11881@7dd4f726"]
 :argv
 ("test"
  "-w"
  "echo"
  "--bin"
  "/Users/lihaoyang/go/bin/maelstrom-echo"
  "--node-count"
  "1"
  "--time-limit"
  "10")
 :nemesis
 (jepsen.nemesis.ReflCompose
  {:fm {:start-partition 0,
        :stop-partition 0,
        :kill 1,
        :start 1,
        :pause 1,
        :resume 1},
   :nemeses [#unprintable "jepsen.nemesis.combined$partition_nemesis$reify__16416@bf6de66"
             #unprintable "jepsen.nemesis.combined$db_nemesis$reify__16397@ff7042c"]})
 :nodes ["n0"]
 :test-count 1
 :latency {:mean 0, :dist :constant}
 :bin "/Users/lihaoyang/go/bin/maelstrom-echo"
 :generator
 (jepsen.generator.TimeLimit
  {:limit 10000000000,
   :cutoff nil,
   :gen (jepsen.generator.Any
         {:gens [(jepsen.generator.OnThreads
                  {:f #{:nemesis},
                   :context-filter #object[jepsen.generator.context$make_thread_filter$lazy_filter__9167
                                           "0x2339ad10"
                                           "jepsen.generator.context$make_thread_filter$lazy_filter__9167@2339ad10"],
                   :gen nil})
                 (jepsen.generator.OnThreads
                  {:f #jepsen.generator.context.AllBut{:element :nemesis},
                   :context-filter #object[jepsen.generator.context$make_thread_filter$lazy_filter__9167
                                           "0x1030ce34"
                                           "jepsen.generator.context$make_thread_filter$lazy_filter__9167@1030ce34"],
                   :gen (jepsen.generator.Stagger
                         {:dt 400000000,
                          :next-time nil,
                          :gen (jepsen.generator.EachThread
                                {:fresh-gen #object[maelstrom.workload.echo$workload$fn__16882
                                                    "0x74c3374f"
                                                    "maelstrom.workload.echo$workload$fn__16882@74c3374f"],
                                 :context-filters #object[clojure.core$promise$reify__8591
                                                          "0x3eea7c4b"
                                                          {:status :pending,
                                                           :val nil}],
                                 :gens {}})})})]})})
 :log-net-recv false
 :os
 #object[maelstrom.net$jepsen_os$reify__15254
         "0x50d507ab"
         "maelstrom.net$jepsen_os$reify__15254@50d507ab"]
 :time-limit 10
 :workload :echo
 :consistency-models [:strict-serializable]
 :topology :grid}

2024-03-10 21:43:16,693{GMT}	INFO	[jepsen node n0] maelstrom.net: Starting Maelstrom network
2024-03-10 21:43:16,696{GMT}	INFO	[jepsen test runner] jepsen.db: Tearing down DB
2024-03-10 21:43:16,700{GMT}	INFO	[jepsen test runner] jepsen.db: Setting up DB
2024-03-10 21:43:16,706{GMT}	INFO	[jepsen node n0] maelstrom.service: Starting services: (lin-kv lin-tso lww-kv seq-kv)
2024-03-10 21:43:16,709{GMT}	INFO	[jepsen node n0] maelstrom.db: Setting up n0
2024-03-10 21:43:16,710{GMT}	INFO	[jepsen node n0] maelstrom.process: launching /Users/lihaoyang/go/bin/maelstrom-echo []
2024-03-10 21:43:16,780{GMT}	INFO	[jepsen test runner] jepsen.core: Relative time begins now
2024-03-10 21:43:16,823{GMT}	INFO	[jepsen worker 0] jepsen.util: 0	:invoke	:echo	"Please echo 34"
2024-03-10 21:43:16,839{GMT}	INFO	[jepsen worker 0] jepsen.util: 0	:ok	:echo	{:echo "Please echo 34", :in_reply_to 1, :msg_id 1, :type "echo_ok"}
2024-03-10 21:43:17,167{GMT}	INFO	[jepsen worker 0] jepsen.util: 0	:invoke	:echo	"Please echo 38"
2024-03-10 21:43:17,169{GMT}	INFO	[jepsen worker 0] jepsen.util: 0	:ok	:echo	{:echo "Please echo 38", :in_reply_to 2, :msg_id 2, :type "echo_ok"}
2024-03-10 21:43:17,337{GMT}	INFO	[jepsen worker 0] jepsen.util: 0	:invoke	:echo	"Please echo 107"
2024-03-10 21:43:17,339{GMT}	INFO	[jepsen worker 0] jepsen.util: 0	:ok	:echo	{:echo "Please echo 107", :in_reply_to 3, :msg_id 3, :type "echo_ok"}
2024-03-10 21:43:17,370{GMT}	INFO	[jepsen worker 0] jepsen.util: 0	:invoke	:echo	"Please echo 81"
2024-03-10 21:43:17,373{GMT}	INFO	[jepsen worker 0] jepsen.util: 0	:ok	:echo	{:echo "Please echo 81", :in_reply_to 4, :msg_id 4, :type "echo_ok"}
2024-03-10 21:43:17,670{GMT}	INFO	[jepsen worker 0] jepsen.util: 0	:invoke	:echo	"Please echo 122"
2024-03-10 21:43:17,671{GMT}	INFO	[jepsen worker 0] jepsen.util: 0	:ok	:echo	{:echo "Please echo 122", :in_reply_to 5, :msg_id 5, :type "echo_ok"}
2024-03-10 21:43:17,674{GMT}	INFO	[jepsen worker 0] jepsen.util: 0	:invoke	:echo	"Please echo 16"
2024-03-10 21:43:17,675{GMT}	INFO	[jepsen worker 0] jepsen.util: 0	:ok	:echo	{:echo "Please echo 16", :in_reply_to 6, :msg_id 6, :type "echo_ok"}
2024-03-10 21:43:17,806{GMT}	INFO	[jepsen worker 0] jepsen.util: 0	:invoke	:echo	"Please echo 117"
2024-03-10 21:43:17,808{GMT}	INFO	[jepsen worker 0] jepsen.util: 0	:ok	:echo	{:echo "Please echo 117", :in_reply_to 7, :msg_id 7, :type "echo_ok"}
2024-03-10 21:43:18,087{GMT}	INFO	[jepsen worker 0] jepsen.util: 0	:invoke	:echo	"Please echo 80"
2024-03-10 21:43:18,088{GMT}	INFO	[jepsen worker 0] jepsen.util: 0	:ok	:echo	{:echo "Please echo 80", :in_reply_to 8, :msg_id 8, :type "echo_ok"}
2024-03-10 21:43:18,297{GMT}	INFO	[jepsen worker 0] jepsen.util: 0	:invoke	:echo	"Please echo 119"
2024-03-10 21:43:18,299{GMT}	INFO	[jepsen worker 0] jepsen.util: 0	:ok	:echo	{:echo "Please echo 119", :in_reply_to 9, :msg_id 9, :type "echo_ok"}
2024-03-10 21:43:18,576{GMT}	INFO	[jepsen worker 0] jepsen.util: 0	:invoke	:echo	"Please echo 21"
2024-03-10 21:43:18,578{GMT}	INFO	[jepsen worker 0] jepsen.util: 0	:ok	:echo	{:echo "Please echo 21", :in_reply_to 10, :msg_id 10, :type "echo_ok"}
2024-03-10 21:43:18,971{GMT}	INFO	[jepsen worker 0] jepsen.util: 0	:invoke	:echo	"Please echo 6"
2024-03-10 21:43:18,973{GMT}	INFO	[jepsen worker 0] jepsen.util: 0	:ok	:echo	{:echo "Please echo 6", :in_reply_to 11, :msg_id 11, :type "echo_ok"}
2024-03-10 21:43:19,259{GMT}	INFO	[jepsen worker 0] jepsen.util: 0	:invoke	:echo	"Please echo 37"
2024-03-10 21:43:19,262{GMT}	INFO	[jepsen worker 0] jepsen.util: 0	:ok	:echo	{:echo "Please echo 37", :in_reply_to 12, :msg_id 12, :type "echo_ok"}
2024-03-10 21:43:19,387{GMT}	INFO	[jepsen worker 0] jepsen.util: 0	:invoke	:echo	"Please echo 80"
2024-03-10 21:43:19,389{GMT}	INFO	[jepsen worker 0] jepsen.util: 0	:ok	:echo	{:echo "Please echo 80", :in_reply_to 13, :msg_id 13, :type "echo_ok"}
2024-03-10 21:43:19,457{GMT}	INFO	[jepsen worker 0] jepsen.util: 0	:invoke	:echo	"Please echo 12"
2024-03-10 21:43:19,459{GMT}	INFO	[jepsen worker 0] jepsen.util: 0	:ok	:echo	{:echo "Please echo 12", :in_reply_to 14, :msg_id 14, :type "echo_ok"}
2024-03-10 21:43:19,615{GMT}	INFO	[jepsen worker 0] jepsen.util: 0	:invoke	:echo	"Please echo 54"
2024-03-10 21:43:19,616{GMT}	INFO	[jepsen worker 0] jepsen.util: 0	:ok	:echo	{:echo "Please echo 54", :in_reply_to 15, :msg_id 15, :type "echo_ok"}
2024-03-10 21:43:19,959{GMT}	INFO	[jepsen worker 0] jepsen.util: 0	:invoke	:echo	"Please echo 100"
2024-03-10 21:43:19,961{GMT}	INFO	[jepsen worker 0] jepsen.util: 0	:ok	:echo	{:echo "Please echo 100", :in_reply_to 16, :msg_id 16, :type "echo_ok"}
2024-03-10 21:43:20,314{GMT}	INFO	[jepsen worker 0] jepsen.util: 0	:invoke	:echo	"Please echo 25"
2024-03-10 21:43:20,315{GMT}	INFO	[jepsen worker 0] jepsen.util: 0	:ok	:echo	{:echo "Please echo 25", :in_reply_to 17, :msg_id 17, :type "echo_ok"}
2024-03-10 21:43:20,379{GMT}	INFO	[jepsen worker 0] jepsen.util: 0	:invoke	:echo	"Please echo 126"
2024-03-10 21:43:20,381{GMT}	INFO	[jepsen worker 0] jepsen.util: 0	:ok	:echo	{:echo "Please echo 126", :in_reply_to 18, :msg_id 18, :type "echo_ok"}
2024-03-10 21:43:20,762{GMT}	INFO	[jepsen worker 0] jepsen.util: 0	:invoke	:echo	"Please echo 31"
2024-03-10 21:43:20,764{GMT}	INFO	[jepsen worker 0] jepsen.util: 0	:ok	:echo	{:echo "Please echo 31", :in_reply_to 19, :msg_id 19, :type "echo_ok"}
2024-03-10 21:43:20,904{GMT}	INFO	[jepsen worker 0] jepsen.util: 0	:invoke	:echo	"Please echo 50"
2024-03-10 21:43:20,906{GMT}	INFO	[jepsen worker 0] jepsen.util: 0	:ok	:echo	{:echo "Please echo 50", :in_reply_to 20, :msg_id 20, :type "echo_ok"}
2024-03-10 21:43:21,187{GMT}	INFO	[jepsen worker 0] jepsen.util: 0	:invoke	:echo	"Please echo 41"
2024-03-10 21:43:21,190{GMT}	INFO	[jepsen worker 0] jepsen.util: 0	:ok	:echo	{:echo "Please echo 41", :in_reply_to 21, :msg_id 21, :type "echo_ok"}
2024-03-10 21:43:21,206{GMT}	INFO	[jepsen worker 0] jepsen.util: 0	:invoke	:echo	"Please echo 122"
2024-03-10 21:43:21,207{GMT}	INFO	[jepsen worker 0] jepsen.util: 0	:ok	:echo	{:echo "Please echo 122", :in_reply_to 22, :msg_id 22, :type "echo_ok"}
2024-03-10 21:43:21,550{GMT}	INFO	[jepsen worker 0] jepsen.util: 0	:invoke	:echo	"Please echo 49"
2024-03-10 21:43:21,552{GMT}	INFO	[jepsen worker 0] jepsen.util: 0	:ok	:echo	{:echo "Please echo 49", :in_reply_to 23, :msg_id 23, :type "echo_ok"}
2024-03-10 21:43:21,640{GMT}	INFO	[jepsen worker 0] jepsen.util: 0	:invoke	:echo	"Please echo 105"
2024-03-10 21:43:21,642{GMT}	INFO	[jepsen worker 0] jepsen.util: 0	:ok	:echo	{:echo "Please echo 105", :in_reply_to 24, :msg_id 24, :type "echo_ok"}
2024-03-10 21:43:21,837{GMT}	INFO	[jepsen worker 0] jepsen.util: 0	:invoke	:echo	"Please echo 35"
2024-03-10 21:43:21,839{GMT}	INFO	[jepsen worker 0] jepsen.util: 0	:ok	:echo	{:echo "Please echo 35", :in_reply_to 25, :msg_id 25, :type "echo_ok"}
2024-03-10 21:43:21,912{GMT}	INFO	[jepsen worker 0] jepsen.util: 0	:invoke	:echo	"Please echo 38"
2024-03-10 21:43:21,915{GMT}	INFO	[jepsen worker 0] jepsen.util: 0	:ok	:echo	{:echo "Please echo 38", :in_reply_to 26, :msg_id 26, :type "echo_ok"}
2024-03-10 21:43:22,169{GMT}	INFO	[jepsen worker 0] jepsen.util: 0	:invoke	:echo	"Please echo 75"
2024-03-10 21:43:22,171{GMT}	INFO	[jepsen worker 0] jepsen.util: 0	:ok	:echo	{:echo "Please echo 75", :in_reply_to 27, :msg_id 27, :type "echo_ok"}
2024-03-10 21:43:22,283{GMT}	INFO	[jepsen worker 0] jepsen.util: 0	:invoke	:echo	"Please echo 30"
2024-03-10 21:43:22,284{GMT}	INFO	[jepsen worker 0] jepsen.util: 0	:ok	:echo	{:echo "Please echo 30", :in_reply_to 28, :msg_id 28, :type "echo_ok"}
2024-03-10 21:43:22,534{GMT}	INFO	[jepsen worker 0] jepsen.util: 0	:invoke	:echo	"Please echo 30"
2024-03-10 21:43:22,536{GMT}	INFO	[jepsen worker 0] jepsen.util: 0	:ok	:echo	{:echo "Please echo 30", :in_reply_to 29, :msg_id 29, :type "echo_ok"}
2024-03-10 21:43:22,732{GMT}	INFO	[jepsen worker 0] jepsen.util: 0	:invoke	:echo	"Please echo 19"
2024-03-10 21:43:22,733{GMT}	INFO	[jepsen worker 0] jepsen.util: 0	:ok	:echo	{:echo "Please echo 19", :in_reply_to 30, :msg_id 30, :type "echo_ok"}
2024-03-10 21:43:22,842{GMT}	INFO	[jepsen worker 0] jepsen.util: 0	:invoke	:echo	"Please echo 112"
2024-03-10 21:43:22,845{GMT}	INFO	[jepsen worker 0] jepsen.util: 0	:ok	:echo	{:echo "Please echo 112", :in_reply_to 31, :msg_id 31, :type "echo_ok"}
2024-03-10 21:43:23,088{GMT}	INFO	[jepsen worker 0] jepsen.util: 0	:invoke	:echo	"Please echo 85"
2024-03-10 21:43:23,090{GMT}	INFO	[jepsen worker 0] jepsen.util: 0	:ok	:echo	{:echo "Please echo 85", :in_reply_to 32, :msg_id 32, :type "echo_ok"}
2024-03-10 21:43:23,307{GMT}	INFO	[jepsen worker 0] jepsen.util: 0	:invoke	:echo	"Please echo 116"
2024-03-10 21:43:23,309{GMT}	INFO	[jepsen worker 0] jepsen.util: 0	:ok	:echo	{:echo "Please echo 116", :in_reply_to 33, :msg_id 33, :type "echo_ok"}
2024-03-10 21:43:23,559{GMT}	INFO	[jepsen worker 0] jepsen.util: 0	:invoke	:echo	"Please echo 56"
2024-03-10 21:43:23,561{GMT}	INFO	[jepsen worker 0] jepsen.util: 0	:ok	:echo	{:echo "Please echo 56", :in_reply_to 34, :msg_id 34, :type "echo_ok"}
2024-03-10 21:43:23,698{GMT}	INFO	[jepsen worker 0] jepsen.util: 0	:invoke	:echo	"Please echo 110"
2024-03-10 21:43:23,700{GMT}	INFO	[jepsen worker 0] jepsen.util: 0	:ok	:echo	{:echo "Please echo 110", :in_reply_to 35, :msg_id 35, :type "echo_ok"}
2024-03-10 21:43:23,870{GMT}	INFO	[jepsen worker 0] jepsen.util: 0	:invoke	:echo	"Please echo 20"
2024-03-10 21:43:23,871{GMT}	INFO	[jepsen worker 0] jepsen.util: 0	:ok	:echo	{:echo "Please echo 20", :in_reply_to 36, :msg_id 36, :type "echo_ok"}
2024-03-10 21:43:23,949{GMT}	INFO	[jepsen worker 0] jepsen.util: 0	:invoke	:echo	"Please echo 9"
2024-03-10 21:43:23,951{GMT}	INFO	[jepsen worker 0] jepsen.util: 0	:ok	:echo	{:echo "Please echo 9", :in_reply_to 37, :msg_id 37, :type "echo_ok"}
2024-03-10 21:43:23,992{GMT}	INFO	[jepsen worker 0] jepsen.util: 0	:invoke	:echo	"Please echo 65"
2024-03-10 21:43:23,994{GMT}	INFO	[jepsen worker 0] jepsen.util: 0	:ok	:echo	{:echo "Please echo 65", :in_reply_to 38, :msg_id 38, :type "echo_ok"}
2024-03-10 21:43:24,078{GMT}	INFO	[jepsen worker 0] jepsen.util: 0	:invoke	:echo	"Please echo 9"
2024-03-10 21:43:24,080{GMT}	INFO	[jepsen worker 0] jepsen.util: 0	:ok	:echo	{:echo "Please echo 9", :in_reply_to 39, :msg_id 39, :type "echo_ok"}
2024-03-10 21:43:24,294{GMT}	INFO	[jepsen worker 0] jepsen.util: 0	:invoke	:echo	"Please echo 89"
2024-03-10 21:43:24,296{GMT}	INFO	[jepsen worker 0] jepsen.util: 0	:ok	:echo	{:echo "Please echo 89", :in_reply_to 40, :msg_id 40, :type "echo_ok"}
2024-03-10 21:43:24,335{GMT}	INFO	[jepsen worker 0] jepsen.util: 0	:invoke	:echo	"Please echo 68"
2024-03-10 21:43:24,337{GMT}	INFO	[jepsen worker 0] jepsen.util: 0	:ok	:echo	{:echo "Please echo 68", :in_reply_to 41, :msg_id 41, :type "echo_ok"}
2024-03-10 21:43:24,466{GMT}	INFO	[jepsen worker 0] jepsen.util: 0	:invoke	:echo	"Please echo 109"
2024-03-10 21:43:24,468{GMT}	INFO	[jepsen worker 0] jepsen.util: 0	:ok	:echo	{:echo "Please echo 109", :in_reply_to 42, :msg_id 42, :type "echo_ok"}
2024-03-10 21:43:24,515{GMT}	INFO	[jepsen worker 0] jepsen.util: 0	:invoke	:echo	"Please echo 80"
2024-03-10 21:43:24,517{GMT}	INFO	[jepsen worker 0] jepsen.util: 0	:ok	:echo	{:echo "Please echo 80", :in_reply_to 43, :msg_id 43, :type "echo_ok"}
2024-03-10 21:43:24,794{GMT}	INFO	[jepsen worker 0] jepsen.util: 0	:invoke	:echo	"Please echo 120"
2024-03-10 21:43:24,796{GMT}	INFO	[jepsen worker 0] jepsen.util: 0	:ok	:echo	{:echo "Please echo 120", :in_reply_to 44, :msg_id 44, :type "echo_ok"}
2024-03-10 21:43:25,082{GMT}	INFO	[jepsen worker 0] jepsen.util: 0	:invoke	:echo	"Please echo 78"
2024-03-10 21:43:25,084{GMT}	INFO	[jepsen worker 0] jepsen.util: 0	:ok	:echo	{:echo "Please echo 78", :in_reply_to 45, :msg_id 45, :type "echo_ok"}
2024-03-10 21:43:25,272{GMT}	INFO	[jepsen worker 0] jepsen.util: 0	:invoke	:echo	"Please echo 90"
2024-03-10 21:43:25,273{GMT}	INFO	[jepsen worker 0] jepsen.util: 0	:ok	:echo	{:echo "Please echo 90", :in_reply_to 46, :msg_id 46, :type "echo_ok"}
2024-03-10 21:43:25,613{GMT}	INFO	[jepsen worker 0] jepsen.util: 0	:invoke	:echo	"Please echo 95"
2024-03-10 21:43:25,615{GMT}	INFO	[jepsen worker 0] jepsen.util: 0	:ok	:echo	{:echo "Please echo 95", :in_reply_to 47, :msg_id 47, :type "echo_ok"}
2024-03-10 21:43:25,828{GMT}	INFO	[jepsen worker 0] jepsen.util: 0	:invoke	:echo	"Please echo 24"
2024-03-10 21:43:25,829{GMT}	INFO	[jepsen worker 0] jepsen.util: 0	:ok	:echo	{:echo "Please echo 24", :in_reply_to 48, :msg_id 48, :type "echo_ok"}
2024-03-10 21:43:25,853{GMT}	INFO	[jepsen worker 0] jepsen.util: 0	:invoke	:echo	"Please echo 22"
2024-03-10 21:43:25,854{GMT}	INFO	[jepsen worker 0] jepsen.util: 0	:ok	:echo	{:echo "Please echo 22", :in_reply_to 49, :msg_id 49, :type "echo_ok"}
2024-03-10 21:43:26,064{GMT}	INFO	[jepsen worker 0] jepsen.util: 0	:invoke	:echo	"Please echo 67"
2024-03-10 21:43:26,067{GMT}	INFO	[jepsen worker 0] jepsen.util: 0	:ok	:echo	{:echo "Please echo 67", :in_reply_to 50, :msg_id 50, :type "echo_ok"}
2024-03-10 21:43:26,101{GMT}	INFO	[jepsen worker 0] jepsen.util: 0	:invoke	:echo	"Please echo 125"
2024-03-10 21:43:26,102{GMT}	INFO	[jepsen worker 0] jepsen.util: 0	:ok	:echo	{:echo "Please echo 125", :in_reply_to 51, :msg_id 51, :type "echo_ok"}
2024-03-10 21:43:26,117{GMT}	INFO	[jepsen worker 0] jepsen.util: 0	:invoke	:echo	"Please echo 25"
2024-03-10 21:43:26,117{GMT}	INFO	[jepsen worker 0] jepsen.util: 0	:ok	:echo	{:echo "Please echo 25", :in_reply_to 52, :msg_id 52, :type "echo_ok"}
2024-03-10 21:43:26,458{GMT}	INFO	[jepsen worker 0] jepsen.util: 0	:invoke	:echo	"Please echo 101"
2024-03-10 21:43:26,459{GMT}	INFO	[jepsen worker 0] jepsen.util: 0	:ok	:echo	{:echo "Please echo 101", :in_reply_to 53, :msg_id 53, :type "echo_ok"}
2024-03-10 21:43:26,797{GMT}	INFO	[jepsen worker 0] jepsen.util: 0	:invoke	:echo	"Please echo 75"
2024-03-10 21:43:26,799{GMT}	INFO	[jepsen worker 0] jepsen.util: 0	:ok	:echo	{:echo "Please echo 75", :in_reply_to 54, :msg_id 54, :type "echo_ok"}
2024-03-10 21:43:26,816{GMT}	INFO	[jepsen test runner] jepsen.core: Run complete, writing
2024-03-10 21:43:26,884{GMT}	INFO	[jepsen node n0] maelstrom.db: Tearing down n0
2024-03-10 21:43:28,761{GMT}	INFO	[jepsen node n0] maelstrom.net: Shutting down Maelstrom network
2024-03-10 21:43:28,762{GMT}	INFO	[jepsen test runner] jepsen.core: Analyzing...
2024-03-10 21:43:33,229{GMT}	INFO	[jepsen test runner] jepsen.core: Analysis complete
2024-03-10 21:43:33,243{GMT}	INFO	[jepsen results] jepsen.store: Wrote /Users/lihaoyang/maelstrom/store/echo/20240310T214314.765+0800/results.edn
2024-03-10 21:43:33,281{GMT}	INFO	[jepsen test runner] jepsen.core: {:perf {:latency-graph {:valid? true},
        :rate-graph {:valid? true},
        :valid? true},
 :timeline {:valid? true},
 :exceptions {:valid? true},
 :stats {:valid? true,
         :count 54,
         :ok-count 54,
         :fail-count 0,
         :info-count 0,
         :by-f {:echo {:valid? true,
                       :count 54,
                       :ok-count 54,
                       :fail-count 0,
                       :info-count 0}}},
 :availability {:valid? true, :ok-fraction 1.0},
 :net {:all {:send-count 110,
             :recv-count 110,
             :msg-count 110,
             :msgs-per-op 2.0370371},
       :clients {:send-count 110, :recv-count 110, :msg-count 110},
       :servers {:send-count 0,
                 :recv-count 0,
                 :msg-count 0,
                 :msgs-per-op 0.0},
       :valid? true},
 :workload {:valid? true, :errors ()},
 :valid? true}


Everything looks good! ヽ(‘ー`)ノ
