2024-03-07 19:23:25,578{GMT}	INFO	[jepsen test runner] jepsen.core: Command line:
lein run test -w echo --bin /Users/lihaoyang/go/bin/maelstrom-echo --node-count 1 --time-limit 10
2024-03-07 19:23:25,617{GMT}	INFO	[jepsen test runner] jepsen.core: Running test:
{:args []
 :remote
 #jepsen.control.retry.Remote{:remote #jepsen.control.scp.Remote{:cmd-remote #jepsen.control.sshj.SSHJRemote{:concurrency-limit 6,
                                                                                                             :conn-spec nil,
                                                                                                             :client nil,
                                                                                                             :semaphore nil},
                                                                 :conn-spec nil},
                              :conn nil}
 :log-net-send false
 :node-count 1
 :availability nil
 :max-txn-length 4
 :concurrency 1
 :db
 #object[maelstrom.db$db$reify__16142
         "0x12c66345"
         "maelstrom.db$db$reify__16142@12c66345"]
 :max-writes-per-key 16
 :leave-db-running? false
 :name "echo"
 :logging-json? false
 :start-time
 #object[org.joda.time.DateTime "0xb0c4670" "2024-03-07T19:23:25.549+08:00"]
 :nemesis-interval 10
 :net
 #object[maelstrom.net$jepsen_net$reify__15251
         "0x5344b208"
         "maelstrom.net$jepsen_net$reify__15251@5344b208"]
 :client
 #object[maelstrom.workload.echo$client$reify__16863
         "0x30769e7a"
         "maelstrom.workload.echo$client$reify__16863@30769e7a"]
 :barrier
 #object[java.util.concurrent.CyclicBarrier
         "0x14021c10"
         "java.util.concurrent.CyclicBarrier@14021c10"]
 :log-stderr false
 :pure-generators true
 :ssh {:dummy? true}
 :rate 5
 :checker
 #object[jepsen.checker$compose$reify__11881
         "0x7dd4f726"
         "jepsen.checker$compose$reify__11881@7dd4f726"]
 :argv
 ("test"
  "-w"
  "echo"
  "--bin"
  "/Users/lihaoyang/go/bin/maelstrom-echo"
  "--node-count"
  "1"
  "--time-limit"
  "10")
 :nemesis
 (jepsen.nemesis.ReflCompose
  {:fm {:start-partition 0,
        :stop-partition 0,
        :kill 1,
        :start 1,
        :pause 1,
        :resume 1},
   :nemeses [#unprintable "jepsen.nemesis.combined$partition_nemesis$reify__16416@bf6de66"
             #unprintable "jepsen.nemesis.combined$db_nemesis$reify__16397@ff7042c"]})
 :nodes ["n0"]
 :test-count 1
 :latency {:mean 0, :dist :constant}
 :bin "/Users/lihaoyang/go/bin/maelstrom-echo"
 :generator
 (jepsen.generator.TimeLimit
  {:limit 10000000000,
   :cutoff nil,
   :gen (jepsen.generator.Any
         {:gens [(jepsen.generator.OnThreads
                  {:f #{:nemesis},
                   :context-filter #object[jepsen.generator.context$make_thread_filter$lazy_filter__9167
                                           "0x2339ad10"
                                           "jepsen.generator.context$make_thread_filter$lazy_filter__9167@2339ad10"],
                   :gen nil})
                 (jepsen.generator.OnThreads
                  {:f #jepsen.generator.context.AllBut{:element :nemesis},
                   :context-filter #object[jepsen.generator.context$make_thread_filter$lazy_filter__9167
                                           "0x1030ce34"
                                           "jepsen.generator.context$make_thread_filter$lazy_filter__9167@1030ce34"],
                   :gen (jepsen.generator.Stagger
                         {:dt 400000000,
                          :next-time nil,
                          :gen (jepsen.generator.EachThread
                                {:fresh-gen #object[maelstrom.workload.echo$workload$fn__16882
                                                    "0x74c3374f"
                                                    "maelstrom.workload.echo$workload$fn__16882@74c3374f"],
                                 :context-filters #object[clojure.core$promise$reify__8591
                                                          "0x3eea7c4b"
                                                          {:status :pending,
                                                           :val nil}],
                                 :gens {}})})})]})})
 :log-net-recv false
 :os
 #object[maelstrom.net$jepsen_os$reify__15254
         "0x50d507ab"
         "maelstrom.net$jepsen_os$reify__15254@50d507ab"]
 :time-limit 10
 :workload :echo
 :consistency-models [:strict-serializable]
 :topology :grid}

2024-03-07 19:23:26,552{GMT}	INFO	[jepsen node n0] maelstrom.net: Starting Maelstrom network
2024-03-07 19:23:26,552{GMT}	INFO	[jepsen test runner] jepsen.db: Tearing down DB
2024-03-07 19:23:26,553{GMT}	INFO	[jepsen test runner] jepsen.db: Setting up DB
2024-03-07 19:23:26,554{GMT}	INFO	[jepsen node n0] maelstrom.service: Starting services: (lin-kv lin-tso lww-kv seq-kv)
2024-03-07 19:23:26,555{GMT}	INFO	[jepsen node n0] maelstrom.db: Setting up n0
2024-03-07 19:23:26,555{GMT}	INFO	[jepsen node n0] maelstrom.process: launching /Users/lihaoyang/go/bin/maelstrom-echo []
2024-03-07 19:23:26,626{GMT}	INFO	[jepsen test runner] jepsen.core: Relative time begins now
2024-03-07 19:23:26,635{GMT}	INFO	[jepsen worker 0] jepsen.util: 0	:invoke	:echo	"Please echo 81"
2024-03-07 19:23:26,639{GMT}	INFO	[jepsen worker 0] jepsen.util: 0	:ok	:echo	{:echo "Please echo 81", :in_reply_to 1, :msg_id 1, :type "echo_ok"}
2024-03-07 19:23:26,879{GMT}	INFO	[jepsen worker 0] jepsen.util: 0	:invoke	:echo	"Please echo 41"
2024-03-07 19:23:26,881{GMT}	INFO	[jepsen worker 0] jepsen.util: 0	:ok	:echo	{:echo "Please echo 41", :in_reply_to 2, :msg_id 2, :type "echo_ok"}
2024-03-07 19:23:27,083{GMT}	INFO	[jepsen worker 0] jepsen.util: 0	:invoke	:echo	"Please echo 73"
2024-03-07 19:23:27,085{GMT}	INFO	[jepsen worker 0] jepsen.util: 0	:ok	:echo	{:echo "Please echo 73", :in_reply_to 3, :msg_id 3, :type "echo_ok"}
2024-03-07 19:23:27,331{GMT}	INFO	[jepsen worker 0] jepsen.util: 0	:invoke	:echo	"Please echo 42"
2024-03-07 19:23:27,334{GMT}	INFO	[jepsen worker 0] jepsen.util: 0	:ok	:echo	{:echo "Please echo 42", :in_reply_to 4, :msg_id 4, :type "echo_ok"}
2024-03-07 19:23:27,391{GMT}	INFO	[jepsen worker 0] jepsen.util: 0	:invoke	:echo	"Please echo 92"
2024-03-07 19:23:27,392{GMT}	INFO	[jepsen worker 0] jepsen.util: 0	:ok	:echo	{:echo "Please echo 92", :in_reply_to 5, :msg_id 5, :type "echo_ok"}
2024-03-07 19:23:27,515{GMT}	INFO	[jepsen worker 0] jepsen.util: 0	:invoke	:echo	"Please echo 98"
2024-03-07 19:23:27,517{GMT}	INFO	[jepsen worker 0] jepsen.util: 0	:ok	:echo	{:echo "Please echo 98", :in_reply_to 6, :msg_id 6, :type "echo_ok"}
2024-03-07 19:23:27,734{GMT}	INFO	[jepsen worker 0] jepsen.util: 0	:invoke	:echo	"Please echo 74"
2024-03-07 19:23:27,737{GMT}	INFO	[jepsen worker 0] jepsen.util: 0	:ok	:echo	{:echo "Please echo 74", :in_reply_to 7, :msg_id 7, :type "echo_ok"}
2024-03-07 19:23:27,968{GMT}	INFO	[jepsen worker 0] jepsen.util: 0	:invoke	:echo	"Please echo 118"
2024-03-07 19:23:27,970{GMT}	INFO	[jepsen worker 0] jepsen.util: 0	:ok	:echo	{:echo "Please echo 118", :in_reply_to 8, :msg_id 8, :type "echo_ok"}
2024-03-07 19:23:28,023{GMT}	INFO	[jepsen worker 0] jepsen.util: 0	:invoke	:echo	"Please echo 110"
2024-03-07 19:23:28,025{GMT}	INFO	[jepsen worker 0] jepsen.util: 0	:ok	:echo	{:echo "Please echo 110", :in_reply_to 9, :msg_id 9, :type "echo_ok"}
2024-03-07 19:23:28,420{GMT}	INFO	[jepsen worker 0] jepsen.util: 0	:invoke	:echo	"Please echo 37"
2024-03-07 19:23:28,421{GMT}	INFO	[jepsen worker 0] jepsen.util: 0	:ok	:echo	{:echo "Please echo 37", :in_reply_to 10, :msg_id 10, :type "echo_ok"}
2024-03-07 19:23:28,513{GMT}	INFO	[jepsen worker 0] jepsen.util: 0	:invoke	:echo	"Please echo 22"
2024-03-07 19:23:28,515{GMT}	INFO	[jepsen worker 0] jepsen.util: 0	:ok	:echo	{:echo "Please echo 22", :in_reply_to 11, :msg_id 11, :type "echo_ok"}
2024-03-07 19:23:28,548{GMT}	INFO	[jepsen worker 0] jepsen.util: 0	:invoke	:echo	"Please echo 36"
2024-03-07 19:23:28,550{GMT}	INFO	[jepsen worker 0] jepsen.util: 0	:ok	:echo	{:echo "Please echo 36", :in_reply_to 12, :msg_id 12, :type "echo_ok"}
2024-03-07 19:23:28,859{GMT}	INFO	[jepsen worker 0] jepsen.util: 0	:invoke	:echo	"Please echo 81"
2024-03-07 19:23:28,861{GMT}	INFO	[jepsen worker 0] jepsen.util: 0	:ok	:echo	{:echo "Please echo 81", :in_reply_to 13, :msg_id 13, :type "echo_ok"}
2024-03-07 19:23:29,174{GMT}	INFO	[jepsen worker 0] jepsen.util: 0	:invoke	:echo	"Please echo 60"
2024-03-07 19:23:29,177{GMT}	INFO	[jepsen worker 0] jepsen.util: 0	:ok	:echo	{:echo "Please echo 60", :in_reply_to 14, :msg_id 14, :type "echo_ok"}
2024-03-07 19:23:29,569{GMT}	INFO	[jepsen worker 0] jepsen.util: 0	:invoke	:echo	"Please echo 69"
2024-03-07 19:23:29,571{GMT}	INFO	[jepsen worker 0] jepsen.util: 0	:ok	:echo	{:echo "Please echo 69", :in_reply_to 15, :msg_id 15, :type "echo_ok"}
2024-03-07 19:23:29,813{GMT}	INFO	[jepsen worker 0] jepsen.util: 0	:invoke	:echo	"Please echo 61"
2024-03-07 19:23:29,815{GMT}	INFO	[jepsen worker 0] jepsen.util: 0	:ok	:echo	{:echo "Please echo 61", :in_reply_to 16, :msg_id 16, :type "echo_ok"}
2024-03-07 19:23:29,872{GMT}	INFO	[jepsen worker 0] jepsen.util: 0	:invoke	:echo	"Please echo 97"
2024-03-07 19:23:29,874{GMT}	INFO	[jepsen worker 0] jepsen.util: 0	:ok	:echo	{:echo "Please echo 97", :in_reply_to 17, :msg_id 17, :type "echo_ok"}
2024-03-07 19:23:30,081{GMT}	INFO	[jepsen worker 0] jepsen.util: 0	:invoke	:echo	"Please echo 99"
2024-03-07 19:23:30,083{GMT}	INFO	[jepsen worker 0] jepsen.util: 0	:ok	:echo	{:echo "Please echo 99", :in_reply_to 18, :msg_id 18, :type "echo_ok"}
2024-03-07 19:23:30,251{GMT}	INFO	[jepsen worker 0] jepsen.util: 0	:invoke	:echo	"Please echo 54"
2024-03-07 19:23:30,253{GMT}	INFO	[jepsen worker 0] jepsen.util: 0	:ok	:echo	{:echo "Please echo 54", :in_reply_to 19, :msg_id 19, :type "echo_ok"}
2024-03-07 19:23:30,469{GMT}	INFO	[jepsen worker 0] jepsen.util: 0	:invoke	:echo	"Please echo 75"
2024-03-07 19:23:30,471{GMT}	INFO	[jepsen worker 0] jepsen.util: 0	:ok	:echo	{:echo "Please echo 75", :in_reply_to 20, :msg_id 20, :type "echo_ok"}
2024-03-07 19:23:30,668{GMT}	INFO	[jepsen worker 0] jepsen.util: 0	:invoke	:echo	"Please echo 123"
2024-03-07 19:23:30,670{GMT}	INFO	[jepsen worker 0] jepsen.util: 0	:ok	:echo	{:echo "Please echo 123", :in_reply_to 21, :msg_id 21, :type "echo_ok"}
2024-03-07 19:23:30,894{GMT}	INFO	[jepsen worker 0] jepsen.util: 0	:invoke	:echo	"Please echo 65"
2024-03-07 19:23:30,897{GMT}	INFO	[jepsen worker 0] jepsen.util: 0	:ok	:echo	{:echo "Please echo 65", :in_reply_to 22, :msg_id 22, :type "echo_ok"}
2024-03-07 19:23:31,174{GMT}	INFO	[jepsen worker 0] jepsen.util: 0	:invoke	:echo	"Please echo 78"
2024-03-07 19:23:31,177{GMT}	INFO	[jepsen worker 0] jepsen.util: 0	:ok	:echo	{:echo "Please echo 78", :in_reply_to 23, :msg_id 23, :type "echo_ok"}
2024-03-07 19:23:31,543{GMT}	INFO	[jepsen worker 0] jepsen.util: 0	:invoke	:echo	"Please echo 67"
2024-03-07 19:23:31,546{GMT}	INFO	[jepsen worker 0] jepsen.util: 0	:ok	:echo	{:echo "Please echo 67", :in_reply_to 24, :msg_id 24, :type "echo_ok"}
2024-03-07 19:23:31,619{GMT}	INFO	[jepsen worker 0] jepsen.util: 0	:invoke	:echo	"Please echo 54"
2024-03-07 19:23:31,622{GMT}	INFO	[jepsen worker 0] jepsen.util: 0	:ok	:echo	{:echo "Please echo 54", :in_reply_to 25, :msg_id 25, :type "echo_ok"}
2024-03-07 19:23:31,764{GMT}	INFO	[jepsen worker 0] jepsen.util: 0	:invoke	:echo	"Please echo 81"
2024-03-07 19:23:31,766{GMT}	INFO	[jepsen worker 0] jepsen.util: 0	:ok	:echo	{:echo "Please echo 81", :in_reply_to 26, :msg_id 26, :type "echo_ok"}
2024-03-07 19:23:31,982{GMT}	INFO	[jepsen worker 0] jepsen.util: 0	:invoke	:echo	"Please echo 104"
2024-03-07 19:23:31,984{GMT}	INFO	[jepsen worker 0] jepsen.util: 0	:ok	:echo	{:echo "Please echo 104", :in_reply_to 27, :msg_id 27, :type "echo_ok"}
2024-03-07 19:23:32,358{GMT}	INFO	[jepsen worker 0] jepsen.util: 0	:invoke	:echo	"Please echo 88"
2024-03-07 19:23:32,361{GMT}	INFO	[jepsen worker 0] jepsen.util: 0	:ok	:echo	{:echo "Please echo 88", :in_reply_to 28, :msg_id 28, :type "echo_ok"}
2024-03-07 19:23:32,377{GMT}	INFO	[jepsen worker 0] jepsen.util: 0	:invoke	:echo	"Please echo 123"
2024-03-07 19:23:32,379{GMT}	INFO	[jepsen worker 0] jepsen.util: 0	:ok	:echo	{:echo "Please echo 123", :in_reply_to 29, :msg_id 29, :type "echo_ok"}
2024-03-07 19:23:32,684{GMT}	INFO	[jepsen worker 0] jepsen.util: 0	:invoke	:echo	"Please echo 101"
2024-03-07 19:23:32,685{GMT}	INFO	[jepsen worker 0] jepsen.util: 0	:ok	:echo	{:echo "Please echo 101", :in_reply_to 30, :msg_id 30, :type "echo_ok"}
2024-03-07 19:23:33,059{GMT}	INFO	[jepsen worker 0] jepsen.util: 0	:invoke	:echo	"Please echo 48"
2024-03-07 19:23:33,061{GMT}	INFO	[jepsen worker 0] jepsen.util: 0	:ok	:echo	{:echo "Please echo 48", :in_reply_to 31, :msg_id 31, :type "echo_ok"}
2024-03-07 19:23:33,295{GMT}	INFO	[jepsen worker 0] jepsen.util: 0	:invoke	:echo	"Please echo 109"
2024-03-07 19:23:33,299{GMT}	INFO	[jepsen worker 0] jepsen.util: 0	:ok	:echo	{:echo "Please echo 109", :in_reply_to 32, :msg_id 32, :type "echo_ok"}
2024-03-07 19:23:33,581{GMT}	INFO	[jepsen worker 0] jepsen.util: 0	:invoke	:echo	"Please echo 86"
2024-03-07 19:23:33,583{GMT}	INFO	[jepsen worker 0] jepsen.util: 0	:ok	:echo	{:echo "Please echo 86", :in_reply_to 33, :msg_id 33, :type "echo_ok"}
2024-03-07 19:23:33,934{GMT}	INFO	[jepsen worker 0] jepsen.util: 0	:invoke	:echo	"Please echo 40"
2024-03-07 19:23:33,936{GMT}	INFO	[jepsen worker 0] jepsen.util: 0	:ok	:echo	{:echo "Please echo 40", :in_reply_to 34, :msg_id 34, :type "echo_ok"}
2024-03-07 19:23:34,130{GMT}	INFO	[jepsen worker 0] jepsen.util: 0	:invoke	:echo	"Please echo 69"
2024-03-07 19:23:34,133{GMT}	INFO	[jepsen worker 0] jepsen.util: 0	:ok	:echo	{:echo "Please echo 69", :in_reply_to 35, :msg_id 35, :type "echo_ok"}
2024-03-07 19:23:34,170{GMT}	INFO	[jepsen worker 0] jepsen.util: 0	:invoke	:echo	"Please echo 23"
2024-03-07 19:23:34,171{GMT}	INFO	[jepsen worker 0] jepsen.util: 0	:ok	:echo	{:echo "Please echo 23", :in_reply_to 36, :msg_id 36, :type "echo_ok"}
2024-03-07 19:23:34,338{GMT}	INFO	[jepsen worker 0] jepsen.util: 0	:invoke	:echo	"Please echo 110"
2024-03-07 19:23:34,341{GMT}	INFO	[jepsen worker 0] jepsen.util: 0	:ok	:echo	{:echo "Please echo 110", :in_reply_to 37, :msg_id 37, :type "echo_ok"}
2024-03-07 19:23:34,382{GMT}	INFO	[jepsen worker 0] jepsen.util: 0	:invoke	:echo	"Please echo 5"
2024-03-07 19:23:34,383{GMT}	INFO	[jepsen worker 0] jepsen.util: 0	:ok	:echo	{:echo "Please echo 5", :in_reply_to 38, :msg_id 38, :type "echo_ok"}
2024-03-07 19:23:34,430{GMT}	INFO	[jepsen worker 0] jepsen.util: 0	:invoke	:echo	"Please echo 34"
2024-03-07 19:23:34,432{GMT}	INFO	[jepsen worker 0] jepsen.util: 0	:ok	:echo	{:echo "Please echo 34", :in_reply_to 39, :msg_id 39, :type "echo_ok"}
2024-03-07 19:23:34,513{GMT}	INFO	[jepsen worker 0] jepsen.util: 0	:invoke	:echo	"Please echo 53"
2024-03-07 19:23:34,515{GMT}	INFO	[jepsen worker 0] jepsen.util: 0	:ok	:echo	{:echo "Please echo 53", :in_reply_to 40, :msg_id 40, :type "echo_ok"}
2024-03-07 19:23:34,842{GMT}	INFO	[jepsen worker 0] jepsen.util: 0	:invoke	:echo	"Please echo 36"
2024-03-07 19:23:34,844{GMT}	INFO	[jepsen worker 0] jepsen.util: 0	:ok	:echo	{:echo "Please echo 36", :in_reply_to 41, :msg_id 41, :type "echo_ok"}
2024-03-07 19:23:35,110{GMT}	INFO	[jepsen worker 0] jepsen.util: 0	:invoke	:echo	"Please echo 17"
2024-03-07 19:23:35,112{GMT}	INFO	[jepsen worker 0] jepsen.util: 0	:ok	:echo	{:echo "Please echo 17", :in_reply_to 42, :msg_id 42, :type "echo_ok"}
2024-03-07 19:23:35,253{GMT}	INFO	[jepsen worker 0] jepsen.util: 0	:invoke	:echo	"Please echo 109"
2024-03-07 19:23:35,254{GMT}	INFO	[jepsen worker 0] jepsen.util: 0	:ok	:echo	{:echo "Please echo 109", :in_reply_to 43, :msg_id 43, :type "echo_ok"}
2024-03-07 19:23:35,412{GMT}	INFO	[jepsen worker 0] jepsen.util: 0	:invoke	:echo	"Please echo 61"
2024-03-07 19:23:35,414{GMT}	INFO	[jepsen worker 0] jepsen.util: 0	:ok	:echo	{:echo "Please echo 61", :in_reply_to 44, :msg_id 44, :type "echo_ok"}
2024-03-07 19:23:35,594{GMT}	INFO	[jepsen worker 0] jepsen.util: 0	:invoke	:echo	"Please echo 28"
2024-03-07 19:23:35,598{GMT}	INFO	[jepsen worker 0] jepsen.util: 0	:ok	:echo	{:echo "Please echo 28", :in_reply_to 45, :msg_id 45, :type "echo_ok"}
2024-03-07 19:23:35,879{GMT}	INFO	[jepsen worker 0] jepsen.util: 0	:invoke	:echo	"Please echo 46"
2024-03-07 19:23:35,881{GMT}	INFO	[jepsen worker 0] jepsen.util: 0	:ok	:echo	{:echo "Please echo 46", :in_reply_to 46, :msg_id 46, :type "echo_ok"}
2024-03-07 19:23:36,057{GMT}	INFO	[jepsen worker 0] jepsen.util: 0	:invoke	:echo	"Please echo 99"
2024-03-07 19:23:36,059{GMT}	INFO	[jepsen worker 0] jepsen.util: 0	:ok	:echo	{:echo "Please echo 99", :in_reply_to 47, :msg_id 47, :type "echo_ok"}
2024-03-07 19:23:36,298{GMT}	INFO	[jepsen worker 0] jepsen.util: 0	:invoke	:echo	"Please echo 4"
2024-03-07 19:23:36,300{GMT}	INFO	[jepsen worker 0] jepsen.util: 0	:ok	:echo	{:echo "Please echo 4", :in_reply_to 48, :msg_id 48, :type "echo_ok"}
2024-03-07 19:23:36,322{GMT}	INFO	[jepsen test runner] jepsen.core: Run complete, writing
2024-03-07 19:23:36,368{GMT}	INFO	[jepsen node n0] maelstrom.db: Tearing down n0
2024-03-07 19:23:37,604{GMT}	INFO	[jepsen node n0] maelstrom.net: Shutting down Maelstrom network
2024-03-07 19:23:37,611{GMT}	INFO	[jepsen test runner] jepsen.core: Analyzing...
2024-03-07 19:23:39,450{GMT}	INFO	[jepsen test runner] jepsen.core: Analysis complete
2024-03-07 19:23:39,456{GMT}	INFO	[jepsen results] jepsen.store: Wrote /Users/lihaoyang/maelstrom/store/echo/20240307T192325.549+0800/results.edn
2024-03-07 19:23:39,487{GMT}	INFO	[jepsen test runner] jepsen.core: {:perf {:latency-graph {:valid? true},
        :rate-graph {:valid? true},
        :valid? true},
 :timeline {:valid? true},
 :exceptions {:valid? true},
 :stats {:valid? true,
         :count 48,
         :ok-count 48,
         :fail-count 0,
         :info-count 0,
         :by-f {:echo {:valid? true,
                       :count 48,
                       :ok-count 48,
                       :fail-count 0,
                       :info-count 0}}},
 :availability {:valid? true, :ok-fraction 1.0},
 :net {:all {:send-count 98,
             :recv-count 98,
             :msg-count 98,
             :msgs-per-op 2.0416667},
       :clients {:send-count 98, :recv-count 98, :msg-count 98},
       :servers {:send-count 0,
                 :recv-count 0,
                 :msg-count 0,
                 :msgs-per-op 0.0},
       :valid? true},
 :workload {:valid? true, :errors ()},
 :valid? true}


Everything looks good! ヽ(‘ー`)ノ
