2024-03-07 19:24:11,319{GMT}	INFO	[jepsen test runner] jepsen.core: Command line:
lein run test -w unique-ids --bin /Users/lihaoyang/go/bin/maelstrom-unique-ids --node-count 1 --time-limit 10
2024-03-07 19:24:11,364{GMT}	INFO	[jepsen test runner] jepsen.core: Running test:
{:args []
 :remote
 #jepsen.control.retry.Remote{:remote #jepsen.control.scp.Remote{:cmd-remote #jepsen.control.sshj.SSHJRemote{:concurrency-limit 6,
                                                                                                             :conn-spec nil,
                                                                                                             :client nil,
                                                                                                             :semaphore nil},
                                                                 :conn-spec nil},
                              :conn nil}
 :log-net-send false
 :node-count 1
 :availability nil
 :max-txn-length 4
 :concurrency 1
 :db
 #object[maelstrom.db$db$reify__16142
         "0x1d957b5a"
         "maelstrom.db$db$reify__16142@1d957b5a"]
 :max-writes-per-key 16
 :leave-db-running? false
 :name "unique-ids"
 :logging-json? false
 :start-time
 #object[org.joda.time.DateTime "0x24bf95ec" "2024-03-07T19:24:11.290+08:00"]
 :nemesis-interval 10
 :net
 #object[maelstrom.net$jepsen_net$reify__15251
         "0x13ae0ffd"
         "maelstrom.net$jepsen_net$reify__15251@13ae0ffd"]
 :client
 #object[maelstrom.workload.unique_ids$client$reify__20074
         "0x2a71d430"
         "maelstrom.workload.unique_ids$client$reify__20074@2a71d430"]
 :barrier
 #object[java.util.concurrent.CyclicBarrier
         "0xb0c4670"
         "java.util.concurrent.CyclicBarrier@b0c4670"]
 :log-stderr false
 :pure-generators true
 :ssh {:dummy? true}
 :rate 5
 :checker
 #object[jepsen.checker$compose$reify__11881
         "0x5344b208"
         "jepsen.checker$compose$reify__11881@5344b208"]
 :argv
 ("test"
  "-w"
  "unique-ids"
  "--bin"
  "/Users/lihaoyang/go/bin/maelstrom-unique-ids"
  "--node-count"
  "1"
  "--time-limit"
  "10")
 :nemesis
 (jepsen.nemesis.ReflCompose
  {:fm {:start-partition 0,
        :stop-partition 0,
        :kill 1,
        :start 1,
        :pause 1,
        :resume 1},
   :nemeses [#unprintable "jepsen.nemesis.combined$partition_nemesis$reify__16416@30769e7a"
             #unprintable "jepsen.nemesis.combined$db_nemesis$reify__16397@14021c10"]})
 :nodes ["n0"]
 :test-count 1
 :latency {:mean 0, :dist :constant}
 :bin "/Users/lihaoyang/go/bin/maelstrom-unique-ids"
 :generator
 (jepsen.generator.TimeLimit
  {:limit 10000000000,
   :cutoff nil,
   :gen (jepsen.generator.Any
         {:gens [(jepsen.generator.OnThreads
                  {:f #{:nemesis},
                   :context-filter #object[jepsen.generator.context$make_thread_filter$lazy_filter__9167
                                           "0x656bd8e"
                                           "jepsen.generator.context$make_thread_filter$lazy_filter__9167@656bd8e"],
                   :gen nil})
                 (jepsen.generator.OnThreads
                  {:f #jepsen.generator.context.AllBut{:element :nemesis},
                   :context-filter #object[jepsen.generator.context$make_thread_filter$lazy_filter__9167
                                           "0x7f336491"
                                           "jepsen.generator.context$make_thread_filter$lazy_filter__9167@7f336491"],
                   :gen (jepsen.generator.Stagger
                         {:dt 400000000,
                          :next-time nil,
                          :gen (jepsen.generator.Repeat
                                {:remaining -1, :gen {:f :generate}})})})]})})
 :log-net-recv false
 :os
 #object[maelstrom.net$jepsen_os$reify__15254
         "0x5dd2e62a"
         "maelstrom.net$jepsen_os$reify__15254@5dd2e62a"]
 :time-limit 10
 :workload :unique-ids
 :consistency-models [:strict-serializable]
 :topology :grid}

2024-03-07 19:24:12,322{GMT}	INFO	[jepsen node n0] maelstrom.net: Starting Maelstrom network
2024-03-07 19:24:12,322{GMT}	INFO	[jepsen test runner] jepsen.db: Tearing down DB
2024-03-07 19:24:12,323{GMT}	INFO	[jepsen test runner] jepsen.db: Setting up DB
2024-03-07 19:24:12,324{GMT}	INFO	[jepsen node n0] maelstrom.service: Starting services: (lin-kv lin-tso lww-kv seq-kv)
2024-03-07 19:24:12,325{GMT}	INFO	[jepsen node n0] maelstrom.db: Setting up n0
2024-03-07 19:24:12,325{GMT}	INFO	[jepsen node n0] maelstrom.process: launching /Users/lihaoyang/go/bin/maelstrom-unique-ids []
2024-03-07 19:24:12,340{GMT}	INFO	[jepsen test runner] jepsen.core: Relative time begins now
2024-03-07 19:24:12,350{GMT}	INFO	[jepsen worker 0] jepsen.util: 0	:invoke	:generate	nil
2024-03-07 19:24:17,355{GMT}	INFO	[jepsen worker 0] jepsen.util: 0	:info	:generate	nil	:net-timeout
2024-03-07 19:24:17,356{GMT}	INFO	[jepsen worker 0] jepsen.util: 1	:invoke	:generate	nil
2024-03-07 19:24:22,356{GMT}	INFO	[jepsen worker 0] jepsen.util: 1	:info	:generate	nil	:net-timeout
2024-03-07 19:24:22,369{GMT}	INFO	[jepsen test runner] jepsen.core: Run complete, writing
2024-03-07 19:24:22,403{GMT}	INFO	[jepsen node n0] maelstrom.db: Tearing down n0
2024-03-07 19:24:23,379{GMT}	INFO	[jepsen node n0] maelstrom.net: Shutting down Maelstrom network
2024-03-07 19:24:23,381{GMT}	WARN	[jepsen test runner] jepsen.core: Test crashed!
clojure.lang.ExceptionInfo: Node n0 crashed with exit status 1. Before crashing, it wrote to STDOUT:

{"src":"n0","dest":"c0","body":{"in_reply_to":1,"type":"init_ok"}}

And to STDERR:

2024/03/07 19:24:12 Received {c0 n0 {"type":"init","node_id":"n0","node_ids":["n0"],"msg_id":1}}
2024/03/07 19:24:12 Node n0 initialized
2024/03/07 19:24:12 Sent {"src":"n0","dest":"c0","body":{"in_reply_to":1,"type":"init_ok"}}
2024/03/07 19:24:12 Received {c2 n0 {"type":"generate","msg_id":1}}
2024/03/07 19:24:12 ERROR: No handler for {"id":2,"src":"c2","dest":"n0","body":{"type":"generate","msg_id":1}}

Full STDERR logs are available in /Users/lihaoyang/maelstrom/store/unique-ids/20240307T192411.290+0800/node-logs/n0.log
	at slingshot.support$stack_trace.invoke(support.clj:201)
	at maelstrom.process$stop_node_BANG_.invokeStatic(process.clj:239)
	at maelstrom.process$stop_node_BANG_.invoke(process.clj:217)
	at maelstrom.db$db$reify__16142.teardown_BANG_(db.clj:75)
	at jepsen.db$fn__8744$G__8725__8748.invoke(db.clj:12)
	at jepsen.db$fn__8744$G__8724__8753.invoke(db.clj:12)
	at clojure.core$partial$fn__5908.invoke(core.clj:2642)
	at jepsen.control$on_nodes$fn__8599.invoke(control.clj:314)
	at clojure.lang.AFn.applyToHelper(AFn.java:154)
	at clojure.lang.AFn.applyTo(AFn.java:144)
	at clojure.core$apply.invokeStatic(core.clj:667)
	at clojure.core$with_bindings_STAR_.invokeStatic(core.clj:1990)
	at clojure.core$with_bindings_STAR_.doInvoke(core.clj:1990)
	at clojure.lang.RestFn.applyTo(RestFn.java:142)
	at clojure.core$apply.invokeStatic(core.clj:671)
	at clojure.core$bound_fn_STAR_$fn__5818.doInvoke(core.clj:2020)
	at clojure.lang.RestFn.invoke(RestFn.java:408)
	at dom_top.core$real_pmap_helper$build_thread__211$fn__212.invoke(core.clj:163)
	at clojure.lang.AFn.applyToHelper(AFn.java:152)
	at clojure.lang.AFn.applyTo(AFn.java:144)
	at clojure.core$apply.invokeStatic(core.clj:667)
	at clojure.core$with_bindings_STAR_.invokeStatic(core.clj:1990)
	at clojure.core$with_bindings_STAR_.doInvoke(core.clj:1990)
	at clojure.lang.RestFn.invoke(RestFn.java:425)
	at clojure.lang.AFn.applyToHelper(AFn.java:156)
	at clojure.lang.RestFn.applyTo(RestFn.java:132)
	at clojure.core$apply.invokeStatic(core.clj:671)
	at clojure.core$bound_fn_STAR_$fn__5818.doInvoke(core.clj:2020)
	at clojure.lang.RestFn.invoke(RestFn.java:397)
	at clojure.lang.AFn.run(AFn.java:22)
	at java.base/java.lang.Thread.run(Thread.java:1583)
