2024-03-05 20:40:49,670{GMT}	INFO	[jepsen test runner] jepsen.core: Command line:
lein run test -w echo --bin /Users/lihaoyang/go/bin/maelstrom-echo --node-count 1 --time-limit 10
2024-03-05 20:40:49,703{GMT}	INFO	[jepsen test runner] jepsen.core: Running test:
{:args []
 :remote
 #jepsen.control.retry.Remote{:remote #jepsen.control.scp.Remote{:cmd-remote #jepsen.control.sshj.SSHJRemote{:concurrency-limit 6,
                                                                                                             :conn-spec nil,
                                                                                                             :client nil,
                                                                                                             :semaphore nil},
                                                                 :conn-spec nil},
                              :conn nil}
 :log-net-send false
 :node-count 1
 :availability nil
 :max-txn-length 4
 :concurrency 1
 :db
 #object[maelstrom.db$db$reify__16142
         "0x24bf95ec"
         "maelstrom.db$db$reify__16142@24bf95ec"]
 :max-writes-per-key 16
 :leave-db-running? false
 :name "echo"
 :logging-json? false
 :start-time
 #object[org.joda.time.DateTime "0x5344b208" "2024-03-05T20:40:49.630+08:00"]
 :nemesis-interval 10
 :net
 #object[maelstrom.net$jepsen_net$reify__15251
         "0x30769e7a"
         "maelstrom.net$jepsen_net$reify__15251@30769e7a"]
 :client
 #object[maelstrom.workload.echo$client$reify__16863
         "0x14021c10"
         "maelstrom.workload.echo$client$reify__16863@14021c10"]
 :barrier
 #object[java.util.concurrent.CyclicBarrier
         "0x7dd4f726"
         "java.util.concurrent.CyclicBarrier@7dd4f726"]
 :log-stderr false
 :pure-generators true
 :ssh {:dummy? true}
 :rate 5
 :checker
 #object[jepsen.checker$compose$reify__11881
         "0xbf6de66"
         "jepsen.checker$compose$reify__11881@bf6de66"]
 :argv
 ("test"
  "-w"
  "echo"
  "--bin"
  "/Users/lihaoyang/go/bin/maelstrom-echo"
  "--node-count"
  "1"
  "--time-limit"
  "10")
 :nemesis
 (jepsen.nemesis.ReflCompose
  {:fm {:start-partition 0,
        :stop-partition 0,
        :kill 1,
        :start 1,
        :pause 1,
        :resume 1},
   :nemeses [#unprintable "jepsen.nemesis.combined$partition_nemesis$reify__16416@ff7042c"
             #unprintable "jepsen.nemesis.combined$db_nemesis$reify__16397@b917b5e"]})
 :nodes ["n0"]
 :test-count 1
 :latency {:mean 0, :dist :constant}
 :bin "/Users/lihaoyang/go/bin/maelstrom-echo"
 :generator
 (jepsen.generator.TimeLimit
  {:limit 10000000000,
   :cutoff nil,
   :gen (jepsen.generator.Any
         {:gens [(jepsen.generator.OnThreads
                  {:f #{:nemesis},
                   :context-filter #object[jepsen.generator.context$make_thread_filter$lazy_filter__9167
                                           "0x1030ce34"
                                           "jepsen.generator.context$make_thread_filter$lazy_filter__9167@1030ce34"],
                   :gen nil})
                 (jepsen.generator.OnThreads
                  {:f #jepsen.generator.context.AllBut{:element :nemesis},
                   :context-filter #object[jepsen.generator.context$make_thread_filter$lazy_filter__9167
                                           "0x74c3374f"
                                           "jepsen.generator.context$make_thread_filter$lazy_filter__9167@74c3374f"],
                   :gen (jepsen.generator.Stagger
                         {:dt 400000000,
                          :next-time nil,
                          :gen (jepsen.generator.EachThread
                                {:fresh-gen #object[maelstrom.workload.echo$workload$fn__16882
                                                    "0x3eea7c4b"
                                                    "maelstrom.workload.echo$workload$fn__16882@3eea7c4b"],
                                 :context-filters #object[clojure.core$promise$reify__8591
                                                          "0x50d507ab"
                                                          {:status :pending,
                                                           :val nil}],
                                 :gens {}})})})]})})
 :log-net-recv false
 :os
 #object[maelstrom.net$jepsen_os$reify__15254
         "0x460222eb"
         "maelstrom.net$jepsen_os$reify__15254@460222eb"]
 :time-limit 10
 :workload :echo
 :consistency-models [:strict-serializable]
 :topology :grid}

2024-03-05 20:40:50,588{GMT}	INFO	[jepsen node n0] maelstrom.net: Starting Maelstrom network
2024-03-05 20:40:50,588{GMT}	INFO	[jepsen test runner] jepsen.db: Tearing down DB
2024-03-05 20:40:50,589{GMT}	INFO	[jepsen test runner] jepsen.db: Setting up DB
2024-03-05 20:40:50,590{GMT}	INFO	[jepsen node n0] maelstrom.service: Starting services: (lin-kv lin-tso lww-kv seq-kv)
2024-03-05 20:40:50,597{GMT}	INFO	[jepsen node n0] maelstrom.db: Setting up n0
2024-03-05 20:40:50,598{GMT}	INFO	[jepsen node n0] maelstrom.process: launching /Users/lihaoyang/go/bin/maelstrom-echo []
2024-03-05 20:40:51,011{GMT}	INFO	[jepsen test runner] jepsen.core: Relative time begins now
2024-03-05 20:40:51,028{GMT}	INFO	[jepsen worker 0] jepsen.util: 0	:invoke	:echo	"Please echo 79"
2024-03-05 20:40:51,034{GMT}	INFO	[jepsen worker 0] jepsen.util: 0	:ok	:echo	{:echo "Please echo 79", :in_reply_to 1, :msg_id 1, :type "echo_ok"}
2024-03-05 20:40:51,261{GMT}	INFO	[jepsen worker 0] jepsen.util: 0	:invoke	:echo	"Please echo 126"
2024-03-05 20:40:51,262{GMT}	INFO	[jepsen worker 0] jepsen.util: 0	:ok	:echo	{:echo "Please echo 126", :in_reply_to 2, :msg_id 2, :type "echo_ok"}
2024-03-05 20:40:51,627{GMT}	INFO	[jepsen worker 0] jepsen.util: 0	:invoke	:echo	"Please echo 3"
2024-03-05 20:40:51,629{GMT}	INFO	[jepsen worker 0] jepsen.util: 0	:ok	:echo	{:echo "Please echo 3", :in_reply_to 3, :msg_id 3, :type "echo_ok"}
2024-03-05 20:40:51,885{GMT}	INFO	[jepsen worker 0] jepsen.util: 0	:invoke	:echo	"Please echo 114"
2024-03-05 20:40:51,889{GMT}	INFO	[jepsen worker 0] jepsen.util: 0	:ok	:echo	{:echo "Please echo 114", :in_reply_to 4, :msg_id 4, :type "echo_ok"}
2024-03-05 20:40:52,179{GMT}	INFO	[jepsen worker 0] jepsen.util: 0	:invoke	:echo	"Please echo 23"
2024-03-05 20:40:52,182{GMT}	INFO	[jepsen worker 0] jepsen.util: 0	:ok	:echo	{:echo "Please echo 23", :in_reply_to 5, :msg_id 5, :type "echo_ok"}
2024-03-05 20:40:52,450{GMT}	INFO	[jepsen worker 0] jepsen.util: 0	:invoke	:echo	"Please echo 78"
2024-03-05 20:40:52,454{GMT}	INFO	[jepsen worker 0] jepsen.util: 0	:ok	:echo	{:echo "Please echo 78", :in_reply_to 6, :msg_id 6, :type "echo_ok"}
2024-03-05 20:40:52,773{GMT}	INFO	[jepsen worker 0] jepsen.util: 0	:invoke	:echo	"Please echo 87"
2024-03-05 20:40:52,779{GMT}	INFO	[jepsen worker 0] jepsen.util: 0	:ok	:echo	{:echo "Please echo 87", :in_reply_to 7, :msg_id 7, :type "echo_ok"}
2024-03-05 20:40:52,880{GMT}	INFO	[jepsen worker 0] jepsen.util: 0	:invoke	:echo	"Please echo 66"
2024-03-05 20:40:52,883{GMT}	INFO	[jepsen worker 0] jepsen.util: 0	:ok	:echo	{:echo "Please echo 66", :in_reply_to 8, :msg_id 8, :type "echo_ok"}
2024-03-05 20:40:53,078{GMT}	INFO	[jepsen worker 0] jepsen.util: 0	:invoke	:echo	"Please echo 48"
2024-03-05 20:40:53,082{GMT}	INFO	[jepsen worker 0] jepsen.util: 0	:ok	:echo	{:echo "Please echo 48", :in_reply_to 9, :msg_id 9, :type "echo_ok"}
2024-03-05 20:40:53,349{GMT}	INFO	[jepsen worker 0] jepsen.util: 0	:invoke	:echo	"Please echo 60"
2024-03-05 20:40:53,353{GMT}	INFO	[jepsen worker 0] jepsen.util: 0	:ok	:echo	{:echo "Please echo 60", :in_reply_to 10, :msg_id 10, :type "echo_ok"}
2024-03-05 20:40:53,574{GMT}	INFO	[jepsen worker 0] jepsen.util: 0	:invoke	:echo	"Please echo 79"
2024-03-05 20:40:53,577{GMT}	INFO	[jepsen worker 0] jepsen.util: 0	:ok	:echo	{:echo "Please echo 79", :in_reply_to 11, :msg_id 11, :type "echo_ok"}
2024-03-05 20:40:53,870{GMT}	INFO	[jepsen worker 0] jepsen.util: 0	:invoke	:echo	"Please echo 121"
2024-03-05 20:40:53,874{GMT}	INFO	[jepsen worker 0] jepsen.util: 0	:ok	:echo	{:echo "Please echo 121", :in_reply_to 12, :msg_id 12, :type "echo_ok"}
2024-03-05 20:40:53,980{GMT}	INFO	[jepsen worker 0] jepsen.util: 0	:invoke	:echo	"Please echo 84"
2024-03-05 20:40:53,982{GMT}	INFO	[jepsen worker 0] jepsen.util: 0	:ok	:echo	{:echo "Please echo 84", :in_reply_to 13, :msg_id 13, :type "echo_ok"}
2024-03-05 20:40:54,194{GMT}	INFO	[jepsen worker 0] jepsen.util: 0	:invoke	:echo	"Please echo 33"
2024-03-05 20:40:54,197{GMT}	INFO	[jepsen worker 0] jepsen.util: 0	:ok	:echo	{:echo "Please echo 33", :in_reply_to 14, :msg_id 14, :type "echo_ok"}
2024-03-05 20:40:54,450{GMT}	INFO	[jepsen worker 0] jepsen.util: 0	:invoke	:echo	"Please echo 29"
2024-03-05 20:40:54,452{GMT}	INFO	[jepsen worker 0] jepsen.util: 0	:ok	:echo	{:echo "Please echo 29", :in_reply_to 15, :msg_id 15, :type "echo_ok"}
2024-03-05 20:40:54,635{GMT}	INFO	[jepsen worker 0] jepsen.util: 0	:invoke	:echo	"Please echo 4"
2024-03-05 20:40:54,638{GMT}	INFO	[jepsen worker 0] jepsen.util: 0	:ok	:echo	{:echo "Please echo 4", :in_reply_to 16, :msg_id 16, :type "echo_ok"}
2024-03-05 20:40:54,990{GMT}	INFO	[jepsen worker 0] jepsen.util: 0	:invoke	:echo	"Please echo 68"
2024-03-05 20:40:54,992{GMT}	INFO	[jepsen worker 0] jepsen.util: 0	:ok	:echo	{:echo "Please echo 68", :in_reply_to 17, :msg_id 17, :type "echo_ok"}
2024-03-05 20:40:55,316{GMT}	INFO	[jepsen worker 0] jepsen.util: 0	:invoke	:echo	"Please echo 85"
2024-03-05 20:40:55,319{GMT}	INFO	[jepsen worker 0] jepsen.util: 0	:ok	:echo	{:echo "Please echo 85", :in_reply_to 18, :msg_id 18, :type "echo_ok"}
2024-03-05 20:40:55,550{GMT}	INFO	[jepsen worker 0] jepsen.util: 0	:invoke	:echo	"Please echo 46"
2024-03-05 20:40:55,553{GMT}	INFO	[jepsen worker 0] jepsen.util: 0	:ok	:echo	{:echo "Please echo 46", :in_reply_to 19, :msg_id 19, :type "echo_ok"}
2024-03-05 20:40:55,803{GMT}	INFO	[jepsen worker 0] jepsen.util: 0	:invoke	:echo	"Please echo 113"
2024-03-05 20:40:55,807{GMT}	INFO	[jepsen worker 0] jepsen.util: 0	:ok	:echo	{:echo "Please echo 113", :in_reply_to 20, :msg_id 20, :type "echo_ok"}
2024-03-05 20:40:55,808{GMT}	INFO	[jepsen worker 0] jepsen.util: 0	:invoke	:echo	"Please echo 42"
2024-03-05 20:40:55,811{GMT}	INFO	[jepsen worker 0] jepsen.util: 0	:ok	:echo	{:echo "Please echo 42", :in_reply_to 21, :msg_id 21, :type "echo_ok"}
2024-03-05 20:40:55,989{GMT}	INFO	[jepsen worker 0] jepsen.util: 0	:invoke	:echo	"Please echo 97"
2024-03-05 20:40:55,993{GMT}	INFO	[jepsen worker 0] jepsen.util: 0	:ok	:echo	{:echo "Please echo 97", :in_reply_to 22, :msg_id 22, :type "echo_ok"}
2024-03-05 20:40:56,331{GMT}	INFO	[jepsen worker 0] jepsen.util: 0	:invoke	:echo	"Please echo 41"
2024-03-05 20:40:56,334{GMT}	INFO	[jepsen worker 0] jepsen.util: 0	:ok	:echo	{:echo "Please echo 41", :in_reply_to 23, :msg_id 23, :type "echo_ok"}
2024-03-05 20:40:56,398{GMT}	INFO	[jepsen worker 0] jepsen.util: 0	:invoke	:echo	"Please echo 83"
2024-03-05 20:40:56,400{GMT}	INFO	[jepsen worker 0] jepsen.util: 0	:ok	:echo	{:echo "Please echo 83", :in_reply_to 24, :msg_id 24, :type "echo_ok"}
2024-03-05 20:40:56,664{GMT}	INFO	[jepsen worker 0] jepsen.util: 0	:invoke	:echo	"Please echo 47"
2024-03-05 20:40:56,668{GMT}	INFO	[jepsen worker 0] jepsen.util: 0	:ok	:echo	{:echo "Please echo 47", :in_reply_to 25, :msg_id 25, :type "echo_ok"}
2024-03-05 20:40:56,879{GMT}	INFO	[jepsen worker 0] jepsen.util: 0	:invoke	:echo	"Please echo 7"
2024-03-05 20:40:56,881{GMT}	INFO	[jepsen worker 0] jepsen.util: 0	:ok	:echo	{:echo "Please echo 7", :in_reply_to 26, :msg_id 26, :type "echo_ok"}
2024-03-05 20:40:57,116{GMT}	INFO	[jepsen worker 0] jepsen.util: 0	:invoke	:echo	"Please echo 34"
2024-03-05 20:40:57,118{GMT}	INFO	[jepsen worker 0] jepsen.util: 0	:ok	:echo	{:echo "Please echo 34", :in_reply_to 27, :msg_id 27, :type "echo_ok"}
2024-03-05 20:40:57,499{GMT}	INFO	[jepsen worker 0] jepsen.util: 0	:invoke	:echo	"Please echo 100"
2024-03-05 20:40:57,503{GMT}	INFO	[jepsen worker 0] jepsen.util: 0	:ok	:echo	{:echo "Please echo 100", :in_reply_to 28, :msg_id 28, :type "echo_ok"}
2024-03-05 20:40:57,664{GMT}	INFO	[jepsen worker 0] jepsen.util: 0	:invoke	:echo	"Please echo 28"
2024-03-05 20:40:57,665{GMT}	INFO	[jepsen worker 0] jepsen.util: 0	:ok	:echo	{:echo "Please echo 28", :in_reply_to 29, :msg_id 29, :type "echo_ok"}
2024-03-05 20:40:57,861{GMT}	INFO	[jepsen worker 0] jepsen.util: 0	:invoke	:echo	"Please echo 60"
2024-03-05 20:40:57,864{GMT}	INFO	[jepsen worker 0] jepsen.util: 0	:ok	:echo	{:echo "Please echo 60", :in_reply_to 30, :msg_id 30, :type "echo_ok"}
2024-03-05 20:40:57,868{GMT}	INFO	[jepsen worker 0] jepsen.util: 0	:invoke	:echo	"Please echo 70"
2024-03-05 20:40:57,870{GMT}	INFO	[jepsen worker 0] jepsen.util: 0	:ok	:echo	{:echo "Please echo 70", :in_reply_to 31, :msg_id 31, :type "echo_ok"}
2024-03-05 20:40:58,132{GMT}	INFO	[jepsen worker 0] jepsen.util: 0	:invoke	:echo	"Please echo 28"
2024-03-05 20:40:58,135{GMT}	INFO	[jepsen worker 0] jepsen.util: 0	:ok	:echo	{:echo "Please echo 28", :in_reply_to 32, :msg_id 32, :type "echo_ok"}
2024-03-05 20:40:58,384{GMT}	INFO	[jepsen worker 0] jepsen.util: 0	:invoke	:echo	"Please echo 0"
2024-03-05 20:40:58,387{GMT}	INFO	[jepsen worker 0] jepsen.util: 0	:ok	:echo	{:echo "Please echo 0", :in_reply_to 33, :msg_id 33, :type "echo_ok"}
2024-03-05 20:40:58,782{GMT}	INFO	[jepsen worker 0] jepsen.util: 0	:invoke	:echo	"Please echo 25"
2024-03-05 20:40:58,785{GMT}	INFO	[jepsen worker 0] jepsen.util: 0	:ok	:echo	{:echo "Please echo 25", :in_reply_to 34, :msg_id 34, :type "echo_ok"}
2024-03-05 20:40:58,910{GMT}	INFO	[jepsen worker 0] jepsen.util: 0	:invoke	:echo	"Please echo 51"
2024-03-05 20:40:58,912{GMT}	INFO	[jepsen worker 0] jepsen.util: 0	:ok	:echo	{:echo "Please echo 51", :in_reply_to 35, :msg_id 35, :type "echo_ok"}
2024-03-05 20:40:59,221{GMT}	INFO	[jepsen worker 0] jepsen.util: 0	:invoke	:echo	"Please echo 15"
2024-03-05 20:40:59,224{GMT}	INFO	[jepsen worker 0] jepsen.util: 0	:ok	:echo	{:echo "Please echo 15", :in_reply_to 36, :msg_id 36, :type "echo_ok"}
2024-03-05 20:40:59,436{GMT}	INFO	[jepsen worker 0] jepsen.util: 0	:invoke	:echo	"Please echo 83"
2024-03-05 20:40:59,439{GMT}	INFO	[jepsen worker 0] jepsen.util: 0	:ok	:echo	{:echo "Please echo 83", :in_reply_to 37, :msg_id 37, :type "echo_ok"}
2024-03-05 20:40:59,816{GMT}	INFO	[jepsen worker 0] jepsen.util: 0	:invoke	:echo	"Please echo 88"
2024-03-05 20:40:59,819{GMT}	INFO	[jepsen worker 0] jepsen.util: 0	:ok	:echo	{:echo "Please echo 88", :in_reply_to 38, :msg_id 38, :type "echo_ok"}
2024-03-05 20:41:00,217{GMT}	INFO	[jepsen worker 0] jepsen.util: 0	:invoke	:echo	"Please echo 105"
2024-03-05 20:41:00,219{GMT}	INFO	[jepsen worker 0] jepsen.util: 0	:ok	:echo	{:echo "Please echo 105", :in_reply_to 39, :msg_id 39, :type "echo_ok"}
2024-03-05 20:41:00,255{GMT}	INFO	[jepsen worker 0] jepsen.util: 0	:invoke	:echo	"Please echo 46"
2024-03-05 20:41:00,256{GMT}	INFO	[jepsen worker 0] jepsen.util: 0	:ok	:echo	{:echo "Please echo 46", :in_reply_to 40, :msg_id 40, :type "echo_ok"}
2024-03-05 20:41:00,324{GMT}	INFO	[jepsen worker 0] jepsen.util: 0	:invoke	:echo	"Please echo 46"
2024-03-05 20:41:00,325{GMT}	INFO	[jepsen worker 0] jepsen.util: 0	:ok	:echo	{:echo "Please echo 46", :in_reply_to 41, :msg_id 41, :type "echo_ok"}
2024-03-05 20:41:00,502{GMT}	INFO	[jepsen worker 0] jepsen.util: 0	:invoke	:echo	"Please echo 75"
2024-03-05 20:41:00,507{GMT}	INFO	[jepsen worker 0] jepsen.util: 0	:ok	:echo	{:echo "Please echo 75", :in_reply_to 42, :msg_id 42, :type "echo_ok"}
2024-03-05 20:41:00,557{GMT}	INFO	[jepsen worker 0] jepsen.util: 0	:invoke	:echo	"Please echo 33"
2024-03-05 20:41:00,558{GMT}	INFO	[jepsen worker 0] jepsen.util: 0	:ok	:echo	{:echo "Please echo 33", :in_reply_to 43, :msg_id 43, :type "echo_ok"}
2024-03-05 20:41:00,915{GMT}	INFO	[jepsen worker 0] jepsen.util: 0	:invoke	:echo	"Please echo 106"
2024-03-05 20:41:00,918{GMT}	INFO	[jepsen worker 0] jepsen.util: 0	:ok	:echo	{:echo "Please echo 106", :in_reply_to 44, :msg_id 44, :type "echo_ok"}
2024-03-05 20:41:00,936{GMT}	INFO	[jepsen test runner] jepsen.core: Run complete, writing
2024-03-05 20:41:00,991{GMT}	INFO	[jepsen node n0] maelstrom.db: Tearing down n0
2024-03-05 20:41:02,645{GMT}	INFO	[jepsen node n0] maelstrom.net: Shutting down Maelstrom network
2024-03-05 20:41:02,647{GMT}	INFO	[jepsen test runner] jepsen.core: Analyzing...
2024-03-05 20:41:04,120{GMT}	INFO	[jepsen test runner] jepsen.core: Analysis complete
2024-03-05 20:41:04,124{GMT}	INFO	[jepsen results] jepsen.store: Wrote /Users/lihaoyang/maelstrom/store/echo/20240305T204049.630+0800/results.edn
2024-03-05 20:41:04,157{GMT}	INFO	[jepsen test runner] jepsen.core: {:perf {:latency-graph {:valid? true},
        :rate-graph {:valid? true},
        :valid? true},
 :timeline {:valid? true},
 :exceptions {:valid? true},
 :stats {:valid? true,
         :count 44,
         :ok-count 44,
         :fail-count 0,
         :info-count 0,
         :by-f {:echo {:valid? true,
                       :count 44,
                       :ok-count 44,
                       :fail-count 0,
                       :info-count 0}}},
 :availability {:valid? true, :ok-fraction 1.0},
 :net {:all {:send-count 90,
             :recv-count 90,
             :msg-count 90,
             :msgs-per-op 2.0454545},
       :clients {:send-count 90, :recv-count 90, :msg-count 90},
       :servers {:send-count 0,
                 :recv-count 0,
                 :msg-count 0,
                 :msgs-per-op 0.0},
       :valid? true},
 :workload {:valid? true, :errors ()},
 :valid? true}


Everything looks good! ヽ(‘ー`)ノ
