2024-04-02 19:33:42,243{GMT}	INFO	[jepsen test runner] jepsen.core: Command line:
lein run test -w broadcast --bin /Users/lihaoyang/go/bin/maelstrom-broadcast --node-count 5 --time-limit 20 --rate 10
2024-04-02 19:33:42,289{GMT}	INFO	[jepsen test runner] jepsen.core: Running test:
{:args []
 :remote
 #jepsen.control.retry.Remote{:remote #jepsen.control.scp.Remote{:cmd-remote #jepsen.control.sshj.SSHJRemote{:concurrency-limit 6,
                                                                                                             :conn-spec nil,
                                                                                                             :client nil,
                                                                                                             :semaphore nil},
                                                                 :conn-spec nil},
                              :conn nil}
 :log-net-send false
 :node-count 5
 :availability nil
 :max-txn-length 4
 :concurrency 5
 :db
 #object[maelstrom.db$db$reify__16142
         "0x30769e7a"
         "maelstrom.db$db$reify__16142@30769e7a"]
 :max-writes-per-key 16
 :leave-db-running? false
 :name "broadcast"
 :logging-json? false
 :start-time
 #object[org.joda.time.DateTime "0xff7042c" "2024-04-02T19:33:42.221+08:00"]
 :nemesis-interval 10
 :net
 #object[maelstrom.net$jepsen_net$reify__15251
         "0xb917b5e"
         "maelstrom.net$jepsen_net$reify__15251@b917b5e"]
 :client
 #object[maelstrom.workload.broadcast$client$reify__16644
         "0x5126c0cd"
         "maelstrom.workload.broadcast$client$reify__16644@5126c0cd"]
 :barrier
 #object[java.util.concurrent.CyclicBarrier
         "0x6c1e2161"
         "java.util.concurrent.CyclicBarrier@6c1e2161"]
 :log-stderr false
 :pure-generators true
 :ssh {:dummy? true}
 :rate 10.0
 :checker
 #object[jepsen.checker$compose$reify__11881
         "0x5b7f9eaa"
         "jepsen.checker$compose$reify__11881@5b7f9eaa"]
 :argv
 ("test"
  "-w"
  "broadcast"
  "--bin"
  "/Users/lihaoyang/go/bin/maelstrom-broadcast"
  "--node-count"
  "5"
  "--time-limit"
  "20"
  "--rate"
  "10")
 :nemesis
 (jepsen.nemesis.ReflCompose
  {:fm {:start-partition 0,
        :stop-partition 0,
        :kill 1,
        :start 1,
        :pause 1,
        :resume 1},
   :nemeses [#unprintable "jepsen.nemesis.combined$partition_nemesis$reify__16416@5b344510"
             #unprintable "jepsen.nemesis.combined$db_nemesis$reify__16397@3c73d613"]})
 :nodes ["n0" "n1" "n2" "n3" "n4"]
 :test-count 1
 :latency {:mean 0, :dist :constant}
 :bin "/Users/lihaoyang/go/bin/maelstrom-broadcast"
 :generator
 ((jepsen.generator.Synchronize
   {:gen (jepsen.generator.TimeLimit
          {:limit 20000000000,
           :cutoff nil,
           :gen (jepsen.generator.Any
                 {:gens [(jepsen.generator.OnThreads
                          {:f #{:nemesis},
                           :context-filter #object[jepsen.generator.context$make_thread_filter$lazy_filter__9167
                                                   "0x2b960c2b"
                                                   "jepsen.generator.context$make_thread_filter$lazy_filter__9167@2b960c2b"],
                           :gen nil})
                         (jepsen.generator.OnThreads
                          {:f #jepsen.generator.context.AllBut{:element :nemesis},
                           :context-filter #object[jepsen.generator.context$make_thread_filter$lazy_filter__9167
                                                   "0x46f32536"
                                                   "jepsen.generator.context$make_thread_filter$lazy_filter__9167@46f32536"],
                           :gen (jepsen.generator.Stagger
                                 {:dt 200000000,
                                  :next-time nil,
                                  :gen (jepsen.generator.Mix
                                        {:i 0,
                                         :gens [({:f :broadcast, :value 0}
                                                 {:f :broadcast, :value 1}
                                                 {:f :broadcast, :value 2}
                                                 {:f :broadcast, :value 3}
                                                 {:f :broadcast, :value 4}
                                                 {:f :broadcast, :value 5}
                                                 {:f :broadcast, :value 6}
                                                 {:f :broadcast, :value 7}
                                                 ...)
                                                ({:f :read}
                                                 {:f :read}
                                                 {:f :read}
                                                 {:f :read}
                                                 {:f :read}
                                                 {:f :read}
                                                 {:f :read}
                                                 {:f :read}
                                                 ...)]})})})]})})})
  (jepsen.generator.Synchronize
   {:gen (jepsen.generator.OnThreads
          {:f #{:nemesis},
           :context-filter #object[jepsen.generator.context$make_thread_filter$lazy_filter__9167
                                   "0x6921e251"
                                   "jepsen.generator.context$make_thread_filter$lazy_filter__9167@6921e251"],
           :gen ()})})
  (jepsen.generator.Synchronize
   {:gen {:type :log, :value "Waiting for recovery..."}})
  (jepsen.generator.Synchronize {:gen {:type :sleep, :value 10}})
  (jepsen.generator.Synchronize
   {:gen (jepsen.generator.OnThreads
          {:f #jepsen.generator.context.AllBut{:element :nemesis},
           :context-filter #object[jepsen.generator.context$make_thread_filter$lazy_filter__9167
                                   "0x724d4c0a"
                                   "jepsen.generator.context$make_thread_filter$lazy_filter__9167@724d4c0a"],
           :gen (jepsen.generator.EachThread
                 {:fresh-gen {:f :read, :final? true},
                  :context-filters #object[clojure.core$promise$reify__8591
                                           "0x2d481de0"
                                           {:status :pending, :val nil}],
                  :gens {}})})}))
 :log-net-recv false
 :os
 #object[maelstrom.net$jepsen_os$reify__15254
         "0xfd9512f"
         "maelstrom.net$jepsen_os$reify__15254@fd9512f"]
 :time-limit 20
 :workload :broadcast
 :consistency-models [:strict-serializable]
 :topology :grid}

2024-04-02 19:33:43,211{GMT}	INFO	[jepsen node n0] maelstrom.net: Starting Maelstrom network
2024-04-02 19:33:43,211{GMT}	INFO	[jepsen test runner] jepsen.db: Tearing down DB
2024-04-02 19:33:43,212{GMT}	INFO	[jepsen test runner] jepsen.db: Setting up DB
2024-04-02 19:33:43,213{GMT}	INFO	[jepsen node n1] maelstrom.db: Setting up n1
2024-04-02 19:33:43,213{GMT}	INFO	[jepsen node n3] maelstrom.db: Setting up n3
2024-04-02 19:33:43,213{GMT}	INFO	[jepsen node n2] maelstrom.db: Setting up n2
2024-04-02 19:33:43,213{GMT}	INFO	[jepsen node n4] maelstrom.db: Setting up n4
2024-04-02 19:33:43,213{GMT}	INFO	[jepsen node n4] maelstrom.process: launching /Users/lihaoyang/go/bin/maelstrom-broadcast []
2024-04-02 19:33:43,213{GMT}	INFO	[jepsen node n2] maelstrom.process: launching /Users/lihaoyang/go/bin/maelstrom-broadcast []
2024-04-02 19:33:43,213{GMT}	INFO	[jepsen node n3] maelstrom.process: launching /Users/lihaoyang/go/bin/maelstrom-broadcast []
2024-04-02 19:33:43,213{GMT}	INFO	[jepsen node n1] maelstrom.process: launching /Users/lihaoyang/go/bin/maelstrom-broadcast []
2024-04-02 19:33:43,215{GMT}	INFO	[jepsen node n0] maelstrom.service: Starting services: (lin-kv lin-tso lww-kv seq-kv)
2024-04-02 19:33:43,216{GMT}	INFO	[jepsen node n0] maelstrom.db: Setting up n0
2024-04-02 19:33:43,216{GMT}	INFO	[jepsen node n0] maelstrom.process: launching /Users/lihaoyang/go/bin/maelstrom-broadcast []
2024-04-02 19:33:43,236{GMT}	INFO	[jepsen test runner] jepsen.core: Relative time begins now
2024-04-02 19:33:43,247{GMT}	INFO	[jepsen worker 0] jepsen.util: 0	:invoke	:broadcast	0
2024-04-02 19:33:43,249{GMT}	INFO	[jepsen worker 0] jepsen.util: 0	:ok	:broadcast	0
2024-04-02 19:33:43,325{GMT}	INFO	[jepsen worker 1] jepsen.util: 1	:invoke	:read	nil
2024-04-02 19:33:43,327{GMT}	INFO	[jepsen worker 1] jepsen.util: 1	:ok	:read	[0]
2024-04-02 19:33:43,404{GMT}	INFO	[jepsen worker 2] jepsen.util: 2	:invoke	:broadcast	1
2024-04-02 19:33:43,406{GMT}	INFO	[jepsen worker 2] jepsen.util: 2	:ok	:broadcast	1
2024-04-02 19:33:43,420{GMT}	INFO	[jepsen worker 3] jepsen.util: 3	:invoke	:read	nil
2024-04-02 19:33:43,422{GMT}	INFO	[jepsen worker 3] jepsen.util: 3	:ok	:read	[0 1]
2024-04-02 19:33:43,626{GMT}	INFO	[jepsen worker 4] jepsen.util: 4	:invoke	:broadcast	2
2024-04-02 19:33:43,630{GMT}	INFO	[jepsen worker 4] jepsen.util: 4	:ok	:broadcast	2
2024-04-02 19:33:43,703{GMT}	INFO	[jepsen worker 0] jepsen.util: 0	:invoke	:broadcast	3
2024-04-02 19:33:43,705{GMT}	INFO	[jepsen worker 0] jepsen.util: 0	:ok	:broadcast	3
2024-04-02 19:33:43,767{GMT}	INFO	[jepsen worker 0] jepsen.util: 0	:invoke	:read	nil
2024-04-02 19:33:43,769{GMT}	INFO	[jepsen worker 0] jepsen.util: 0	:ok	:read	[0 1 2 3]
2024-04-02 19:33:43,919{GMT}	INFO	[jepsen worker 1] jepsen.util: 1	:invoke	:read	nil
2024-04-02 19:33:43,937{GMT}	INFO	[jepsen worker 2] jepsen.util: 2	:invoke	:broadcast	4
2024-04-02 19:33:43,937{GMT}	INFO	[jepsen worker 1] jepsen.util: 1	:ok	:read	[0 1 2 3]
2024-04-02 19:33:43,938{GMT}	INFO	[jepsen worker 2] jepsen.util: 2	:ok	:broadcast	4
2024-04-02 19:33:43,963{GMT}	INFO	[jepsen worker 3] jepsen.util: 3	:invoke	:read	nil
2024-04-02 19:33:43,964{GMT}	INFO	[jepsen worker 3] jepsen.util: 3	:ok	:read	[0 1 2 3 4]
2024-04-02 19:33:44,003{GMT}	INFO	[jepsen worker 4] jepsen.util: 4	:invoke	:read	nil
2024-04-02 19:33:44,005{GMT}	INFO	[jepsen worker 4] jepsen.util: 4	:ok	:read	[0 1 2 3 4]
2024-04-02 19:33:44,097{GMT}	INFO	[jepsen worker 0] jepsen.util: 0	:invoke	:read	nil
2024-04-02 19:33:44,100{GMT}	INFO	[jepsen worker 0] jepsen.util: 0	:ok	:read	[0 1 2 3 4]
2024-04-02 19:33:44,173{GMT}	INFO	[jepsen worker 0] jepsen.util: 0	:invoke	:read	nil
2024-04-02 19:33:44,176{GMT}	INFO	[jepsen worker 0] jepsen.util: 0	:ok	:read	[0 1 2 3 4]
2024-04-02 19:33:44,341{GMT}	INFO	[jepsen worker 1] jepsen.util: 1	:invoke	:broadcast	5
2024-04-02 19:33:44,348{GMT}	INFO	[jepsen worker 1] jepsen.util: 1	:ok	:broadcast	5
2024-04-02 19:33:44,482{GMT}	INFO	[jepsen worker 2] jepsen.util: 2	:invoke	:read	nil
2024-04-02 19:33:44,484{GMT}	INFO	[jepsen worker 2] jepsen.util: 2	:ok	:read	[0 1 2 3 4 5]
2024-04-02 19:33:44,568{GMT}	INFO	[jepsen worker 3] jepsen.util: 3	:invoke	:broadcast	6
2024-04-02 19:33:44,569{GMT}	INFO	[jepsen worker 3] jepsen.util: 3	:ok	:broadcast	6
2024-04-02 19:33:44,667{GMT}	INFO	[jepsen worker 4] jepsen.util: 4	:invoke	:broadcast	7
2024-04-02 19:33:44,667{GMT}	INFO	[jepsen worker 4] jepsen.util: 4	:ok	:broadcast	7
2024-04-02 19:33:44,856{GMT}	INFO	[jepsen worker 0] jepsen.util: 0	:invoke	:broadcast	8
2024-04-02 19:33:44,857{GMT}	INFO	[jepsen worker 0] jepsen.util: 0	:ok	:broadcast	8
2024-04-02 19:33:44,948{GMT}	INFO	[jepsen worker 0] jepsen.util: 0	:invoke	:read	nil
2024-04-02 19:33:44,950{GMT}	INFO	[jepsen worker 0] jepsen.util: 0	:ok	:read	[0 1 2 3 4 5 6 7 8]
2024-04-02 19:33:45,085{GMT}	INFO	[jepsen worker 1] jepsen.util: 1	:invoke	:broadcast	9
2024-04-02 19:33:45,088{GMT}	INFO	[jepsen worker 1] jepsen.util: 1	:ok	:broadcast	9
2024-04-02 19:33:45,164{GMT}	INFO	[jepsen worker 2] jepsen.util: 2	:invoke	:broadcast	10
2024-04-02 19:33:45,167{GMT}	INFO	[jepsen worker 2] jepsen.util: 2	:ok	:broadcast	10
2024-04-02 19:33:45,181{GMT}	INFO	[jepsen worker 3] jepsen.util: 3	:invoke	:read	nil
2024-04-02 19:33:45,182{GMT}	INFO	[jepsen worker 3] jepsen.util: 3	:ok	:read	[0 1 2 3 4 5 6 7 8 9 10]
2024-04-02 19:33:45,193{GMT}	INFO	[jepsen worker 4] jepsen.util: 4	:invoke	:read	nil
2024-04-02 19:33:45,194{GMT}	INFO	[jepsen worker 4] jepsen.util: 4	:ok	:read	[0 1 2 3 4 5 6 7 8 9 10]
2024-04-02 19:33:45,296{GMT}	INFO	[jepsen worker 0] jepsen.util: 0	:invoke	:read	nil
2024-04-02 19:33:45,298{GMT}	INFO	[jepsen worker 0] jepsen.util: 0	:ok	:read	[0 1 2 3 4 5 6 7 8 9 10]
2024-04-02 19:33:45,327{GMT}	INFO	[jepsen worker 0] jepsen.util: 0	:invoke	:read	nil
2024-04-02 19:33:45,328{GMT}	INFO	[jepsen worker 0] jepsen.util: 0	:ok	:read	[0 1 2 3 4 5 6 7 8 9 10]
2024-04-02 19:33:45,329{GMT}	INFO	[jepsen worker 1] jepsen.util: 1	:invoke	:read	nil
2024-04-02 19:33:45,330{GMT}	INFO	[jepsen worker 1] jepsen.util: 1	:ok	:read	[0 1 2 3 4 5 6 7 8 9 10]
2024-04-02 19:33:45,355{GMT}	INFO	[jepsen worker 2] jepsen.util: 2	:invoke	:broadcast	11
2024-04-02 19:33:45,356{GMT}	INFO	[jepsen worker 2] jepsen.util: 2	:ok	:broadcast	11
2024-04-02 19:33:45,549{GMT}	INFO	[jepsen worker 3] jepsen.util: 3	:invoke	:read	nil
2024-04-02 19:33:45,551{GMT}	INFO	[jepsen worker 3] jepsen.util: 3	:ok	:read	[0 1 2 3 4 5 6 7 8 9 10 11]
2024-04-02 19:33:45,748{GMT}	INFO	[jepsen worker 4] jepsen.util: 4	:invoke	:broadcast	12
2024-04-02 19:33:45,748{GMT}	INFO	[jepsen worker 4] jepsen.util: 4	:ok	:broadcast	12
2024-04-02 19:33:45,924{GMT}	INFO	[jepsen worker 0] jepsen.util: 0	:invoke	:broadcast	13
2024-04-02 19:33:45,925{GMT}	INFO	[jepsen worker 0] jepsen.util: 0	:ok	:broadcast	13
2024-04-02 19:33:46,090{GMT}	INFO	[jepsen worker 0] jepsen.util: 0	:invoke	:broadcast	14
2024-04-02 19:33:46,091{GMT}	INFO	[jepsen worker 0] jepsen.util: 0	:ok	:broadcast	14
2024-04-02 19:33:46,157{GMT}	INFO	[jepsen worker 1] jepsen.util: 1	:invoke	:broadcast	15
2024-04-02 19:33:46,157{GMT}	INFO	[jepsen worker 1] jepsen.util: 1	:ok	:broadcast	15
2024-04-02 19:33:46,240{GMT}	INFO	[jepsen worker 2] jepsen.util: 2	:invoke	:read	nil
2024-04-02 19:33:46,241{GMT}	INFO	[jepsen worker 2] jepsen.util: 2	:ok	:read	[0 1 2 3 4 5 6 7 8 9 10 11 12 13 14 15]
2024-04-02 19:33:46,406{GMT}	INFO	[jepsen worker 3] jepsen.util: 3	:invoke	:broadcast	16
2024-04-02 19:33:46,407{GMT}	INFO	[jepsen worker 3] jepsen.util: 3	:ok	:broadcast	16
2024-04-02 19:33:46,583{GMT}	INFO	[jepsen worker 4] jepsen.util: 4	:invoke	:broadcast	17
2024-04-02 19:33:46,583{GMT}	INFO	[jepsen worker 4] jepsen.util: 4	:ok	:broadcast	17
2024-04-02 19:33:46,626{GMT}	INFO	[jepsen worker 0] jepsen.util: 0	:invoke	:read	nil
2024-04-02 19:33:46,628{GMT}	INFO	[jepsen worker 0] jepsen.util: 0	:ok	:read	[0 1 2 3 4 5 6 7 8 9 10 11 12 13 14 15 16 17]
2024-04-02 19:33:46,750{GMT}	INFO	[jepsen worker 0] jepsen.util: 0	:invoke	:read	nil
2024-04-02 19:33:46,751{GMT}	INFO	[jepsen worker 0] jepsen.util: 0	:ok	:read	[0 1 2 3 4 5 6 7 8 9 10 11 12 13 14 15 16 17]
2024-04-02 19:33:46,795{GMT}	INFO	[jepsen worker 1] jepsen.util: 1	:invoke	:read	nil
2024-04-02 19:33:46,796{GMT}	INFO	[jepsen worker 1] jepsen.util: 1	:ok	:read	[0 1 2 3 4 5 6 7 8 9 10 11 12 13 14 15 16 17]
2024-04-02 19:33:46,861{GMT}	INFO	[jepsen worker 2] jepsen.util: 2	:invoke	:read	nil
2024-04-02 19:33:46,862{GMT}	INFO	[jepsen worker 2] jepsen.util: 2	:ok	:read	[0 1 2 3 4 5 6 7 8 9 10 11 12 13 14 15 16 17]
2024-04-02 19:33:47,063{GMT}	INFO	[jepsen worker 3] jepsen.util: 3	:invoke	:broadcast	18
2024-04-02 19:33:47,065{GMT}	INFO	[jepsen worker 3] jepsen.util: 3	:ok	:broadcast	18
2024-04-02 19:33:47,182{GMT}	INFO	[jepsen worker 4] jepsen.util: 4	:invoke	:read	nil
2024-04-02 19:33:47,183{GMT}	INFO	[jepsen worker 4] jepsen.util: 4	:ok	:read	[0 1 2 3 4 5 6 7 8 9 10 11 12 13 14 15 16 17 18]
2024-04-02 19:33:47,231{GMT}	INFO	[jepsen worker 0] jepsen.util: 0	:invoke	:read	nil
2024-04-02 19:33:47,232{GMT}	INFO	[jepsen worker 0] jepsen.util: 0	:ok	:read	[0 1 2 3 4 5 6 7 8 9 10 11 12 13 14 15 16 17 18]
2024-04-02 19:33:47,411{GMT}	INFO	[jepsen worker 0] jepsen.util: 0	:invoke	:read	nil
2024-04-02 19:33:47,414{GMT}	INFO	[jepsen worker 0] jepsen.util: 0	:ok	:read	[0 1 2 3 4 5 6 7 8 9 10 11 12 13 14 15 16 17 18]
2024-04-02 19:33:47,426{GMT}	INFO	[jepsen worker 1] jepsen.util: 1	:invoke	:read	nil
2024-04-02 19:33:47,427{GMT}	INFO	[jepsen worker 1] jepsen.util: 1	:ok	:read	[0 1 2 3 4 5 6 7 8 9 10 11 12 13 14 15 16 17 18]
2024-04-02 19:33:47,437{GMT}	INFO	[jepsen worker 2] jepsen.util: 2	:invoke	:broadcast	19
2024-04-02 19:33:47,437{GMT}	INFO	[jepsen worker 2] jepsen.util: 2	:ok	:broadcast	19
2024-04-02 19:33:47,573{GMT}	INFO	[jepsen worker 3] jepsen.util: 3	:invoke	:read	nil
2024-04-02 19:33:47,576{GMT}	INFO	[jepsen worker 3] jepsen.util: 3	:ok	:read	[0 1 2 3 4 5 6 7 8 9 10 11 12 13 14 15 16 17 18 19]
2024-04-02 19:33:47,752{GMT}	INFO	[jepsen worker 4] jepsen.util: 4	:invoke	:broadcast	20
2024-04-02 19:33:47,755{GMT}	INFO	[jepsen worker 4] jepsen.util: 4	:ok	:broadcast	20
2024-04-02 19:33:47,799{GMT}	INFO	[jepsen worker 0] jepsen.util: 0	:invoke	:read	nil
2024-04-02 19:33:47,800{GMT}	INFO	[jepsen worker 0] jepsen.util: 0	:ok	:read	[0 1 2 3 4 5 6 7 8 9 10 11 12 13 14 15 16 17 18 19 20]
2024-04-02 19:33:47,943{GMT}	INFO	[jepsen worker 0] jepsen.util: 0	:invoke	:read	nil
2024-04-02 19:33:47,944{GMT}	INFO	[jepsen worker 0] jepsen.util: 0	:ok	:read	[0 1 2 3 4 5 6 7 8 9 10 11 12 13 14 15 16 17 18 19 20]
2024-04-02 19:33:47,965{GMT}	INFO	[jepsen worker 1] jepsen.util: 1	:invoke	:broadcast	21
2024-04-02 19:33:47,965{GMT}	INFO	[jepsen worker 1] jepsen.util: 1	:ok	:broadcast	21
2024-04-02 19:33:48,164{GMT}	INFO	[jepsen worker 2] jepsen.util: 2	:invoke	:broadcast	22
2024-04-02 19:33:48,164{GMT}	INFO	[jepsen worker 2] jepsen.util: 2	:ok	:broadcast	22
2024-04-02 19:33:48,263{GMT}	INFO	[jepsen worker 3] jepsen.util: 3	:invoke	:read	nil
2024-04-02 19:33:48,264{GMT}	INFO	[jepsen worker 3] jepsen.util: 3	:ok	:read	[0 1 2 3 4 5 6 7 8 9 10 11 12 13 14 15 16 17 18 19 20 21 22]
2024-04-02 19:33:48,324{GMT}	INFO	[jepsen worker 4] jepsen.util: 4	:invoke	:read	nil
2024-04-02 19:33:48,325{GMT}	INFO	[jepsen worker 4] jepsen.util: 4	:ok	:read	[0 1 2 3 4 5 6 7 8 9 10 11 12 13 14 15 16 17 18 19 20 21 22]
2024-04-02 19:33:48,503{GMT}	INFO	[jepsen worker 0] jepsen.util: 0	:invoke	:read	nil
2024-04-02 19:33:48,506{GMT}	INFO	[jepsen worker 0] jepsen.util: 0	:ok	:read	[0 1 2 3 4 5 6 7 8 9 10 11 12 13 14 15 16 17 18 19 20 21 22]
2024-04-02 19:33:48,513{GMT}	INFO	[jepsen worker 0] jepsen.util: 0	:invoke	:broadcast	23
2024-04-02 19:33:48,514{GMT}	INFO	[jepsen worker 0] jepsen.util: 0	:ok	:broadcast	23
2024-04-02 19:33:48,552{GMT}	INFO	[jepsen worker 1] jepsen.util: 1	:invoke	:broadcast	24
2024-04-02 19:33:48,553{GMT}	INFO	[jepsen worker 1] jepsen.util: 1	:ok	:broadcast	24
2024-04-02 19:33:48,633{GMT}	INFO	[jepsen worker 2] jepsen.util: 2	:invoke	:read	nil
2024-04-02 19:33:48,634{GMT}	INFO	[jepsen worker 2] jepsen.util: 2	:ok	:read	[0 1 2 3 4 5 6 7 8 9 10 11 12 13 14 15 16 17 18 19 20 21 22 23 24]
2024-04-02 19:33:48,732{GMT}	INFO	[jepsen worker 3] jepsen.util: 3	:invoke	:read	nil
2024-04-02 19:33:48,733{GMT}	INFO	[jepsen worker 3] jepsen.util: 3	:ok	:read	[0 1 2 3 4 5 6 7 8 9 10 11 12 13 14 15 16 17 18 19 20 21 22 23 24]
2024-04-02 19:33:48,747{GMT}	INFO	[jepsen worker 4] jepsen.util: 4	:invoke	:read	nil
2024-04-02 19:33:48,748{GMT}	INFO	[jepsen worker 4] jepsen.util: 4	:ok	:read	[0 1 2 3 4 5 6 7 8 9 10 11 12 13 14 15 16 17 18 19 20 21 22 23 24]
2024-04-02 19:33:48,932{GMT}	INFO	[jepsen worker 0] jepsen.util: 0	:invoke	:broadcast	25
2024-04-02 19:33:48,933{GMT}	INFO	[jepsen worker 0] jepsen.util: 0	:ok	:broadcast	25
2024-04-02 19:33:49,062{GMT}	INFO	[jepsen worker 0] jepsen.util: 0	:invoke	:read	nil
2024-04-02 19:33:49,064{GMT}	INFO	[jepsen worker 0] jepsen.util: 0	:ok	:read	[0 1 2 3 4 5 6 7 8 9 10 11 12 13 14 15 16 17 18 19 20 21 22 23 24 25]
2024-04-02 19:33:49,210{GMT}	INFO	[jepsen worker 1] jepsen.util: 1	:invoke	:read	nil
2024-04-02 19:33:49,211{GMT}	INFO	[jepsen worker 1] jepsen.util: 1	:ok	:read	[0 1 2 3 4 5 6 7 8 9 10 11 12 13 14 15 16 17 18 19 20 21 22 23 24 25]
2024-04-02 19:33:49,372{GMT}	INFO	[jepsen worker 2] jepsen.util: 2	:invoke	:read	nil
2024-04-02 19:33:49,374{GMT}	INFO	[jepsen worker 2] jepsen.util: 2	:ok	:read	[0 1 2 3 4 5 6 7 8 9 10 11 12 13 14 15 16 17 18 19 20 21 22 23 24 25]
2024-04-02 19:33:49,411{GMT}	INFO	[jepsen worker 3] jepsen.util: 3	:invoke	:broadcast	26
2024-04-02 19:33:49,414{GMT}	INFO	[jepsen worker 3] jepsen.util: 3	:ok	:broadcast	26
2024-04-02 19:33:49,447{GMT}	INFO	[jepsen worker 4] jepsen.util: 4	:invoke	:read	nil
2024-04-02 19:33:49,448{GMT}	INFO	[jepsen worker 4] jepsen.util: 4	:ok	:read	[0 1 2 3 4 5 6 7 8 9 10 11 12 13 14 15 16 17 18 19 20 21 22 23 24 25 26]
2024-04-02 19:33:49,618{GMT}	INFO	[jepsen worker 0] jepsen.util: 0	:invoke	:read	nil
2024-04-02 19:33:49,620{GMT}	INFO	[jepsen worker 0] jepsen.util: 0	:ok	:read	[0 1 2 3 4 5 6 7 8 9 10 11 12 13 14 15 16 17 18 19 20 21 22 23 24 25 26]
2024-04-02 19:33:49,806{GMT}	INFO	[jepsen worker 0] jepsen.util: 0	:invoke	:read	nil
2024-04-02 19:33:49,808{GMT}	INFO	[jepsen worker 0] jepsen.util: 0	:ok	:read	[0 1 2 3 4 5 6 7 8 9 10 11 12 13 14 15 16 17 18 19 20 21 22 23 24 25 26]
2024-04-02 19:33:49,844{GMT}	INFO	[jepsen worker 1] jepsen.util: 1	:invoke	:read	nil
2024-04-02 19:33:49,845{GMT}	INFO	[jepsen worker 1] jepsen.util: 1	:ok	:read	[0 1 2 3 4 5 6 7 8 9 10 11 12 13 14 15 16 17 18 19 20 21 22 23 24 25 26]
2024-04-02 19:33:49,991{GMT}	INFO	[jepsen worker 2] jepsen.util: 2	:invoke	:read	nil
2024-04-02 19:33:49,993{GMT}	INFO	[jepsen worker 2] jepsen.util: 2	:ok	:read	[0 1 2 3 4 5 6 7 8 9 10 11 12 13 14 15 16 17 18 19 20 21 22 23 24 25 26]
2024-04-02 19:33:50,147{GMT}	INFO	[jepsen worker 3] jepsen.util: 3	:invoke	:broadcast	27
2024-04-02 19:33:50,148{GMT}	INFO	[jepsen worker 3] jepsen.util: 3	:ok	:broadcast	27
2024-04-02 19:33:50,164{GMT}	INFO	[jepsen worker 4] jepsen.util: 4	:invoke	:broadcast	28
2024-04-02 19:33:50,164{GMT}	INFO	[jepsen worker 4] jepsen.util: 4	:ok	:broadcast	28
2024-04-02 19:33:50,187{GMT}	INFO	[jepsen worker 0] jepsen.util: 0	:invoke	:read	nil
2024-04-02 19:33:50,188{GMT}	INFO	[jepsen worker 0] jepsen.util: 0	:ok	:read	[0 1 2 3 4 5 6 7 8 9 10 11 12 13 14 15 16 17 18 19 20 21 22 23 24 25 26 27 28]
2024-04-02 19:33:50,361{GMT}	INFO	[jepsen worker 0] jepsen.util: 0	:invoke	:read	nil
2024-04-02 19:33:50,363{GMT}	INFO	[jepsen worker 0] jepsen.util: 0	:ok	:read	[0 1 2 3 4 5 6 7 8 9 10 11 12 13 14 15 16 17 18 19 20 21 22 23 24 25 26 27 28]
2024-04-02 19:33:50,511{GMT}	INFO	[jepsen worker 1] jepsen.util: 1	:invoke	:read	nil
2024-04-02 19:33:50,511{GMT}	INFO	[jepsen worker 1] jepsen.util: 1	:ok	:read	[0 1 2 3 4 5 6 7 8 9 10 11 12 13 14 15 16 17 18 19 20 21 22 23 24 25 26 27 28]
2024-04-02 19:33:50,591{GMT}	INFO	[jepsen worker 2] jepsen.util: 2	:invoke	:read	nil
2024-04-02 19:33:50,591{GMT}	INFO	[jepsen worker 2] jepsen.util: 2	:ok	:read	[0 1 2 3 4 5 6 7 8 9 10 11 12 13 14 15 16 17 18 19 20 21 22 23 24 25 26 27 28]
2024-04-02 19:33:50,699{GMT}	INFO	[jepsen worker 3] jepsen.util: 3	:invoke	:read	nil
2024-04-02 19:33:50,699{GMT}	INFO	[jepsen worker 3] jepsen.util: 3	:ok	:read	[0 1 2 3 4 5 6 7 8 9 10 11 12 13 14 15 16 17 18 19 20 21 22 23 24 25 26 27 28]
2024-04-02 19:33:50,864{GMT}	INFO	[jepsen worker 4] jepsen.util: 4	:invoke	:read	nil
2024-04-02 19:33:50,865{GMT}	INFO	[jepsen worker 4] jepsen.util: 4	:ok	:read	[0 1 2 3 4 5 6 7 8 9 10 11 12 13 14 15 16 17 18 19 20 21 22 23 24 25 26 27 28]
2024-04-02 19:33:50,954{GMT}	INFO	[jepsen worker 0] jepsen.util: 0	:invoke	:broadcast	29
2024-04-02 19:33:50,954{GMT}	INFO	[jepsen worker 0] jepsen.util: 0	:ok	:broadcast	29
2024-04-02 19:33:50,964{GMT}	INFO	[jepsen worker 0] jepsen.util: 0	:invoke	:broadcast	30
2024-04-02 19:33:50,965{GMT}	INFO	[jepsen worker 0] jepsen.util: 0	:ok	:broadcast	30
2024-04-02 19:33:51,059{GMT}	INFO	[jepsen worker 1] jepsen.util: 1	:invoke	:read	nil
2024-04-02 19:33:51,060{GMT}	INFO	[jepsen worker 1] jepsen.util: 1	:ok	:read	[0 1 2 3 4 5 6 7 8 9 10 11 12 13 14 15 16 17 18 19 20 21 22 23 24 25 26 27 28 29 30]
2024-04-02 19:33:51,093{GMT}	INFO	[jepsen worker 2] jepsen.util: 2	:invoke	:broadcast	31
2024-04-02 19:33:51,093{GMT}	INFO	[jepsen worker 2] jepsen.util: 2	:ok	:broadcast	31
2024-04-02 19:33:51,166{GMT}	INFO	[jepsen worker 3] jepsen.util: 3	:invoke	:read	nil
2024-04-02 19:33:51,167{GMT}	INFO	[jepsen worker 3] jepsen.util: 3	:ok	:read	[0 1 2 3 4 5 6 7 8 9 10 11 12 13 14 15 16 17 18 19 20 21 22 23 24 25 26 27 28 29 30 31]
2024-04-02 19:33:51,318{GMT}	INFO	[jepsen worker 4] jepsen.util: 4	:invoke	:read	nil
2024-04-02 19:33:51,319{GMT}	INFO	[jepsen worker 4] jepsen.util: 4	:ok	:read	[0 1 2 3 4 5 6 7 8 9 10 11 12 13 14 15 16 17 18 19 20 21 22 23 24 25 26 27 28 29 30 31]
2024-04-02 19:33:51,376{GMT}	INFO	[jepsen worker 0] jepsen.util: 0	:invoke	:broadcast	32
2024-04-02 19:33:51,378{GMT}	INFO	[jepsen worker 0] jepsen.util: 0	:ok	:broadcast	32
2024-04-02 19:33:51,404{GMT}	INFO	[jepsen worker 0] jepsen.util: 0	:invoke	:broadcast	33
2024-04-02 19:33:51,405{GMT}	INFO	[jepsen worker 0] jepsen.util: 0	:ok	:broadcast	33
2024-04-02 19:33:51,550{GMT}	INFO	[jepsen worker 1] jepsen.util: 1	:invoke	:read	nil
2024-04-02 19:33:51,552{GMT}	INFO	[jepsen worker 1] jepsen.util: 1	:ok	:read	[0 1 2 3 4 5 6 7 8 9 10 11 12 13 14 15 16 17 18 19 20 21 22 23 24 25 26 27 28 29 30 31 32 33]
2024-04-02 19:33:51,732{GMT}	INFO	[jepsen worker 2] jepsen.util: 2	:invoke	:read	nil
2024-04-02 19:33:51,733{GMT}	INFO	[jepsen worker 2] jepsen.util: 2	:ok	:read	[0 1 2 3 4 5 6 7 8 9 10 11 12 13 14 15 16 17 18 19 20 21 22 23 24 25 26 27 28 29 30 31 32 33]
2024-04-02 19:33:51,756{GMT}	INFO	[jepsen worker 3] jepsen.util: 3	:invoke	:broadcast	34
2024-04-02 19:33:51,757{GMT}	INFO	[jepsen worker 3] jepsen.util: 3	:ok	:broadcast	34
2024-04-02 19:33:51,893{GMT}	INFO	[jepsen worker 4] jepsen.util: 4	:invoke	:broadcast	35
2024-04-02 19:33:51,895{GMT}	INFO	[jepsen worker 4] jepsen.util: 4	:ok	:broadcast	35
2024-04-02 19:33:51,942{GMT}	INFO	[jepsen worker 0] jepsen.util: 0	:invoke	:read	nil
2024-04-02 19:33:51,943{GMT}	INFO	[jepsen worker 0] jepsen.util: 0	:ok	:read	[0 1 2 3 4 5 6 7 8 9 10 11 12 13 14 15 16 17 18 19 20 21 22 23 24 25 26 27 28 29 30 31 32 33 34 35]
2024-04-02 19:33:51,956{GMT}	INFO	[jepsen worker 0] jepsen.util: 0	:invoke	:read	nil
2024-04-02 19:33:51,957{GMT}	INFO	[jepsen worker 0] jepsen.util: 0	:ok	:read	[0 1 2 3 4 5 6 7 8 9 10 11 12 13 14 15 16 17 18 19 20 21 22 23 24 25 26 27 28 29 30 31 32 33 34 35]
2024-04-02 19:33:52,112{GMT}	INFO	[jepsen worker 1] jepsen.util: 1	:invoke	:read	nil
2024-04-02 19:33:52,113{GMT}	INFO	[jepsen worker 1] jepsen.util: 1	:ok	:read	[0 1 2 3 4 5 6 7 8 9 10 11 12 13 14 15 16 17 18 19 20 21 22 23 24 25 26 27 28 29 30 31 32 33 34 35]
2024-04-02 19:33:52,227{GMT}	INFO	[jepsen worker 2] jepsen.util: 2	:invoke	:broadcast	36
2024-04-02 19:33:52,229{GMT}	INFO	[jepsen worker 2] jepsen.util: 2	:ok	:broadcast	36
2024-04-02 19:33:52,321{GMT}	INFO	[jepsen worker 3] jepsen.util: 3	:invoke	:read	nil
2024-04-02 19:33:52,323{GMT}	INFO	[jepsen worker 3] jepsen.util: 3	:ok	:read	[0 1 2 3 4 5 6 7 8 9 10 11 12 13 14 15 16 17 18 19 20 21 22 23 24 25 26 27 28 29 30 31 32 33 34 35 36]
2024-04-02 19:33:52,381{GMT}	INFO	[jepsen worker 4] jepsen.util: 4	:invoke	:read	nil
2024-04-02 19:33:52,382{GMT}	INFO	[jepsen worker 4] jepsen.util: 4	:ok	:read	[0 1 2 3 4 5 6 7 8 9 10 11 12 13 14 15 16 17 18 19 20 21 22 23 24 25 26 27 28 29 30 31 32 33 34 35 36]
2024-04-02 19:33:52,393{GMT}	INFO	[jepsen worker 0] jepsen.util: 0	:invoke	:read	nil
2024-04-02 19:33:52,394{GMT}	INFO	[jepsen worker 0] jepsen.util: 0	:ok	:read	[0 1 2 3 4 5 6 7 8 9 10 11 12 13 14 15 16 17 18 19 20 21 22 23 24 25 26 27 28 29 30 31 32 33 34 35 36]
2024-04-02 19:33:52,499{GMT}	INFO	[jepsen worker 0] jepsen.util: 0	:invoke	:broadcast	37
2024-04-02 19:33:52,499{GMT}	INFO	[jepsen worker 0] jepsen.util: 0	:ok	:broadcast	37
2024-04-02 19:33:52,645{GMT}	INFO	[jepsen worker 1] jepsen.util: 1	:invoke	:read	nil
2024-04-02 19:33:52,646{GMT}	INFO	[jepsen worker 1] jepsen.util: 1	:ok	:read	[0 1 2 3 4 5 6 7 8 9 10 11 12 13 14 15 16 17 18 19 20 21 22 23 24 25 26 27 28 29 30 31 32 33 34 35 36 37]
2024-04-02 19:33:52,710{GMT}	INFO	[jepsen worker 2] jepsen.util: 2	:invoke	:broadcast	38
2024-04-02 19:33:52,711{GMT}	INFO	[jepsen worker 2] jepsen.util: 2	:ok	:broadcast	38
2024-04-02 19:33:52,784{GMT}	INFO	[jepsen worker 3] jepsen.util: 3	:invoke	:read	nil
2024-04-02 19:33:52,785{GMT}	INFO	[jepsen worker 3] jepsen.util: 3	:ok	:read	[0 1 2 3 4 5 6 7 8 9 10 11 12 13 14 15 16 17 18 19 20 21 22 23 24 25 26 27 28 29 30 31 32 33 34 35 36 37 38]
2024-04-02 19:33:52,958{GMT}	INFO	[jepsen worker 4] jepsen.util: 4	:invoke	:broadcast	39
2024-04-02 19:33:52,959{GMT}	INFO	[jepsen worker 4] jepsen.util: 4	:ok	:broadcast	39
2024-04-02 19:33:52,996{GMT}	INFO	[jepsen worker 0] jepsen.util: 0	:invoke	:broadcast	40
2024-04-02 19:33:52,996{GMT}	INFO	[jepsen worker 0] jepsen.util: 0	:ok	:broadcast	40
2024-04-02 19:33:53,115{GMT}	INFO	[jepsen worker 0] jepsen.util: 0	:invoke	:read	nil
2024-04-02 19:33:53,118{GMT}	INFO	[jepsen worker 0] jepsen.util: 0	:ok	:read	[0 1 2 3 4 5 6 7 8 9 10 11 12 13 14 15 16 17 18 19 20 21 22 23 24 25 26 27 28 29 30 31 32 33 34 35 36 37 38 39 40]
2024-04-02 19:33:53,318{GMT}	INFO	[jepsen worker 1] jepsen.util: 1	:invoke	:read	nil
2024-04-02 19:33:53,320{GMT}	INFO	[jepsen worker 1] jepsen.util: 1	:ok	:read	[0 1 2 3 4 5 6 7 8 9 10 11 12 13 14 15 16 17 18 19 20 21 22 23 24 25 26 27 28 29 30 31 32 33 34 35 36 37 38 39 40]
2024-04-02 19:33:53,332{GMT}	INFO	[jepsen worker 2] jepsen.util: 2	:invoke	:read	nil
2024-04-02 19:33:53,333{GMT}	INFO	[jepsen worker 2] jepsen.util: 2	:ok	:read	[0 1 2 3 4 5 6 7 8 9 10 11 12 13 14 15 16 17 18 19 20 21 22 23 24 25 26 27 28 29 30 31 32 33 34 35 36 37 38 39 40]
2024-04-02 19:33:53,465{GMT}	INFO	[jepsen worker 3] jepsen.util: 3	:invoke	:broadcast	41
2024-04-02 19:33:53,466{GMT}	INFO	[jepsen worker 3] jepsen.util: 3	:ok	:broadcast	41
2024-04-02 19:33:53,648{GMT}	INFO	[jepsen worker 4] jepsen.util: 4	:invoke	:read	nil
2024-04-02 19:33:53,649{GMT}	INFO	[jepsen worker 4] jepsen.util: 4	:ok	:read	[0 1 2 3 4 5 6 7 8 9 10 11 12 13 14 15 16 17 18 19 20 21 22 23 24 25 26 27 28 29 30 31 32 33 34 35 36 37 38 39 40 41]
2024-04-02 19:33:53,831{GMT}	INFO	[jepsen worker 0] jepsen.util: 0	:invoke	:read	nil
2024-04-02 19:33:53,833{GMT}	INFO	[jepsen worker 0] jepsen.util: 0	:ok	:read	[0 1 2 3 4 5 6 7 8 9 10 11 12 13 14 15 16 17 18 19 20 21 22 23 24 25 26 27 28 29 30 31 32 33 34 35 36 37 38 39 40 41]
2024-04-02 19:33:53,994{GMT}	INFO	[jepsen worker 0] jepsen.util: 0	:invoke	:broadcast	42
2024-04-02 19:33:53,995{GMT}	INFO	[jepsen worker 0] jepsen.util: 0	:ok	:broadcast	42
2024-04-02 19:33:53,998{GMT}	INFO	[jepsen worker 1] jepsen.util: 1	:invoke	:broadcast	43
2024-04-02 19:33:53,999{GMT}	INFO	[jepsen worker 1] jepsen.util: 1	:ok	:broadcast	43
2024-04-02 19:33:54,013{GMT}	INFO	[jepsen worker 2] jepsen.util: 2	:invoke	:read	nil
2024-04-02 19:33:54,014{GMT}	INFO	[jepsen worker 2] jepsen.util: 2	:ok	:read	[0 1 2 3 4 5 6 7 8 9 10 11 12 13 14 15 16 17 18 19 20 21 22 23 24 25 26 27 28 29 30 31 32 33 34 35 36 37 38 39 40 41 42 43]
2024-04-02 19:33:54,030{GMT}	INFO	[jepsen worker 3] jepsen.util: 3	:invoke	:broadcast	44
2024-04-02 19:33:54,030{GMT}	INFO	[jepsen worker 3] jepsen.util: 3	:ok	:broadcast	44
2024-04-02 19:33:54,037{GMT}	INFO	[jepsen worker 4] jepsen.util: 4	:invoke	:read	nil
2024-04-02 19:33:54,038{GMT}	INFO	[jepsen worker 4] jepsen.util: 4	:ok	:read	[0 1 2 3 4 5 6 7 8 9 10 11 12 13 14 15 16 17 18 19 20 21 22 23 24 25 26 27 28 29 30 31 32 33 34 35 36 37 38 39 40 41 42 43 44]
2024-04-02 19:33:54,038{GMT}	INFO	[jepsen worker 0] jepsen.util: 0	:invoke	:broadcast	45
2024-04-02 19:33:54,038{GMT}	INFO	[jepsen worker 0] jepsen.util: 0	:ok	:broadcast	45
2024-04-02 19:33:54,195{GMT}	INFO	[jepsen worker 0] jepsen.util: 0	:invoke	:read	nil
2024-04-02 19:33:54,196{GMT}	INFO	[jepsen worker 0] jepsen.util: 0	:ok	:read	[0 1 2 3 4 5 6 7 8 9 10 11 12 13 14 15 16 17 18 19 20 21 22 23 24 25 26 27 28 29 30 31 32 33 34 35 36 37 38 39 40 41 42 43 44 45]
2024-04-02 19:33:54,222{GMT}	INFO	[jepsen worker 1] jepsen.util: 1	:invoke	:read	nil
2024-04-02 19:33:54,223{GMT}	INFO	[jepsen worker 1] jepsen.util: 1	:ok	:read	[0 1 2 3 4 5 6 7 8 9 10 11 12 13 14 15 16 17 18 19 20 21 22 23 24 25 26 27 28 29 30 31 32 33 34 35 36 37 38 39 40 41 42 43 44 45]
2024-04-02 19:33:54,352{GMT}	INFO	[jepsen worker 2] jepsen.util: 2	:invoke	:broadcast	46
2024-04-02 19:33:54,353{GMT}	INFO	[jepsen worker 2] jepsen.util: 2	:ok	:broadcast	46
2024-04-02 19:33:54,380{GMT}	INFO	[jepsen worker 3] jepsen.util: 3	:invoke	:read	nil
2024-04-02 19:33:54,381{GMT}	INFO	[jepsen worker 3] jepsen.util: 3	:ok	:read	[0 1 2 3 4 5 6 7 8 9 10 11 12 13 14 15 16 17 18 19 20 21 22 23 24 25 26 27 28 29 30 31 32 33 34 35 36 37 38 39 40 41 42 43 44 45 46]
2024-04-02 19:33:54,483{GMT}	INFO	[jepsen worker 4] jepsen.util: 4	:invoke	:broadcast	47
2024-04-02 19:33:54,483{GMT}	INFO	[jepsen worker 4] jepsen.util: 4	:ok	:broadcast	47
2024-04-02 19:33:54,501{GMT}	INFO	[jepsen worker 0] jepsen.util: 0	:invoke	:broadcast	48
2024-04-02 19:33:54,502{GMT}	INFO	[jepsen worker 0] jepsen.util: 0	:ok	:broadcast	48
2024-04-02 19:33:54,673{GMT}	INFO	[jepsen worker 0] jepsen.util: 0	:invoke	:read	nil
2024-04-02 19:33:54,674{GMT}	INFO	[jepsen worker 0] jepsen.util: 0	:ok	:read	[0 1 2 3 4 5 6 7 8 9 10 11 12 13 14 15 16 17 18 19 20 21 22 23 24 25 26 27 28 29 30 31 32 33 34 35 36 37 38 39 40 41 42 43 44 45 46 47 48]
2024-04-02 19:33:54,728{GMT}	INFO	[jepsen worker 1] jepsen.util: 1	:invoke	:broadcast	49
2024-04-02 19:33:54,728{GMT}	INFO	[jepsen worker 1] jepsen.util: 1	:ok	:broadcast	49
2024-04-02 19:33:54,863{GMT}	INFO	[jepsen worker 2] jepsen.util: 2	:invoke	:broadcast	50
2024-04-02 19:33:54,863{GMT}	INFO	[jepsen worker 2] jepsen.util: 2	:ok	:broadcast	50
2024-04-02 19:33:54,936{GMT}	INFO	[jepsen worker 3] jepsen.util: 3	:invoke	:read	nil
2024-04-02 19:33:54,937{GMT}	INFO	[jepsen worker 3] jepsen.util: 3	:ok	:read	[0 1 2 3 4 5 6 7 8 9 10 11 12 13 14 15 16 17 18 19 20 21 22 23 24 25 26 27 28 29 30 31 32 33 34 35 36 37 38 39 40 41 42 43 44 45 46 47 48 49 50]
2024-04-02 19:33:55,044{GMT}	INFO	[jepsen worker 4] jepsen.util: 4	:invoke	:read	nil
2024-04-02 19:33:55,045{GMT}	INFO	[jepsen worker 4] jepsen.util: 4	:ok	:read	[0 1 2 3 4 5 6 7 8 9 10 11 12 13 14 15 16 17 18 19 20 21 22 23 24 25 26 27 28 29 30 31 32 33 34 35 36 37 38 39 40 41 42 43 44 45 46 47 48 49 50]
2024-04-02 19:33:55,076{GMT}	INFO	[jepsen worker 0] jepsen.util: 0	:invoke	:read	nil
2024-04-02 19:33:55,077{GMT}	INFO	[jepsen worker 0] jepsen.util: 0	:ok	:read	[0 1 2 3 4 5 6 7 8 9 10 11 12 13 14 15 16 17 18 19 20 21 22 23 24 25 26 27 28 29 30 31 32 33 34 35 36 37 38 39 40 41 42 43 44 45 46 47 48 49 50]
2024-04-02 19:33:55,198{GMT}	INFO	[jepsen worker 0] jepsen.util: 0	:invoke	:read	nil
2024-04-02 19:33:55,200{GMT}	INFO	[jepsen worker 0] jepsen.util: 0	:ok	:read	[0 1 2 3 4 5 6 7 8 9 10 11 12 13 14 15 16 17 18 19 20 21 22 23 24 25 26 27 28 29 30 31 32 33 34 35 36 37 38 39 40 41 42 43 44 45 46 47 48 49 50]
2024-04-02 19:33:55,331{GMT}	INFO	[jepsen worker 1] jepsen.util: 1	:invoke	:read	nil
2024-04-02 19:33:55,333{GMT}	INFO	[jepsen worker 1] jepsen.util: 1	:ok	:read	[0 1 2 3 4 5 6 7 8 9 10 11 12 13 14 15 16 17 18 19 20 21 22 23 24 25 26 27 28 29 30 31 32 33 34 35 36 37 38 39 40 41 42 43 44 45 46 47 48 49 50]
2024-04-02 19:33:55,483{GMT}	INFO	[jepsen worker 2] jepsen.util: 2	:invoke	:read	nil
2024-04-02 19:33:55,485{GMT}	INFO	[jepsen worker 2] jepsen.util: 2	:ok	:read	[0 1 2 3 4 5 6 7 8 9 10 11 12 13 14 15 16 17 18 19 20 21 22 23 24 25 26 27 28 29 30 31 32 33 34 35 36 37 38 39 40 41 42 43 44 45 46 47 48 49 50]
2024-04-02 19:33:55,518{GMT}	INFO	[jepsen worker 3] jepsen.util: 3	:invoke	:broadcast	51
2024-04-02 19:33:55,518{GMT}	INFO	[jepsen worker 3] jepsen.util: 3	:ok	:broadcast	51
2024-04-02 19:33:55,556{GMT}	INFO	[jepsen worker 4] jepsen.util: 4	:invoke	:read	nil
2024-04-02 19:33:55,557{GMT}	INFO	[jepsen worker 4] jepsen.util: 4	:ok	:read	[0 1 2 3 4 5 6 7 8 9 10 11 12 13 14 15 16 17 18 19 20 21 22 23 24 25 26 27 28 29 30 31 32 33 34 35 36 37 38 39 40 41 42 43 44 45 46 47 48 49 50 51]
2024-04-02 19:33:55,649{GMT}	INFO	[jepsen worker 0] jepsen.util: 0	:invoke	:broadcast	52
2024-04-02 19:33:55,649{GMT}	INFO	[jepsen worker 0] jepsen.util: 0	:ok	:broadcast	52
2024-04-02 19:33:55,751{GMT}	INFO	[jepsen worker 0] jepsen.util: 0	:invoke	:read	nil
2024-04-02 19:33:55,752{GMT}	INFO	[jepsen worker 0] jepsen.util: 0	:ok	:read	[0 1 2 3 4 5 6 7 8 9 10 11 12 13 14 15 16 17 18 19 20 21 22 23 24 25 26 27 28 29 30 31 32 33 34 35 36 37 38 39 40 41 42 43 44 45 46 47 48 49 50 51 52]
2024-04-02 19:33:55,765{GMT}	INFO	[jepsen worker 1] jepsen.util: 1	:invoke	:broadcast	53
2024-04-02 19:33:55,765{GMT}	INFO	[jepsen worker 1] jepsen.util: 1	:ok	:broadcast	53
2024-04-02 19:33:55,770{GMT}	INFO	[jepsen worker 2] jepsen.util: 2	:invoke	:read	nil
2024-04-02 19:33:55,771{GMT}	INFO	[jepsen worker 2] jepsen.util: 2	:ok	:read	[0 1 2 3 4 5 6 7 8 9 10 11 12 13 14 15 16 17 18 19 20 21 22 23 24 25 26 27 28 29 30 31 32 33 34 35 36 37 38 39 40 41 42 43 44 45 46 47 48 49 50 51 52 53]
2024-04-02 19:33:55,773{GMT}	INFO	[jepsen worker 3] jepsen.util: 3	:invoke	:broadcast	54
2024-04-02 19:33:55,774{GMT}	INFO	[jepsen worker 3] jepsen.util: 3	:ok	:broadcast	54
2024-04-02 19:33:55,833{GMT}	INFO	[jepsen worker 4] jepsen.util: 4	:invoke	:broadcast	55
2024-04-02 19:33:55,835{GMT}	INFO	[jepsen worker 4] jepsen.util: 4	:ok	:broadcast	55
2024-04-02 19:33:55,865{GMT}	INFO	[jepsen worker 0] jepsen.util: 0	:invoke	:broadcast	56
2024-04-02 19:33:55,866{GMT}	INFO	[jepsen worker 0] jepsen.util: 0	:ok	:broadcast	56
2024-04-02 19:33:55,987{GMT}	INFO	[jepsen worker 0] jepsen.util: 0	:invoke	:broadcast	57
2024-04-02 19:33:55,988{GMT}	INFO	[jepsen worker 0] jepsen.util: 0	:ok	:broadcast	57
2024-04-02 19:33:56,143{GMT}	INFO	[jepsen worker 1] jepsen.util: 1	:invoke	:read	nil
2024-04-02 19:33:56,144{GMT}	INFO	[jepsen worker 1] jepsen.util: 1	:ok	:read	[0 1 2 3 4 5 6 7 8 9 10 11 12 13 14 15 16 17 18 19 20 21 22 23 24 25 26 27 28 29 30 31 32 33 34 35 36 37 38 39 40 41 42 43 44 45 46 47 48 49 50 51 52 53 54 55 56 57]
2024-04-02 19:33:56,153{GMT}	INFO	[jepsen worker 2] jepsen.util: 2	:invoke	:broadcast	58
2024-04-02 19:33:56,153{GMT}	INFO	[jepsen worker 2] jepsen.util: 2	:ok	:broadcast	58
2024-04-02 19:33:56,227{GMT}	INFO	[jepsen worker 3] jepsen.util: 3	:invoke	:read	nil
2024-04-02 19:33:56,228{GMT}	INFO	[jepsen worker 3] jepsen.util: 3	:ok	:read	[0 1 2 3 4 5 6 7 8 9 10 11 12 13 14 15 16 17 18 19 20 21 22 23 24 25 26 27 28 29 30 31 32 33 34 35 36 37 38 39 40 41 42 43 44 45 46 47 48 49 50 51 52 53 54 55 56 57 58]
2024-04-02 19:33:56,262{GMT}	INFO	[jepsen worker 4] jepsen.util: 4	:invoke	:read	nil
2024-04-02 19:33:56,263{GMT}	INFO	[jepsen worker 4] jepsen.util: 4	:ok	:read	[0 1 2 3 4 5 6 7 8 9 10 11 12 13 14 15 16 17 18 19 20 21 22 23 24 25 26 27 28 29 30 31 32 33 34 35 36 37 38 39 40 41 42 43 44 45 46 47 48 49 50 51 52 53 54 55 56 57 58]
2024-04-02 19:33:56,350{GMT}	INFO	[jepsen worker 0] jepsen.util: 0	:invoke	:read	nil
2024-04-02 19:33:56,351{GMT}	INFO	[jepsen worker 0] jepsen.util: 0	:ok	:read	[0 1 2 3 4 5 6 7 8 9 10 11 12 13 14 15 16 17 18 19 20 21 22 23 24 25 26 27 28 29 30 31 32 33 34 35 36 37 38 39 40 41 42 43 44 45 46 47 48 49 50 51 52 53 54 55 56 57 58]
2024-04-02 19:33:56,379{GMT}	INFO	[jepsen worker 0] jepsen.util: 0	:invoke	:broadcast	59
2024-04-02 19:33:56,379{GMT}	INFO	[jepsen worker 0] jepsen.util: 0	:ok	:broadcast	59
2024-04-02 19:33:56,403{GMT}	INFO	[jepsen worker 1] jepsen.util: 1	:invoke	:read	nil
2024-04-02 19:33:56,403{GMT}	INFO	[jepsen worker 1] jepsen.util: 1	:ok	:read	[0 1 2 3 4 5 6 7 8 9 10 11 12 13 14 15 16 17 18 19 20 21 22 23 24 25 26 27 28 29 30 31 32 33 34 35 36 37 38 39 40 41 42 43 44 45 46 47 48 49 50 51 52 53 54 55 56 57 58 59]
2024-04-02 19:33:56,539{GMT}	INFO	[jepsen worker 2] jepsen.util: 2	:invoke	:read	nil
2024-04-02 19:33:56,540{GMT}	INFO	[jepsen worker 2] jepsen.util: 2	:ok	:read	[0 1 2 3 4 5 6 7 8 9 10 11 12 13 14 15 16 17 18 19 20 21 22 23 24 25 26 27 28 29 30 31 32 33 34 35 36 37 38 39 40 41 42 43 44 45 46 47 48 49 50 51 52 53 54 55 56 57 58 59]
2024-04-02 19:33:56,728{GMT}	INFO	[jepsen worker 3] jepsen.util: 3	:invoke	:broadcast	60
2024-04-02 19:33:56,729{GMT}	INFO	[jepsen worker 3] jepsen.util: 3	:ok	:broadcast	60
2024-04-02 19:33:56,917{GMT}	INFO	[jepsen worker 4] jepsen.util: 4	:invoke	:read	nil
2024-04-02 19:33:56,918{GMT}	INFO	[jepsen worker 4] jepsen.util: 4	:ok	:read	[0 1 2 3 4 5 6 7 8 9 10 11 12 13 14 15 16 17 18 19 20 21 22 23 24 25 26 27 28 29 30 31 32 33 34 35 36 37 38 39 40 41 42 43 44 45 46 47 48 49 50 51 52 53 54 55 56 57 58 59 60]
2024-04-02 19:33:56,953{GMT}	INFO	[jepsen worker 0] jepsen.util: 0	:invoke	:read	nil
2024-04-02 19:33:56,954{GMT}	INFO	[jepsen worker 0] jepsen.util: 0	:ok	:read	[0 1 2 3 4 5 6 7 8 9 10 11 12 13 14 15 16 17 18 19 20 21 22 23 24 25 26 27 28 29 30 31 32 33 34 35 36 37 38 39 40 41 42 43 44 45 46 47 48 49 50 51 52 53 54 55 56 57 58 59 60]
2024-04-02 19:33:57,069{GMT}	INFO	[jepsen worker 0] jepsen.util: 0	:invoke	:broadcast	61
2024-04-02 19:33:57,070{GMT}	INFO	[jepsen worker 0] jepsen.util: 0	:ok	:broadcast	61
2024-04-02 19:33:57,139{GMT}	INFO	[jepsen worker 1] jepsen.util: 1	:invoke	:broadcast	62
2024-04-02 19:33:57,141{GMT}	INFO	[jepsen worker 1] jepsen.util: 1	:ok	:broadcast	62
2024-04-02 19:33:57,336{GMT}	INFO	[jepsen worker 2] jepsen.util: 2	:invoke	:broadcast	63
2024-04-02 19:33:57,338{GMT}	INFO	[jepsen worker 2] jepsen.util: 2	:ok	:broadcast	63
2024-04-02 19:33:57,476{GMT}	INFO	[jepsen worker 3] jepsen.util: 3	:invoke	:read	nil
2024-04-02 19:33:57,477{GMT}	INFO	[jepsen worker 3] jepsen.util: 3	:ok	:read	[0 1 2 3 4 5 6 7 8 9 10 11 12 13 14 15 16 17 18 19 20 21 22 23 24 25 26 27 28 29 30 31 32 33 34 35 36 37 38 39 40 41 42 43 44 45 46 47 48 49 50 51 52 53 54 55 56 57 58 59 60 61 62 63]
2024-04-02 19:33:57,490{GMT}	INFO	[jepsen worker 4] jepsen.util: 4	:invoke	:read	nil
2024-04-02 19:33:57,491{GMT}	INFO	[jepsen worker 4] jepsen.util: 4	:ok	:read	[0 1 2 3 4 5 6 7 8 9 10 11 12 13 14 15 16 17 18 19 20 21 22 23 24 25 26 27 28 29 30 31 32 33 34 35 36 37 38 39 40 41 42 43 44 45 46 47 48 49 50 51 52 53 54 55 56 57 58 59 60 61 62 63]
2024-04-02 19:33:57,561{GMT}	INFO	[jepsen worker 0] jepsen.util: 0	:invoke	:broadcast	64
2024-04-02 19:33:57,562{GMT}	INFO	[jepsen worker 0] jepsen.util: 0	:ok	:broadcast	64
2024-04-02 19:33:57,702{GMT}	INFO	[jepsen worker 0] jepsen.util: 0	:invoke	:broadcast	65
2024-04-02 19:33:57,703{GMT}	INFO	[jepsen worker 0] jepsen.util: 0	:ok	:broadcast	65
2024-04-02 19:33:57,896{GMT}	INFO	[jepsen worker 1] jepsen.util: 1	:invoke	:read	nil
2024-04-02 19:33:57,898{GMT}	INFO	[jepsen worker 1] jepsen.util: 1	:ok	:read	[0 1 2 3 4 5 6 7 8 9 10 11 12 13 14 15 16 17 18 19 20 21 22 23 24 25 26 27 28 29 30 31 32 33 34 35 36 37 38 39 40 41 42 43 44 45 46 47 48 49 50 51 52 53 54 55 56 57 58 59 60 61 62 63 64 65]
2024-04-02 19:33:57,918{GMT}	INFO	[jepsen worker 2] jepsen.util: 2	:invoke	:broadcast	66
2024-04-02 19:33:57,920{GMT}	INFO	[jepsen worker 2] jepsen.util: 2	:ok	:broadcast	66
2024-04-02 19:33:57,983{GMT}	INFO	[jepsen worker 3] jepsen.util: 3	:invoke	:read	nil
2024-04-02 19:33:57,984{GMT}	INFO	[jepsen worker 3] jepsen.util: 3	:ok	:read	[0 1 2 3 4 5 6 7 8 9 10 11 12 13 14 15 16 17 18 19 20 21 22 23 24 25 26 27 28 29 30 31 32 33 34 35 36 37 38 39 40 41 42 43 44 45 46 47 48 49 50 51 52 53 54 55 56 57 58 59 60 61 62 63 64 65 66]
2024-04-02 19:33:58,110{GMT}	INFO	[jepsen worker 4] jepsen.util: 4	:invoke	:broadcast	67
2024-04-02 19:33:58,111{GMT}	INFO	[jepsen worker 4] jepsen.util: 4	:ok	:broadcast	67
2024-04-02 19:33:58,163{GMT}	INFO	[jepsen worker 0] jepsen.util: 0	:invoke	:broadcast	68
2024-04-02 19:33:58,163{GMT}	INFO	[jepsen worker 1] jepsen.util: 1	:invoke	:read	nil
2024-04-02 19:33:58,163{GMT}	INFO	[jepsen worker 0] jepsen.util: 0	:ok	:broadcast	68
2024-04-02 19:33:58,165{GMT}	INFO	[jepsen worker 1] jepsen.util: 1	:ok	:read	[0 1 2 3 4 5 6 7 8 9 10 11 12 13 14 15 16 17 18 19 20 21 22 23 24 25 26 27 28 29 30 31 32 33 34 35 36 37 38 39 40 41 42 43 44 45 46 47 48 49 50 51 52 53 54 55 56 57 58 59 60 61 62 63 64 65 66 67]
2024-04-02 19:33:58,347{GMT}	INFO	[jepsen worker 1] jepsen.util: 1	:invoke	:read	nil
2024-04-02 19:33:58,348{GMT}	INFO	[jepsen worker 1] jepsen.util: 1	:ok	:read	[0 1 2 3 4 5 6 7 8 9 10 11 12 13 14 15 16 17 18 19 20 21 22 23 24 25 26 27 28 29 30 31 32 33 34 35 36 37 38 39 40 41 42 43 44 45 46 47 48 49 50 51 52 53 54 55 56 57 58 59 60 61 62 63 64 65 66 67 68]
2024-04-02 19:33:58,498{GMT}	INFO	[jepsen worker 2] jepsen.util: 2	:invoke	:broadcast	69
2024-04-02 19:33:58,499{GMT}	INFO	[jepsen worker 2] jepsen.util: 2	:ok	:broadcast	69
2024-04-02 19:33:58,566{GMT}	INFO	[jepsen worker 3] jepsen.util: 3	:invoke	:read	nil
2024-04-02 19:33:58,567{GMT}	INFO	[jepsen worker 3] jepsen.util: 3	:ok	:read	[0 1 2 3 4 5 6 7 8 9 10 11 12 13 14 15 16 17 18 19 20 21 22 23 24 25 26 27 28 29 30 31 32 33 34 35 36 37 38 39 40 41 42 43 44 45 46 47 48 49 50 51 52 53 54 55 56 57 58 59 60 61 62 63 64 65 66 67 68 69]
2024-04-02 19:33:58,736{GMT}	INFO	[jepsen worker 4] jepsen.util: 4	:invoke	:broadcast	70
2024-04-02 19:33:58,737{GMT}	INFO	[jepsen worker 4] jepsen.util: 4	:ok	:broadcast	70
2024-04-02 19:33:58,808{GMT}	INFO	[jepsen worker 0] jepsen.util: 0	:invoke	:read	nil
2024-04-02 19:33:58,809{GMT}	INFO	[jepsen worker 0] jepsen.util: 0	:ok	:read	[0 1 2 3 4 5 6 7 8 9 10 11 12 13 14 15 16 17 18 19 20 21 22 23 24 25 26 27 28 29 30 31 32 33 34 35 36 37 38 39 40 41 42 43 44 45 46 47 48 49 50 51 52 53 54 55 56 57 58 59 60 61 62 63 64 65 66 67 68 69 70]
2024-04-02 19:33:58,860{GMT}	INFO	[jepsen worker 0] jepsen.util: 0	:invoke	:broadcast	71
2024-04-02 19:33:58,861{GMT}	INFO	[jepsen worker 0] jepsen.util: 0	:ok	:broadcast	71
2024-04-02 19:33:58,905{GMT}	INFO	[jepsen worker 1] jepsen.util: 1	:invoke	:broadcast	72
2024-04-02 19:33:58,905{GMT}	INFO	[jepsen worker 1] jepsen.util: 1	:ok	:broadcast	72
2024-04-02 19:33:58,978{GMT}	INFO	[jepsen worker 2] jepsen.util: 2	:invoke	:broadcast	73
2024-04-02 19:33:58,979{GMT}	INFO	[jepsen worker 2] jepsen.util: 2	:ok	:broadcast	73
2024-04-02 19:33:59,093{GMT}	INFO	[jepsen worker 3] jepsen.util: 3	:invoke	:broadcast	74
2024-04-02 19:33:59,095{GMT}	INFO	[jepsen worker 3] jepsen.util: 3	:ok	:broadcast	74
2024-04-02 19:33:59,279{GMT}	INFO	[jepsen worker 4] jepsen.util: 4	:invoke	:broadcast	75
2024-04-02 19:33:59,280{GMT}	INFO	[jepsen worker 4] jepsen.util: 4	:ok	:broadcast	75
2024-04-02 19:33:59,336{GMT}	INFO	[jepsen worker 0] jepsen.util: 0	:invoke	:broadcast	76
2024-04-02 19:33:59,337{GMT}	INFO	[jepsen worker 0] jepsen.util: 0	:ok	:broadcast	76
2024-04-02 19:33:59,515{GMT}	INFO	[jepsen worker 0] jepsen.util: 0	:invoke	:broadcast	77
2024-04-02 19:33:59,515{GMT}	INFO	[jepsen worker 0] jepsen.util: 0	:ok	:broadcast	77
2024-04-02 19:33:59,595{GMT}	INFO	[jepsen worker 1] jepsen.util: 1	:invoke	:broadcast	78
2024-04-02 19:33:59,596{GMT}	INFO	[jepsen worker 1] jepsen.util: 1	:ok	:broadcast	78
2024-04-02 19:33:59,647{GMT}	INFO	[jepsen worker 2] jepsen.util: 2	:invoke	:read	nil
2024-04-02 19:33:59,648{GMT}	INFO	[jepsen worker 2] jepsen.util: 2	:ok	:read	[0 1 2 3 4 5 6 7 8 9 10 11 12 13 14 15 16 17 18 19 20 21 22 23 24 25 26 27 28 29 30 31 32 33 34 35 36 37 38 39 40 41 42 43 44 45 46 47 48 49 50 51 52 53 54 55 56 57 58 59 60 61 62 63 64 65 66 67 68 69 70 71 72 73 74 75 76 77 78]
2024-04-02 19:33:59,840{GMT}	INFO	[jepsen worker 3] jepsen.util: 3	:invoke	:broadcast	79
2024-04-02 19:33:59,841{GMT}	INFO	[jepsen worker 3] jepsen.util: 3	:ok	:broadcast	79
2024-04-02 19:33:59,885{GMT}	INFO	[jepsen worker 4] jepsen.util: 4	:invoke	:broadcast	80
2024-04-02 19:33:59,886{GMT}	INFO	[jepsen worker 4] jepsen.util: 4	:ok	:broadcast	80
2024-04-02 19:33:59,938{GMT}	INFO	[jepsen worker 0] jepsen.util: 0	:invoke	:read	nil
2024-04-02 19:33:59,939{GMT}	INFO	[jepsen worker 0] jepsen.util: 0	:ok	:read	[0 1 2 3 4 5 6 7 8 9 10 11 12 13 14 15 16 17 18 19 20 21 22 23 24 25 26 27 28 29 30 31 32 33 34 35 36 37 38 39 40 41 42 43 44 45 46 47 48 49 50 51 52 53 54 55 56 57 58 59 60 61 62 63 64 65 66 67 68 69 70 71 72 73 74 75 76 77 78 79 80]
2024-04-02 19:33:59,989{GMT}	INFO	[jepsen worker 0] jepsen.util: 0	:invoke	:read	nil
2024-04-02 19:33:59,990{GMT}	INFO	[jepsen worker 0] jepsen.util: 0	:ok	:read	[0 1 2 3 4 5 6 7 8 9 10 11 12 13 14 15 16 17 18 19 20 21 22 23 24 25 26 27 28 29 30 31 32 33 34 35 36 37 38 39 40 41 42 43 44 45 46 47 48 49 50 51 52 53 54 55 56 57 58 59 60 61 62 63 64 65 66 67 68 69 70 71 72 73 74 75 76 77 78 79 80]
2024-04-02 19:33:59,995{GMT}	INFO	[jepsen worker 1] jepsen.util: 1	:invoke	:read	nil
2024-04-02 19:33:59,995{GMT}	INFO	[jepsen worker 1] jepsen.util: 1	:ok	:read	[0 1 2 3 4 5 6 7 8 9 10 11 12 13 14 15 16 17 18 19 20 21 22 23 24 25 26 27 28 29 30 31 32 33 34 35 36 37 38 39 40 41 42 43 44 45 46 47 48 49 50 51 52 53 54 55 56 57 58 59 60 61 62 63 64 65 66 67 68 69 70 71 72 73 74 75 76 77 78 79 80]
2024-04-02 19:34:00,125{GMT}	INFO	[jepsen worker 2] jepsen.util: 2	:invoke	:read	nil
2024-04-02 19:34:00,125{GMT}	INFO	[jepsen worker 3] jepsen.util: 3	:invoke	:broadcast	81
2024-04-02 19:34:00,126{GMT}	INFO	[jepsen worker 3] jepsen.util: 3	:ok	:broadcast	81
2024-04-02 19:34:00,126{GMT}	INFO	[jepsen worker 2] jepsen.util: 2	:ok	:read	[0 1 2 3 4 5 6 7 8 9 10 11 12 13 14 15 16 17 18 19 20 21 22 23 24 25 26 27 28 29 30 31 32 33 34 35 36 37 38 39 40 41 42 43 44 45 46 47 48 49 50 51 52 53 54 55 56 57 58 59 60 61 62 63 64 65 66 67 68 69 70 71 72 73 74 75 76 77 78 79 80]
2024-04-02 19:34:00,197{GMT}	INFO	[jepsen worker 4] jepsen.util: 4	:invoke	:read	nil
2024-04-02 19:34:00,198{GMT}	INFO	[jepsen worker 4] jepsen.util: 4	:ok	:read	[0 1 2 3 4 5 6 7 8 9 10 11 12 13 14 15 16 17 18 19 20 21 22 23 24 25 26 27 28 29 30 31 32 33 34 35 36 37 38 39 40 41 42 43 44 45 46 47 48 49 50 51 52 53 54 55 56 57 58 59 60 61 62 63 64 65 66 67 68 69 70 71 72 73 74 75 76 77 78 79 80 81]
2024-04-02 19:34:00,266{GMT}	INFO	[jepsen worker 0] jepsen.util: 0	:invoke	:read	nil
2024-04-02 19:34:00,267{GMT}	INFO	[jepsen worker 0] jepsen.util: 0	:ok	:read	[0 1 2 3 4 5 6 7 8 9 10 11 12 13 14 15 16 17 18 19 20 21 22 23 24 25 26 27 28 29 30 31 32 33 34 35 36 37 38 39 40 41 42 43 44 45 46 47 48 49 50 51 52 53 54 55 56 57 58 59 60 61 62 63 64 65 66 67 68 69 70 71 72 73 74 75 76 77 78 79 80 81]
2024-04-02 19:34:00,364{GMT}	INFO	[jepsen worker 0] jepsen.util: 0	:invoke	:read	nil
2024-04-02 19:34:00,365{GMT}	INFO	[jepsen worker 0] jepsen.util: 0	:ok	:read	[0 1 2 3 4 5 6 7 8 9 10 11 12 13 14 15 16 17 18 19 20 21 22 23 24 25 26 27 28 29 30 31 32 33 34 35 36 37 38 39 40 41 42 43 44 45 46 47 48 49 50 51 52 53 54 55 56 57 58 59 60 61 62 63 64 65 66 67 68 69 70 71 72 73 74 75 76 77 78 79 80 81]
2024-04-02 19:34:00,547{GMT}	INFO	[jepsen worker 1] jepsen.util: 1	:invoke	:read	nil
2024-04-02 19:34:00,548{GMT}	INFO	[jepsen worker 1] jepsen.util: 1	:ok	:read	[0 1 2 3 4 5 6 7 8 9 10 11 12 13 14 15 16 17 18 19 20 21 22 23 24 25 26 27 28 29 30 31 32 33 34 35 36 37 38 39 40 41 42 43 44 45 46 47 48 49 50 51 52 53 54 55 56 57 58 59 60 61 62 63 64 65 66 67 68 69 70 71 72 73 74 75 76 77 78 79 80 81]
2024-04-02 19:34:00,574{GMT}	INFO	[jepsen worker 2] jepsen.util: 2	:invoke	:read	nil
2024-04-02 19:34:00,575{GMT}	INFO	[jepsen worker 2] jepsen.util: 2	:ok	:read	[0 1 2 3 4 5 6 7 8 9 10 11 12 13 14 15 16 17 18 19 20 21 22 23 24 25 26 27 28 29 30 31 32 33 34 35 36 37 38 39 40 41 42 43 44 45 46 47 48 49 50 51 52 53 54 55 56 57 58 59 60 61 62 63 64 65 66 67 68 69 70 71 72 73 74 75 76 77 78 79 80 81]
2024-04-02 19:34:00,767{GMT}	INFO	[jepsen worker 3] jepsen.util: 3	:invoke	:read	nil
2024-04-02 19:34:00,768{GMT}	INFO	[jepsen worker 3] jepsen.util: 3	:ok	:read	[0 1 2 3 4 5 6 7 8 9 10 11 12 13 14 15 16 17 18 19 20 21 22 23 24 25 26 27 28 29 30 31 32 33 34 35 36 37 38 39 40 41 42 43 44 45 46 47 48 49 50 51 52 53 54 55 56 57 58 59 60 61 62 63 64 65 66 67 68 69 70 71 72 73 74 75 76 77 78 79 80 81]
2024-04-02 19:34:00,878{GMT}	INFO	[jepsen worker 4] jepsen.util: 4	:invoke	:read	nil
2024-04-02 19:34:00,879{GMT}	INFO	[jepsen worker 4] jepsen.util: 4	:ok	:read	[0 1 2 3 4 5 6 7 8 9 10 11 12 13 14 15 16 17 18 19 20 21 22 23 24 25 26 27 28 29 30 31 32 33 34 35 36 37 38 39 40 41 42 43 44 45 46 47 48 49 50 51 52 53 54 55 56 57 58 59 60 61 62 63 64 65 66 67 68 69 70 71 72 73 74 75 76 77 78 79 80 81]
2024-04-02 19:34:00,922{GMT}	INFO	[jepsen worker 0] jepsen.util: 0	:invoke	:read	nil
2024-04-02 19:34:00,923{GMT}	INFO	[jepsen worker 0] jepsen.util: 0	:ok	:read	[0 1 2 3 4 5 6 7 8 9 10 11 12 13 14 15 16 17 18 19 20 21 22 23 24 25 26 27 28 29 30 31 32 33 34 35 36 37 38 39 40 41 42 43 44 45 46 47 48 49 50 51 52 53 54 55 56 57 58 59 60 61 62 63 64 65 66 67 68 69 70 71 72 73 74 75 76 77 78 79 80 81]
2024-04-02 19:34:01,075{GMT}	INFO	[jepsen worker 0] jepsen.util: 0	:invoke	:read	nil
2024-04-02 19:34:01,076{GMT}	INFO	[jepsen worker 0] jepsen.util: 0	:ok	:read	[0 1 2 3 4 5 6 7 8 9 10 11 12 13 14 15 16 17 18 19 20 21 22 23 24 25 26 27 28 29 30 31 32 33 34 35 36 37 38 39 40 41 42 43 44 45 46 47 48 49 50 51 52 53 54 55 56 57 58 59 60 61 62 63 64 65 66 67 68 69 70 71 72 73 74 75 76 77 78 79 80 81]
2024-04-02 19:34:01,223{GMT}	INFO	[jepsen worker 1] jepsen.util: 1	:invoke	:read	nil
2024-04-02 19:34:01,223{GMT}	INFO	[jepsen worker 1] jepsen.util: 1	:ok	:read	[0 1 2 3 4 5 6 7 8 9 10 11 12 13 14 15 16 17 18 19 20 21 22 23 24 25 26 27 28 29 30 31 32 33 34 35 36 37 38 39 40 41 42 43 44 45 46 47 48 49 50 51 52 53 54 55 56 57 58 59 60 61 62 63 64 65 66 67 68 69 70 71 72 73 74 75 76 77 78 79 80 81]
2024-04-02 19:34:01,375{GMT}	INFO	[jepsen worker 2] jepsen.util: 2	:invoke	:broadcast	82
2024-04-02 19:34:01,375{GMT}	INFO	[jepsen worker 2] jepsen.util: 2	:ok	:broadcast	82
2024-04-02 19:34:01,544{GMT}	INFO	[jepsen worker 3] jepsen.util: 3	:invoke	:read	nil
2024-04-02 19:34:01,545{GMT}	INFO	[jepsen worker 3] jepsen.util: 3	:ok	:read	[0 1 2 3 4 5 6 7 8 9 10 11 12 13 14 15 16 17 18 19 20 21 22 23 24 25 26 27 28 29 30 31 32 33 34 35 36 37 38 39 40 41 42 43 44 45 46 47 48 49 50 51 52 53 54 55 56 57 58 59 60 61 62 63 64 65 66 67 68 69 70 71 72 73 74 75 76 77 78 79 80 81 82]
2024-04-02 19:34:01,701{GMT}	INFO	[jepsen worker 4] jepsen.util: 4	:invoke	:read	nil
2024-04-02 19:34:01,703{GMT}	INFO	[jepsen worker 4] jepsen.util: 4	:ok	:read	[0 1 2 3 4 5 6 7 8 9 10 11 12 13 14 15 16 17 18 19 20 21 22 23 24 25 26 27 28 29 30 31 32 33 34 35 36 37 38 39 40 41 42 43 44 45 46 47 48 49 50 51 52 53 54 55 56 57 58 59 60 61 62 63 64 65 66 67 68 69 70 71 72 73 74 75 76 77 78 79 80 81 82]
2024-04-02 19:34:01,767{GMT}	INFO	[jepsen worker 0] jepsen.util: 0	:invoke	:read	nil
2024-04-02 19:34:01,767{GMT}	INFO	[jepsen worker 0] jepsen.util: 0	:ok	:read	[0 1 2 3 4 5 6 7 8 9 10 11 12 13 14 15 16 17 18 19 20 21 22 23 24 25 26 27 28 29 30 31 32 33 34 35 36 37 38 39 40 41 42 43 44 45 46 47 48 49 50 51 52 53 54 55 56 57 58 59 60 61 62 63 64 65 66 67 68 69 70 71 72 73 74 75 76 77 78 79 80 81 82]
2024-04-02 19:34:01,857{GMT}	INFO	[jepsen worker 0] jepsen.util: 0	:invoke	:broadcast	83
2024-04-02 19:34:01,858{GMT}	INFO	[jepsen worker 0] jepsen.util: 0	:ok	:broadcast	83
2024-04-02 19:34:01,899{GMT}	INFO	[jepsen worker 1] jepsen.util: 1	:invoke	:broadcast	84
2024-04-02 19:34:01,900{GMT}	INFO	[jepsen worker 1] jepsen.util: 1	:ok	:broadcast	84
2024-04-02 19:34:02,006{GMT}	INFO	[jepsen worker 2] jepsen.util: 2	:invoke	:read	nil
2024-04-02 19:34:02,007{GMT}	INFO	[jepsen worker 2] jepsen.util: 2	:ok	:read	[0 1 2 3 4 5 6 7 8 9 10 11 12 13 14 15 16 17 18 19 20 21 22 23 24 25 26 27 28 29 30 31 32 33 34 35 36 37 38 39 40 41 42 43 44 45 46 47 48 49 50 51 52 53 54 55 56 57 58 59 60 61 62 63 64 65 66 67 68 69 70 71 72 73 74 75 76 77 78 79 80 81 82 83 84]
2024-04-02 19:34:02,173{GMT}	INFO	[jepsen worker 3] jepsen.util: 3	:invoke	:broadcast	85
2024-04-02 19:34:02,173{GMT}	INFO	[jepsen worker 3] jepsen.util: 3	:ok	:broadcast	85
2024-04-02 19:34:02,198{GMT}	INFO	[jepsen worker 4] jepsen.util: 4	:invoke	:broadcast	86
2024-04-02 19:34:02,199{GMT}	INFO	[jepsen worker 4] jepsen.util: 4	:ok	:broadcast	86
2024-04-02 19:34:02,217{GMT}	INFO	[jepsen worker 0] jepsen.util: 0	:invoke	:broadcast	87
2024-04-02 19:34:02,218{GMT}	INFO	[jepsen worker 0] jepsen.util: 0	:ok	:broadcast	87
2024-04-02 19:34:02,297{GMT}	INFO	[jepsen worker 0] jepsen.util: 0	:invoke	:broadcast	88
2024-04-02 19:34:02,297{GMT}	INFO	[jepsen worker 0] jepsen.util: 0	:ok	:broadcast	88
2024-04-02 19:34:02,349{GMT}	INFO	[jepsen worker 1] jepsen.util: 1	:invoke	:read	nil
2024-04-02 19:34:02,350{GMT}	INFO	[jepsen worker 1] jepsen.util: 1	:ok	:read	[0 1 2 3 4 5 6 7 8 9 10 11 12 13 14 15 16 17 18 19 20 21 22 23 24 25 26 27 28 29 30 31 32 33 34 35 36 37 38 39 40 41 42 43 44 45 46 47 48 49 50 51 52 53 54 55 56 57 58 59 60 61 62 63 64 65 66 67 68 69 70 71 72 73 74 75 76 77 78 79 80 81 82 83 84 85 86 87 88]
2024-04-02 19:34:02,406{GMT}	INFO	[jepsen worker 2] jepsen.util: 2	:invoke	:read	nil
2024-04-02 19:34:02,407{GMT}	INFO	[jepsen worker 2] jepsen.util: 2	:ok	:read	[0 1 2 3 4 5 6 7 8 9 10 11 12 13 14 15 16 17 18 19 20 21 22 23 24 25 26 27 28 29 30 31 32 33 34 35 36 37 38 39 40 41 42 43 44 45 46 47 48 49 50 51 52 53 54 55 56 57 58 59 60 61 62 63 64 65 66 67 68 69 70 71 72 73 74 75 76 77 78 79 80 81 82 83 84 85 86 87 88]
2024-04-02 19:34:02,525{GMT}	INFO	[jepsen worker 3] jepsen.util: 3	:invoke	:broadcast	89
2024-04-02 19:34:02,526{GMT}	INFO	[jepsen worker 3] jepsen.util: 3	:ok	:broadcast	89
2024-04-02 19:34:02,634{GMT}	INFO	[jepsen worker 4] jepsen.util: 4	:invoke	:broadcast	90
2024-04-02 19:34:02,635{GMT}	INFO	[jepsen worker 4] jepsen.util: 4	:ok	:broadcast	90
2024-04-02 19:34:02,736{GMT}	INFO	[jepsen worker 0] jepsen.util: 0	:invoke	:broadcast	91
2024-04-02 19:34:02,737{GMT}	INFO	[jepsen worker 0] jepsen.util: 0	:ok	:broadcast	91
2024-04-02 19:34:02,936{GMT}	INFO	[jepsen worker 0] jepsen.util: 0	:invoke	:broadcast	92
2024-04-02 19:34:02,937{GMT}	INFO	[jepsen worker 0] jepsen.util: 0	:ok	:broadcast	92
2024-04-02 19:34:02,939{GMT}	INFO	[jepsen worker 1] jepsen.util: 1	:invoke	:broadcast	93
2024-04-02 19:34:02,939{GMT}	INFO	[jepsen worker 1] jepsen.util: 1	:ok	:broadcast	93
2024-04-02 19:34:03,104{GMT}	INFO	[jepsen worker 2] jepsen.util: 2	:invoke	:broadcast	94
2024-04-02 19:34:03,104{GMT}	INFO	[jepsen worker 2] jepsen.util: 2	:ok	:broadcast	94
2024-04-02 19:34:03,175{GMT}	INFO	[jepsen worker 3] jepsen.util: 3	:invoke	:read	nil
2024-04-02 19:34:03,176{GMT}	INFO	[jepsen worker 3] jepsen.util: 3	:ok	:read	[0 1 2 3 4 5 6 7 8 9 10 11 12 13 14 15 16 17 18 19 20 21 22 23 24 25 26 27 28 29 30 31 32 33 34 35 36 37 38 39 40 41 42 43 44 45 46 47 48 49 50 51 52 53 54 55 56 57 58 59 60 61 62 63 64 65 66 67 68 69 70 71 72 73 74 75 76 77 78 79 80 81 82 83 84 85 86 87 88 89 90 91 92 93 94]
2024-04-02 19:34:03,237{GMT}	INFO	[jepsen worker 4] jepsen.util: 4	:invoke	:broadcast	95
2024-04-02 19:34:03,238{GMT}	INFO	[jepsen worker 4] jepsen.util: 4	:ok	:broadcast	95
2024-04-02 19:34:03,239{GMT}	INFO	[jepsen worker nemesis] jepsen.generator.interpreter: Waiting for recovery...
2024-04-02 19:34:13,246{GMT}	INFO	[jepsen worker 4] jepsen.util: 4	:invoke	:read	nil
2024-04-02 19:34:13,247{GMT}	INFO	[jepsen worker 3] jepsen.util: 3	:invoke	:read	nil
2024-04-02 19:34:13,246{GMT}	INFO	[jepsen worker 1] jepsen.util: 1	:invoke	:read	nil
2024-04-02 19:34:13,246{GMT}	INFO	[jepsen worker 0] jepsen.util: 0	:invoke	:read	nil
2024-04-02 19:34:13,246{GMT}	INFO	[jepsen worker 2] jepsen.util: 2	:invoke	:read	nil
2024-04-02 19:34:13,248{GMT}	INFO	[jepsen worker 0] jepsen.util: 0	:ok	:read	[0 1 2 3 4 5 6 7 8 9 10 11 12 13 14 15 16 17 18 19 20 21 22 23 24 25 26 27 28 29 30 31 32 33 34 35 36 37 38 39 40 41 42 43 44 45 46 47 48 49 50 51 52 53 54 55 56 57 58 59 60 61 62 63 64 65 66 67 68 69 70 71 72 73 74 75 76 77 78 79 80 81 82 83 84 85 86 87 88 89 90 91 92 93 94 95]
2024-04-02 19:34:13,248{GMT}	INFO	[jepsen worker 1] jepsen.util: 1	:ok	:read	[0 1 2 3 4 5 6 7 8 9 10 11 12 13 14 15 16 17 18 19 20 21 22 23 24 25 26 27 28 29 30 31 32 33 34 35 36 37 38 39 40 41 42 43 44 45 46 47 48 49 50 51 52 53 54 55 56 57 58 59 60 61 62 63 64 65 66 67 68 69 70 71 72 73 74 75 76 77 78 79 80 81 82 83 84 85 86 87 88 89 90 91 92 93 94 95]
2024-04-02 19:34:13,248{GMT}	INFO	[jepsen worker 3] jepsen.util: 3	:ok	:read	[0 1 2 3 4 5 6 7 8 9 10 11 12 13 14 15 16 17 18 19 20 21 22 23 24 25 26 27 28 29 30 31 32 33 34 35 36 37 38 39 40 41 42 43 44 45 46 47 48 49 50 51 52 53 54 55 56 57 58 59 60 61 62 63 64 65 66 67 68 69 70 71 72 73 74 75 76 77 78 79 80 81 82 83 84 85 86 87 88 89 90 91 92 93 94 95]
2024-04-02 19:34:13,248{GMT}	INFO	[jepsen worker 4] jepsen.util: 4	:ok	:read	[0 1 2 3 4 5 6 7 8 9 10 11 12 13 14 15 16 17 18 19 20 21 22 23 24 25 26 27 28 29 30 31 32 33 34 35 36 37 38 39 40 41 42 43 44 45 46 47 48 49 50 51 52 53 54 55 56 57 58 59 60 61 62 63 64 65 66 67 68 69 70 71 72 73 74 75 76 77 78 79 80 81 82 83 84 85 86 87 88 89 90 91 92 93 94 95]
2024-04-02 19:34:13,249{GMT}	INFO	[jepsen worker 2] jepsen.util: 2	:ok	:read	[0 1 2 3 4 5 6 7 8 9 10 11 12 13 14 15 16 17 18 19 20 21 22 23 24 25 26 27 28 29 30 31 32 33 34 35 36 37 38 39 40 41 42 43 44 45 46 47 48 49 50 51 52 53 54 55 56 57 58 59 60 61 62 63 64 65 66 67 68 69 70 71 72 73 74 75 76 77 78 79 80 81 82 83 84 85 86 87 88 89 90 91 92 93 94 95]
2024-04-02 19:34:13,263{GMT}	INFO	[jepsen test runner] jepsen.core: Run complete, writing
2024-04-02 19:34:13,301{GMT}	INFO	[jepsen node n2] maelstrom.db: Tearing down n2
2024-04-02 19:34:13,301{GMT}	INFO	[jepsen node n3] maelstrom.db: Tearing down n3
2024-04-02 19:34:13,301{GMT}	INFO	[jepsen node n1] maelstrom.db: Tearing down n1
2024-04-02 19:34:13,301{GMT}	INFO	[jepsen node n0] maelstrom.db: Tearing down n0
2024-04-02 19:34:13,301{GMT}	INFO	[jepsen node n4] maelstrom.db: Tearing down n4
2024-04-02 19:34:14,332{GMT}	INFO	[jepsen node n0] maelstrom.net: Shutting down Maelstrom network
2024-04-02 19:34:14,333{GMT}	INFO	[jepsen test runner] jepsen.core: Analyzing...
2024-04-02 19:34:14,707{GMT}	INFO	[jepsen test runner] jepsen.core: Analysis complete
2024-04-02 19:34:14,717{GMT}	INFO	[jepsen results] jepsen.store: Wrote /Users/lihaoyang/maelstrom/store/broadcast/20240402T193342.221+0800/results.edn
2024-04-02 19:34:14,739{GMT}	INFO	[jepsen test runner] jepsen.core: {:perf {:latency-graph {:valid? true},
        :rate-graph {:valid? true},
        :valid? true},
 :timeline {:valid? true},
 :exceptions {:valid? true},
 :stats {:valid? true,
         :count 220,
         :ok-count 220,
         :fail-count 0,
         :info-count 0,
         :by-f {:broadcast {:valid? true,
                            :count 96,
                            :ok-count 96,
                            :fail-count 0,
                            :info-count 0},
                :read {:valid? true,
                       :count 124,
                       :ok-count 124,
                       :fail-count 0,
                       :info-count 0}}},
 :availability {:valid? true, :ok-fraction 1.0},
 :net {:all {:send-count 35068,
             :recv-count 35068,
             :msg-count 35068,
             :msgs-per-op 159.4},
       :clients {:send-count 460, :recv-count 460, :msg-count 460},
       :servers {:send-count 34608,
                 :recv-count 34608,
                 :msg-count 34608,
                 :msgs-per-op 157.3091},
       :valid? true},
 :workload {:worst-stale (),
            :duplicated-count 0,
            :valid? true,
            :lost-count 0,
            :lost (),
            :stable-count 96,
            :stale-count 0,
            :stale (),
            :never-read-count 0,
            :stable-latencies {0 0, 0.5 0, 0.95 0, 0.99 0, 1 0},
            :attempt-count 96,
            :never-read (),
            :duplicated {}},
 :valid? true}


Everything looks good! (`)
