2024-02-27 16:24:42,605{GMT}	INFO	[jepsen test runner] jepsen.core: Command line:
lein run test -w echo --bin /Users/lihaoyang/go/bin/maelstrom-echo --node-count 1 --time-limit 10
2024-02-27 16:24:42,649{GMT}	INFO	[jepsen test runner] jepsen.core: Running test:
{:args []
 :remote
 #jepsen.control.retry.Remote{:remote #jepsen.control.scp.Remote{:cmd-remote #jepsen.control.sshj.SSHJRemote{:concurrency-limit 6,
                                                                                                             :conn-spec nil,
                                                                                                             :client nil,
                                                                                                             :semaphore nil},
                                                                 :conn-spec nil},
                              :conn nil}
 :log-net-send false
 :node-count 1
 :availability nil
 :max-txn-length 4
 :concurrency 1
 :db
 #object[maelstrom.db$db$reify__16142
         "0x12c66345"
         "maelstrom.db$db$reify__16142@12c66345"]
 :max-writes-per-key 16
 :leave-db-running? false
 :name "echo"
 :logging-json? false
 :start-time
 #object[org.joda.time.DateTime "0xb0c4670" "2024-02-27T16:24:42.581+08:00"]
 :nemesis-interval 10
 :net
 #object[maelstrom.net$jepsen_net$reify__15251
         "0x5344b208"
         "maelstrom.net$jepsen_net$reify__15251@5344b208"]
 :client
 #object[maelstrom.workload.echo$client$reify__16863
         "0x30769e7a"
         "maelstrom.workload.echo$client$reify__16863@30769e7a"]
 :barrier
 #object[java.util.concurrent.CyclicBarrier
         "0x14021c10"
         "java.util.concurrent.CyclicBarrier@14021c10"]
 :log-stderr false
 :pure-generators true
 :ssh {:dummy? true}
 :rate 5
 :checker
 #object[jepsen.checker$compose$reify__11881
         "0x7dd4f726"
         "jepsen.checker$compose$reify__11881@7dd4f726"]
 :argv
 ("test"
  "-w"
  "echo"
  "--bin"
  "/Users/lihaoyang/go/bin/maelstrom-echo"
  "--node-count"
  "1"
  "--time-limit"
  "10")
 :nemesis
 (jepsen.nemesis.ReflCompose
  {:fm {:start-partition 0,
        :stop-partition 0,
        :kill 1,
        :start 1,
        :pause 1,
        :resume 1},
   :nemeses [#unprintable "jepsen.nemesis.combined$partition_nemesis$reify__16416@bf6de66"
             #unprintable "jepsen.nemesis.combined$db_nemesis$reify__16397@ff7042c"]})
 :nodes ["n0"]
 :test-count 1
 :latency {:mean 0, :dist :constant}
 :bin "/Users/lihaoyang/go/bin/maelstrom-echo"
 :generator
 (jepsen.generator.TimeLimit
  {:limit 10000000000,
   :cutoff nil,
   :gen (jepsen.generator.Any
         {:gens [(jepsen.generator.OnThreads
                  {:f #{:nemesis},
                   :context-filter #object[jepsen.generator.context$make_thread_filter$lazy_filter__9167
                                           "0x2339ad10"
                                           "jepsen.generator.context$make_thread_filter$lazy_filter__9167@2339ad10"],
                   :gen nil})
                 (jepsen.generator.OnThreads
                  {:f #jepsen.generator.context.AllBut{:element :nemesis},
                   :context-filter #object[jepsen.generator.context$make_thread_filter$lazy_filter__9167
                                           "0x1030ce34"
                                           "jepsen.generator.context$make_thread_filter$lazy_filter__9167@1030ce34"],
                   :gen (jepsen.generator.Stagger
                         {:dt 400000000,
                          :next-time nil,
                          :gen (jepsen.generator.EachThread
                                {:fresh-gen #object[maelstrom.workload.echo$workload$fn__16882
                                                    "0x74c3374f"
                                                    "maelstrom.workload.echo$workload$fn__16882@74c3374f"],
                                 :context-filters #object[clojure.core$promise$reify__8591
                                                          "0x3eea7c4b"
                                                          {:status :pending,
                                                           :val nil}],
                                 :gens {}})})})]})})
 :log-net-recv false
 :os
 #object[maelstrom.net$jepsen_os$reify__15254
         "0x50d507ab"
         "maelstrom.net$jepsen_os$reify__15254@50d507ab"]
 :time-limit 10
 :workload :echo
 :consistency-models [:strict-serializable]
 :topology :grid}

2024-02-27 16:24:43,563{GMT}	INFO	[jepsen node n0] maelstrom.net: Starting Maelstrom network
2024-02-27 16:24:43,563{GMT}	INFO	[jepsen test runner] jepsen.db: Tearing down DB
2024-02-27 16:24:43,564{GMT}	INFO	[jepsen test runner] jepsen.db: Setting up DB
2024-02-27 16:24:43,565{GMT}	INFO	[jepsen node n0] maelstrom.service: Starting services: (lin-kv lin-tso lww-kv seq-kv)
2024-02-27 16:24:43,566{GMT}	INFO	[jepsen node n0] maelstrom.db: Setting up n0
2024-02-27 16:24:43,566{GMT}	INFO	[jepsen node n0] maelstrom.process: launching /Users/lihaoyang/go/bin/maelstrom-echo []
2024-02-27 16:24:44,604{GMT}	INFO	[jepsen test runner] jepsen.core: Relative time begins now
2024-02-27 16:24:44,612{GMT}	INFO	[jepsen worker 0] jepsen.util: 0	:invoke	:echo	"Please echo 63"
2024-02-27 16:24:44,615{GMT}	INFO	[jepsen worker 0] jepsen.util: 0	:ok	:echo	{:echo "Please echo 63", :in_reply_to 1, :msg_id 1, :type "echo_ok"}
2024-02-27 16:24:44,928{GMT}	INFO	[jepsen worker 0] jepsen.util: 0	:invoke	:echo	"Please echo 48"
2024-02-27 16:24:44,928{GMT}	INFO	[jepsen worker 0] jepsen.util: 0	:ok	:echo	{:echo "Please echo 48", :in_reply_to 2, :msg_id 2, :type "echo_ok"}
2024-02-27 16:24:44,944{GMT}	INFO	[jepsen worker 0] jepsen.util: 0	:invoke	:echo	"Please echo 74"
2024-02-27 16:24:44,945{GMT}	INFO	[jepsen worker 0] jepsen.util: 0	:ok	:echo	{:echo "Please echo 74", :in_reply_to 3, :msg_id 3, :type "echo_ok"}
2024-02-27 16:24:45,224{GMT}	INFO	[jepsen worker 0] jepsen.util: 0	:invoke	:echo	"Please echo 75"
2024-02-27 16:24:45,226{GMT}	INFO	[jepsen worker 0] jepsen.util: 0	:ok	:echo	{:echo "Please echo 75", :in_reply_to 4, :msg_id 4, :type "echo_ok"}
2024-02-27 16:24:45,609{GMT}	INFO	[jepsen worker 0] jepsen.util: 0	:invoke	:echo	"Please echo 31"
2024-02-27 16:24:45,610{GMT}	INFO	[jepsen worker 0] jepsen.util: 0	:ok	:echo	{:echo "Please echo 31", :in_reply_to 5, :msg_id 5, :type "echo_ok"}
2024-02-27 16:24:45,974{GMT}	INFO	[jepsen worker 0] jepsen.util: 0	:invoke	:echo	"Please echo 15"
2024-02-27 16:24:45,975{GMT}	INFO	[jepsen worker 0] jepsen.util: 0	:ok	:echo	{:echo "Please echo 15", :in_reply_to 6, :msg_id 6, :type "echo_ok"}
2024-02-27 16:24:46,089{GMT}	INFO	[jepsen worker 0] jepsen.util: 0	:invoke	:echo	"Please echo 8"
2024-02-27 16:24:46,090{GMT}	INFO	[jepsen worker 0] jepsen.util: 0	:ok	:echo	{:echo "Please echo 8", :in_reply_to 7, :msg_id 7, :type "echo_ok"}
2024-02-27 16:24:46,395{GMT}	INFO	[jepsen worker 0] jepsen.util: 0	:invoke	:echo	"Please echo 30"
2024-02-27 16:24:46,396{GMT}	INFO	[jepsen worker 0] jepsen.util: 0	:ok	:echo	{:echo "Please echo 30", :in_reply_to 8, :msg_id 8, :type "echo_ok"}
2024-02-27 16:24:46,559{GMT}	INFO	[jepsen worker 0] jepsen.util: 0	:invoke	:echo	"Please echo 99"
2024-02-27 16:24:46,560{GMT}	INFO	[jepsen worker 0] jepsen.util: 0	:ok	:echo	{:echo "Please echo 99", :in_reply_to 9, :msg_id 9, :type "echo_ok"}
2024-02-27 16:24:46,616{GMT}	INFO	[jepsen worker 0] jepsen.util: 0	:invoke	:echo	"Please echo 37"
2024-02-27 16:24:46,617{GMT}	INFO	[jepsen worker 0] jepsen.util: 0	:ok	:echo	{:echo "Please echo 37", :in_reply_to 10, :msg_id 10, :type "echo_ok"}
2024-02-27 16:24:46,869{GMT}	INFO	[jepsen worker 0] jepsen.util: 0	:invoke	:echo	"Please echo 24"
2024-02-27 16:24:46,870{GMT}	INFO	[jepsen worker 0] jepsen.util: 0	:ok	:echo	{:echo "Please echo 24", :in_reply_to 11, :msg_id 11, :type "echo_ok"}
2024-02-27 16:24:47,047{GMT}	INFO	[jepsen worker 0] jepsen.util: 0	:invoke	:echo	"Please echo 86"
2024-02-27 16:24:47,048{GMT}	INFO	[jepsen worker 0] jepsen.util: 0	:ok	:echo	{:echo "Please echo 86", :in_reply_to 12, :msg_id 12, :type "echo_ok"}
2024-02-27 16:24:47,277{GMT}	INFO	[jepsen worker 0] jepsen.util: 0	:invoke	:echo	"Please echo 105"
2024-02-27 16:24:47,278{GMT}	INFO	[jepsen worker 0] jepsen.util: 0	:ok	:echo	{:echo "Please echo 105", :in_reply_to 13, :msg_id 13, :type "echo_ok"}
2024-02-27 16:24:47,278{GMT}	INFO	[jepsen worker 0] jepsen.util: 0	:invoke	:echo	"Please echo 60"
2024-02-27 16:24:47,278{GMT}	INFO	[jepsen worker 0] jepsen.util: 0	:ok	:echo	{:echo "Please echo 60", :in_reply_to 14, :msg_id 14, :type "echo_ok"}
2024-02-27 16:24:47,553{GMT}	INFO	[jepsen worker 0] jepsen.util: 0	:invoke	:echo	"Please echo 2"
2024-02-27 16:24:47,554{GMT}	INFO	[jepsen worker 0] jepsen.util: 0	:ok	:echo	{:echo "Please echo 2", :in_reply_to 15, :msg_id 15, :type "echo_ok"}
2024-02-27 16:24:47,841{GMT}	INFO	[jepsen worker 0] jepsen.util: 0	:invoke	:echo	"Please echo 55"
2024-02-27 16:24:47,842{GMT}	INFO	[jepsen worker 0] jepsen.util: 0	:ok	:echo	{:echo "Please echo 55", :in_reply_to 16, :msg_id 16, :type "echo_ok"}
2024-02-27 16:24:48,029{GMT}	INFO	[jepsen worker 0] jepsen.util: 0	:invoke	:echo	"Please echo 107"
2024-02-27 16:24:48,030{GMT}	INFO	[jepsen worker 0] jepsen.util: 0	:ok	:echo	{:echo "Please echo 107", :in_reply_to 17, :msg_id 17, :type "echo_ok"}
2024-02-27 16:24:48,248{GMT}	INFO	[jepsen worker 0] jepsen.util: 0	:invoke	:echo	"Please echo 20"
2024-02-27 16:24:48,249{GMT}	INFO	[jepsen worker 0] jepsen.util: 0	:ok	:echo	{:echo "Please echo 20", :in_reply_to 18, :msg_id 18, :type "echo_ok"}
2024-02-27 16:24:48,442{GMT}	INFO	[jepsen worker 0] jepsen.util: 0	:invoke	:echo	"Please echo 27"
2024-02-27 16:24:48,443{GMT}	INFO	[jepsen worker 0] jepsen.util: 0	:ok	:echo	{:echo "Please echo 27", :in_reply_to 19, :msg_id 19, :type "echo_ok"}
2024-02-27 16:24:48,600{GMT}	INFO	[jepsen worker 0] jepsen.util: 0	:invoke	:echo	"Please echo 90"
2024-02-27 16:24:48,600{GMT}	INFO	[jepsen worker 0] jepsen.util: 0	:ok	:echo	{:echo "Please echo 90", :in_reply_to 20, :msg_id 20, :type "echo_ok"}
2024-02-27 16:24:48,959{GMT}	INFO	[jepsen worker 0] jepsen.util: 0	:invoke	:echo	"Please echo 95"
2024-02-27 16:24:48,960{GMT}	INFO	[jepsen worker 0] jepsen.util: 0	:ok	:echo	{:echo "Please echo 95", :in_reply_to 21, :msg_id 21, :type "echo_ok"}
2024-02-27 16:24:49,069{GMT}	INFO	[jepsen worker 0] jepsen.util: 0	:invoke	:echo	"Please echo 93"
2024-02-27 16:24:49,070{GMT}	INFO	[jepsen worker 0] jepsen.util: 0	:ok	:echo	{:echo "Please echo 93", :in_reply_to 22, :msg_id 22, :type "echo_ok"}
2024-02-27 16:24:49,420{GMT}	INFO	[jepsen worker 0] jepsen.util: 0	:invoke	:echo	"Please echo 46"
2024-02-27 16:24:49,421{GMT}	INFO	[jepsen worker 0] jepsen.util: 0	:ok	:echo	{:echo "Please echo 46", :in_reply_to 23, :msg_id 23, :type "echo_ok"}
2024-02-27 16:24:49,657{GMT}	INFO	[jepsen worker 0] jepsen.util: 0	:invoke	:echo	"Please echo 124"
2024-02-27 16:24:49,657{GMT}	INFO	[jepsen worker 0] jepsen.util: 0	:ok	:echo	{:echo "Please echo 124", :in_reply_to 24, :msg_id 24, :type "echo_ok"}
2024-02-27 16:24:49,905{GMT}	INFO	[jepsen worker 0] jepsen.util: 0	:invoke	:echo	"Please echo 21"
2024-02-27 16:24:49,906{GMT}	INFO	[jepsen worker 0] jepsen.util: 0	:ok	:echo	{:echo "Please echo 21", :in_reply_to 25, :msg_id 25, :type "echo_ok"}
2024-02-27 16:24:50,272{GMT}	INFO	[jepsen worker 0] jepsen.util: 0	:invoke	:echo	"Please echo 15"
2024-02-27 16:24:50,273{GMT}	INFO	[jepsen worker 0] jepsen.util: 0	:ok	:echo	{:echo "Please echo 15", :in_reply_to 26, :msg_id 26, :type "echo_ok"}
2024-02-27 16:24:50,410{GMT}	INFO	[jepsen worker 0] jepsen.util: 0	:invoke	:echo	"Please echo 23"
2024-02-27 16:24:50,411{GMT}	INFO	[jepsen worker 0] jepsen.util: 0	:ok	:echo	{:echo "Please echo 23", :in_reply_to 27, :msg_id 27, :type "echo_ok"}
2024-02-27 16:24:50,511{GMT}	INFO	[jepsen worker 0] jepsen.util: 0	:invoke	:echo	"Please echo 40"
2024-02-27 16:24:50,511{GMT}	INFO	[jepsen worker 0] jepsen.util: 0	:ok	:echo	{:echo "Please echo 40", :in_reply_to 28, :msg_id 28, :type "echo_ok"}
2024-02-27 16:24:50,526{GMT}	INFO	[jepsen worker 0] jepsen.util: 0	:invoke	:echo	"Please echo 40"
2024-02-27 16:24:50,527{GMT}	INFO	[jepsen worker 0] jepsen.util: 0	:ok	:echo	{:echo "Please echo 40", :in_reply_to 29, :msg_id 29, :type "echo_ok"}
2024-02-27 16:24:50,659{GMT}	INFO	[jepsen worker 0] jepsen.util: 0	:invoke	:echo	"Please echo 39"
2024-02-27 16:24:50,659{GMT}	INFO	[jepsen worker 0] jepsen.util: 0	:ok	:echo	{:echo "Please echo 39", :in_reply_to 30, :msg_id 30, :type "echo_ok"}
2024-02-27 16:24:50,726{GMT}	INFO	[jepsen worker 0] jepsen.util: 0	:invoke	:echo	"Please echo 53"
2024-02-27 16:24:50,727{GMT}	INFO	[jepsen worker 0] jepsen.util: 0	:ok	:echo	{:echo "Please echo 53", :in_reply_to 31, :msg_id 31, :type "echo_ok"}
2024-02-27 16:24:50,753{GMT}	INFO	[jepsen worker 0] jepsen.util: 0	:invoke	:echo	"Please echo 101"
2024-02-27 16:24:50,754{GMT}	INFO	[jepsen worker 0] jepsen.util: 0	:ok	:echo	{:echo "Please echo 101", :in_reply_to 32, :msg_id 32, :type "echo_ok"}
2024-02-27 16:24:51,148{GMT}	INFO	[jepsen worker 0] jepsen.util: 0	:invoke	:echo	"Please echo 108"
2024-02-27 16:24:51,149{GMT}	INFO	[jepsen worker 0] jepsen.util: 0	:ok	:echo	{:echo "Please echo 108", :in_reply_to 33, :msg_id 33, :type "echo_ok"}
2024-02-27 16:24:51,470{GMT}	INFO	[jepsen worker 0] jepsen.util: 0	:invoke	:echo	"Please echo 83"
2024-02-27 16:24:51,471{GMT}	INFO	[jepsen worker 0] jepsen.util: 0	:ok	:echo	{:echo "Please echo 83", :in_reply_to 34, :msg_id 34, :type "echo_ok"}
2024-02-27 16:24:51,602{GMT}	INFO	[jepsen worker 0] jepsen.util: 0	:invoke	:echo	"Please echo 40"
2024-02-27 16:24:51,602{GMT}	INFO	[jepsen worker 0] jepsen.util: 0	:ok	:echo	{:echo "Please echo 40", :in_reply_to 35, :msg_id 35, :type "echo_ok"}
2024-02-27 16:24:51,763{GMT}	INFO	[jepsen worker 0] jepsen.util: 0	:invoke	:echo	"Please echo 114"
2024-02-27 16:24:51,764{GMT}	INFO	[jepsen worker 0] jepsen.util: 0	:ok	:echo	{:echo "Please echo 114", :in_reply_to 36, :msg_id 36, :type "echo_ok"}
2024-02-27 16:24:51,959{GMT}	INFO	[jepsen worker 0] jepsen.util: 0	:invoke	:echo	"Please echo 43"
2024-02-27 16:24:51,960{GMT}	INFO	[jepsen worker 0] jepsen.util: 0	:ok	:echo	{:echo "Please echo 43", :in_reply_to 37, :msg_id 37, :type "echo_ok"}
2024-02-27 16:24:52,289{GMT}	INFO	[jepsen worker 0] jepsen.util: 0	:invoke	:echo	"Please echo 78"
2024-02-27 16:24:52,290{GMT}	INFO	[jepsen worker 0] jepsen.util: 0	:ok	:echo	{:echo "Please echo 78", :in_reply_to 38, :msg_id 38, :type "echo_ok"}
2024-02-27 16:24:52,476{GMT}	INFO	[jepsen worker 0] jepsen.util: 0	:invoke	:echo	"Please echo 6"
2024-02-27 16:24:52,477{GMT}	INFO	[jepsen worker 0] jepsen.util: 0	:ok	:echo	{:echo "Please echo 6", :in_reply_to 39, :msg_id 39, :type "echo_ok"}
2024-02-27 16:24:52,496{GMT}	INFO	[jepsen worker 0] jepsen.util: 0	:invoke	:echo	"Please echo 115"
2024-02-27 16:24:52,497{GMT}	INFO	[jepsen worker 0] jepsen.util: 0	:ok	:echo	{:echo "Please echo 115", :in_reply_to 40, :msg_id 40, :type "echo_ok"}
2024-02-27 16:24:52,818{GMT}	INFO	[jepsen worker 0] jepsen.util: 0	:invoke	:echo	"Please echo 33"
2024-02-27 16:24:52,818{GMT}	INFO	[jepsen worker 0] jepsen.util: 0	:ok	:echo	{:echo "Please echo 33", :in_reply_to 41, :msg_id 41, :type "echo_ok"}
2024-02-27 16:24:53,156{GMT}	INFO	[jepsen worker 0] jepsen.util: 0	:invoke	:echo	"Please echo 55"
2024-02-27 16:24:53,156{GMT}	INFO	[jepsen worker 0] jepsen.util: 0	:ok	:echo	{:echo "Please echo 55", :in_reply_to 42, :msg_id 42, :type "echo_ok"}
2024-02-27 16:24:53,553{GMT}	INFO	[jepsen worker 0] jepsen.util: 0	:invoke	:echo	"Please echo 68"
2024-02-27 16:24:53,554{GMT}	INFO	[jepsen worker 0] jepsen.util: 0	:ok	:echo	{:echo "Please echo 68", :in_reply_to 43, :msg_id 43, :type "echo_ok"}
2024-02-27 16:24:53,920{GMT}	INFO	[jepsen worker 0] jepsen.util: 0	:invoke	:echo	"Please echo 85"
2024-02-27 16:24:53,921{GMT}	INFO	[jepsen worker 0] jepsen.util: 0	:ok	:echo	{:echo "Please echo 85", :in_reply_to 44, :msg_id 44, :type "echo_ok"}
2024-02-27 16:24:54,303{GMT}	INFO	[jepsen worker 0] jepsen.util: 0	:invoke	:echo	"Please echo 68"
2024-02-27 16:24:54,304{GMT}	INFO	[jepsen worker 0] jepsen.util: 0	:ok	:echo	{:echo "Please echo 68", :in_reply_to 45, :msg_id 45, :type "echo_ok"}
2024-02-27 16:24:54,587{GMT}	INFO	[jepsen worker 0] jepsen.util: 0	:invoke	:echo	"Please echo 106"
2024-02-27 16:24:54,588{GMT}	INFO	[jepsen worker 0] jepsen.util: 0	:ok	:echo	{:echo "Please echo 106", :in_reply_to 46, :msg_id 46, :type "echo_ok"}
2024-02-27 16:24:54,599{GMT}	INFO	[jepsen test runner] jepsen.core: Run complete, writing
2024-02-27 16:24:54,633{GMT}	INFO	[jepsen node n0] maelstrom.db: Tearing down n0
2024-02-27 16:24:55,618{GMT}	INFO	[jepsen node n0] maelstrom.net: Shutting down Maelstrom network
2024-02-27 16:24:55,619{GMT}	INFO	[jepsen test runner] jepsen.core: Analyzing...
2024-02-27 16:24:56,022{GMT}	INFO	[jepsen test runner] jepsen.core: Analysis complete
2024-02-27 16:24:56,032{GMT}	INFO	[jepsen results] jepsen.store: Wrote /Users/lihaoyang/maelstrom/store/echo/20240227T162442.581+0800/results.edn
2024-02-27 16:24:56,057{GMT}	INFO	[jepsen test runner] jepsen.core: {:perf {:latency-graph {:valid? true},
        :rate-graph {:valid? true},
        :valid? true},
 :timeline {:valid? true},
 :exceptions {:valid? true},
 :stats {:valid? true,
         :count 46,
         :ok-count 46,
         :fail-count 0,
         :info-count 0,
         :by-f {:echo {:valid? true,
                       :count 46,
                       :ok-count 46,
                       :fail-count 0,
                       :info-count 0}}},
 :availability {:valid? true, :ok-fraction 1.0},
 :net {:all {:send-count 94,
             :recv-count 94,
             :msg-count 94,
             :msgs-per-op 2.0434783},
       :clients {:send-count 94, :recv-count 94, :msg-count 94},
       :servers {:send-count 0,
                 :recv-count 0,
                 :msg-count 0,
                 :msgs-per-op 0.0},
       :valid? true},
 :workload {:valid? true, :errors ()},
 :valid? true}


Everything looks good! ヽ(‘ー`)ノ
