2024-04-02 19:34:23,682{GMT}	INFO	[jepsen test runner] jepsen.core: Command line:
lein run test -w broadcast --bin /Users/lihaoyang/go/bin/maelstrom-broadcast --node-count 5 --time-limit 20 --rate 10 --nemesis partition
2024-04-02 19:34:23,732{GMT}	INFO	[jepsen test runner] jepsen.core: Running test:
{:args []
 :remote
 #jepsen.control.retry.Remote{:remote #jepsen.control.scp.Remote{:cmd-remote #jepsen.control.sshj.SSHJRemote{:concurrency-limit 6,
                                                                                                             :conn-spec nil,
                                                                                                             :client nil,
                                                                                                             :semaphore nil},
                                                                 :conn-spec nil},
                              :conn nil}
 :log-net-send false
 :node-count 5
 :availability nil
 :max-txn-length 4
 :concurrency 5
 :db
 #object[maelstrom.db$db$reify__16142
         "0x30769e7a"
         "maelstrom.db$db$reify__16142@30769e7a"]
 :max-writes-per-key 16
 :leave-db-running? false
 :name "broadcast"
 :logging-json? false
 :start-time
 #object[org.joda.time.DateTime "0xff7042c" "2024-04-02T19:34:23.665+08:00"]
 :nemesis-interval 10
 :net
 #object[maelstrom.net$jepsen_net$reify__15251
         "0xb917b5e"
         "maelstrom.net$jepsen_net$reify__15251@b917b5e"]
 :client
 #object[maelstrom.workload.broadcast$client$reify__16644
         "0x5126c0cd"
         "maelstrom.workload.broadcast$client$reify__16644@5126c0cd"]
 :barrier
 #object[java.util.concurrent.CyclicBarrier
         "0x6c1e2161"
         "java.util.concurrent.CyclicBarrier@6c1e2161"]
 :log-stderr false
 :pure-generators true
 :ssh {:dummy? true}
 :rate 10.0
 :checker
 #object[jepsen.checker$compose$reify__11881
         "0x5b7f9eaa"
         "jepsen.checker$compose$reify__11881@5b7f9eaa"]
 :argv
 ("test"
  "-w"
  "broadcast"
  "--bin"
  "/Users/lihaoyang/go/bin/maelstrom-broadcast"
  "--node-count"
  "5"
  "--time-limit"
  "20"
  "--rate"
  "10"
  "--nemesis"
  "partition")
 :nemesis
 (jepsen.nemesis.ReflCompose
  {:fm {:start-partition 0,
        :stop-partition 0,
        :kill 1,
        :start 1,
        :pause 1,
        :resume 1},
   :nemeses [#unprintable "jepsen.nemesis.combined$partition_nemesis$reify__16416@5b344510"
             #unprintable "jepsen.nemesis.combined$db_nemesis$reify__16397@3c73d613"]})
 :nodes ["n0" "n1" "n2" "n3" "n4"]
 :test-count 1
 :latency {:mean 0, :dist :constant}
 :bin "/Users/lihaoyang/go/bin/maelstrom-broadcast"
 :generator
 ((jepsen.generator.Synchronize
   {:gen (jepsen.generator.TimeLimit
          {:limit 20000000000,
           :cutoff nil,
           :gen (jepsen.generator.Any
                 {:gens [(jepsen.generator.OnThreads
                          {:f #{:nemesis},
                           :context-filter #object[jepsen.generator.context$make_thread_filter$lazy_filter__9167
                                                   "0x2b960c2b"
                                                   "jepsen.generator.context$make_thread_filter$lazy_filter__9167@2b960c2b"],
                           :gen (jepsen.generator.Stagger
                                 {:dt 20000000000,
                                  :next-time nil,
                                  :gen (jepsen.generator.FlipFlop
                                        {:gens [#object[jepsen.nemesis.combined$partition_package$start__16420
                                                        "0x46f32536"
                                                        "jepsen.nemesis.combined$partition_package$start__16420@46f32536"]
                                                ({:type :info,
                                                  :f :stop-partition,
                                                  :value nil}
                                                 {:type :info,
                                                  :f :stop-partition,
                                                  :value nil}
                                                 {:type :info,
                                                  :f :stop-partition,
                                                  :value nil}
                                                 {:type :info,
                                                  :f :stop-partition,
                                                  :value nil}
                                                 {:type :info,
                                                  :f :stop-partition,
                                                  :value nil}
                                                 {:type :info,
                                                  :f :stop-partition,
                                                  :value nil}
                                                 {:type :info,
                                                  :f :stop-partition,
                                                  :value nil}
                                                 {:type :info,
                                                  :f :stop-partition,
                                                  :value nil}
                                                 ...)],
                                         :i 0})})})
                         (jepsen.generator.OnThreads
                          {:f #jepsen.generator.context.AllBut{:element :nemesis},
                           :context-filter #object[jepsen.generator.context$make_thread_filter$lazy_filter__9167
                                                   "0x6921e251"
                                                   "jepsen.generator.context$make_thread_filter$lazy_filter__9167@6921e251"],
                           :gen (jepsen.generator.Stagger
                                 {:dt 200000000,
                                  :next-time nil,
                                  :gen (jepsen.generator.Mix
                                        {:i 0,
                                         :gens [({:f :broadcast, :value 0}
                                                 {:f :broadcast, :value 1}
                                                 {:f :broadcast, :value 2}
                                                 {:f :broadcast, :value 3}
                                                 {:f :broadcast, :value 4}
                                                 {:f :broadcast, :value 5}
                                                 {:f :broadcast, :value 6}
                                                 {:f :broadcast, :value 7}
                                                 ...)
                                                ({:f :read}
                                                 {:f :read}
                                                 {:f :read}
                                                 {:f :read}
                                                 {:f :read}
                                                 {:f :read}
                                                 {:f :read}
                                                 {:f :read}
                                                 ...)]})})})]})})})
  (jepsen.generator.Synchronize
   {:gen (jepsen.generator.OnThreads
          {:f #{:nemesis},
           :context-filter #object[jepsen.generator.context$make_thread_filter$lazy_filter__9167
                                   "0x724d4c0a"
                                   "jepsen.generator.context$make_thread_filter$lazy_filter__9167@724d4c0a"],
           :gen ({:type :info, :f :stop-partition, :value nil})})})
  (jepsen.generator.Synchronize
   {:gen {:type :log, :value "Waiting for recovery..."}})
  (jepsen.generator.Synchronize {:gen {:type :sleep, :value 10}})
  (jepsen.generator.Synchronize
   {:gen (jepsen.generator.OnThreads
          {:f #jepsen.generator.context.AllBut{:element :nemesis},
           :context-filter #object[jepsen.generator.context$make_thread_filter$lazy_filter__9167
                                   "0x2d481de0"
                                   "jepsen.generator.context$make_thread_filter$lazy_filter__9167@2d481de0"],
           :gen (jepsen.generator.EachThread
                 {:fresh-gen {:f :read, :final? true},
                  :context-filters #object[clojure.core$promise$reify__8591
                                           "0xfd9512f"
                                           {:status :pending, :val nil}],
                  :gens {}})})}))
 :log-net-recv false
 :os
 #object[maelstrom.net$jepsen_os$reify__15254
         "0x698c19ef"
         "maelstrom.net$jepsen_os$reify__15254@698c19ef"]
 :time-limit 20
 :workload :broadcast
 :consistency-models [:strict-serializable]
 :topology :grid}

2024-04-02 19:34:24,601{GMT}	INFO	[jepsen node n0] maelstrom.net: Starting Maelstrom network
2024-04-02 19:34:24,602{GMT}	INFO	[jepsen test runner] jepsen.db: Tearing down DB
2024-04-02 19:34:24,602{GMT}	INFO	[jepsen test runner] jepsen.db: Setting up DB
2024-04-02 19:34:24,603{GMT}	INFO	[jepsen node n1] maelstrom.db: Setting up n1
2024-04-02 19:34:24,603{GMT}	INFO	[jepsen node n2] maelstrom.db: Setting up n2
2024-04-02 19:34:24,603{GMT}	INFO	[jepsen node n4] maelstrom.db: Setting up n4
2024-04-02 19:34:24,603{GMT}	INFO	[jepsen node n3] maelstrom.db: Setting up n3
2024-04-02 19:34:24,603{GMT}	INFO	[jepsen node n3] maelstrom.process: launching /Users/lihaoyang/go/bin/maelstrom-broadcast []
2024-04-02 19:34:24,603{GMT}	INFO	[jepsen node n1] maelstrom.process: launching /Users/lihaoyang/go/bin/maelstrom-broadcast []
2024-04-02 19:34:24,603{GMT}	INFO	[jepsen node n2] maelstrom.process: launching /Users/lihaoyang/go/bin/maelstrom-broadcast []
2024-04-02 19:34:24,603{GMT}	INFO	[jepsen node n4] maelstrom.process: launching /Users/lihaoyang/go/bin/maelstrom-broadcast []
2024-04-02 19:34:24,604{GMT}	INFO	[jepsen node n0] maelstrom.service: Starting services: (lin-kv lin-tso lww-kv seq-kv)
2024-04-02 19:34:24,605{GMT}	INFO	[jepsen node n0] maelstrom.db: Setting up n0
2024-04-02 19:34:24,606{GMT}	INFO	[jepsen node n0] maelstrom.process: launching /Users/lihaoyang/go/bin/maelstrom-broadcast []
2024-04-02 19:34:24,626{GMT}	INFO	[jepsen test runner] jepsen.core: Relative time begins now
2024-04-02 19:34:24,637{GMT}	INFO	[jepsen worker 0] jepsen.util: 0	:invoke	:broadcast	0
2024-04-02 19:34:24,637{GMT}	INFO	[jepsen worker nemesis] jepsen.util: :nemesis	:info	:start-partition	:majority
2024-04-02 19:34:24,639{GMT}	INFO	[jepsen worker 0] jepsen.util: 0	:ok	:broadcast	0
2024-04-02 19:34:24,641{GMT}	INFO	[jepsen worker nemesis] jepsen.util: :nemesis	:info	:start-partition	[:isolated {"n1" #{"n2" "n4" "n3"}, "n0" #{"n2" "n4" "n3"}, "n2" #{"n1" "n0"}, "n4" #{"n1" "n0"}, "n3" #{"n1" "n0"}}]
2024-04-02 19:34:24,688{GMT}	INFO	[jepsen worker 2] jepsen.util: 2	:invoke	:broadcast	1
2024-04-02 19:34:24,689{GMT}	INFO	[jepsen worker 2] jepsen.util: 2	:ok	:broadcast	1
2024-04-02 19:34:24,780{GMT}	INFO	[jepsen worker 3] jepsen.util: 3	:invoke	:read	nil
2024-04-02 19:34:24,781{GMT}	INFO	[jepsen worker 3] jepsen.util: 3	:ok	:read	[0]
2024-04-02 19:34:24,911{GMT}	INFO	[jepsen worker 4] jepsen.util: 4	:invoke	:broadcast	2
2024-04-02 19:34:24,914{GMT}	INFO	[jepsen worker 4] jepsen.util: 4	:ok	:broadcast	2
2024-04-02 19:34:25,069{GMT}	INFO	[jepsen worker 0] jepsen.util: 0	:invoke	:broadcast	3
2024-04-02 19:34:25,072{GMT}	INFO	[jepsen worker 0] jepsen.util: 0	:ok	:broadcast	3
2024-04-02 19:34:25,243{GMT}	INFO	[jepsen worker 0] jepsen.util: 0	:invoke	:read	nil
2024-04-02 19:34:25,247{GMT}	INFO	[jepsen worker 0] jepsen.util: 0	:ok	:read	[0 3]
2024-04-02 19:34:25,379{GMT}	INFO	[jepsen worker 1] jepsen.util: 1	:invoke	:read	nil
2024-04-02 19:34:25,383{GMT}	INFO	[jepsen worker 1] jepsen.util: 1	:ok	:read	[0 3]
2024-04-02 19:34:25,505{GMT}	INFO	[jepsen worker 2] jepsen.util: 2	:invoke	:read	nil
2024-04-02 19:34:25,507{GMT}	INFO	[jepsen worker 2] jepsen.util: 2	:ok	:read	[1]
2024-04-02 19:34:25,546{GMT}	INFO	[jepsen worker 3] jepsen.util: 3	:invoke	:read	nil
2024-04-02 19:34:25,548{GMT}	INFO	[jepsen worker 3] jepsen.util: 3	:ok	:read	[0 2]
2024-04-02 19:34:25,587{GMT}	INFO	[jepsen worker 4] jepsen.util: 4	:invoke	:read	nil
2024-04-02 19:34:25,589{GMT}	INFO	[jepsen worker 4] jepsen.util: 4	:ok	:read	[0 2]
2024-04-02 19:34:25,627{GMT}	INFO	[jepsen worker 0] jepsen.util: 0	:invoke	:read	nil
2024-04-02 19:34:25,629{GMT}	INFO	[jepsen worker 0] jepsen.util: 0	:ok	:read	[0 3]
2024-04-02 19:34:25,776{GMT}	INFO	[jepsen worker 0] jepsen.util: 0	:invoke	:broadcast	4
2024-04-02 19:34:25,779{GMT}	INFO	[jepsen worker 0] jepsen.util: 0	:ok	:broadcast	4
2024-04-02 19:34:25,875{GMT}	INFO	[jepsen worker 1] jepsen.util: 1	:invoke	:broadcast	5
2024-04-02 19:34:25,878{GMT}	INFO	[jepsen worker 1] jepsen.util: 1	:ok	:broadcast	5
2024-04-02 19:34:25,957{GMT}	INFO	[jepsen worker 2] jepsen.util: 2	:invoke	:read	nil
2024-04-02 19:34:25,959{GMT}	INFO	[jepsen worker 2] jepsen.util: 2	:ok	:read	[1]
2024-04-02 19:34:26,089{GMT}	INFO	[jepsen worker 3] jepsen.util: 3	:invoke	:read	nil
2024-04-02 19:34:26,091{GMT}	INFO	[jepsen worker 3] jepsen.util: 3	:ok	:read	[0 2]
2024-04-02 19:34:26,234{GMT}	INFO	[jepsen worker 4] jepsen.util: 4	:invoke	:broadcast	6
2024-04-02 19:34:26,237{GMT}	INFO	[jepsen worker 4] jepsen.util: 4	:ok	:broadcast	6
2024-04-02 19:34:26,281{GMT}	INFO	[jepsen worker 0] jepsen.util: 0	:invoke	:broadcast	7
2024-04-02 19:34:26,283{GMT}	INFO	[jepsen worker 0] jepsen.util: 0	:ok	:broadcast	7
2024-04-02 19:34:26,442{GMT}	INFO	[jepsen worker 0] jepsen.util: 0	:invoke	:read	nil
2024-04-02 19:34:26,445{GMT}	INFO	[jepsen worker 0] jepsen.util: 0	:ok	:read	[0 3 4 5 7]
2024-04-02 19:34:26,644{GMT}	INFO	[jepsen worker 1] jepsen.util: 1	:invoke	:broadcast	8
2024-04-02 19:34:26,648{GMT}	INFO	[jepsen worker 1] jepsen.util: 1	:ok	:broadcast	8
2024-04-02 19:34:26,671{GMT}	INFO	[jepsen worker 2] jepsen.util: 2	:invoke	:broadcast	9
2024-04-02 19:34:26,672{GMT}	INFO	[jepsen worker 2] jepsen.util: 2	:ok	:broadcast	9
2024-04-02 19:34:26,801{GMT}	INFO	[jepsen worker 3] jepsen.util: 3	:invoke	:read	nil
2024-04-02 19:34:26,804{GMT}	INFO	[jepsen worker 3] jepsen.util: 3	:ok	:read	[0 2 6]
2024-04-02 19:34:26,887{GMT}	INFO	[jepsen worker 4] jepsen.util: 4	:invoke	:broadcast	10
2024-04-02 19:34:26,889{GMT}	INFO	[jepsen worker 4] jepsen.util: 4	:ok	:broadcast	10
2024-04-02 19:34:27,012{GMT}	INFO	[jepsen worker 0] jepsen.util: 0	:invoke	:broadcast	11
2024-04-02 19:34:27,014{GMT}	INFO	[jepsen worker 0] jepsen.util: 0	:ok	:broadcast	11
2024-04-02 19:34:27,136{GMT}	INFO	[jepsen worker 0] jepsen.util: 0	:invoke	:broadcast	12
2024-04-02 19:34:27,137{GMT}	INFO	[jepsen worker 0] jepsen.util: 0	:ok	:broadcast	12
2024-04-02 19:34:27,208{GMT}	INFO	[jepsen worker 1] jepsen.util: 1	:invoke	:broadcast	13
2024-04-02 19:34:27,209{GMT}	INFO	[jepsen worker 1] jepsen.util: 1	:ok	:broadcast	13
2024-04-02 19:34:27,361{GMT}	INFO	[jepsen worker 2] jepsen.util: 2	:invoke	:read	nil
2024-04-02 19:34:27,363{GMT}	INFO	[jepsen worker 2] jepsen.util: 2	:ok	:read	[1 9]
2024-04-02 19:34:27,462{GMT}	INFO	[jepsen worker 3] jepsen.util: 3	:invoke	:broadcast	14
2024-04-02 19:34:27,465{GMT}	INFO	[jepsen worker 3] jepsen.util: 3	:ok	:broadcast	14
2024-04-02 19:34:27,605{GMT}	INFO	[jepsen worker 4] jepsen.util: 4	:invoke	:read	nil
2024-04-02 19:34:27,610{GMT}	INFO	[jepsen worker 4] jepsen.util: 4	:ok	:read	[0 2 6 10 14]
2024-04-02 19:34:27,779{GMT}	INFO	[jepsen worker 0] jepsen.util: 0	:invoke	:read	nil
2024-04-02 19:34:27,782{GMT}	INFO	[jepsen worker 0] jepsen.util: 0	:ok	:read	[0 3 4 5 7 8 11 12 13]
2024-04-02 19:34:27,892{GMT}	INFO	[jepsen worker 0] jepsen.util: 0	:invoke	:read	nil
2024-04-02 19:34:27,894{GMT}	INFO	[jepsen worker 0] jepsen.util: 0	:ok	:read	[0 3 4 5 7 8 11 12 13]
2024-04-02 19:34:28,082{GMT}	INFO	[jepsen worker 1] jepsen.util: 1	:invoke	:read	nil
2024-04-02 19:34:28,083{GMT}	INFO	[jepsen worker 1] jepsen.util: 1	:ok	:read	[0 3 4 5 7 8 11 12 13]
2024-04-02 19:34:28,211{GMT}	INFO	[jepsen worker 2] jepsen.util: 2	:invoke	:read	nil
2024-04-02 19:34:28,213{GMT}	INFO	[jepsen worker 2] jepsen.util: 2	:ok	:read	[1 9]
2024-04-02 19:34:28,317{GMT}	INFO	[jepsen worker 3] jepsen.util: 3	:invoke	:read	nil
2024-04-02 19:34:28,318{GMT}	INFO	[jepsen worker 3] jepsen.util: 3	:ok	:read	[0 2 6 10 14]
2024-04-02 19:34:28,461{GMT}	INFO	[jepsen worker 4] jepsen.util: 4	:invoke	:broadcast	15
2024-04-02 19:34:28,463{GMT}	INFO	[jepsen worker 4] jepsen.util: 4	:ok	:broadcast	15
2024-04-02 19:34:28,627{GMT}	INFO	[jepsen worker 0] jepsen.util: 0	:invoke	:read	nil
2024-04-02 19:34:28,630{GMT}	INFO	[jepsen worker 0] jepsen.util: 0	:ok	:read	[0 3 4 5 7 8 11 12 13]
2024-04-02 19:34:28,751{GMT}	INFO	[jepsen worker 0] jepsen.util: 0	:invoke	:broadcast	16
2024-04-02 19:34:28,754{GMT}	INFO	[jepsen worker 0] jepsen.util: 0	:ok	:broadcast	16
2024-04-02 19:34:28,927{GMT}	INFO	[jepsen worker 1] jepsen.util: 1	:invoke	:broadcast	17
2024-04-02 19:34:28,928{GMT}	INFO	[jepsen worker 1] jepsen.util: 1	:ok	:broadcast	17
2024-04-02 19:34:29,052{GMT}	INFO	[jepsen worker 2] jepsen.util: 2	:invoke	:broadcast	18
2024-04-02 19:34:29,055{GMT}	INFO	[jepsen worker 2] jepsen.util: 2	:ok	:broadcast	18
2024-04-02 19:34:29,072{GMT}	INFO	[jepsen worker 3] jepsen.util: 3	:invoke	:read	nil
2024-04-02 19:34:29,074{GMT}	INFO	[jepsen worker 3] jepsen.util: 3	:ok	:read	[0 2 6 10 14 15]
2024-04-02 19:34:29,258{GMT}	INFO	[jepsen worker 4] jepsen.util: 4	:invoke	:broadcast	19
2024-04-02 19:34:29,260{GMT}	INFO	[jepsen worker 4] jepsen.util: 4	:ok	:broadcast	19
2024-04-02 19:34:29,275{GMT}	INFO	[jepsen worker 0] jepsen.util: 0	:invoke	:read	nil
2024-04-02 19:34:29,276{GMT}	INFO	[jepsen worker 0] jepsen.util: 0	:ok	:read	[0 3 4 5 7 8 11 12 13 16 17]
2024-04-02 19:34:29,387{GMT}	INFO	[jepsen worker 0] jepsen.util: 0	:invoke	:broadcast	20
2024-04-02 19:34:29,388{GMT}	INFO	[jepsen worker 0] jepsen.util: 0	:ok	:broadcast	20
2024-04-02 19:34:29,561{GMT}	INFO	[jepsen worker 1] jepsen.util: 1	:invoke	:read	nil
2024-04-02 19:34:29,564{GMT}	INFO	[jepsen worker 1] jepsen.util: 1	:ok	:read	[0 3 4 5 7 8 11 12 13 16 17 20]
2024-04-02 19:34:29,708{GMT}	INFO	[jepsen worker 2] jepsen.util: 2	:invoke	:broadcast	21
2024-04-02 19:34:29,709{GMT}	INFO	[jepsen worker 2] jepsen.util: 2	:ok	:broadcast	21
2024-04-02 19:34:29,814{GMT}	INFO	[jepsen worker 3] jepsen.util: 3	:invoke	:broadcast	22
2024-04-02 19:34:29,815{GMT}	INFO	[jepsen worker 3] jepsen.util: 3	:ok	:broadcast	22
2024-04-02 19:34:29,930{GMT}	INFO	[jepsen worker 4] jepsen.util: 4	:invoke	:read	nil
2024-04-02 19:34:29,931{GMT}	INFO	[jepsen worker 4] jepsen.util: 4	:ok	:read	[0 2 6 10 14 15 19 22]
2024-04-02 19:34:30,043{GMT}	INFO	[jepsen worker 0] jepsen.util: 0	:invoke	:read	nil
2024-04-02 19:34:30,044{GMT}	INFO	[jepsen worker 0] jepsen.util: 0	:ok	:read	[0 3 4 5 7 8 11 12 13 16 17 20]
2024-04-02 19:34:30,216{GMT}	INFO	[jepsen worker 0] jepsen.util: 0	:invoke	:read	nil
2024-04-02 19:34:30,217{GMT}	INFO	[jepsen worker 0] jepsen.util: 0	:ok	:read	[0 3 4 5 7 8 11 12 13 16 17 20]
2024-04-02 19:34:30,336{GMT}	INFO	[jepsen worker 1] jepsen.util: 1	:invoke	:read	nil
2024-04-02 19:34:30,339{GMT}	INFO	[jepsen worker 1] jepsen.util: 1	:ok	:read	[0 3 4 5 7 8 11 12 13 16 17 20]
2024-04-02 19:34:30,479{GMT}	INFO	[jepsen worker 2] jepsen.util: 2	:invoke	:broadcast	23
2024-04-02 19:34:30,480{GMT}	INFO	[jepsen worker 2] jepsen.util: 2	:ok	:broadcast	23
2024-04-02 19:34:30,481{GMT}	INFO	[jepsen worker 3] jepsen.util: 3	:invoke	:broadcast	24
2024-04-02 19:34:30,482{GMT}	INFO	[jepsen worker 3] jepsen.util: 3	:ok	:broadcast	24
2024-04-02 19:34:30,501{GMT}	INFO	[jepsen worker 4] jepsen.util: 4	:invoke	:broadcast	25
2024-04-02 19:34:30,502{GMT}	INFO	[jepsen worker 4] jepsen.util: 4	:ok	:broadcast	25
2024-04-02 19:34:30,551{GMT}	INFO	[jepsen worker 0] jepsen.util: 0	:invoke	:read	nil
2024-04-02 19:34:30,553{GMT}	INFO	[jepsen worker 0] jepsen.util: 0	:ok	:read	[0 3 4 5 7 8 11 12 13 16 17 20]
2024-04-02 19:34:30,555{GMT}	INFO	[jepsen worker 0] jepsen.util: 0	:invoke	:read	nil
2024-04-02 19:34:30,556{GMT}	INFO	[jepsen worker 0] jepsen.util: 0	:ok	:read	[0 3 4 5 7 8 11 12 13 16 17 20]
2024-04-02 19:34:30,718{GMT}	INFO	[jepsen worker 1] jepsen.util: 1	:invoke	:read	nil
2024-04-02 19:34:30,720{GMT}	INFO	[jepsen worker 1] jepsen.util: 1	:ok	:read	[0 3 4 5 7 8 11 12 13 16 17 20]
2024-04-02 19:34:30,905{GMT}	INFO	[jepsen worker 2] jepsen.util: 2	:invoke	:broadcast	26
2024-04-02 19:34:30,907{GMT}	INFO	[jepsen worker 2] jepsen.util: 2	:ok	:broadcast	26
2024-04-02 19:34:30,990{GMT}	INFO	[jepsen worker 3] jepsen.util: 3	:invoke	:broadcast	27
2024-04-02 19:34:30,992{GMT}	INFO	[jepsen worker 3] jepsen.util: 3	:ok	:broadcast	27
2024-04-02 19:34:31,109{GMT}	INFO	[jepsen worker 4] jepsen.util: 4	:invoke	:read	nil
2024-04-02 19:34:31,110{GMT}	INFO	[jepsen worker 4] jepsen.util: 4	:ok	:read	[0 2 6 10 14 15 19 22 24 25 27]
2024-04-02 19:34:31,127{GMT}	INFO	[jepsen worker 0] jepsen.util: 0	:invoke	:read	nil
2024-04-02 19:34:31,128{GMT}	INFO	[jepsen worker 0] jepsen.util: 0	:ok	:read	[0 3 4 5 7 8 11 12 13 16 17 20]
2024-04-02 19:34:31,195{GMT}	INFO	[jepsen worker 0] jepsen.util: 0	:invoke	:read	nil
2024-04-02 19:34:31,196{GMT}	INFO	[jepsen worker 0] jepsen.util: 0	:ok	:read	[0 3 4 5 7 8 11 12 13 16 17 20]
2024-04-02 19:34:31,208{GMT}	INFO	[jepsen worker 1] jepsen.util: 1	:invoke	:broadcast	28
2024-04-02 19:34:31,208{GMT}	INFO	[jepsen worker 1] jepsen.util: 1	:ok	:broadcast	28
2024-04-02 19:34:31,239{GMT}	INFO	[jepsen worker 2] jepsen.util: 2	:invoke	:read	nil
2024-04-02 19:34:31,240{GMT}	INFO	[jepsen worker 2] jepsen.util: 2	:ok	:read	[1 9 18 21 23 26]
2024-04-02 19:34:31,310{GMT}	INFO	[jepsen worker 3] jepsen.util: 3	:invoke	:broadcast	29
2024-04-02 19:34:31,311{GMT}	INFO	[jepsen worker 3] jepsen.util: 3	:ok	:broadcast	29
2024-04-02 19:34:31,399{GMT}	INFO	[jepsen worker 4] jepsen.util: 4	:invoke	:broadcast	30
2024-04-02 19:34:31,402{GMT}	INFO	[jepsen worker 4] jepsen.util: 4	:ok	:broadcast	30
2024-04-02 19:34:31,459{GMT}	INFO	[jepsen worker 0] jepsen.util: 0	:invoke	:broadcast	31
2024-04-02 19:34:31,461{GMT}	INFO	[jepsen worker 0] jepsen.util: 0	:ok	:broadcast	31
2024-04-02 19:34:31,489{GMT}	INFO	[jepsen worker 0] jepsen.util: 0	:invoke	:read	nil
2024-04-02 19:34:31,490{GMT}	INFO	[jepsen worker 0] jepsen.util: 0	:ok	:read	[0 3 4 5 7 8 11 12 13 16 17 20 28 31]
2024-04-02 19:34:31,578{GMT}	INFO	[jepsen worker 1] jepsen.util: 1	:invoke	:broadcast	32
2024-04-02 19:34:31,580{GMT}	INFO	[jepsen worker 1] jepsen.util: 1	:ok	:broadcast	32
2024-04-02 19:34:31,758{GMT}	INFO	[Jepsen shutdown hook] jepsen.core: Downloading DB logs before JVM shutdown...
