2024/04/02 19:34:24 Received {c2 n0 {"type":"init","node_id":"n0","node_ids":["n0","n1","n2","n3","n4"],"msg_id":1}}
2024/04/02 19:34:24 Node n0 initialized
2024/04/02 19:34:24 Sent {"src":"n0","dest":"c2","body":{"in_reply_to":1,"type":"init_ok"}}
2024/04/02 19:34:24 Received {c5 n0 {"type":"topology","topology":{"n0":["n3","n1"],"n1":["n4","n2","n0"],"n2":["n1"],"n3":["n0","n4"],"n4":["n1","n3"]},"msg_id":1}}
2024/04/02 19:34:24 Sent {"src":"n0","dest":"c5","body":{"in_reply_to":1,"type":"topology_ok"}}
2024/04/02 19:34:24 Received {c10 n0 {"type":"broadcast","message":0,"msg_id":1}}
2024/04/02 19:34:24 Sent {"src":"n0","dest":"c10","body":{"in_reply_to":1,"type":"broadcast_ok"}}
2024/04/02 19:34:24 Sent {"src":"n0","dest":"n3","body":{"message":0,"msg_id":1,"type":"broadcast"}}
2024/04/02 19:34:24 Sent {"src":"n0","dest":"n1","body":{"message":0,"msg_id":2,"type":"broadcast"}}
2024/04/02 19:34:24 Received {n1 n0 {"in_reply_to":2,"type":"broadcast_ok"}}
2024/04/02 19:34:24 from n0, to n1, sent {broadcast 0}
2024/04/02 19:34:24 Received {n1 n0 {"message":0,"msg_id":3,"type":"broadcast"}}
2024/04/02 19:34:24 Sent {"src":"n0","dest":"n1","body":{"in_reply_to":3,"type":"broadcast_ok"}}
2024/04/02 19:34:25 Received {c10 n0 {"type":"broadcast","message":3,"msg_id":2}}
2024/04/02 19:34:25 Sent {"src":"n0","dest":"c10","body":{"in_reply_to":2,"type":"broadcast_ok"}}
2024/04/02 19:34:25 Sent {"src":"n0","dest":"n3","body":{"message":3,"msg_id":3,"type":"broadcast"}}
2024/04/02 19:34:25 Sent {"src":"n0","dest":"n1","body":{"message":3,"msg_id":4,"type":"broadcast"}}
2024/04/02 19:34:25 Received {n1 n0 {"in_reply_to":4,"type":"broadcast_ok"}}
2024/04/02 19:34:25 from n0, to n1, sent {broadcast 3}
2024/04/02 19:34:25 Received {n1 n0 {"message":3,"msg_id":6,"type":"broadcast"}}
2024/04/02 19:34:25 Sent {"src":"n0","dest":"n1","body":{"in_reply_to":6,"type":"broadcast_ok"}}
2024/04/02 19:34:25 Received {c10 n0 {"type":"read","msg_id":3}}
2024/04/02 19:34:25 Sent {"src":"n0","dest":"c10","body":{"in_reply_to":3,"messages":[0,3],"type":"read_ok"}}
2024/04/02 19:34:25 Received {c10 n0 {"type":"read","msg_id":4}}
2024/04/02 19:34:25 Sent {"src":"n0","dest":"c10","body":{"in_reply_to":4,"messages":[0,3],"type":"read_ok"}}
2024/04/02 19:34:25 Sent {"src":"n0","dest":"n3","body":{"message":0,"msg_id":5,"type":"broadcast"}}
2024/04/02 19:34:25 Sent {"src":"n0","dest":"n1","body":{"message":0,"msg_id":6,"type":"broadcast"}}
2024/04/02 19:34:25 Received {n1 n0 {"message":0,"msg_id":9,"type":"broadcast"}}
2024/04/02 19:34:25 Sent {"src":"n0","dest":"n1","body":{"in_reply_to":9,"type":"broadcast_ok"}}
2024/04/02 19:34:25 Received {n1 n0 {"in_reply_to":6,"type":"broadcast_ok"}}
2024/04/02 19:34:25 from n0, to n1, sent {broadcast 0}
2024/04/02 19:34:25 Received {c10 n0 {"type":"broadcast","message":4,"msg_id":5}}
2024/04/02 19:34:25 Sent {"src":"n0","dest":"c10","body":{"in_reply_to":5,"type":"broadcast_ok"}}
2024/04/02 19:34:25 Sent {"src":"n0","dest":"n3","body":{"message":4,"msg_id":7,"type":"broadcast"}}
2024/04/02 19:34:25 Sent {"src":"n0","dest":"n1","body":{"message":4,"msg_id":8,"type":"broadcast"}}
2024/04/02 19:34:25 Received {n1 n0 {"in_reply_to":8,"type":"broadcast_ok"}}
2024/04/02 19:34:25 from n0, to n1, sent {broadcast 4}
2024/04/02 19:34:25 Received {n1 n0 {"message":4,"msg_id":12,"type":"broadcast"}}
2024/04/02 19:34:25 Sent {"src":"n0","dest":"n1","body":{"in_reply_to":12,"type":"broadcast_ok"}}
2024/04/02 19:34:25 Received {n1 n0 {"message":5,"msg_id":15,"type":"broadcast"}}
2024/04/02 19:34:25 Sent {"src":"n0","dest":"n1","body":{"in_reply_to":15,"type":"broadcast_ok"}}
2024/04/02 19:34:25 Sent {"src":"n0","dest":"n3","body":{"message":5,"msg_id":9,"type":"broadcast"}}
2024/04/02 19:34:25 Sent {"src":"n0","dest":"n1","body":{"message":5,"msg_id":10,"type":"broadcast"}}
2024/04/02 19:34:25 Received {n1 n0 {"in_reply_to":10,"type":"broadcast_ok"}}
2024/04/02 19:34:25 from n0, to n1, sent {broadcast 5}
2024/04/02 19:34:26 Sent {"src":"n0","dest":"n3","body":{"message":3,"msg_id":11,"type":"broadcast"}}
2024/04/02 19:34:26 Sent {"src":"n0","dest":"n1","body":{"message":3,"msg_id":12,"type":"broadcast"}}
2024/04/02 19:34:26 Received {n1 n0 {"message":3,"msg_id":18,"type":"broadcast"}}
2024/04/02 19:34:26 Sent {"src":"n0","dest":"n1","body":{"in_reply_to":18,"type":"broadcast_ok"}}
2024/04/02 19:34:26 Received {n1 n0 {"in_reply_to":12,"type":"broadcast_ok"}}
2024/04/02 19:34:26 from n0, to n1, sent {broadcast 3}
2024/04/02 19:34:26 Received {c10 n0 {"type":"broadcast","message":7,"msg_id":6}}
2024/04/02 19:34:26 Sent {"src":"n0","dest":"c10","body":{"in_reply_to":6,"type":"broadcast_ok"}}
2024/04/02 19:34:26 Sent {"src":"n0","dest":"n3","body":{"message":7,"msg_id":13,"type":"broadcast"}}
2024/04/02 19:34:26 Sent {"src":"n0","dest":"n1","body":{"message":7,"msg_id":14,"type":"broadcast"}}
2024/04/02 19:34:26 Received {n1 n0 {"in_reply_to":14,"type":"broadcast_ok"}}
2024/04/02 19:34:26 from n0, to n1, sent {broadcast 7}
2024/04/02 19:34:26 Received {n1 n0 {"message":7,"msg_id":21,"type":"broadcast"}}
2024/04/02 19:34:26 Sent {"src":"n0","dest":"n1","body":{"in_reply_to":21,"type":"broadcast_ok"}}
2024/04/02 19:34:26 Received {c10 n0 {"type":"read","msg_id":7}}
2024/04/02 19:34:26 Sent {"src":"n0","dest":"c10","body":{"in_reply_to":7,"messages":[0,3,4,5,7],"type":"read_ok"}}
2024/04/02 19:34:26 Sent {"src":"n0","dest":"n3","body":{"message":0,"msg_id":15,"type":"broadcast"}}
2024/04/02 19:34:26 Sent {"src":"n0","dest":"n1","body":{"message":0,"msg_id":16,"type":"broadcast"}}
2024/04/02 19:34:26 Received {n1 n0 {"message":0,"msg_id":24,"type":"broadcast"}}
2024/04/02 19:34:26 Sent {"src":"n0","dest":"n1","body":{"in_reply_to":24,"type":"broadcast_ok"}}
2024/04/02 19:34:26 Received {n1 n0 {"in_reply_to":16,"type":"broadcast_ok"}}
2024/04/02 19:34:26 from n0, to n1, sent {broadcast 0}
2024/04/02 19:34:26 Received {n1 n0 {"message":8,"msg_id":27,"type":"broadcast"}}
2024/04/02 19:34:26 Sent {"src":"n0","dest":"n1","body":{"in_reply_to":27,"type":"broadcast_ok"}}
2024/04/02 19:34:26 Sent {"src":"n0","dest":"n3","body":{"message":8,"msg_id":17,"type":"broadcast"}}
2024/04/02 19:34:26 Sent {"src":"n0","dest":"n1","body":{"message":8,"msg_id":18,"type":"broadcast"}}
2024/04/02 19:34:26 Received {n1 n0 {"in_reply_to":18,"type":"broadcast_ok"}}
2024/04/02 19:34:26 from n0, to n1, sent {broadcast 8}
2024/04/02 19:34:26 Sent {"src":"n0","dest":"n3","body":{"message":4,"msg_id":19,"type":"broadcast"}}
2024/04/02 19:34:26 Sent {"src":"n0","dest":"n1","body":{"message":4,"msg_id":20,"type":"broadcast"}}
2024/04/02 19:34:26 Received {n1 n0 {"message":4,"msg_id":30,"type":"broadcast"}}
2024/04/02 19:34:26 Received {n1 n0 {"in_reply_to":20,"type":"broadcast_ok"}}
2024/04/02 19:34:26 Sent {"src":"n0","dest":"n1","body":{"in_reply_to":30,"type":"broadcast_ok"}}
2024/04/02 19:34:26 from n0, to n1, sent {broadcast 4}
2024/04/02 19:34:26 Received {n1 n0 {"message":5,"msg_id":33,"type":"broadcast"}}
2024/04/02 19:34:26 Sent {"src":"n0","dest":"n3","body":{"message":5,"msg_id":21,"type":"broadcast"}}
2024/04/02 19:34:26 Sent {"src":"n0","dest":"n1","body":{"message":5,"msg_id":22,"type":"broadcast"}}
2024/04/02 19:34:26 Sent {"src":"n0","dest":"n1","body":{"in_reply_to":33,"type":"broadcast_ok"}}
2024/04/02 19:34:26 Received {n1 n0 {"in_reply_to":22,"type":"broadcast_ok"}}
2024/04/02 19:34:26 from n0, to n1, sent {broadcast 5}
2024/04/02 19:34:27 Received {c10 n0 {"type":"broadcast","message":11,"msg_id":8}}
2024/04/02 19:34:27 Sent {"src":"n0","dest":"c10","body":{"in_reply_to":8,"type":"broadcast_ok"}}
2024/04/02 19:34:27 Sent {"src":"n0","dest":"n3","body":{"message":11,"msg_id":23,"type":"broadcast"}}
2024/04/02 19:34:27 Sent {"src":"n0","dest":"n1","body":{"message":11,"msg_id":24,"type":"broadcast"}}
2024/04/02 19:34:27 Received {n1 n0 {"in_reply_to":24,"type":"broadcast_ok"}}
2024/04/02 19:34:27 from n0, to n1, sent {broadcast 11}
2024/04/02 19:34:27 Received {n1 n0 {"message":11,"msg_id":36,"type":"broadcast"}}
2024/04/02 19:34:27 Sent {"src":"n0","dest":"n1","body":{"in_reply_to":36,"type":"broadcast_ok"}}
2024/04/02 19:34:27 Sent {"src":"n0","dest":"n3","body":{"message":3,"msg_id":25,"type":"broadcast"}}
2024/04/02 19:34:27 Sent {"src":"n0","dest":"n1","body":{"message":3,"msg_id":26,"type":"broadcast"}}
2024/04/02 19:34:27 Received {n1 n0 {"in_reply_to":26,"type":"broadcast_ok"}}
2024/04/02 19:34:27 from n0, to n1, sent {broadcast 3}
2024/04/02 19:34:27 Received {n1 n0 {"message":3,"msg_id":39,"type":"broadcast"}}
2024/04/02 19:34:27 Sent {"src":"n0","dest":"n1","body":{"in_reply_to":39,"type":"broadcast_ok"}}
2024/04/02 19:34:27 Received {c10 n0 {"type":"broadcast","message":12,"msg_id":9}}
2024/04/02 19:34:27 Sent {"src":"n0","dest":"c10","body":{"in_reply_to":9,"type":"broadcast_ok"}}
2024/04/02 19:34:27 Sent {"src":"n0","dest":"n3","body":{"message":12,"msg_id":27,"type":"broadcast"}}
2024/04/02 19:34:27 Sent {"src":"n0","dest":"n1","body":{"message":12,"msg_id":28,"type":"broadcast"}}
2024/04/02 19:34:27 Received {n1 n0 {"in_reply_to":28,"type":"broadcast_ok"}}
2024/04/02 19:34:27 from n0, to n1, sent {broadcast 12}
2024/04/02 19:34:27 Received {n1 n0 {"message":12,"msg_id":42,"type":"broadcast"}}
2024/04/02 19:34:27 Sent {"src":"n0","dest":"n1","body":{"in_reply_to":42,"type":"broadcast_ok"}}
2024/04/02 19:34:27 Received {n1 n0 {"message":13,"msg_id":45,"type":"broadcast"}}
2024/04/02 19:34:27 Sent {"src":"n0","dest":"n1","body":{"in_reply_to":45,"type":"broadcast_ok"}}
2024/04/02 19:34:27 Sent {"src":"n0","dest":"n3","body":{"message":13,"msg_id":29,"type":"broadcast"}}
2024/04/02 19:34:27 Sent {"src":"n0","dest":"n1","body":{"message":13,"msg_id":30,"type":"broadcast"}}
2024/04/02 19:34:27 Received {n1 n0 {"in_reply_to":30,"type":"broadcast_ok"}}
2024/04/02 19:34:27 from n0, to n1, sent {broadcast 13}
2024/04/02 19:34:27 Sent {"src":"n0","dest":"n3","body":{"message":7,"msg_id":31,"type":"broadcast"}}
2024/04/02 19:34:27 Sent {"src":"n0","dest":"n1","body":{"message":7,"msg_id":32,"type":"broadcast"}}
2024/04/02 19:34:27 Received {n1 n0 {"message":7,"msg_id":48,"type":"broadcast"}}
2024/04/02 19:34:27 Sent {"src":"n0","dest":"n1","body":{"in_reply_to":48,"type":"broadcast_ok"}}
2024/04/02 19:34:27 Received {n1 n0 {"in_reply_to":32,"type":"broadcast_ok"}}
2024/04/02 19:34:27 from n0, to n1, sent {broadcast 7}
2024/04/02 19:34:27 Sent {"src":"n0","dest":"n3","body":{"message":0,"msg_id":33,"type":"broadcast"}}
2024/04/02 19:34:27 Sent {"src":"n0","dest":"n1","body":{"message":0,"msg_id":34,"type":"broadcast"}}
2024/04/02 19:34:27 Received {n1 n0 {"message":0,"msg_id":51,"type":"broadcast"}}
2024/04/02 19:34:27 Sent {"src":"n0","dest":"n1","body":{"in_reply_to":51,"type":"broadcast_ok"}}
2024/04/02 19:34:27 Received {n1 n0 {"in_reply_to":34,"type":"broadcast_ok"}}
2024/04/02 19:34:27 from n0, to n1, sent {broadcast 0}
2024/04/02 19:34:27 Received {n1 n0 {"message":8,"msg_id":54,"type":"broadcast"}}
2024/04/02 19:34:27 Sent {"src":"n0","dest":"n1","body":{"in_reply_to":54,"type":"broadcast_ok"}}
2024/04/02 19:34:27 Sent {"src":"n0","dest":"n3","body":{"message":8,"msg_id":35,"type":"broadcast"}}
2024/04/02 19:34:27 Sent {"src":"n0","dest":"n1","body":{"message":8,"msg_id":36,"type":"broadcast"}}
2024/04/02 19:34:27 Received {n1 n0 {"in_reply_to":36,"type":"broadcast_ok"}}
2024/04/02 19:34:27 from n0, to n1, sent {broadcast 8}
2024/04/02 19:34:27 Received {c10 n0 {"type":"read","msg_id":10}}
2024/04/02 19:34:27 Sent {"src":"n0","dest":"n3","body":{"message":4,"msg_id":37,"type":"broadcast"}}
2024/04/02 19:34:27 Sent {"src":"n0","dest":"n1","body":{"message":4,"msg_id":38,"type":"broadcast"}}
2024/04/02 19:34:27 Sent {"src":"n0","dest":"c10","body":{"in_reply_to":10,"messages":[0,3,4,5,7,8,11,12,13],"type":"read_ok"}}
2024/04/02 19:34:27 Received {n1 n0 {"in_reply_to":38,"type":"broadcast_ok"}}
2024/04/02 19:34:27 from n0, to n1, sent {broadcast 4}
2024/04/02 19:34:27 Received {n1 n0 {"message":4,"msg_id":57,"type":"broadcast"}}
2024/04/02 19:34:27 Sent {"src":"n0","dest":"n1","body":{"in_reply_to":57,"type":"broadcast_ok"}}
2024/04/02 19:34:27 Sent {"src":"n0","dest":"n3","body":{"message":5,"msg_id":39,"type":"broadcast"}}
2024/04/02 19:34:27 Sent {"src":"n0","dest":"n1","body":{"message":5,"msg_id":40,"type":"broadcast"}}
2024/04/02 19:34:27 Received {n1 n0 {"message":5,"msg_id":60,"type":"broadcast"}}
2024/04/02 19:34:27 Sent {"src":"n0","dest":"n1","body":{"in_reply_to":60,"type":"broadcast_ok"}}
2024/04/02 19:34:27 Received {n1 n0 {"in_reply_to":40,"type":"broadcast_ok"}}
2024/04/02 19:34:27 from n0, to n1, sent {broadcast 5}
2024/04/02 19:34:27 Received {c10 n0 {"type":"read","msg_id":11}}
2024/04/02 19:34:27 Sent {"src":"n0","dest":"c10","body":{"in_reply_to":11,"messages":[0,3,4,5,7,8,11,12,13],"type":"read_ok"}}
2024/04/02 19:34:28 Sent {"src":"n0","dest":"n3","body":{"message":11,"msg_id":41,"type":"broadcast"}}
2024/04/02 19:34:28 Sent {"src":"n0","dest":"n1","body":{"message":11,"msg_id":42,"type":"broadcast"}}
2024/04/02 19:34:28 Received {n1 n0 {"message":11,"msg_id":63,"type":"broadcast"}}
2024/04/02 19:34:28 Received {n1 n0 {"in_reply_to":42,"type":"broadcast_ok"}}
2024/04/02 19:34:28 Sent {"src":"n0","dest":"n1","body":{"in_reply_to":63,"type":"broadcast_ok"}}
2024/04/02 19:34:28 from n0, to n1, sent {broadcast 11}
2024/04/02 19:34:28 Sent {"src":"n0","dest":"n3","body":{"message":3,"msg_id":43,"type":"broadcast"}}
2024/04/02 19:34:28 Sent {"src":"n0","dest":"n1","body":{"message":3,"msg_id":44,"type":"broadcast"}}
2024/04/02 19:34:28 Received {n1 n0 {"message":3,"msg_id":66,"type":"broadcast"}}
2024/04/02 19:34:28 Received {n1 n0 {"in_reply_to":44,"type":"broadcast_ok"}}
2024/04/02 19:34:28 Sent {"src":"n0","dest":"n1","body":{"in_reply_to":66,"type":"broadcast_ok"}}
2024/04/02 19:34:28 from n0, to n1, sent {broadcast 3}
2024/04/02 19:34:28 Sent {"src":"n0","dest":"n3","body":{"message":12,"msg_id":45,"type":"broadcast"}}
2024/04/02 19:34:28 Sent {"src":"n0","dest":"n1","body":{"message":12,"msg_id":46,"type":"broadcast"}}
2024/04/02 19:34:28 Received {n1 n0 {"message":12,"msg_id":69,"type":"broadcast"}}
2024/04/02 19:34:28 Received {n1 n0 {"in_reply_to":46,"type":"broadcast_ok"}}
2024/04/02 19:34:28 Sent {"src":"n0","dest":"n1","body":{"in_reply_to":69,"type":"broadcast_ok"}}
2024/04/02 19:34:28 from n0, to n1, sent {broadcast 12}
2024/04/02 19:34:28 Sent {"src":"n0","dest":"n3","body":{"message":13,"msg_id":47,"type":"broadcast"}}
2024/04/02 19:34:28 Sent {"src":"n0","dest":"n1","body":{"message":13,"msg_id":48,"type":"broadcast"}}
2024/04/02 19:34:28 Received {n1 n0 {"message":13,"msg_id":72,"type":"broadcast"}}
2024/04/02 19:34:28 Sent {"src":"n0","dest":"n1","body":{"in_reply_to":72,"type":"broadcast_ok"}}
2024/04/02 19:34:28 Received {n1 n0 {"in_reply_to":48,"type":"broadcast_ok"}}
2024/04/02 19:34:28 from n0, to n1, sent {broadcast 13}
2024/04/02 19:34:28 Sent {"src":"n0","dest":"n3","body":{"message":7,"msg_id":49,"type":"broadcast"}}
2024/04/02 19:34:28 Sent {"src":"n0","dest":"n1","body":{"message":7,"msg_id":50,"type":"broadcast"}}
2024/04/02 19:34:28 Received {n1 n0 {"message":7,"msg_id":75,"type":"broadcast"}}
2024/04/02 19:34:28 Sent {"src":"n0","dest":"n1","body":{"in_reply_to":75,"type":"broadcast_ok"}}
2024/04/02 19:34:28 Received {n1 n0 {"in_reply_to":50,"type":"broadcast_ok"}}
2024/04/02 19:34:28 from n0, to n1, sent {broadcast 7}
2024/04/02 19:34:28 Received {c10 n0 {"type":"read","msg_id":12}}
2024/04/02 19:34:28 Sent {"src":"n0","dest":"c10","body":{"in_reply_to":12,"messages":[0,3,4,5,7,8,11,12,13],"type":"read_ok"}}
2024/04/02 19:34:28 Sent {"src":"n0","dest":"n3","body":{"message":0,"msg_id":51,"type":"broadcast"}}
2024/04/02 19:34:28 Sent {"src":"n0","dest":"n1","body":{"message":0,"msg_id":52,"type":"broadcast"}}
2024/04/02 19:34:28 Received {n1 n0 {"message":0,"msg_id":78,"type":"broadcast"}}
2024/04/02 19:34:28 Sent {"src":"n0","dest":"n1","body":{"in_reply_to":78,"type":"broadcast_ok"}}
2024/04/02 19:34:28 Received {n1 n0 {"in_reply_to":52,"type":"broadcast_ok"}}
2024/04/02 19:34:28 from n0, to n1, sent {broadcast 0}
2024/04/02 19:34:28 Sent {"src":"n0","dest":"n3","body":{"message":8,"msg_id":53,"type":"broadcast"}}
2024/04/02 19:34:28 Sent {"src":"n0","dest":"n1","body":{"message":8,"msg_id":54,"type":"broadcast"}}
2024/04/02 19:34:28 Received {n1 n0 {"message":8,"msg_id":81,"type":"broadcast"}}
2024/04/02 19:34:28 Sent {"src":"n0","dest":"n1","body":{"in_reply_to":81,"type":"broadcast_ok"}}
2024/04/02 19:34:28 Received {n1 n0 {"in_reply_to":54,"type":"broadcast_ok"}}
2024/04/02 19:34:28 from n0, to n1, sent {broadcast 8}
2024/04/02 19:34:28 Received {c10 n0 {"type":"broadcast","message":16,"msg_id":13}}
2024/04/02 19:34:28 Sent {"src":"n0","dest":"c10","body":{"in_reply_to":13,"type":"broadcast_ok"}}
2024/04/02 19:34:28 Sent {"src":"n0","dest":"n3","body":{"message":16,"msg_id":55,"type":"broadcast"}}
2024/04/02 19:34:28 Sent {"src":"n0","dest":"n1","body":{"message":16,"msg_id":56,"type":"broadcast"}}
2024/04/02 19:34:28 Received {n1 n0 {"in_reply_to":56,"type":"broadcast_ok"}}
2024/04/02 19:34:28 from n0, to n1, sent {broadcast 16}
2024/04/02 19:34:28 Received {n1 n0 {"message":16,"msg_id":84,"type":"broadcast"}}
2024/04/02 19:34:28 Sent {"src":"n0","dest":"n1","body":{"in_reply_to":84,"type":"broadcast_ok"}}
2024/04/02 19:34:28 Sent {"src":"n0","dest":"n3","body":{"message":4,"msg_id":57,"type":"broadcast"}}
2024/04/02 19:34:28 Sent {"src":"n0","dest":"n1","body":{"message":4,"msg_id":58,"type":"broadcast"}}
2024/04/02 19:34:28 Received {n1 n0 {"message":4,"msg_id":87,"type":"broadcast"}}
2024/04/02 19:34:28 Received {n1 n0 {"in_reply_to":58,"type":"broadcast_ok"}}
2024/04/02 19:34:28 Sent {"src":"n0","dest":"n1","body":{"in_reply_to":87,"type":"broadcast_ok"}}
2024/04/02 19:34:28 from n0, to n1, sent {broadcast 4}
2024/04/02 19:34:28 Sent {"src":"n0","dest":"n3","body":{"message":5,"msg_id":59,"type":"broadcast"}}
2024/04/02 19:34:28 Sent {"src":"n0","dest":"n1","body":{"message":5,"msg_id":60,"type":"broadcast"}}
2024/04/02 19:34:28 Received {n1 n0 {"message":5,"msg_id":90,"type":"broadcast"}}
2024/04/02 19:34:28 Sent {"src":"n0","dest":"n1","body":{"in_reply_to":90,"type":"broadcast_ok"}}
2024/04/02 19:34:28 Received {n1 n0 {"in_reply_to":60,"type":"broadcast_ok"}}
2024/04/02 19:34:28 from n0, to n1, sent {broadcast 5}
2024/04/02 19:34:28 Received {n1 n0 {"message":17,"msg_id":93,"type":"broadcast"}}
2024/04/02 19:34:28 Sent {"src":"n0","dest":"n1","body":{"in_reply_to":93,"type":"broadcast_ok"}}
2024/04/02 19:34:28 Sent {"src":"n0","dest":"n3","body":{"message":17,"msg_id":61,"type":"broadcast"}}
2024/04/02 19:34:28 Sent {"src":"n0","dest":"n1","body":{"message":17,"msg_id":62,"type":"broadcast"}}
2024/04/02 19:34:28 Received {n1 n0 {"in_reply_to":62,"type":"broadcast_ok"}}
2024/04/02 19:34:28 from n0, to n1, sent {broadcast 17}
2024/04/02 19:34:29 Sent {"src":"n0","dest":"n3","body":{"message":11,"msg_id":63,"type":"broadcast"}}
2024/04/02 19:34:29 Sent {"src":"n0","dest":"n1","body":{"message":11,"msg_id":64,"type":"broadcast"}}
2024/04/02 19:34:29 Received {n1 n0 {"in_reply_to":64,"type":"broadcast_ok"}}
2024/04/02 19:34:29 Received {n1 n0 {"message":11,"msg_id":96,"type":"broadcast"}}
2024/04/02 19:34:29 from n0, to n1, sent {broadcast 11}
2024/04/02 19:34:29 Sent {"src":"n0","dest":"n1","body":{"in_reply_to":96,"type":"broadcast_ok"}}
2024/04/02 19:34:29 Sent {"src":"n0","dest":"n3","body":{"message":3,"msg_id":65,"type":"broadcast"}}
2024/04/02 19:34:29 Sent {"src":"n0","dest":"n1","body":{"message":3,"msg_id":66,"type":"broadcast"}}
2024/04/02 19:34:29 Received {n1 n0 {"in_reply_to":66,"type":"broadcast_ok"}}
2024/04/02 19:34:29 Received {n1 n0 {"message":3,"msg_id":99,"type":"broadcast"}}
2024/04/02 19:34:29 Sent {"src":"n0","dest":"n1","body":{"in_reply_to":99,"type":"broadcast_ok"}}
2024/04/02 19:34:29 from n0, to n1, sent {broadcast 3}
2024/04/02 19:34:29 Sent {"src":"n0","dest":"n3","body":{"message":12,"msg_id":67,"type":"broadcast"}}
2024/04/02 19:34:29 Sent {"src":"n0","dest":"n1","body":{"message":12,"msg_id":68,"type":"broadcast"}}
2024/04/02 19:34:29 Received {n1 n0 {"message":12,"msg_id":102,"type":"broadcast"}}
2024/04/02 19:34:29 Sent {"src":"n0","dest":"n1","body":{"in_reply_to":102,"type":"broadcast_ok"}}
2024/04/02 19:34:29 Received {n1 n0 {"in_reply_to":68,"type":"broadcast_ok"}}
2024/04/02 19:34:29 from n0, to n1, sent {broadcast 12}
2024/04/02 19:34:29 Sent {"src":"n0","dest":"n3","body":{"message":13,"msg_id":69,"type":"broadcast"}}
2024/04/02 19:34:29 Sent {"src":"n0","dest":"n1","body":{"message":13,"msg_id":70,"type":"broadcast"}}
2024/04/02 19:34:29 Received {n1 n0 {"message":13,"msg_id":105,"type":"broadcast"}}
2024/04/02 19:34:29 Sent {"src":"n0","dest":"n1","body":{"in_reply_to":105,"type":"broadcast_ok"}}
2024/04/02 19:34:29 Received {n1 n0 {"in_reply_to":70,"type":"broadcast_ok"}}
2024/04/02 19:34:29 from n0, to n1, sent {broadcast 13}
2024/04/02 19:34:29 Received {c10 n0 {"type":"read","msg_id":14}}
2024/04/02 19:34:29 Sent {"src":"n0","dest":"c10","body":{"in_reply_to":14,"messages":[0,3,4,5,7,8,11,12,13,16,17],"type":"read_ok"}}
2024/04/02 19:34:29 Sent {"src":"n0","dest":"n3","body":{"message":7,"msg_id":71,"type":"broadcast"}}
2024/04/02 19:34:29 Sent {"src":"n0","dest":"n1","body":{"message":7,"msg_id":72,"type":"broadcast"}}
2024/04/02 19:34:29 Received {n1 n0 {"message":7,"msg_id":108,"type":"broadcast"}}
2024/04/02 19:34:29 Sent {"src":"n0","dest":"n1","body":{"in_reply_to":108,"type":"broadcast_ok"}}
2024/04/02 19:34:29 Received {n1 n0 {"in_reply_to":72,"type":"broadcast_ok"}}
2024/04/02 19:34:29 from n0, to n1, sent {broadcast 7}
2024/04/02 19:34:29 Received {c10 n0 {"type":"broadcast","message":20,"msg_id":15}}
2024/04/02 19:34:29 Sent {"src":"n0","dest":"c10","body":{"in_reply_to":15,"type":"broadcast_ok"}}
2024/04/02 19:34:29 Sent {"src":"n0","dest":"n3","body":{"message":20,"msg_id":73,"type":"broadcast"}}
2024/04/02 19:34:29 Sent {"src":"n0","dest":"n1","body":{"message":20,"msg_id":74,"type":"broadcast"}}
2024/04/02 19:34:29 Received {n1 n0 {"in_reply_to":74,"type":"broadcast_ok"}}
2024/04/02 19:34:29 Received {n1 n0 {"message":20,"msg_id":111,"type":"broadcast"}}
2024/04/02 19:34:29 from n0, to n1, sent {broadcast 20}
2024/04/02 19:34:29 Sent {"src":"n0","dest":"n1","body":{"in_reply_to":111,"type":"broadcast_ok"}}
2024/04/02 19:34:29 Sent {"src":"n0","dest":"n3","body":{"message":0,"msg_id":75,"type":"broadcast"}}
2024/04/02 19:34:29 Sent {"src":"n0","dest":"n1","body":{"message":0,"msg_id":76,"type":"broadcast"}}
2024/04/02 19:34:29 Received {n1 n0 {"message":0,"msg_id":114,"type":"broadcast"}}
2024/04/02 19:34:29 Sent {"src":"n0","dest":"n1","body":{"in_reply_to":114,"type":"broadcast_ok"}}
2024/04/02 19:34:29 Received {n1 n0 {"in_reply_to":76,"type":"broadcast_ok"}}
2024/04/02 19:34:29 from n0, to n1, sent {broadcast 0}
2024/04/02 19:34:29 Received {n1 n0 {"message":8,"msg_id":117,"type":"broadcast"}}
2024/04/02 19:34:29 Sent {"src":"n0","dest":"n1","body":{"in_reply_to":117,"type":"broadcast_ok"}}
2024/04/02 19:34:29 Sent {"src":"n0","dest":"n3","body":{"message":8,"msg_id":77,"type":"broadcast"}}
2024/04/02 19:34:29 Sent {"src":"n0","dest":"n1","body":{"message":8,"msg_id":78,"type":"broadcast"}}
2024/04/02 19:34:29 Received {n1 n0 {"in_reply_to":78,"type":"broadcast_ok"}}
2024/04/02 19:34:29 from n0, to n1, sent {broadcast 8}
2024/04/02 19:34:29 Sent {"src":"n0","dest":"n3","body":{"message":16,"msg_id":79,"type":"broadcast"}}
2024/04/02 19:34:29 Sent {"src":"n0","dest":"n1","body":{"message":16,"msg_id":80,"type":"broadcast"}}
2024/04/02 19:34:29 Received {n1 n0 {"message":16,"msg_id":120,"type":"broadcast"}}
2024/04/02 19:34:29 Received {n1 n0 {"in_reply_to":80,"type":"broadcast_ok"}}
2024/04/02 19:34:29 Sent {"src":"n0","dest":"n1","body":{"in_reply_to":120,"type":"broadcast_ok"}}
2024/04/02 19:34:29 from n0, to n1, sent {broadcast 16}
2024/04/02 19:34:29 Sent {"src":"n0","dest":"n3","body":{"message":4,"msg_id":81,"type":"broadcast"}}
2024/04/02 19:34:29 Sent {"src":"n0","dest":"n1","body":{"message":4,"msg_id":82,"type":"broadcast"}}
2024/04/02 19:34:29 Received {n1 n0 {"in_reply_to":82,"type":"broadcast_ok"}}
2024/04/02 19:34:29 Received {n1 n0 {"message":4,"msg_id":123,"type":"broadcast"}}
2024/04/02 19:34:29 from n0, to n1, sent {broadcast 4}
2024/04/02 19:34:29 Sent {"src":"n0","dest":"n1","body":{"in_reply_to":123,"type":"broadcast_ok"}}
2024/04/02 19:34:29 Received {n1 n0 {"message":5,"msg_id":126,"type":"broadcast"}}
2024/04/02 19:34:29 Sent {"src":"n0","dest":"n3","body":{"message":5,"msg_id":83,"type":"broadcast"}}
2024/04/02 19:34:29 Sent {"src":"n0","dest":"n1","body":{"message":5,"msg_id":84,"type":"broadcast"}}
2024/04/02 19:34:29 Sent {"src":"n0","dest":"n1","body":{"in_reply_to":126,"type":"broadcast_ok"}}
2024/04/02 19:34:29 Received {n1 n0 {"in_reply_to":84,"type":"broadcast_ok"}}
2024/04/02 19:34:29 from n0, to n1, sent {broadcast 5}
2024/04/02 19:34:29 Received {n1 n0 {"message":17,"msg_id":129,"type":"broadcast"}}
2024/04/02 19:34:29 Sent {"src":"n0","dest":"n3","body":{"message":17,"msg_id":85,"type":"broadcast"}}
2024/04/02 19:34:29 Sent {"src":"n0","dest":"n1","body":{"message":17,"msg_id":86,"type":"broadcast"}}
2024/04/02 19:34:29 Sent {"src":"n0","dest":"n1","body":{"in_reply_to":129,"type":"broadcast_ok"}}
2024/04/02 19:34:29 Received {n1 n0 {"in_reply_to":86,"type":"broadcast_ok"}}
2024/04/02 19:34:29 from n0, to n1, sent {broadcast 17}
2024/04/02 19:34:30 Sent {"src":"n0","dest":"n3","body":{"message":11,"msg_id":87,"type":"broadcast"}}
2024/04/02 19:34:30 Sent {"src":"n0","dest":"n1","body":{"message":11,"msg_id":88,"type":"broadcast"}}
2024/04/02 19:34:30 Received {n1 n0 {"in_reply_to":88,"type":"broadcast_ok"}}
2024/04/02 19:34:30 Received {n1 n0 {"message":11,"msg_id":132,"type":"broadcast"}}
2024/04/02 19:34:30 from n0, to n1, sent {broadcast 11}
2024/04/02 19:34:30 Sent {"src":"n0","dest":"n1","body":{"in_reply_to":132,"type":"broadcast_ok"}}
2024/04/02 19:34:30 Received {c10 n0 {"type":"read","msg_id":16}}
2024/04/02 19:34:30 Sent {"src":"n0","dest":"c10","body":{"in_reply_to":16,"messages":[0,3,4,5,7,8,11,12,13,16,17,20],"type":"read_ok"}}
2024/04/02 19:34:30 Sent {"src":"n0","dest":"n3","body":{"message":3,"msg_id":89,"type":"broadcast"}}
2024/04/02 19:34:30 Sent {"src":"n0","dest":"n1","body":{"message":3,"msg_id":90,"type":"broadcast"}}
2024/04/02 19:34:30 Received {n1 n0 {"message":3,"msg_id":135,"type":"broadcast"}}
2024/04/02 19:34:30 Sent {"src":"n0","dest":"n1","body":{"in_reply_to":135,"type":"broadcast_ok"}}
2024/04/02 19:34:30 Received {n1 n0 {"in_reply_to":90,"type":"broadcast_ok"}}
2024/04/02 19:34:30 from n0, to n1, sent {broadcast 3}
2024/04/02 19:34:30 Sent {"src":"n0","dest":"n3","body":{"message":12,"msg_id":91,"type":"broadcast"}}
2024/04/02 19:34:30 Sent {"src":"n0","dest":"n1","body":{"message":12,"msg_id":92,"type":"broadcast"}}
2024/04/02 19:34:30 Received {n1 n0 {"message":12,"msg_id":138,"type":"broadcast"}}
2024/04/02 19:34:30 Sent {"src":"n0","dest":"n1","body":{"in_reply_to":138,"type":"broadcast_ok"}}
2024/04/02 19:34:30 Received {n1 n0 {"in_reply_to":92,"type":"broadcast_ok"}}
2024/04/02 19:34:30 from n0, to n1, sent {broadcast 12}
2024/04/02 19:34:30 Received {n1 n0 {"message":13,"msg_id":141,"type":"broadcast"}}
2024/04/02 19:34:30 Sent {"src":"n0","dest":"n3","body":{"message":13,"msg_id":93,"type":"broadcast"}}
2024/04/02 19:34:30 Sent {"src":"n0","dest":"n1","body":{"message":13,"msg_id":94,"type":"broadcast"}}
2024/04/02 19:34:30 Sent {"src":"n0","dest":"n1","body":{"in_reply_to":141,"type":"broadcast_ok"}}
2024/04/02 19:34:30 Received {n1 n0 {"in_reply_to":94,"type":"broadcast_ok"}}
2024/04/02 19:34:30 from n0, to n1, sent {broadcast 13}
2024/04/02 19:34:30 Received {c10 n0 {"type":"read","msg_id":17}}
2024/04/02 19:34:30 Sent {"src":"n0","dest":"c10","body":{"in_reply_to":17,"messages":[0,3,4,5,7,8,11,12,13,16,17,20],"type":"read_ok"}}
2024/04/02 19:34:30 Sent {"src":"n0","dest":"n3","body":{"message":7,"msg_id":95,"type":"broadcast"}}
2024/04/02 19:34:30 Sent {"src":"n0","dest":"n1","body":{"message":7,"msg_id":96,"type":"broadcast"}}
2024/04/02 19:34:30 Received {n1 n0 {"message":7,"msg_id":144,"type":"broadcast"}}
2024/04/02 19:34:30 Sent {"src":"n0","dest":"n1","body":{"in_reply_to":144,"type":"broadcast_ok"}}
2024/04/02 19:34:30 Received {n1 n0 {"in_reply_to":96,"type":"broadcast_ok"}}
2024/04/02 19:34:30 from n0, to n1, sent {broadcast 7}
2024/04/02 19:34:30 Sent {"src":"n0","dest":"n3","body":{"message":20,"msg_id":97,"type":"broadcast"}}
2024/04/02 19:34:30 Sent {"src":"n0","dest":"n1","body":{"message":20,"msg_id":98,"type":"broadcast"}}
2024/04/02 19:34:30 Received {n1 n0 {"message":20,"msg_id":147,"type":"broadcast"}}
2024/04/02 19:34:30 Sent {"src":"n0","dest":"n1","body":{"in_reply_to":147,"type":"broadcast_ok"}}
2024/04/02 19:34:30 Received {n1 n0 {"in_reply_to":98,"type":"broadcast_ok"}}
2024/04/02 19:34:30 from n0, to n1, sent {broadcast 20}
2024/04/02 19:34:30 Received {c10 n0 {"type":"read","msg_id":18}}
2024/04/02 19:34:30 Sent {"src":"n0","dest":"c10","body":{"in_reply_to":18,"messages":[0,3,4,5,7,8,11,12,13,16,17,20],"type":"read_ok"}}
2024/04/02 19:34:30 Received {c10 n0 {"type":"read","msg_id":19}}
2024/04/02 19:34:30 Sent {"src":"n0","dest":"c10","body":{"in_reply_to":19,"messages":[0,3,4,5,7,8,11,12,13,16,17,20],"type":"read_ok"}}
2024/04/02 19:34:30 Sent {"src":"n0","dest":"n3","body":{"message":0,"msg_id":99,"type":"broadcast"}}
2024/04/02 19:34:30 Sent {"src":"n0","dest":"n1","body":{"message":0,"msg_id":100,"type":"broadcast"}}
2024/04/02 19:34:30 Received {n1 n0 {"message":0,"msg_id":150,"type":"broadcast"}}
2024/04/02 19:34:30 Sent {"src":"n0","dest":"n1","body":{"in_reply_to":150,"type":"broadcast_ok"}}
2024/04/02 19:34:30 Received {n1 n0 {"in_reply_to":100,"type":"broadcast_ok"}}
2024/04/02 19:34:30 from n0, to n1, sent {broadcast 0}
2024/04/02 19:34:30 Received {n1 n0 {"message":8,"msg_id":153,"type":"broadcast"}}
2024/04/02 19:34:30 Sent {"src":"n0","dest":"n1","body":{"in_reply_to":153,"type":"broadcast_ok"}}
2024/04/02 19:34:30 Sent {"src":"n0","dest":"n3","body":{"message":8,"msg_id":101,"type":"broadcast"}}
2024/04/02 19:34:30 Sent {"src":"n0","dest":"n1","body":{"message":8,"msg_id":102,"type":"broadcast"}}
2024/04/02 19:34:30 Received {n1 n0 {"in_reply_to":102,"type":"broadcast_ok"}}
2024/04/02 19:34:30 from n0, to n1, sent {broadcast 8}
2024/04/02 19:34:30 Sent {"src":"n0","dest":"n3","body":{"message":16,"msg_id":103,"type":"broadcast"}}
2024/04/02 19:34:30 Sent {"src":"n0","dest":"n1","body":{"message":16,"msg_id":104,"type":"broadcast"}}
2024/04/02 19:34:30 Received {n1 n0 {"message":16,"msg_id":156,"type":"broadcast"}}
2024/04/02 19:34:30 Sent {"src":"n0","dest":"n1","body":{"in_reply_to":156,"type":"broadcast_ok"}}
2024/04/02 19:34:30 Received {n1 n0 {"in_reply_to":104,"type":"broadcast_ok"}}
2024/04/02 19:34:30 from n0, to n1, sent {broadcast 16}
2024/04/02 19:34:30 Sent {"src":"n0","dest":"n3","body":{"message":4,"msg_id":105,"type":"broadcast"}}
2024/04/02 19:34:30 Sent {"src":"n0","dest":"n1","body":{"message":4,"msg_id":106,"type":"broadcast"}}
2024/04/02 19:34:30 Received {n1 n0 {"message":4,"msg_id":159,"type":"broadcast"}}
2024/04/02 19:34:30 Received {n1 n0 {"in_reply_to":106,"type":"broadcast_ok"}}
2024/04/02 19:34:30 Sent {"src":"n0","dest":"n1","body":{"in_reply_to":159,"type":"broadcast_ok"}}
2024/04/02 19:34:30 from n0, to n1, sent {broadcast 4}
2024/04/02 19:34:30 Sent {"src":"n0","dest":"n3","body":{"message":5,"msg_id":107,"type":"broadcast"}}
2024/04/02 19:34:30 Sent {"src":"n0","dest":"n1","body":{"message":5,"msg_id":108,"type":"broadcast"}}
2024/04/02 19:34:30 Received {n1 n0 {"message":5,"msg_id":162,"type":"broadcast"}}
2024/04/02 19:34:30 Sent {"src":"n0","dest":"n1","body":{"in_reply_to":162,"type":"broadcast_ok"}}
2024/04/02 19:34:30 Received {n1 n0 {"in_reply_to":108,"type":"broadcast_ok"}}
2024/04/02 19:34:30 from n0, to n1, sent {broadcast 5}
2024/04/02 19:34:30 Sent {"src":"n0","dest":"n3","body":{"message":17,"msg_id":109,"type":"broadcast"}}
2024/04/02 19:34:30 Sent {"src":"n0","dest":"n1","body":{"message":17,"msg_id":110,"type":"broadcast"}}
2024/04/02 19:34:30 Received {n1 n0 {"message":17,"msg_id":165,"type":"broadcast"}}
2024/04/02 19:34:30 Sent {"src":"n0","dest":"n1","body":{"in_reply_to":165,"type":"broadcast_ok"}}
2024/04/02 19:34:30 Received {n1 n0 {"in_reply_to":110,"type":"broadcast_ok"}}
2024/04/02 19:34:30 from n0, to n1, sent {broadcast 17}
2024/04/02 19:34:31 Sent {"src":"n0","dest":"n3","body":{"message":11,"msg_id":111,"type":"broadcast"}}
2024/04/02 19:34:31 Sent {"src":"n0","dest":"n1","body":{"message":11,"msg_id":112,"type":"broadcast"}}
2024/04/02 19:34:31 Received {n1 n0 {"message":11,"msg_id":168,"type":"broadcast"}}
2024/04/02 19:34:31 Received {n1 n0 {"in_reply_to":112,"type":"broadcast_ok"}}
2024/04/02 19:34:31 Sent {"src":"n0","dest":"n1","body":{"in_reply_to":168,"type":"broadcast_ok"}}
2024/04/02 19:34:31 from n0, to n1, sent {broadcast 11}
2024/04/02 19:34:31 Sent {"src":"n0","dest":"n3","body":{"message":3,"msg_id":113,"type":"broadcast"}}
2024/04/02 19:34:31 Sent {"src":"n0","dest":"n1","body":{"message":3,"msg_id":114,"type":"broadcast"}}
2024/04/02 19:34:31 Received {n1 n0 {"message":3,"msg_id":171,"type":"broadcast"}}
2024/04/02 19:34:31 Sent {"src":"n0","dest":"n1","body":{"in_reply_to":171,"type":"broadcast_ok"}}
2024/04/02 19:34:31 Received {n1 n0 {"in_reply_to":114,"type":"broadcast_ok"}}
2024/04/02 19:34:31 from n0, to n1, sent {broadcast 3}
2024/04/02 19:34:31 Received {c10 n0 {"type":"read","msg_id":20}}
2024/04/02 19:34:31 Sent {"src":"n0","dest":"c10","body":{"in_reply_to":20,"messages":[0,3,4,5,7,8,11,12,13,16,17,20],"type":"read_ok"}}
2024/04/02 19:34:31 Sent {"src":"n0","dest":"n3","body":{"message":12,"msg_id":115,"type":"broadcast"}}
2024/04/02 19:34:31 Sent {"src":"n0","dest":"n1","body":{"message":12,"msg_id":116,"type":"broadcast"}}
2024/04/02 19:34:31 Received {n1 n0 {"message":12,"msg_id":174,"type":"broadcast"}}
2024/04/02 19:34:31 Sent {"src":"n0","dest":"n1","body":{"in_reply_to":174,"type":"broadcast_ok"}}
2024/04/02 19:34:31 Received {n1 n0 {"in_reply_to":116,"type":"broadcast_ok"}}
2024/04/02 19:34:31 from n0, to n1, sent {broadcast 12}
2024/04/02 19:34:31 Received {c10 n0 {"type":"read","msg_id":21}}
2024/04/02 19:34:31 Sent {"src":"n0","dest":"c10","body":{"in_reply_to":21,"messages":[0,3,4,5,7,8,11,12,13,16,17,20],"type":"read_ok"}}
2024/04/02 19:34:31 Received {n1 n0 {"message":28,"msg_id":177,"type":"broadcast"}}
2024/04/02 19:34:31 Sent {"src":"n0","dest":"n1","body":{"in_reply_to":177,"type":"broadcast_ok"}}
2024/04/02 19:34:31 Sent {"src":"n0","dest":"n3","body":{"message":28,"msg_id":117,"type":"broadcast"}}
2024/04/02 19:34:31 Sent {"src":"n0","dest":"n1","body":{"message":28,"msg_id":118,"type":"broadcast"}}
2024/04/02 19:34:31 Received {n1 n0 {"in_reply_to":118,"type":"broadcast_ok"}}
2024/04/02 19:34:31 from n0, to n1, sent {broadcast 28}
2024/04/02 19:34:31 Received {n1 n0 {"message":13,"msg_id":180,"type":"broadcast"}}
2024/04/02 19:34:31 Sent {"src":"n0","dest":"n1","body":{"in_reply_to":180,"type":"broadcast_ok"}}
2024/04/02 19:34:31 Sent {"src":"n0","dest":"n3","body":{"message":13,"msg_id":119,"type":"broadcast"}}
2024/04/02 19:34:31 Sent {"src":"n0","dest":"n1","body":{"message":13,"msg_id":120,"type":"broadcast"}}
2024/04/02 19:34:31 Received {n1 n0 {"in_reply_to":120,"type":"broadcast_ok"}}
2024/04/02 19:34:31 from n0, to n1, sent {broadcast 13}
2024/04/02 19:34:31 Sent {"src":"n0","dest":"n3","body":{"message":7,"msg_id":121,"type":"broadcast"}}
2024/04/02 19:34:31 Sent {"src":"n0","dest":"n1","body":{"message":7,"msg_id":122,"type":"broadcast"}}
2024/04/02 19:34:31 Received {n1 n0 {"message":7,"msg_id":183,"type":"broadcast"}}
2024/04/02 19:34:31 Sent {"src":"n0","dest":"n1","body":{"in_reply_to":183,"type":"broadcast_ok"}}
2024/04/02 19:34:31 Received {n1 n0 {"in_reply_to":122,"type":"broadcast_ok"}}
2024/04/02 19:34:31 from n0, to n1, sent {broadcast 7}
2024/04/02 19:34:31 Sent {"src":"n0","dest":"n3","body":{"message":20,"msg_id":123,"type":"broadcast"}}
2024/04/02 19:34:31 Sent {"src":"n0","dest":"n1","body":{"message":20,"msg_id":124,"type":"broadcast"}}
2024/04/02 19:34:31 Received {n1 n0 {"message":20,"msg_id":186,"type":"broadcast"}}
2024/04/02 19:34:31 Sent {"src":"n0","dest":"n1","body":{"in_reply_to":186,"type":"broadcast_ok"}}
2024/04/02 19:34:31 Received {n1 n0 {"in_reply_to":124,"type":"broadcast_ok"}}
2024/04/02 19:34:31 from n0, to n1, sent {broadcast 20}
2024/04/02 19:34:31 Received {c10 n0 {"type":"broadcast","message":31,"msg_id":22}}
2024/04/02 19:34:31 Sent {"src":"n0","dest":"c10","body":{"in_reply_to":22,"type":"broadcast_ok"}}
2024/04/02 19:34:31 Sent {"src":"n0","dest":"n3","body":{"message":31,"msg_id":125,"type":"broadcast"}}
2024/04/02 19:34:31 Sent {"src":"n0","dest":"n1","body":{"message":31,"msg_id":126,"type":"broadcast"}}
2024/04/02 19:34:31 Received {n1 n0 {"in_reply_to":126,"type":"broadcast_ok"}}
2024/04/02 19:34:31 Received {n1 n0 {"message":31,"msg_id":189,"type":"broadcast"}}
2024/04/02 19:34:31 from n0, to n1, sent {broadcast 31}
2024/04/02 19:34:31 Sent {"src":"n0","dest":"n1","body":{"in_reply_to":189,"type":"broadcast_ok"}}
2024/04/02 19:34:31 Received {c10 n0 {"type":"read","msg_id":23}}
2024/04/02 19:34:31 Sent {"src":"n0","dest":"c10","body":{"in_reply_to":23,"messages":[0,3,4,5,7,8,11,12,13,16,17,20,28,31],"type":"read_ok"}}
2024/04/02 19:34:31 Received {n1 n0 {"message":32,"msg_id":192,"type":"broadcast"}}
2024/04/02 19:34:31 Sent {"src":"n0","dest":"n1","body":{"in_reply_to":192,"type":"broadcast_ok"}}
2024/04/02 19:34:31 Sent {"src":"n0","dest":"n3","body":{"message":32,"msg_id":127,"type":"broadcast"}}
2024/04/02 19:34:31 Sent {"src":"n0","dest":"n1","body":{"message":32,"msg_id":128,"type":"broadcast"}}
2024/04/02 19:34:31 Received {n1 n0 {"in_reply_to":128,"type":"broadcast_ok"}}
2024/04/02 19:34:31 from n0, to n1, sent {broadcast 32}
2024/04/02 19:34:31 Sent {"src":"n0","dest":"n3","body":{"message":0,"msg_id":129,"type":"broadcast"}}
2024/04/02 19:34:31 Sent {"src":"n0","dest":"n1","body":{"message":0,"msg_id":130,"type":"broadcast"}}
2024/04/02 19:34:31 Received {n1 n0 {"message":0,"msg_id":195,"type":"broadcast"}}
2024/04/02 19:34:31 Sent {"src":"n0","dest":"n1","body":{"in_reply_to":195,"type":"broadcast_ok"}}
2024/04/02 19:34:31 Received {n1 n0 {"in_reply_to":130,"type":"broadcast_ok"}}
2024/04/02 19:34:31 from n0, to n1, sent {broadcast 0}
2024/04/02 19:34:31 Received {n1 n0 {"message":8,"msg_id":198,"type":"broadcast"}}
2024/04/02 19:34:31 Sent {"src":"n0","dest":"n1","body":{"in_reply_to":198,"type":"broadcast_ok"}}
2024/04/02 19:34:31 Sent {"src":"n0","dest":"n3","body":{"message":8,"msg_id":131,"type":"broadcast"}}
2024/04/02 19:34:31 Sent {"src":"n0","dest":"n1","body":{"message":8,"msg_id":132,"type":"broadcast"}}
2024/04/02 19:34:31 Received {n1 n0 {"in_reply_to":132,"type":"broadcast_ok"}}
2024/04/02 19:34:31 from n0, to n1, sent {broadcast 8}
