2024-03-02 13:25:47,581{GMT}	INFO	[jepsen test runner] jepsen.core: Command line:
lein run test -w echo --bin /Users/lihaoyang/go/bin/maelstrom-echo --node-count 1 --time-limit 10
2024-03-02 13:25:47,621{GMT}	INFO	[jepsen test runner] jepsen.core: Running test:
{:args []
 :remote
 #jepsen.control.retry.Remote{:remote #jepsen.control.scp.Remote{:cmd-remote #jepsen.control.sshj.SSHJRemote{:concurrency-limit 6,
                                                                                                             :conn-spec nil,
                                                                                                             :client nil,
                                                                                                             :semaphore nil},
                                                                 :conn-spec nil},
                              :conn nil}
 :log-net-send false
 :node-count 1
 :availability nil
 :max-txn-length 4
 :concurrency 1
 :db
 #object[maelstrom.db$db$reify__16142
         "0x12c66345"
         "maelstrom.db$db$reify__16142@12c66345"]
 :max-writes-per-key 16
 :leave-db-running? false
 :name "echo"
 :logging-json? false
 :start-time
 #object[org.joda.time.DateTime "0xb0c4670" "2024-03-02T13:25:47.535+08:00"]
 :nemesis-interval 10
 :net
 #object[maelstrom.net$jepsen_net$reify__15251
         "0x5344b208"
         "maelstrom.net$jepsen_net$reify__15251@5344b208"]
 :client
 #object[maelstrom.workload.echo$client$reify__16863
         "0x30769e7a"
         "maelstrom.workload.echo$client$reify__16863@30769e7a"]
 :barrier
 #object[java.util.concurrent.CyclicBarrier
         "0x14021c10"
         "java.util.concurrent.CyclicBarrier@14021c10"]
 :log-stderr false
 :pure-generators true
 :ssh {:dummy? true}
 :rate 5
 :checker
 #object[jepsen.checker$compose$reify__11881
         "0x7dd4f726"
         "jepsen.checker$compose$reify__11881@7dd4f726"]
 :argv
 ("test"
  "-w"
  "echo"
  "--bin"
  "/Users/lihaoyang/go/bin/maelstrom-echo"
  "--node-count"
  "1"
  "--time-limit"
  "10")
 :nemesis
 (jepsen.nemesis.ReflCompose
  {:fm {:start-partition 0,
        :stop-partition 0,
        :kill 1,
        :start 1,
        :pause 1,
        :resume 1},
   :nemeses [#unprintable "jepsen.nemesis.combined$partition_nemesis$reify__16416@bf6de66"
             #unprintable "jepsen.nemesis.combined$db_nemesis$reify__16397@ff7042c"]})
 :nodes ["n0"]
 :test-count 1
 :latency {:mean 0, :dist :constant}
 :bin "/Users/lihaoyang/go/bin/maelstrom-echo"
 :generator
 (jepsen.generator.TimeLimit
  {:limit 10000000000,
   :cutoff nil,
   :gen (jepsen.generator.Any
         {:gens [(jepsen.generator.OnThreads
                  {:f #{:nemesis},
                   :context-filter #object[jepsen.generator.context$make_thread_filter$lazy_filter__9167
                                           "0x2339ad10"
                                           "jepsen.generator.context$make_thread_filter$lazy_filter__9167@2339ad10"],
                   :gen nil})
                 (jepsen.generator.OnThreads
                  {:f #jepsen.generator.context.AllBut{:element :nemesis},
                   :context-filter #object[jepsen.generator.context$make_thread_filter$lazy_filter__9167
                                           "0x1030ce34"
                                           "jepsen.generator.context$make_thread_filter$lazy_filter__9167@1030ce34"],
                   :gen (jepsen.generator.Stagger
                         {:dt 400000000,
                          :next-time nil,
                          :gen (jepsen.generator.EachThread
                                {:fresh-gen #object[maelstrom.workload.echo$workload$fn__16882
                                                    "0x74c3374f"
                                                    "maelstrom.workload.echo$workload$fn__16882@74c3374f"],
                                 :context-filters #object[clojure.core$promise$reify__8591
                                                          "0x3eea7c4b"
                                                          {:status :pending,
                                                           :val nil}],
                                 :gens {}})})})]})})
 :log-net-recv false
 :os
 #object[maelstrom.net$jepsen_os$reify__15254
         "0x50d507ab"
         "maelstrom.net$jepsen_os$reify__15254@50d507ab"]
 :time-limit 10
 :workload :echo
 :consistency-models [:strict-serializable]
 :topology :grid}

2024-03-02 13:25:48,505{GMT}	INFO	[jepsen node n0] maelstrom.net: Starting Maelstrom network
2024-03-02 13:25:48,506{GMT}	INFO	[jepsen test runner] jepsen.db: Tearing down DB
2024-03-02 13:25:48,507{GMT}	INFO	[jepsen test runner] jepsen.db: Setting up DB
2024-03-02 13:25:48,508{GMT}	INFO	[jepsen node n0] maelstrom.service: Starting services: (lin-kv lin-tso lww-kv seq-kv)
2024-03-02 13:25:48,508{GMT}	INFO	[jepsen node n0] maelstrom.db: Setting up n0
2024-03-02 13:25:48,509{GMT}	INFO	[jepsen node n0] maelstrom.process: launching /Users/lihaoyang/go/bin/maelstrom-echo []
2024-03-02 13:25:48,525{GMT}	INFO	[jepsen test runner] jepsen.core: Relative time begins now
2024-03-02 13:25:48,533{GMT}	INFO	[jepsen worker 0] jepsen.util: 0	:invoke	:echo	"Please echo 30"
2024-03-02 13:25:48,536{GMT}	INFO	[jepsen worker 0] jepsen.util: 0	:ok	:echo	{:echo "Please echo 30", :in_reply_to 1, :msg_id 1, :type "echo_ok"}
2024-03-02 13:25:48,913{GMT}	INFO	[jepsen worker 0] jepsen.util: 0	:invoke	:echo	"Please echo 114"
2024-03-02 13:25:48,917{GMT}	INFO	[jepsen worker 0] jepsen.util: 0	:ok	:echo	{:echo "Please echo 114", :in_reply_to 2, :msg_id 2, :type "echo_ok"}
2024-03-02 13:25:49,158{GMT}	INFO	[jepsen worker 0] jepsen.util: 0	:invoke	:echo	"Please echo 123"
2024-03-02 13:25:49,159{GMT}	INFO	[jepsen worker 0] jepsen.util: 0	:ok	:echo	{:echo "Please echo 123", :in_reply_to 3, :msg_id 3, :type "echo_ok"}
2024-03-02 13:25:49,241{GMT}	INFO	[jepsen worker 0] jepsen.util: 0	:invoke	:echo	"Please echo 109"
2024-03-02 13:25:49,243{GMT}	INFO	[jepsen worker 0] jepsen.util: 0	:ok	:echo	{:echo "Please echo 109", :in_reply_to 4, :msg_id 4, :type "echo_ok"}
2024-03-02 13:25:49,484{GMT}	INFO	[jepsen worker 0] jepsen.util: 0	:invoke	:echo	"Please echo 41"
2024-03-02 13:25:49,487{GMT}	INFO	[jepsen worker 0] jepsen.util: 0	:ok	:echo	{:echo "Please echo 41", :in_reply_to 5, :msg_id 5, :type "echo_ok"}
2024-03-02 13:25:49,538{GMT}	INFO	[jepsen worker 0] jepsen.util: 0	:invoke	:echo	"Please echo 31"
2024-03-02 13:25:49,539{GMT}	INFO	[jepsen worker 0] jepsen.util: 0	:ok	:echo	{:echo "Please echo 31", :in_reply_to 6, :msg_id 6, :type "echo_ok"}
2024-03-02 13:25:49,722{GMT}	INFO	[jepsen worker 0] jepsen.util: 0	:invoke	:echo	"Please echo 10"
2024-03-02 13:25:49,725{GMT}	INFO	[jepsen worker 0] jepsen.util: 0	:ok	:echo	{:echo "Please echo 10", :in_reply_to 7, :msg_id 7, :type "echo_ok"}
2024-03-02 13:25:50,072{GMT}	INFO	[jepsen worker 0] jepsen.util: 0	:invoke	:echo	"Please echo 56"
2024-03-02 13:25:50,075{GMT}	INFO	[jepsen worker 0] jepsen.util: 0	:ok	:echo	{:echo "Please echo 56", :in_reply_to 8, :msg_id 8, :type "echo_ok"}
2024-03-02 13:25:50,434{GMT}	INFO	[jepsen worker 0] jepsen.util: 0	:invoke	:echo	"Please echo 118"
2024-03-02 13:25:50,436{GMT}	INFO	[jepsen worker 0] jepsen.util: 0	:ok	:echo	{:echo "Please echo 118", :in_reply_to 9, :msg_id 9, :type "echo_ok"}
2024-03-02 13:25:50,448{GMT}	INFO	[jepsen worker 0] jepsen.util: 0	:invoke	:echo	"Please echo 56"
2024-03-02 13:25:50,449{GMT}	INFO	[jepsen worker 0] jepsen.util: 0	:ok	:echo	{:echo "Please echo 56", :in_reply_to 10, :msg_id 10, :type "echo_ok"}
2024-03-02 13:25:50,592{GMT}	INFO	[jepsen worker 0] jepsen.util: 0	:invoke	:echo	"Please echo 95"
2024-03-02 13:25:50,593{GMT}	INFO	[jepsen worker 0] jepsen.util: 0	:ok	:echo	{:echo "Please echo 95", :in_reply_to 11, :msg_id 11, :type "echo_ok"}
2024-03-02 13:25:50,599{GMT}	INFO	[jepsen worker 0] jepsen.util: 0	:invoke	:echo	"Please echo 27"
2024-03-02 13:25:50,600{GMT}	INFO	[jepsen worker 0] jepsen.util: 0	:ok	:echo	{:echo "Please echo 27", :in_reply_to 12, :msg_id 12, :type "echo_ok"}
2024-03-02 13:25:50,679{GMT}	INFO	[jepsen worker 0] jepsen.util: 0	:invoke	:echo	"Please echo 89"
2024-03-02 13:25:50,681{GMT}	INFO	[jepsen worker 0] jepsen.util: 0	:ok	:echo	{:echo "Please echo 89", :in_reply_to 13, :msg_id 13, :type "echo_ok"}
2024-03-02 13:25:50,744{GMT}	INFO	[jepsen worker 0] jepsen.util: 0	:invoke	:echo	"Please echo 2"
2024-03-02 13:25:50,746{GMT}	INFO	[jepsen worker 0] jepsen.util: 0	:ok	:echo	{:echo "Please echo 2", :in_reply_to 14, :msg_id 14, :type "echo_ok"}
2024-03-02 13:25:50,855{GMT}	INFO	[jepsen worker 0] jepsen.util: 0	:invoke	:echo	"Please echo 75"
2024-03-02 13:25:50,858{GMT}	INFO	[jepsen worker 0] jepsen.util: 0	:ok	:echo	{:echo "Please echo 75", :in_reply_to 15, :msg_id 15, :type "echo_ok"}
2024-03-02 13:25:50,978{GMT}	INFO	[jepsen worker 0] jepsen.util: 0	:invoke	:echo	"Please echo 81"
2024-03-02 13:25:50,980{GMT}	INFO	[jepsen worker 0] jepsen.util: 0	:ok	:echo	{:echo "Please echo 81", :in_reply_to 16, :msg_id 16, :type "echo_ok"}
2024-03-02 13:25:51,042{GMT}	INFO	[jepsen worker 0] jepsen.util: 0	:invoke	:echo	"Please echo 79"
2024-03-02 13:25:51,044{GMT}	INFO	[jepsen worker 0] jepsen.util: 0	:ok	:echo	{:echo "Please echo 79", :in_reply_to 17, :msg_id 17, :type "echo_ok"}
2024-03-02 13:25:51,412{GMT}	INFO	[jepsen worker 0] jepsen.util: 0	:invoke	:echo	"Please echo 84"
2024-03-02 13:25:51,416{GMT}	INFO	[jepsen worker 0] jepsen.util: 0	:ok	:echo	{:echo "Please echo 84", :in_reply_to 18, :msg_id 18, :type "echo_ok"}
2024-03-02 13:25:51,575{GMT}	INFO	[jepsen worker 0] jepsen.util: 0	:invoke	:echo	"Please echo 119"
2024-03-02 13:25:51,578{GMT}	INFO	[jepsen worker 0] jepsen.util: 0	:ok	:echo	{:echo "Please echo 119", :in_reply_to 19, :msg_id 19, :type "echo_ok"}
2024-03-02 13:25:51,634{GMT}	INFO	[jepsen worker 0] jepsen.util: 0	:invoke	:echo	"Please echo 77"
2024-03-02 13:25:51,636{GMT}	INFO	[jepsen worker 0] jepsen.util: 0	:ok	:echo	{:echo "Please echo 77", :in_reply_to 20, :msg_id 20, :type "echo_ok"}
2024-03-02 13:25:51,998{GMT}	INFO	[jepsen worker 0] jepsen.util: 0	:invoke	:echo	"Please echo 38"
2024-03-02 13:25:52,003{GMT}	INFO	[jepsen worker 0] jepsen.util: 0	:ok	:echo	{:echo "Please echo 38", :in_reply_to 21, :msg_id 21, :type "echo_ok"}
2024-03-02 13:25:52,322{GMT}	INFO	[jepsen worker 0] jepsen.util: 0	:invoke	:echo	"Please echo 61"
2024-03-02 13:25:52,326{GMT}	INFO	[jepsen worker 0] jepsen.util: 0	:ok	:echo	{:echo "Please echo 61", :in_reply_to 22, :msg_id 22, :type "echo_ok"}
2024-03-02 13:25:52,604{GMT}	INFO	[jepsen worker 0] jepsen.util: 0	:invoke	:echo	"Please echo 73"
2024-03-02 13:25:52,607{GMT}	INFO	[jepsen worker 0] jepsen.util: 0	:ok	:echo	{:echo "Please echo 73", :in_reply_to 23, :msg_id 23, :type "echo_ok"}
2024-03-02 13:25:52,846{GMT}	INFO	[jepsen worker 0] jepsen.util: 0	:invoke	:echo	"Please echo 108"
2024-03-02 13:25:52,849{GMT}	INFO	[jepsen worker 0] jepsen.util: 0	:ok	:echo	{:echo "Please echo 108", :in_reply_to 24, :msg_id 24, :type "echo_ok"}
2024-03-02 13:25:53,037{GMT}	INFO	[jepsen worker 0] jepsen.util: 0	:invoke	:echo	"Please echo 9"
2024-03-02 13:25:53,040{GMT}	INFO	[jepsen worker 0] jepsen.util: 0	:ok	:echo	{:echo "Please echo 9", :in_reply_to 25, :msg_id 25, :type "echo_ok"}
2024-03-02 13:25:53,300{GMT}	INFO	[jepsen worker 0] jepsen.util: 0	:invoke	:echo	"Please echo 111"
2024-03-02 13:25:53,303{GMT}	INFO	[jepsen worker 0] jepsen.util: 0	:ok	:echo	{:echo "Please echo 111", :in_reply_to 26, :msg_id 26, :type "echo_ok"}
2024-03-02 13:25:53,455{GMT}	INFO	[jepsen worker 0] jepsen.util: 0	:invoke	:echo	"Please echo 121"
2024-03-02 13:25:53,458{GMT}	INFO	[jepsen worker 0] jepsen.util: 0	:ok	:echo	{:echo "Please echo 121", :in_reply_to 27, :msg_id 27, :type "echo_ok"}
2024-03-02 13:25:53,605{GMT}	INFO	[jepsen worker 0] jepsen.util: 0	:invoke	:echo	"Please echo 12"
2024-03-02 13:25:53,607{GMT}	INFO	[jepsen worker 0] jepsen.util: 0	:ok	:echo	{:echo "Please echo 12", :in_reply_to 28, :msg_id 28, :type "echo_ok"}
2024-03-02 13:25:53,691{GMT}	INFO	[jepsen worker 0] jepsen.util: 0	:invoke	:echo	"Please echo 4"
2024-03-02 13:25:53,693{GMT}	INFO	[jepsen worker 0] jepsen.util: 0	:ok	:echo	{:echo "Please echo 4", :in_reply_to 29, :msg_id 29, :type "echo_ok"}
2024-03-02 13:25:54,032{GMT}	INFO	[jepsen worker 0] jepsen.util: 0	:invoke	:echo	"Please echo 75"
2024-03-02 13:25:54,034{GMT}	INFO	[jepsen worker 0] jepsen.util: 0	:ok	:echo	{:echo "Please echo 75", :in_reply_to 30, :msg_id 30, :type "echo_ok"}
2024-03-02 13:25:54,410{GMT}	INFO	[jepsen worker 0] jepsen.util: 0	:invoke	:echo	"Please echo 119"
2024-03-02 13:25:54,416{GMT}	INFO	[jepsen worker 0] jepsen.util: 0	:ok	:echo	{:echo "Please echo 119", :in_reply_to 31, :msg_id 31, :type "echo_ok"}
2024-03-02 13:25:54,696{GMT}	INFO	[jepsen worker 0] jepsen.util: 0	:invoke	:echo	"Please echo 25"
2024-03-02 13:25:54,699{GMT}	INFO	[jepsen worker 0] jepsen.util: 0	:ok	:echo	{:echo "Please echo 25", :in_reply_to 32, :msg_id 32, :type "echo_ok"}
2024-03-02 13:25:55,031{GMT}	INFO	[jepsen worker 0] jepsen.util: 0	:invoke	:echo	"Please echo 68"
2024-03-02 13:25:55,033{GMT}	INFO	[jepsen worker 0] jepsen.util: 0	:ok	:echo	{:echo "Please echo 68", :in_reply_to 33, :msg_id 33, :type "echo_ok"}
2024-03-02 13:25:55,410{GMT}	INFO	[jepsen worker 0] jepsen.util: 0	:invoke	:echo	"Please echo 40"
2024-03-02 13:25:55,412{GMT}	INFO	[jepsen worker 0] jepsen.util: 0	:ok	:echo	{:echo "Please echo 40", :in_reply_to 34, :msg_id 34, :type "echo_ok"}
2024-03-02 13:25:55,545{GMT}	INFO	[jepsen worker 0] jepsen.util: 0	:invoke	:echo	"Please echo 120"
2024-03-02 13:25:55,546{GMT}	INFO	[jepsen worker 0] jepsen.util: 0	:ok	:echo	{:echo "Please echo 120", :in_reply_to 35, :msg_id 35, :type "echo_ok"}
2024-03-02 13:25:55,566{GMT}	INFO	[jepsen worker 0] jepsen.util: 0	:invoke	:echo	"Please echo 15"
2024-03-02 13:25:55,567{GMT}	INFO	[jepsen worker 0] jepsen.util: 0	:ok	:echo	{:echo "Please echo 15", :in_reply_to 36, :msg_id 36, :type "echo_ok"}
2024-03-02 13:25:55,920{GMT}	INFO	[jepsen worker 0] jepsen.util: 0	:invoke	:echo	"Please echo 115"
2024-03-02 13:25:55,922{GMT}	INFO	[jepsen worker 0] jepsen.util: 0	:ok	:echo	{:echo "Please echo 115", :in_reply_to 37, :msg_id 37, :type "echo_ok"}
2024-03-02 13:25:56,226{GMT}	INFO	[jepsen worker 0] jepsen.util: 0	:invoke	:echo	"Please echo 107"
2024-03-02 13:25:56,228{GMT}	INFO	[jepsen worker 0] jepsen.util: 0	:ok	:echo	{:echo "Please echo 107", :in_reply_to 38, :msg_id 38, :type "echo_ok"}
2024-03-02 13:25:56,482{GMT}	INFO	[jepsen worker 0] jepsen.util: 0	:invoke	:echo	"Please echo 41"
2024-03-02 13:25:56,484{GMT}	INFO	[jepsen worker 0] jepsen.util: 0	:ok	:echo	{:echo "Please echo 41", :in_reply_to 39, :msg_id 39, :type "echo_ok"}
2024-03-02 13:25:56,636{GMT}	INFO	[jepsen worker 0] jepsen.util: 0	:invoke	:echo	"Please echo 69"
2024-03-02 13:25:56,639{GMT}	INFO	[jepsen worker 0] jepsen.util: 0	:ok	:echo	{:echo "Please echo 69", :in_reply_to 40, :msg_id 40, :type "echo_ok"}
2024-03-02 13:25:57,019{GMT}	INFO	[jepsen worker 0] jepsen.util: 0	:invoke	:echo	"Please echo 56"
2024-03-02 13:25:57,022{GMT}	INFO	[jepsen worker 0] jepsen.util: 0	:ok	:echo	{:echo "Please echo 56", :in_reply_to 41, :msg_id 41, :type "echo_ok"}
2024-03-02 13:25:57,087{GMT}	INFO	[jepsen worker 0] jepsen.util: 0	:invoke	:echo	"Please echo 79"
2024-03-02 13:25:57,089{GMT}	INFO	[jepsen worker 0] jepsen.util: 0	:ok	:echo	{:echo "Please echo 79", :in_reply_to 42, :msg_id 42, :type "echo_ok"}
2024-03-02 13:25:57,170{GMT}	INFO	[jepsen worker 0] jepsen.util: 0	:invoke	:echo	"Please echo 1"
2024-03-02 13:25:57,172{GMT}	INFO	[jepsen worker 0] jepsen.util: 0	:ok	:echo	{:echo "Please echo 1", :in_reply_to 43, :msg_id 43, :type "echo_ok"}
2024-03-02 13:25:57,497{GMT}	INFO	[jepsen worker 0] jepsen.util: 0	:invoke	:echo	"Please echo 64"
2024-03-02 13:25:57,501{GMT}	INFO	[jepsen worker 0] jepsen.util: 0	:ok	:echo	{:echo "Please echo 64", :in_reply_to 44, :msg_id 44, :type "echo_ok"}
2024-03-02 13:25:57,515{GMT}	INFO	[jepsen worker 0] jepsen.util: 0	:invoke	:echo	"Please echo 115"
2024-03-02 13:25:57,517{GMT}	INFO	[jepsen worker 0] jepsen.util: 0	:ok	:echo	{:echo "Please echo 115", :in_reply_to 45, :msg_id 45, :type "echo_ok"}
2024-03-02 13:25:57,534{GMT}	INFO	[jepsen worker 0] jepsen.util: 0	:invoke	:echo	"Please echo 51"
2024-03-02 13:25:57,535{GMT}	INFO	[jepsen worker 0] jepsen.util: 0	:ok	:echo	{:echo "Please echo 51", :in_reply_to 46, :msg_id 46, :type "echo_ok"}
2024-03-02 13:25:57,932{GMT}	INFO	[jepsen worker 0] jepsen.util: 0	:invoke	:echo	"Please echo 117"
2024-03-02 13:25:57,934{GMT}	INFO	[jepsen worker 0] jepsen.util: 0	:ok	:echo	{:echo "Please echo 117", :in_reply_to 47, :msg_id 47, :type "echo_ok"}
2024-03-02 13:25:58,290{GMT}	INFO	[jepsen worker 0] jepsen.util: 0	:invoke	:echo	"Please echo 36"
2024-03-02 13:25:58,294{GMT}	INFO	[jepsen worker 0] jepsen.util: 0	:ok	:echo	{:echo "Please echo 36", :in_reply_to 48, :msg_id 48, :type "echo_ok"}
2024-03-02 13:25:58,520{GMT}	INFO	[jepsen worker 0] jepsen.util: 0	:invoke	:echo	"Please echo 2"
2024-03-02 13:25:58,523{GMT}	INFO	[jepsen worker 0] jepsen.util: 0	:ok	:echo	{:echo "Please echo 2", :in_reply_to 49, :msg_id 49, :type "echo_ok"}
2024-03-02 13:25:58,546{GMT}	INFO	[jepsen test runner] jepsen.core: Run complete, writing
2024-03-02 13:25:58,586{GMT}	INFO	[jepsen node n0] maelstrom.db: Tearing down n0
2024-03-02 13:25:59,547{GMT}	INFO	[jepsen node n0] maelstrom.net: Shutting down Maelstrom network
2024-03-02 13:25:59,549{GMT}	INFO	[jepsen test runner] jepsen.core: Analyzing...
2024-03-02 13:26:01,579{GMT}	INFO	[jepsen test runner] jepsen.core: Analysis complete
2024-03-02 13:26:01,583{GMT}	INFO	[jepsen results] jepsen.store: Wrote /Users/lihaoyang/maelstrom/store/echo/20240302T132547.535+0800/results.edn
2024-03-02 13:26:01,631{GMT}	INFO	[jepsen test runner] jepsen.core: {:perf {:latency-graph {:valid? true},
        :rate-graph {:valid? true},
        :valid? true},
 :timeline {:valid? true},
 :exceptions {:valid? true},
 :stats {:valid? true,
         :count 49,
         :ok-count 49,
         :fail-count 0,
         :info-count 0,
         :by-f {:echo {:valid? true,
                       :count 49,
                       :ok-count 49,
                       :fail-count 0,
                       :info-count 0}}},
 :availability {:valid? true, :ok-fraction 1.0},
 :net {:all {:send-count 100,
             :recv-count 100,
             :msg-count 100,
             :msgs-per-op 2.0408163},
       :clients {:send-count 100, :recv-count 100, :msg-count 100},
       :servers {:send-count 0,
                 :recv-count 0,
                 :msg-count 0,
                 :msgs-per-op 0.0},
       :valid? true},
 :workload {:valid? true, :errors ()},
 :valid? true}


Everything looks good! ヽ(‘ー`)ノ
