2024-03-07 15:30:47,915{GMT}	INFO	[jepsen test runner] jepsen.core: Command line:
lein run test -w unique-ids --bin /Users/lihaoyang/go/bin/maelstrom-unique-ids --time-limit 30 --rate 1000 --node-count 3 --availability total --nemesis partition
2024-03-07 15:30:47,955{GMT}	INFO	[jepsen test runner] jepsen.core: Running test:
{:args []
 :remote
 #jepsen.control.retry.Remote{:remote #jepsen.control.scp.Remote{:cmd-remote #jepsen.control.sshj.SSHJRemote{:concurrency-limit 6,
                                                                                                             :conn-spec nil,
                                                                                                             :client nil,
                                                                                                             :semaphore nil},
                                                                 :conn-spec nil},
                              :conn nil}
 :log-net-send false
 :node-count 3
 :availability :total
 :max-txn-length 4
 :concurrency 3
 :db
 #object[maelstrom.db$db$reify__16142
         "0x49de1717"
         "maelstrom.db$db$reify__16142@49de1717"]
 :max-writes-per-key 16
 :leave-db-running? false
 :name "unique-ids"
 :logging-json? false
 :start-time
 #object[org.joda.time.DateTime "0x2a71d430" "2024-03-07T15:30:47.893+08:00"]
 :nemesis-interval 10
 :net
 #object[maelstrom.net$jepsen_net$reify__15251
         "0xb0c4670"
         "maelstrom.net$jepsen_net$reify__15251@b0c4670"]
 :client
 #object[maelstrom.workload.unique_ids$client$reify__20074
         "0x5344b208"
         "maelstrom.workload.unique_ids$client$reify__20074@5344b208"]
 :barrier
 #object[java.util.concurrent.CyclicBarrier
         "0x30769e7a"
         "java.util.concurrent.CyclicBarrier@30769e7a"]
 :log-stderr false
 :pure-generators true
 :ssh {:dummy? true}
 :rate 1000.0
 :checker
 #object[jepsen.checker$compose$reify__11881
         "0x14021c10"
         "jepsen.checker$compose$reify__11881@14021c10"]
 :argv
 ("test"
  "-w"
  "unique-ids"
  "--bin"
  "/Users/lihaoyang/go/bin/maelstrom-unique-ids"
  "--time-limit"
  "30"
  "--rate"
  "1000"
  "--node-count"
  "3"
  "--availability"
  "total"
  "--nemesis"
  "partition")
 :nemesis
 (jepsen.nemesis.ReflCompose
  {:fm {:start-partition 0,
        :stop-partition 0,
        :kill 1,
        :start 1,
        :pause 1,
        :resume 1},
   :nemeses [#unprintable "jepsen.nemesis.combined$partition_nemesis$reify__16416@7dd4f726"
             #unprintable "jepsen.nemesis.combined$db_nemesis$reify__16397@bf6de66"]})
 :nodes ["n0" "n1" "n2"]
 :test-count 1
 :latency {:mean 0, :dist :constant}
 :bin "/Users/lihaoyang/go/bin/maelstrom-unique-ids"
 :generator
 (jepsen.generator.TimeLimit
  {:limit 30000000000,
   :cutoff nil,
   :gen (jepsen.generator.Any
         {:gens [(jepsen.generator.OnThreads
                  {:f #{:nemesis},
                   :context-filter #object[jepsen.generator.context$make_thread_filter$lazy_filter__9167
                                           "0x5dd2e62a"
                                           "jepsen.generator.context$make_thread_filter$lazy_filter__9167@5dd2e62a"],
                   :gen (jepsen.generator.Stagger
                         {:dt 20000000000,
                          :next-time nil,
                          :gen (jepsen.generator.FlipFlop
                                {:gens [#object[jepsen.nemesis.combined$partition_package$start__16420
                                                "0x2339ad10"
                                                "jepsen.nemesis.combined$partition_package$start__16420@2339ad10"]
                                        ({:type :info,
                                          :f :stop-partition,
                                          :value nil}
                                         {:type :info,
                                          :f :stop-partition,
                                          :value nil}
                                         {:type :info,
                                          :f :stop-partition,
                                          :value nil}
                                         {:type :info,
                                          :f :stop-partition,
                                          :value nil}
                                         {:type :info,
                                          :f :stop-partition,
                                          :value nil}
                                         {:type :info,
                                          :f :stop-partition,
                                          :value nil}
                                         {:type :info,
                                          :f :stop-partition,
                                          :value nil}
                                         {:type :info,
                                          :f :stop-partition,
                                          :value nil}
                                         ...)],
                                 :i 0})})})
                 (jepsen.generator.OnThreads
                  {:f #jepsen.generator.context.AllBut{:element :nemesis},
                   :context-filter #object[jepsen.generator.context$make_thread_filter$lazy_filter__9167
                                           "0x74c3374f"
                                           "jepsen.generator.context$make_thread_filter$lazy_filter__9167@74c3374f"],
                   :gen (jepsen.generator.Stagger
                         {:dt 2000000,
                          :next-time nil,
                          :gen (jepsen.generator.Repeat
                                {:remaining -1, :gen {:f :generate}})})})]})})
 :log-net-recv false
 :os
 #object[maelstrom.net$jepsen_os$reify__15254
         "0x3eea7c4b"
         "maelstrom.net$jepsen_os$reify__15254@3eea7c4b"]
 :time-limit 30
 :workload :unique-ids
 :consistency-models [:strict-serializable]
 :topology :grid}

2024-03-07 15:30:48,810{GMT}	INFO	[jepsen node n0] maelstrom.net: Starting Maelstrom network
2024-03-07 15:30:48,810{GMT}	INFO	[jepsen test runner] jepsen.db: Tearing down DB
2024-03-07 15:30:48,811{GMT}	INFO	[jepsen test runner] jepsen.db: Setting up DB
2024-03-07 15:30:48,812{GMT}	INFO	[jepsen node n2] maelstrom.db: Setting up n2
2024-03-07 15:30:48,812{GMT}	INFO	[jepsen node n1] maelstrom.db: Setting up n1
2024-03-07 15:30:48,812{GMT}	INFO	[jepsen node n2] maelstrom.process: launching /Users/lihaoyang/go/bin/maelstrom-unique-ids []
2024-03-07 15:30:48,812{GMT}	INFO	[jepsen node n1] maelstrom.process: launching /Users/lihaoyang/go/bin/maelstrom-unique-ids []
2024-03-07 15:30:48,813{GMT}	INFO	[jepsen node n0] maelstrom.service: Starting services: (lin-kv lin-tso lww-kv seq-kv)
2024-03-07 15:30:48,813{GMT}	INFO	[jepsen node n0] maelstrom.db: Setting up n0
2024-03-07 15:30:48,813{GMT}	INFO	[jepsen node n0] maelstrom.process: launching /Users/lihaoyang/go/bin/maelstrom-unique-ids []
2024-03-07 15:30:48,827{GMT}	INFO	[jepsen test runner] jepsen.core: Relative time begins now
2024-03-07 15:30:48,835{GMT}	INFO	[jepsen worker 0] jepsen.util: 0	:invoke	:generate	nil
2024-03-07 15:30:48,835{GMT}	INFO	[jepsen worker 1] jepsen.util: 1	:invoke	:generate	nil
2024-03-07 15:30:48,835{GMT}	INFO	[jepsen worker nemesis] jepsen.util: :nemesis	:info	:start-partition	:one
2024-03-07 15:30:48,836{GMT}	INFO	[jepsen worker 2] jepsen.util: 2	:invoke	:generate	nil
2024-03-07 15:30:48,843{GMT}	INFO	[jepsen worker nemesis] jepsen.util: :nemesis	:info	:start-partition	[:isolated {"n2" #{"n1" "n0"}, "n1" #{"n2"}, "n0" #{"n2"}}]
2024-03-07 15:30:53,841{GMT}	INFO	[jepsen worker 2] jepsen.util: 2	:info	:generate	nil	:net-timeout
2024-03-07 15:30:53,841{GMT}	INFO	[jepsen worker 0] jepsen.util: 0	:info	:generate	nil	:net-timeout
2024-03-07 15:30:53,842{GMT}	INFO	[jepsen worker 1] jepsen.util: 1	:info	:generate	nil	:net-timeout
2024-03-07 15:30:53,848{GMT}	INFO	[jepsen worker 0] jepsen.util: 3	:invoke	:generate	nil
2024-03-07 15:30:53,849{GMT}	INFO	[jepsen worker 1] jepsen.util: 4	:invoke	:generate	nil
2024-03-07 15:30:53,855{GMT}	INFO	[jepsen worker 2] jepsen.util: 5	:invoke	:generate	nil
2024-03-07 15:30:55,933{GMT}	INFO	[jepsen worker nemesis] jepsen.util: :nemesis	:info	:stop-partition	nil
2024-03-07 15:30:55,938{GMT}	INFO	[jepsen worker nemesis] jepsen.util: :nemesis	:info	:stop-partition	:network-healed
2024-03-07 15:30:58,852{GMT}	INFO	[jepsen worker 1] jepsen.util: 4	:info	:generate	nil	:net-timeout
2024-03-07 15:30:58,853{GMT}	INFO	[jepsen worker 1] jepsen.util: 7	:invoke	:generate	nil
2024-03-07 15:30:58,854{GMT}	INFO	[jepsen worker 0] jepsen.util: 3	:info	:generate	nil	:net-timeout
2024-03-07 15:30:58,857{GMT}	INFO	[jepsen worker 0] jepsen.util: 6	:invoke	:generate	nil
2024-03-07 15:30:58,856{GMT}	INFO	[jepsen worker 2] jepsen.util: 5	:info	:generate	nil	:net-timeout
2024-03-07 15:30:58,857{GMT}	INFO	[jepsen worker 2] jepsen.util: 8	:invoke	:generate	nil
2024-03-07 15:31:03,856{GMT}	INFO	[jepsen worker 1] jepsen.util: 7	:info	:generate	nil	:net-timeout
2024-03-07 15:31:03,857{GMT}	INFO	[jepsen worker 1] jepsen.util: 10	:invoke	:generate	nil
2024-03-07 15:31:03,859{GMT}	INFO	[jepsen worker 0] jepsen.util: 6	:info	:generate	nil	:net-timeout
2024-03-07 15:31:03,860{GMT}	INFO	[jepsen worker 0] jepsen.util: 9	:invoke	:generate	nil
2024-03-07 15:31:03,863{GMT}	INFO	[jepsen worker 2] jepsen.util: 8	:info	:generate	nil	:net-timeout
2024-03-07 15:31:03,864{GMT}	INFO	[jepsen worker 2] jepsen.util: 11	:invoke	:generate	nil
2024-03-07 15:31:08,857{GMT}	INFO	[jepsen worker 1] jepsen.util: 10	:info	:generate	nil	:net-timeout
2024-03-07 15:31:08,858{GMT}	INFO	[jepsen worker 1] jepsen.util: 13	:invoke	:generate	nil
2024-03-07 15:31:08,864{GMT}	INFO	[jepsen worker 0] jepsen.util: 9	:info	:generate	nil	:net-timeout
2024-03-07 15:31:08,865{GMT}	INFO	[jepsen worker 0] jepsen.util: 12	:invoke	:generate	nil
2024-03-07 15:31:08,869{GMT}	INFO	[jepsen worker 2] jepsen.util: 11	:info	:generate	nil	:net-timeout
2024-03-07 15:31:08,870{GMT}	INFO	[jepsen worker 2] jepsen.util: 14	:invoke	:generate	nil
2024-03-07 15:31:10,872{GMT}	INFO	[jepsen worker nemesis] jepsen.util: :nemesis	:info	:start-partition	:majority
2024-03-07 15:31:10,874{GMT}	INFO	[jepsen worker nemesis] jepsen.util: :nemesis	:info	:start-partition	[:isolated {"n1" #{"n2" "n0"}, "n2" #{"n1"}, "n0" #{"n1"}}]
2024-03-07 15:31:13,859{GMT}	INFO	[jepsen worker 1] jepsen.util: 13	:info	:generate	nil	:net-timeout
2024-03-07 15:31:13,861{GMT}	INFO	[jepsen worker 1] jepsen.util: 16	:invoke	:generate	nil
2024-03-07 15:31:13,869{GMT}	INFO	[jepsen worker 0] jepsen.util: 12	:info	:generate	nil	:net-timeout
2024-03-07 15:31:13,870{GMT}	INFO	[jepsen worker 0] jepsen.util: 15	:invoke	:generate	nil
2024-03-07 15:31:13,874{GMT}	INFO	[jepsen worker 2] jepsen.util: 14	:info	:generate	nil	:net-timeout
2024-03-07 15:31:13,876{GMT}	INFO	[jepsen worker 2] jepsen.util: 17	:invoke	:generate	nil
2024-03-07 15:31:18,216{GMT}	INFO	[jepsen worker nemesis] jepsen.util: :nemesis	:info	:stop-partition	nil
2024-03-07 15:31:18,216{GMT}	INFO	[jepsen worker nemesis] jepsen.util: :nemesis	:info	:stop-partition	:network-healed
2024-03-07 15:31:18,865{GMT}	INFO	[jepsen worker 1] jepsen.util: 16	:info	:generate	nil	:net-timeout
2024-03-07 15:31:18,875{GMT}	INFO	[jepsen worker 0] jepsen.util: 15	:info	:generate	nil	:net-timeout
2024-03-07 15:31:18,878{GMT}	INFO	[jepsen worker 2] jepsen.util: 17	:info	:generate	nil	:net-timeout
2024-03-07 15:31:18,916{GMT}	INFO	[jepsen test runner] jepsen.core: Run complete, writing
2024-03-07 15:31:18,972{GMT}	INFO	[jepsen node n0] maelstrom.db: Tearing down n0
2024-03-07 15:31:18,972{GMT}	INFO	[jepsen node n2] maelstrom.db: Tearing down n2
2024-03-07 15:31:18,972{GMT}	INFO	[jepsen node n1] maelstrom.db: Tearing down n1
2024-03-07 15:31:19,890{GMT}	INFO	[jepsen node n0] maelstrom.net: Shutting down Maelstrom network
2024-03-07 15:31:19,894{GMT}	WARN	[jepsen test runner] jepsen.core: Test crashed!
clojure.lang.ExceptionInfo: Node n1 crashed with exit status 1. Before crashing, it wrote to STDOUT:

{"src":"n1","dest":"c0","body":{"in_reply_to":1,"type":"init_ok"}}

And to STDERR:

2024/03/07 15:30:48 Received {c0 n1 {"type":"init","node_id":"n1","node_ids":["n0","n1","n2"],"msg_id":1}}
2024/03/07 15:30:48 Node n1 initialized
2024/03/07 15:30:48 Sent {"src":"n1","dest":"c0","body":{"in_reply_to":1,"type":"init_ok"}}
2024/03/07 15:30:48 Received {c7 n1 {"type":"generate","msg_id":1}}
2024/03/07 15:30:48 ERROR: No handler for {"id":7,"src":"c7","dest":"n1","body":{"type":"generate","msg_id":1}}

Full STDERR logs are available in /Users/lihaoyang/maelstrom/store/unique-ids/20240307T153047.893+0800/node-logs/n1.log
	at slingshot.support$stack_trace.invoke(support.clj:201)
	at maelstrom.process$stop_node_BANG_.invokeStatic(process.clj:239)
	at maelstrom.process$stop_node_BANG_.invoke(process.clj:217)
	at maelstrom.db$db$reify__16142.teardown_BANG_(db.clj:75)
	at jepsen.db$fn__8744$G__8725__8748.invoke(db.clj:12)
	at jepsen.db$fn__8744$G__8724__8753.invoke(db.clj:12)
	at clojure.core$partial$fn__5908.invoke(core.clj:2642)
	at jepsen.control$on_nodes$fn__8599.invoke(control.clj:314)
	at clojure.lang.AFn.applyToHelper(AFn.java:154)
	at clojure.lang.AFn.applyTo(AFn.java:144)
	at clojure.core$apply.invokeStatic(core.clj:667)
	at clojure.core$with_bindings_STAR_.invokeStatic(core.clj:1990)
	at clojure.core$with_bindings_STAR_.doInvoke(core.clj:1990)
	at clojure.lang.RestFn.applyTo(RestFn.java:142)
	at clojure.core$apply.invokeStatic(core.clj:671)
	at clojure.core$bound_fn_STAR_$fn__5818.doInvoke(core.clj:2020)
	at clojure.lang.RestFn.invoke(RestFn.java:408)
	at dom_top.core$real_pmap_helper$build_thread__211$fn__212.invoke(core.clj:163)
	at clojure.lang.AFn.applyToHelper(AFn.java:152)
	at clojure.lang.AFn.applyTo(AFn.java:144)
	at clojure.core$apply.invokeStatic(core.clj:667)
	at clojure.core$with_bindings_STAR_.invokeStatic(core.clj:1990)
	at clojure.core$with_bindings_STAR_.doInvoke(core.clj:1990)
	at clojure.lang.RestFn.invoke(RestFn.java:425)
	at clojure.lang.AFn.applyToHelper(AFn.java:156)
	at clojure.lang.RestFn.applyTo(RestFn.java:132)
	at clojure.core$apply.invokeStatic(core.clj:671)
	at clojure.core$bound_fn_STAR_$fn__5818.doInvoke(core.clj:2020)
	at clojure.lang.RestFn.invoke(RestFn.java:397)
	at clojure.lang.AFn.run(AFn.java:22)
	at java.base/java.lang.Thread.run(Thread.java:1583)
