2024-03-07 15:42:31,317{GMT}	INFO	[jepsen test runner] jepsen.core: Command line:
lein run test --bin /Users/lihaoyang/go/bin/maelstrom-echo --workload unique-ids
2024-03-07 15:42:31,353{GMT}	INFO	[jepsen test runner] jepsen.core: Running test:
{:args []
 :remote
 #jepsen.control.retry.Remote{:remote #jepsen.control.scp.Remote{:cmd-remote #jepsen.control.sshj.SSHJRemote{:concurrency-limit 6,
                                                                                                             :conn-spec nil,
                                                                                                             :client nil,
                                                                                                             :semaphore nil},
                                                                 :conn-spec nil},
                              :conn nil}
 :log-net-send false
 :node-count nil
 :availability nil
 :max-txn-length 4
 :concurrency 5
 :db
 #object[maelstrom.db$db$reify__16142
         "0x614427b2"
         "maelstrom.db$db$reify__16142@614427b2"]
 :max-writes-per-key 16
 :leave-db-running? false
 :name "unique-ids"
 :logging-json? false
 :start-time
 #object[org.joda.time.DateTime "0x49de1717" "2024-03-07T15:42:31.288+08:00"]
 :nemesis-interval 10
 :net
 #object[maelstrom.net$jepsen_net$reify__15251
         "0x12c66345"
         "maelstrom.net$jepsen_net$reify__15251@12c66345"]
 :client
 #object[maelstrom.workload.unique_ids$client$reify__20074
         "0x24bf95ec"
         "maelstrom.workload.unique_ids$client$reify__20074@24bf95ec"]
 :barrier
 #object[java.util.concurrent.CyclicBarrier
         "0x13ae0ffd"
         "java.util.concurrent.CyclicBarrier@13ae0ffd"]
 :log-stderr false
 :pure-generators true
 :ssh {:dummy? true}
 :rate 5
 :checker
 #object[jepsen.checker$compose$reify__11881
         "0x2a71d430"
         "jepsen.checker$compose$reify__11881@2a71d430"]
 :argv
 ("test"
  "--bin"
  "/Users/lihaoyang/go/bin/maelstrom-echo"
  "--workload"
  "unique-ids")
 :nemesis
 (jepsen.nemesis.ReflCompose
  {:fm {:start-partition 0,
        :stop-partition 0,
        :kill 1,
        :start 1,
        :pause 1,
        :resume 1},
   :nemeses [#unprintable "jepsen.nemesis.combined$partition_nemesis$reify__16416@b0c4670"
             #unprintable "jepsen.nemesis.combined$db_nemesis$reify__16397@5344b208"]})
 :nodes ["n1" "n2" "n3" "n4" "n5"]
 :test-count 1
 :latency {:mean 0, :dist :constant}
 :bin "/Users/lihaoyang/go/bin/maelstrom-echo"
 :generator
 (jepsen.generator.TimeLimit
  {:limit 60000000000,
   :cutoff nil,
   :gen (jepsen.generator.Any
         {:gens [(jepsen.generator.OnThreads
                  {:f #{:nemesis},
                   :context-filter #object[jepsen.generator.context$make_thread_filter$lazy_filter__9167
                                           "0x3c73d613"
                                           "jepsen.generator.context$make_thread_filter$lazy_filter__9167@3c73d613"],
                   :gen nil})
                 (jepsen.generator.OnThreads
                  {:f #jepsen.generator.context.AllBut{:element :nemesis},
                   :context-filter #object[jepsen.generator.context$make_thread_filter$lazy_filter__9167
                                           "0x21fbfdd5"
                                           "jepsen.generator.context$make_thread_filter$lazy_filter__9167@21fbfdd5"],
                   :gen (jepsen.generator.Stagger
                         {:dt 400000000,
                          :next-time nil,
                          :gen (jepsen.generator.Repeat
                                {:remaining -1, :gen {:f :generate}})})})]})})
 :log-net-recv false
 :os
 #object[maelstrom.net$jepsen_os$reify__15254
         "0x656bd8e"
         "maelstrom.net$jepsen_os$reify__15254@656bd8e"]
 :time-limit 60
 :workload :unique-ids
 :consistency-models [:strict-serializable]
 :topology :grid}

2024-03-07 15:42:32,257{GMT}	INFO	[jepsen node n1] maelstrom.net: Starting Maelstrom network
2024-03-07 15:42:32,258{GMT}	INFO	[jepsen test runner] jepsen.db: Tearing down DB
2024-03-07 15:42:32,259{GMT}	INFO	[jepsen test runner] jepsen.db: Setting up DB
2024-03-07 15:42:32,259{GMT}	INFO	[jepsen node n3] maelstrom.db: Setting up n3
2024-03-07 15:42:32,259{GMT}	INFO	[jepsen node n4] maelstrom.db: Setting up n4
2024-03-07 15:42:32,259{GMT}	INFO	[jepsen node n2] maelstrom.db: Setting up n2
2024-03-07 15:42:32,259{GMT}	INFO	[jepsen node n5] maelstrom.db: Setting up n5
2024-03-07 15:42:32,260{GMT}	INFO	[jepsen node n4] maelstrom.process: launching /Users/lihaoyang/go/bin/maelstrom-echo []
2024-03-07 15:42:32,260{GMT}	INFO	[jepsen node n2] maelstrom.process: launching /Users/lihaoyang/go/bin/maelstrom-echo []
2024-03-07 15:42:32,260{GMT}	INFO	[jepsen node n5] maelstrom.process: launching /Users/lihaoyang/go/bin/maelstrom-echo []
2024-03-07 15:42:32,260{GMT}	INFO	[jepsen node n3] maelstrom.process: launching /Users/lihaoyang/go/bin/maelstrom-echo []
2024-03-07 15:42:32,261{GMT}	INFO	[jepsen node n1] maelstrom.service: Starting services: (lin-kv lin-tso lww-kv seq-kv)
2024-03-07 15:42:32,262{GMT}	INFO	[jepsen node n1] maelstrom.db: Setting up n1
2024-03-07 15:42:32,262{GMT}	INFO	[jepsen node n1] maelstrom.process: launching /Users/lihaoyang/go/bin/maelstrom-echo []
2024-03-07 15:42:32,335{GMT}	INFO	[jepsen test runner] jepsen.core: Relative time begins now
2024-03-07 15:42:32,343{GMT}	INFO	[jepsen worker 0] jepsen.util: 0	:invoke	:generate	nil
2024-03-07 15:42:32,406{GMT}	INFO	[jepsen worker 1] jepsen.util: 1	:invoke	:generate	nil
2024-03-07 15:42:32,744{GMT}	INFO	[jepsen worker 2] jepsen.util: 2	:invoke	:generate	nil
2024-03-07 15:42:32,860{GMT}	INFO	[jepsen worker 3] jepsen.util: 3	:invoke	:generate	nil
2024-03-07 15:42:33,255{GMT}	INFO	[jepsen worker 4] jepsen.util: 4	:invoke	:generate	nil
2024-03-07 15:42:37,350{GMT}	INFO	[jepsen worker 0] jepsen.util: 0	:info	:generate	nil	:net-timeout
2024-03-07 15:42:37,353{GMT}	INFO	[jepsen worker 0] jepsen.util: 5	:invoke	:generate	nil
2024-03-07 15:42:37,411{GMT}	INFO	[jepsen worker 1] jepsen.util: 1	:info	:generate	nil	:net-timeout
2024-03-07 15:42:37,412{GMT}	INFO	[jepsen worker 1] jepsen.util: 6	:invoke	:generate	nil
2024-03-07 15:42:37,748{GMT}	INFO	[jepsen worker 2] jepsen.util: 2	:info	:generate	nil	:net-timeout
2024-03-07 15:42:37,749{GMT}	INFO	[jepsen worker 2] jepsen.util: 7	:invoke	:generate	nil
2024-03-07 15:42:37,866{GMT}	INFO	[jepsen worker 3] jepsen.util: 3	:info	:generate	nil	:net-timeout
2024-03-07 15:42:37,949{GMT}	INFO	[jepsen worker 3] jepsen.util: 8	:invoke	:generate	nil
2024-03-07 15:42:38,262{GMT}	INFO	[jepsen worker 4] jepsen.util: 4	:info	:generate	nil	:net-timeout
2024-03-07 15:42:38,263{GMT}	INFO	[jepsen worker 4] jepsen.util: 9	:invoke	:generate	nil
2024-03-07 15:42:42,357{GMT}	INFO	[jepsen worker 0] jepsen.util: 5	:info	:generate	nil	:net-timeout
2024-03-07 15:42:42,358{GMT}	INFO	[jepsen worker 0] jepsen.util: 10	:invoke	:generate	nil
2024-03-07 15:42:42,416{GMT}	INFO	[jepsen worker 1] jepsen.util: 6	:info	:generate	nil	:net-timeout
2024-03-07 15:42:42,665{GMT}	INFO	[jepsen worker 1] jepsen.util: 11	:invoke	:generate	nil
2024-03-07 15:42:42,754{GMT}	INFO	[jepsen worker 2] jepsen.util: 7	:info	:generate	nil	:net-timeout
2024-03-07 15:42:42,835{GMT}	INFO	[jepsen worker 2] jepsen.util: 12	:invoke	:generate	nil
2024-03-07 15:42:42,953{GMT}	INFO	[jepsen worker 3] jepsen.util: 8	:info	:generate	nil	:net-timeout
2024-03-07 15:42:42,955{GMT}	INFO	[jepsen worker 3] jepsen.util: 13	:invoke	:generate	nil
2024-03-07 15:42:43,268{GMT}	INFO	[jepsen worker 4] jepsen.util: 9	:info	:generate	nil	:net-timeout
2024-03-07 15:42:43,271{GMT}	INFO	[jepsen worker 4] jepsen.util: 14	:invoke	:generate	nil
2024-03-07 15:42:47,363{GMT}	INFO	[jepsen worker 0] jepsen.util: 10	:info	:generate	nil	:net-timeout
2024-03-07 15:42:47,364{GMT}	INFO	[jepsen worker 0] jepsen.util: 15	:invoke	:generate	nil
2024-03-07 15:42:47,667{GMT}	INFO	[jepsen worker 1] jepsen.util: 11	:info	:generate	nil	:net-timeout
2024-03-07 15:42:47,667{GMT}	INFO	[jepsen worker 1] jepsen.util: 16	:invoke	:generate	nil
2024-03-07 15:42:47,837{GMT}	INFO	[jepsen worker 2] jepsen.util: 12	:info	:generate	nil	:net-timeout
2024-03-07 15:42:47,838{GMT}	INFO	[jepsen worker 2] jepsen.util: 17	:invoke	:generate	nil
2024-03-07 15:42:47,961{GMT}	INFO	[jepsen worker 3] jepsen.util: 13	:info	:generate	nil	:net-timeout
2024-03-07 15:42:47,962{GMT}	INFO	[jepsen worker 3] jepsen.util: 18	:invoke	:generate	nil
2024-03-07 15:42:48,276{GMT}	INFO	[jepsen worker 4] jepsen.util: 14	:info	:generate	nil	:net-timeout
2024-03-07 15:42:48,276{GMT}	INFO	[jepsen worker 4] jepsen.util: 19	:invoke	:generate	nil
2024-03-07 15:42:52,367{GMT}	INFO	[jepsen worker 0] jepsen.util: 15	:info	:generate	nil	:net-timeout
2024-03-07 15:42:52,368{GMT}	INFO	[jepsen worker 0] jepsen.util: 20	:invoke	:generate	nil
2024-03-07 15:42:52,671{GMT}	INFO	[jepsen worker 1] jepsen.util: 16	:info	:generate	nil	:net-timeout
2024-03-07 15:42:52,671{GMT}	INFO	[jepsen worker 1] jepsen.util: 21	:invoke	:generate	nil
2024-03-07 15:42:52,843{GMT}	INFO	[jepsen worker 2] jepsen.util: 17	:info	:generate	nil	:net-timeout
2024-03-07 15:42:52,965{GMT}	INFO	[jepsen worker 3] jepsen.util: 18	:info	:generate	nil	:net-timeout
2024-03-07 15:42:53,025{GMT}	INFO	[jepsen worker 2] jepsen.util: 22	:invoke	:generate	nil
2024-03-07 15:42:53,163{GMT}	INFO	[jepsen worker 3] jepsen.util: 23	:invoke	:generate	nil
2024-03-07 15:42:53,278{GMT}	INFO	[jepsen worker 4] jepsen.util: 19	:info	:generate	nil	:net-timeout
2024-03-07 15:42:53,278{GMT}	INFO	[jepsen worker 4] jepsen.util: 24	:invoke	:generate	nil
2024-03-07 15:42:57,373{GMT}	INFO	[jepsen worker 0] jepsen.util: 20	:info	:generate	nil	:net-timeout
2024-03-07 15:42:57,374{GMT}	INFO	[jepsen worker 0] jepsen.util: 25	:invoke	:generate	nil
2024-03-07 15:42:57,674{GMT}	INFO	[jepsen worker 1] jepsen.util: 21	:info	:generate	nil	:net-timeout
2024-03-07 15:42:57,675{GMT}	INFO	[jepsen worker 1] jepsen.util: 26	:invoke	:generate	nil
2024-03-07 15:42:58,029{GMT}	INFO	[jepsen worker 2] jepsen.util: 22	:info	:generate	nil	:net-timeout
2024-03-07 15:42:58,062{GMT}	INFO	[jepsen worker 2] jepsen.util: 27	:invoke	:generate	nil
2024-03-07 15:42:58,163{GMT}	INFO	[jepsen worker 3] jepsen.util: 23	:info	:generate	nil	:net-timeout
2024-03-07 15:42:58,283{GMT}	INFO	[jepsen worker 4] jepsen.util: 24	:info	:generate	nil	:net-timeout
2024-03-07 15:42:58,314{GMT}	INFO	[jepsen worker 4] jepsen.util: 29	:invoke	:generate	nil
2024-03-07 15:42:58,463{GMT}	INFO	[jepsen worker 3] jepsen.util: 28	:invoke	:generate	nil
2024-03-07 15:43:02,379{GMT}	INFO	[jepsen worker 0] jepsen.util: 25	:info	:generate	nil	:net-timeout
2024-03-07 15:43:02,379{GMT}	INFO	[jepsen worker 0] jepsen.util: 30	:invoke	:generate	nil
2024-03-07 15:43:02,680{GMT}	INFO	[jepsen worker 1] jepsen.util: 26	:info	:generate	nil	:net-timeout
2024-03-07 15:43:02,681{GMT}	INFO	[jepsen worker 1] jepsen.util: 31	:invoke	:generate	nil
2024-03-07 15:43:03,067{GMT}	INFO	[jepsen worker 2] jepsen.util: 27	:info	:generate	nil	:net-timeout
2024-03-07 15:43:03,068{GMT}	INFO	[jepsen worker 2] jepsen.util: 32	:invoke	:generate	nil
2024-03-07 15:43:03,318{GMT}	INFO	[jepsen worker 4] jepsen.util: 29	:info	:generate	nil	:net-timeout
2024-03-07 15:43:03,346{GMT}	INFO	[jepsen worker 4] jepsen.util: 34	:invoke	:generate	nil
2024-03-07 15:43:03,468{GMT}	INFO	[jepsen worker 3] jepsen.util: 28	:info	:generate	nil	:net-timeout
2024-03-07 15:43:03,698{GMT}	INFO	[jepsen worker 3] jepsen.util: 33	:invoke	:generate	nil
2024-03-07 15:43:07,384{GMT}	INFO	[jepsen worker 0] jepsen.util: 30	:info	:generate	nil	:net-timeout
2024-03-07 15:43:07,385{GMT}	INFO	[jepsen worker 0] jepsen.util: 35	:invoke	:generate	nil
2024-03-07 15:43:07,686{GMT}	INFO	[jepsen worker 1] jepsen.util: 31	:info	:generate	nil	:net-timeout
2024-03-07 15:43:07,768{GMT}	INFO	[jepsen worker 1] jepsen.util: 36	:invoke	:generate	nil
2024-03-07 15:43:08,073{GMT}	INFO	[jepsen worker 2] jepsen.util: 32	:info	:generate	nil	:net-timeout
2024-03-07 15:43:08,074{GMT}	INFO	[jepsen worker 2] jepsen.util: 37	:invoke	:generate	nil
2024-03-07 15:43:08,352{GMT}	INFO	[jepsen worker 4] jepsen.util: 34	:info	:generate	nil	:net-timeout
2024-03-07 15:43:08,352{GMT}	INFO	[jepsen worker 4] jepsen.util: 39	:invoke	:generate	nil
2024-03-07 15:43:08,701{GMT}	INFO	[jepsen worker 3] jepsen.util: 33	:info	:generate	nil	:net-timeout
2024-03-07 15:43:08,743{GMT}	INFO	[jepsen worker 3] jepsen.util: 38	:invoke	:generate	nil
2024-03-07 15:43:12,386{GMT}	INFO	[jepsen worker 0] jepsen.util: 35	:info	:generate	nil	:net-timeout
2024-03-07 15:43:12,387{GMT}	INFO	[jepsen worker 0] jepsen.util: 40	:invoke	:generate	nil
2024-03-07 15:43:12,773{GMT}	INFO	[jepsen worker 1] jepsen.util: 36	:info	:generate	nil	:net-timeout
2024-03-07 15:43:12,775{GMT}	INFO	[jepsen worker 1] jepsen.util: 41	:invoke	:generate	nil
2024-03-07 15:43:13,077{GMT}	INFO	[jepsen worker 2] jepsen.util: 37	:info	:generate	nil	:net-timeout
2024-03-07 15:43:13,077{GMT}	INFO	[jepsen worker 2] jepsen.util: 42	:invoke	:generate	nil
2024-03-07 15:43:13,353{GMT}	INFO	[jepsen worker 4] jepsen.util: 39	:info	:generate	nil	:net-timeout
2024-03-07 15:43:13,353{GMT}	INFO	[jepsen worker 4] jepsen.util: 44	:invoke	:generate	nil
2024-03-07 15:43:13,748{GMT}	INFO	[jepsen worker 3] jepsen.util: 38	:info	:generate	nil	:net-timeout
2024-03-07 15:43:13,748{GMT}	INFO	[jepsen worker 3] jepsen.util: 43	:invoke	:generate	nil
2024-03-07 15:43:17,391{GMT}	INFO	[jepsen worker 0] jepsen.util: 40	:info	:generate	nil	:net-timeout
2024-03-07 15:43:17,392{GMT}	INFO	[jepsen worker 0] jepsen.util: 45	:invoke	:generate	nil
2024-03-07 15:43:17,782{GMT}	INFO	[jepsen worker 1] jepsen.util: 41	:info	:generate	nil	:net-timeout
2024-03-07 15:43:17,785{GMT}	INFO	[jepsen worker 1] jepsen.util: 46	:invoke	:generate	nil
2024-03-07 15:43:18,082{GMT}	INFO	[jepsen worker 2] jepsen.util: 42	:info	:generate	nil	:net-timeout
2024-03-07 15:43:18,082{GMT}	INFO	[jepsen worker 2] jepsen.util: 47	:invoke	:generate	nil
2024-03-07 15:43:18,358{GMT}	INFO	[jepsen worker 4] jepsen.util: 44	:info	:generate	nil	:net-timeout
2024-03-07 15:43:18,359{GMT}	INFO	[jepsen worker 4] jepsen.util: 49	:invoke	:generate	nil
2024-03-07 15:43:18,751{GMT}	INFO	[jepsen worker 3] jepsen.util: 43	:info	:generate	nil	:net-timeout
2024-03-07 15:43:18,752{GMT}	INFO	[jepsen worker 3] jepsen.util: 48	:invoke	:generate	nil
2024-03-07 15:43:22,394{GMT}	INFO	[jepsen worker 0] jepsen.util: 45	:info	:generate	nil	:net-timeout
2024-03-07 15:43:22,394{GMT}	INFO	[jepsen worker 0] jepsen.util: 50	:invoke	:generate	nil
2024-03-07 15:43:22,791{GMT}	INFO	[jepsen worker 1] jepsen.util: 46	:info	:generate	nil	:net-timeout
2024-03-07 15:43:22,794{GMT}	INFO	[jepsen worker 1] jepsen.util: 51	:invoke	:generate	nil
2024-03-07 15:43:23,084{GMT}	INFO	[jepsen worker 2] jepsen.util: 47	:info	:generate	nil	:net-timeout
2024-03-07 15:43:23,085{GMT}	INFO	[jepsen worker 2] jepsen.util: 52	:invoke	:generate	nil
2024-03-07 15:43:23,362{GMT}	INFO	[jepsen worker 4] jepsen.util: 49	:info	:generate	nil	:net-timeout
2024-03-07 15:43:23,363{GMT}	INFO	[jepsen worker 4] jepsen.util: 54	:invoke	:generate	nil
2024-03-07 15:43:23,757{GMT}	INFO	[jepsen worker 3] jepsen.util: 48	:info	:generate	nil	:net-timeout
2024-03-07 15:43:23,758{GMT}	INFO	[jepsen worker 3] jepsen.util: 53	:invoke	:generate	nil
2024-03-07 15:43:27,400{GMT}	INFO	[jepsen worker 0] jepsen.util: 50	:info	:generate	nil	:net-timeout
2024-03-07 15:43:27,403{GMT}	INFO	[jepsen worker 0] jepsen.util: 55	:invoke	:generate	nil
2024-03-07 15:43:27,796{GMT}	INFO	[jepsen worker 1] jepsen.util: 51	:info	:generate	nil	:net-timeout
2024-03-07 15:43:27,797{GMT}	INFO	[jepsen worker 1] jepsen.util: 56	:invoke	:generate	nil
2024-03-07 15:43:28,089{GMT}	INFO	[jepsen worker 2] jepsen.util: 52	:info	:generate	nil	:net-timeout
2024-03-07 15:43:28,090{GMT}	INFO	[jepsen worker 2] jepsen.util: 57	:invoke	:generate	nil
2024-03-07 15:43:28,368{GMT}	INFO	[jepsen worker 4] jepsen.util: 54	:info	:generate	nil	:net-timeout
2024-03-07 15:43:28,368{GMT}	INFO	[jepsen worker 4] jepsen.util: 59	:invoke	:generate	nil
2024-03-07 15:43:28,762{GMT}	INFO	[jepsen worker 3] jepsen.util: 53	:info	:generate	nil	:net-timeout
2024-03-07 15:43:28,762{GMT}	INFO	[jepsen worker 3] jepsen.util: 58	:invoke	:generate	nil
2024-03-07 15:43:29,502{GMT}	INFO	[Jepsen shutdown hook] jepsen.core: Downloading DB logs before JVM shutdown...
