2024-04-01 15:25:59,812{GMT}	INFO	[jepsen test runner] jepsen.core: Command line:
lein run test -w broadcast --bin /Users/lihaoyang/go/bin/maelstrom-broadcast --node-count 5 --time-limit 20 --rate 10
2024-04-01 15:25:59,857{GMT}	INFO	[jepsen test runner] jepsen.core: Running test:
{:args []
 :remote
 #jepsen.control.retry.Remote{:remote #jepsen.control.scp.Remote{:cmd-remote #jepsen.control.sshj.SSHJRemote{:concurrency-limit 6,
                                                                                                             :conn-spec nil,
                                                                                                             :client nil,
                                                                                                             :semaphore nil},
                                                                 :conn-spec nil},
                              :conn nil}
 :log-net-send false
 :node-count 5
 :availability nil
 :max-txn-length 4
 :concurrency 5
 :db
 #object[maelstrom.db$db$reify__16142
         "0x30769e7a"
         "maelstrom.db$db$reify__16142@30769e7a"]
 :max-writes-per-key 16
 :leave-db-running? false
 :name "broadcast"
 :logging-json? false
 :start-time
 #object[org.joda.time.DateTime "0xff7042c" "2024-04-01T15:25:59.796+08:00"]
 :nemesis-interval 10
 :net
 #object[maelstrom.net$jepsen_net$reify__15251
         "0xb917b5e"
         "maelstrom.net$jepsen_net$reify__15251@b917b5e"]
 :client
 #object[maelstrom.workload.broadcast$client$reify__16644
         "0x5126c0cd"
         "maelstrom.workload.broadcast$client$reify__16644@5126c0cd"]
 :barrier
 #object[java.util.concurrent.CyclicBarrier
         "0x6c1e2161"
         "java.util.concurrent.CyclicBarrier@6c1e2161"]
 :log-stderr false
 :pure-generators true
 :ssh {:dummy? true}
 :rate 10.0
 :checker
 #object[jepsen.checker$compose$reify__11881
         "0x5b7f9eaa"
         "jepsen.checker$compose$reify__11881@5b7f9eaa"]
 :argv
 ("test"
  "-w"
  "broadcast"
  "--bin"
  "/Users/lihaoyang/go/bin/maelstrom-broadcast"
  "--node-count"
  "5"
  "--time-limit"
  "20"
  "--rate"
  "10")
 :nemesis
 (jepsen.nemesis.ReflCompose
  {:fm {:start-partition 0,
        :stop-partition 0,
        :kill 1,
        :start 1,
        :pause 1,
        :resume 1},
   :nemeses [#unprintable "jepsen.nemesis.combined$partition_nemesis$reify__16416@5b344510"
             #unprintable "jepsen.nemesis.combined$db_nemesis$reify__16397@3c73d613"]})
 :nodes ["n0" "n1" "n2" "n3" "n4"]
 :test-count 1
 :latency {:mean 0, :dist :constant}
 :bin "/Users/lihaoyang/go/bin/maelstrom-broadcast"
 :generator
 ((jepsen.generator.Synchronize
   {:gen (jepsen.generator.TimeLimit
          {:limit 20000000000,
           :cutoff nil,
           :gen (jepsen.generator.Any
                 {:gens [(jepsen.generator.OnThreads
                          {:f #{:nemesis},
                           :context-filter #object[jepsen.generator.context$make_thread_filter$lazy_filter__9167
                                                   "0x2b960c2b"
                                                   "jepsen.generator.context$make_thread_filter$lazy_filter__9167@2b960c2b"],
                           :gen nil})
                         (jepsen.generator.OnThreads
                          {:f #jepsen.generator.context.AllBut{:element :nemesis},
                           :context-filter #object[jepsen.generator.context$make_thread_filter$lazy_filter__9167
                                                   "0x46f32536"
                                                   "jepsen.generator.context$make_thread_filter$lazy_filter__9167@46f32536"],
                           :gen (jepsen.generator.Stagger
                                 {:dt 200000000,
                                  :next-time nil,
                                  :gen (jepsen.generator.Mix
                                        {:i 0,
                                         :gens [({:f :broadcast, :value 0}
                                                 {:f :broadcast, :value 1}
                                                 {:f :broadcast, :value 2}
                                                 {:f :broadcast, :value 3}
                                                 {:f :broadcast, :value 4}
                                                 {:f :broadcast, :value 5}
                                                 {:f :broadcast, :value 6}
                                                 {:f :broadcast, :value 7}
                                                 ...)
                                                ({:f :read}
                                                 {:f :read}
                                                 {:f :read}
                                                 {:f :read}
                                                 {:f :read}
                                                 {:f :read}
                                                 {:f :read}
                                                 {:f :read}
                                                 ...)]})})})]})})})
  (jepsen.generator.Synchronize
   {:gen (jepsen.generator.OnThreads
          {:f #{:nemesis},
           :context-filter #object[jepsen.generator.context$make_thread_filter$lazy_filter__9167
                                   "0x6921e251"
                                   "jepsen.generator.context$make_thread_filter$lazy_filter__9167@6921e251"],
           :gen ()})})
  (jepsen.generator.Synchronize
   {:gen {:type :log, :value "Waiting for recovery..."}})
  (jepsen.generator.Synchronize {:gen {:type :sleep, :value 10}})
  (jepsen.generator.Synchronize
   {:gen (jepsen.generator.OnThreads
          {:f #jepsen.generator.context.AllBut{:element :nemesis},
           :context-filter #object[jepsen.generator.context$make_thread_filter$lazy_filter__9167
                                   "0x724d4c0a"
                                   "jepsen.generator.context$make_thread_filter$lazy_filter__9167@724d4c0a"],
           :gen (jepsen.generator.EachThread
                 {:fresh-gen {:f :read, :final? true},
                  :context-filters #object[clojure.core$promise$reify__8591
                                           "0x2d481de0"
                                           {:status :pending, :val nil}],
                  :gens {}})})}))
 :log-net-recv false
 :os
 #object[maelstrom.net$jepsen_os$reify__15254
         "0xfd9512f"
         "maelstrom.net$jepsen_os$reify__15254@fd9512f"]
 :time-limit 20
 :workload :broadcast
 :consistency-models [:strict-serializable]
 :topology :grid}

2024-04-01 15:26:00,729{GMT}	INFO	[jepsen node n0] maelstrom.net: Starting Maelstrom network
2024-04-01 15:26:00,730{GMT}	INFO	[jepsen test runner] jepsen.db: Tearing down DB
2024-04-01 15:26:00,731{GMT}	INFO	[jepsen test runner] jepsen.db: Setting up DB
2024-04-01 15:26:00,731{GMT}	INFO	[jepsen node n2] maelstrom.db: Setting up n2
2024-04-01 15:26:00,731{GMT}	INFO	[jepsen node n1] maelstrom.db: Setting up n1
2024-04-01 15:26:00,733{GMT}	INFO	[jepsen node n4] maelstrom.db: Setting up n4
2024-04-01 15:26:00,733{GMT}	INFO	[jepsen node n3] maelstrom.db: Setting up n3
2024-04-01 15:26:00,733{GMT}	INFO	[jepsen node n2] maelstrom.process: launching /Users/lihaoyang/go/bin/maelstrom-broadcast []
2024-04-01 15:26:00,733{GMT}	INFO	[jepsen node n4] maelstrom.process: launching /Users/lihaoyang/go/bin/maelstrom-broadcast []
2024-04-01 15:26:00,733{GMT}	INFO	[jepsen node n1] maelstrom.process: launching /Users/lihaoyang/go/bin/maelstrom-broadcast []
2024-04-01 15:26:00,733{GMT}	INFO	[jepsen node n3] maelstrom.process: launching /Users/lihaoyang/go/bin/maelstrom-broadcast []
2024-04-01 15:26:00,734{GMT}	INFO	[jepsen node n0] maelstrom.service: Starting services: (lin-kv lin-tso lww-kv seq-kv)
2024-04-01 15:26:00,735{GMT}	INFO	[jepsen node n0] maelstrom.db: Setting up n0
2024-04-01 15:26:00,736{GMT}	INFO	[jepsen node n0] maelstrom.process: launching /Users/lihaoyang/go/bin/maelstrom-broadcast []
2024-04-01 15:26:00,756{GMT}	INFO	[jepsen test runner] jepsen.core: Relative time begins now
2024-04-01 15:26:00,768{GMT}	INFO	[jepsen worker 0] jepsen.util: 0	:invoke	:broadcast	0
2024-04-01 15:26:00,770{GMT}	INFO	[jepsen worker 0] jepsen.util: 0	:ok	:broadcast	0
2024-04-01 15:26:00,871{GMT}	INFO	[jepsen worker 1] jepsen.util: 1	:invoke	:broadcast	1
2024-04-01 15:26:00,872{GMT}	INFO	[jepsen worker 1] jepsen.util: 1	:ok	:broadcast	1
2024-04-01 15:26:00,960{GMT}	INFO	[jepsen worker 2] jepsen.util: 2	:invoke	:broadcast	2
2024-04-01 15:26:00,962{GMT}	INFO	[jepsen worker 2] jepsen.util: 2	:ok	:broadcast	2
2024-04-01 15:26:01,094{GMT}	INFO	[jepsen worker 3] jepsen.util: 3	:invoke	:broadcast	3
2024-04-01 15:26:01,099{GMT}	INFO	[jepsen worker 3] jepsen.util: 3	:ok	:broadcast	3
2024-04-01 15:26:01,288{GMT}	INFO	[jepsen worker 4] jepsen.util: 4	:invoke	:read	nil
2024-04-01 15:26:01,294{GMT}	INFO	[jepsen worker 4] jepsen.util: 4	:ok	:read	[0 1 2 3]
2024-04-01 15:26:01,411{GMT}	INFO	[jepsen worker 0] jepsen.util: 0	:invoke	:read	nil
2024-04-01 15:26:01,418{GMT}	INFO	[jepsen worker 0] jepsen.util: 0	:ok	:read	[0 1 2 3]
2024-04-01 15:26:01,609{GMT}	INFO	[jepsen worker 0] jepsen.util: 0	:invoke	:broadcast	4
2024-04-01 15:26:01,610{GMT}	INFO	[jepsen worker 0] jepsen.util: 0	:ok	:broadcast	4
2024-04-01 15:26:01,624{GMT}	INFO	[jepsen worker 1] jepsen.util: 1	:invoke	:read	nil
2024-04-01 15:26:01,625{GMT}	INFO	[jepsen worker 1] jepsen.util: 1	:ok	:read	[0 1 2 3 4]
2024-04-01 15:26:01,665{GMT}	INFO	[jepsen worker 2] jepsen.util: 2	:invoke	:read	nil
2024-04-01 15:26:01,666{GMT}	INFO	[jepsen worker 2] jepsen.util: 2	:ok	:read	[0 1 2 3 4]
2024-04-01 15:26:01,739{GMT}	INFO	[jepsen worker 3] jepsen.util: 3	:invoke	:read	nil
2024-04-01 15:26:01,741{GMT}	INFO	[jepsen worker 3] jepsen.util: 3	:ok	:read	[0 1 2 3 4]
2024-04-01 15:26:01,878{GMT}	INFO	[jepsen worker 4] jepsen.util: 4	:invoke	:broadcast	5
2024-04-01 15:26:01,878{GMT}	INFO	[jepsen worker 4] jepsen.util: 4	:ok	:broadcast	5
2024-04-01 15:26:01,934{GMT}	INFO	[jepsen worker 0] jepsen.util: 0	:invoke	:read	nil
2024-04-01 15:26:01,936{GMT}	INFO	[jepsen worker 0] jepsen.util: 0	:ok	:read	[0 1 2 3 4 5]
2024-04-01 15:26:01,970{GMT}	INFO	[jepsen worker 0] jepsen.util: 0	:invoke	:broadcast	6
2024-04-01 15:26:01,971{GMT}	INFO	[jepsen worker 0] jepsen.util: 0	:ok	:broadcast	6
2024-04-01 15:26:02,125{GMT}	INFO	[jepsen worker 1] jepsen.util: 1	:invoke	:read	nil
2024-04-01 15:26:02,126{GMT}	INFO	[jepsen worker 1] jepsen.util: 1	:ok	:read	[0 1 2 3 4 5 6]
2024-04-01 15:26:02,214{GMT}	INFO	[jepsen worker 2] jepsen.util: 2	:invoke	:broadcast	7
2024-04-01 15:26:02,215{GMT}	INFO	[jepsen worker 2] jepsen.util: 2	:ok	:broadcast	7
2024-04-01 15:26:02,219{GMT}	INFO	[jepsen worker 3] jepsen.util: 3	:invoke	:read	nil
2024-04-01 15:26:02,220{GMT}	INFO	[jepsen worker 3] jepsen.util: 3	:ok	:read	[0 1 2 3 4 5 6 7]
2024-04-01 15:26:02,270{GMT}	INFO	[jepsen worker 4] jepsen.util: 4	:invoke	:broadcast	8
2024-04-01 15:26:02,272{GMT}	INFO	[jepsen worker 4] jepsen.util: 4	:ok	:broadcast	8
2024-04-01 15:26:02,367{GMT}	INFO	[jepsen worker 0] jepsen.util: 0	:invoke	:read	nil
2024-04-01 15:26:02,368{GMT}	INFO	[jepsen worker 0] jepsen.util: 0	:ok	:read	[0 1 2 3 4 5 6 7 8]
2024-04-01 15:26:02,539{GMT}	INFO	[jepsen worker 0] jepsen.util: 0	:invoke	:broadcast	9
2024-04-01 15:26:02,539{GMT}	INFO	[jepsen worker 0] jepsen.util: 0	:ok	:broadcast	9
2024-04-01 15:26:02,723{GMT}	INFO	[jepsen worker 1] jepsen.util: 1	:invoke	:broadcast	10
2024-04-01 15:26:02,723{GMT}	INFO	[jepsen worker 1] jepsen.util: 1	:ok	:broadcast	10
2024-04-01 15:26:02,830{GMT}	INFO	[jepsen worker 2] jepsen.util: 2	:invoke	:read	nil
2024-04-01 15:26:02,833{GMT}	INFO	[jepsen worker 2] jepsen.util: 2	:ok	:read	[0 1 2 3 4 5 6 7 8 9 10]
2024-04-01 15:26:02,977{GMT}	INFO	[jepsen worker 3] jepsen.util: 3	:invoke	:read	nil
2024-04-01 15:26:02,978{GMT}	INFO	[jepsen worker 3] jepsen.util: 3	:ok	:read	[0 1 2 3 4 5 6 7 8 9 10]
2024-04-01 15:26:03,065{GMT}	INFO	[jepsen worker 4] jepsen.util: 4	:invoke	:broadcast	11
2024-04-01 15:26:03,066{GMT}	INFO	[jepsen worker 4] jepsen.util: 4	:ok	:broadcast	11
2024-04-01 15:26:03,178{GMT}	INFO	[jepsen worker 0] jepsen.util: 0	:invoke	:read	nil
2024-04-01 15:26:03,180{GMT}	INFO	[jepsen worker 0] jepsen.util: 0	:ok	:read	[0 1 2 3 4 5 6 7 8 9 10 11]
2024-04-01 15:26:03,256{GMT}	INFO	[jepsen worker 0] jepsen.util: 0	:invoke	:read	nil
2024-04-01 15:26:03,257{GMT}	INFO	[jepsen worker 0] jepsen.util: 0	:ok	:read	[0 1 2 3 4 5 6 7 8 9 10 11]
2024-04-01 15:26:03,346{GMT}	INFO	[jepsen worker 1] jepsen.util: 1	:invoke	:broadcast	12
2024-04-01 15:26:03,348{GMT}	INFO	[jepsen worker 1] jepsen.util: 1	:ok	:broadcast	12
2024-04-01 15:26:03,437{GMT}	INFO	[jepsen worker 2] jepsen.util: 2	:invoke	:broadcast	13
2024-04-01 15:26:03,438{GMT}	INFO	[jepsen worker 2] jepsen.util: 2	:ok	:broadcast	13
2024-04-01 15:26:03,593{GMT}	INFO	[jepsen worker 3] jepsen.util: 3	:invoke	:broadcast	14
2024-04-01 15:26:03,595{GMT}	INFO	[jepsen worker 3] jepsen.util: 3	:ok	:broadcast	14
2024-04-01 15:26:03,684{GMT}	INFO	[jepsen worker 4] jepsen.util: 4	:invoke	:broadcast	15
2024-04-01 15:26:03,687{GMT}	INFO	[jepsen worker 4] jepsen.util: 4	:ok	:broadcast	15
2024-04-01 15:26:03,880{GMT}	INFO	[jepsen worker 0] jepsen.util: 0	:invoke	:broadcast	16
2024-04-01 15:26:03,881{GMT}	INFO	[jepsen worker 1] jepsen.util: 1	:invoke	:read	nil
2024-04-01 15:26:03,886{GMT}	INFO	[jepsen worker 1] jepsen.util: 1	:ok	:read	[0 1 2 3 4 5 6 7 8 9 10 11 12 13 14 15]
2024-04-01 15:26:03,886{GMT}	INFO	[jepsen worker 0] jepsen.util: 0	:ok	:broadcast	16
2024-04-01 15:26:04,010{GMT}	INFO	[jepsen worker 1] jepsen.util: 1	:invoke	:broadcast	17
2024-04-01 15:26:04,010{GMT}	INFO	[jepsen worker 1] jepsen.util: 1	:ok	:broadcast	17
2024-04-01 15:26:04,189{GMT}	INFO	[jepsen worker 2] jepsen.util: 2	:invoke	:read	nil
2024-04-01 15:26:04,193{GMT}	INFO	[jepsen worker 2] jepsen.util: 2	:ok	:read	[0 1 2 3 4 5 6 7 8 9 10 11 12 13 14 15 16 17]
2024-04-01 15:26:04,351{GMT}	INFO	[jepsen worker 3] jepsen.util: 3	:invoke	:read	nil
2024-04-01 15:26:04,355{GMT}	INFO	[jepsen worker 3] jepsen.util: 3	:ok	:read	[0 1 2 3 4 5 6 7 8 9 10 11 12 13 14 15 16 17]
2024-04-01 15:26:04,367{GMT}	INFO	[jepsen worker 4] jepsen.util: 4	:invoke	:read	nil
2024-04-01 15:26:04,369{GMT}	INFO	[jepsen worker 4] jepsen.util: 4	:ok	:read	[0 1 2 3 4 5 6 7 8 9 10 11 12 13 14 15 16 17]
2024-04-01 15:26:04,369{GMT}	INFO	[jepsen worker 0] jepsen.util: 0	:invoke	:read	nil
2024-04-01 15:26:04,372{GMT}	INFO	[jepsen worker 0] jepsen.util: 0	:ok	:read	[0 1 2 3 4 5 6 7 8 9 10 11 12 13 14 15 16 17]
2024-04-01 15:26:04,490{GMT}	INFO	[jepsen worker 0] jepsen.util: 0	:invoke	:broadcast	18
2024-04-01 15:26:04,491{GMT}	INFO	[jepsen worker 0] jepsen.util: 0	:ok	:broadcast	18
2024-04-01 15:26:04,542{GMT}	INFO	[jepsen worker 1] jepsen.util: 1	:invoke	:broadcast	19
2024-04-01 15:26:04,543{GMT}	INFO	[jepsen worker 1] jepsen.util: 1	:ok	:broadcast	19
2024-04-01 15:26:04,558{GMT}	INFO	[jepsen worker 2] jepsen.util: 2	:invoke	:read	nil
2024-04-01 15:26:04,559{GMT}	INFO	[jepsen worker 2] jepsen.util: 2	:ok	:read	[0 1 2 3 4 5 6 7 8 9 10 11 12 13 14 15 16 17 18 19]
2024-04-01 15:26:04,563{GMT}	INFO	[jepsen worker 3] jepsen.util: 3	:invoke	:read	nil
2024-04-01 15:26:04,564{GMT}	INFO	[jepsen worker 3] jepsen.util: 3	:ok	:read	[0 1 2 3 4 5 6 7 8 9 10 11 12 13 14 15 16 17 18 19]
2024-04-01 15:26:04,664{GMT}	INFO	[jepsen worker 0] jepsen.util: 0	:invoke	:read	nil
2024-04-01 15:26:04,664{GMT}	INFO	[jepsen worker 4] jepsen.util: 4	:invoke	:read	nil
2024-04-01 15:26:04,667{GMT}	INFO	[jepsen worker 0] jepsen.util: 0	:ok	:read	[0 1 2 3 4 5 6 7 8 9 10 11 12 13 14 15 16 17 18 19]
2024-04-01 15:26:04,667{GMT}	INFO	[jepsen worker 4] jepsen.util: 4	:ok	:read	[0 1 2 3 4 5 6 7 8 9 10 11 12 13 14 15 16 17 18 19]
2024-04-01 15:26:04,754{GMT}	INFO	[jepsen worker 0] jepsen.util: 0	:invoke	:read	nil
2024-04-01 15:26:04,755{GMT}	INFO	[jepsen worker 0] jepsen.util: 0	:ok	:read	[0 1 2 3 4 5 6 7 8 9 10 11 12 13 14 15 16 17 18 19]
2024-04-01 15:26:04,918{GMT}	INFO	[jepsen worker 1] jepsen.util: 1	:invoke	:broadcast	20
2024-04-01 15:26:04,921{GMT}	INFO	[jepsen worker 1] jepsen.util: 1	:ok	:broadcast	20
2024-04-01 15:26:05,092{GMT}	INFO	[jepsen worker 2] jepsen.util: 2	:invoke	:broadcast	21
2024-04-01 15:26:05,093{GMT}	INFO	[jepsen worker 2] jepsen.util: 2	:ok	:broadcast	21
2024-04-01 15:26:05,142{GMT}	INFO	[jepsen worker 3] jepsen.util: 3	:invoke	:read	nil
2024-04-01 15:26:05,143{GMT}	INFO	[jepsen worker 3] jepsen.util: 3	:ok	:read	[0 1 2 3 4 5 6 7 8 9 10 11 12 13 14 15 16 17 18 19 20 21]
2024-04-01 15:26:05,199{GMT}	INFO	[jepsen worker 4] jepsen.util: 4	:invoke	:read	nil
2024-04-01 15:26:05,201{GMT}	INFO	[jepsen worker 4] jepsen.util: 4	:ok	:read	[0 1 2 3 4 5 6 7 8 9 10 11 12 13 14 15 16 17 18 19 20 21]
2024-04-01 15:26:05,305{GMT}	INFO	[jepsen worker 0] jepsen.util: 0	:invoke	:broadcast	22
2024-04-01 15:26:05,306{GMT}	INFO	[jepsen worker 0] jepsen.util: 0	:ok	:broadcast	22
2024-04-01 15:26:05,307{GMT}	INFO	[jepsen worker 0] jepsen.util: 0	:invoke	:broadcast	23
2024-04-01 15:26:05,308{GMT}	INFO	[jepsen worker 0] jepsen.util: 0	:ok	:broadcast	23
2024-04-01 15:26:05,386{GMT}	INFO	[jepsen worker 1] jepsen.util: 1	:invoke	:read	nil
2024-04-01 15:26:05,387{GMT}	INFO	[jepsen worker 1] jepsen.util: 1	:ok	:read	[0 1 2 3 4 5 6 7 8 9 10 11 12 13 14 15 16 17 18 19 20 21 22 23]
2024-04-01 15:26:05,582{GMT}	INFO	[jepsen worker 2] jepsen.util: 2	:invoke	:read	nil
2024-04-01 15:26:05,583{GMT}	INFO	[jepsen worker 2] jepsen.util: 2	:ok	:read	[0 1 2 3 4 5 6 7 8 9 10 11 12 13 14 15 16 17 18 19 20 21 22 23]
2024-04-01 15:26:05,710{GMT}	INFO	[jepsen worker 3] jepsen.util: 3	:invoke	:broadcast	24
2024-04-01 15:26:05,710{GMT}	INFO	[jepsen worker 3] jepsen.util: 3	:ok	:broadcast	24
2024-04-01 15:26:05,751{GMT}	INFO	[jepsen worker 4] jepsen.util: 4	:invoke	:broadcast	25
2024-04-01 15:26:05,752{GMT}	INFO	[jepsen worker 4] jepsen.util: 4	:ok	:broadcast	25
2024-04-01 15:26:05,843{GMT}	INFO	[jepsen worker 0] jepsen.util: 0	:invoke	:broadcast	26
2024-04-01 15:26:05,844{GMT}	INFO	[jepsen worker 0] jepsen.util: 0	:ok	:broadcast	26
2024-04-01 15:26:05,919{GMT}	INFO	[jepsen worker 0] jepsen.util: 0	:invoke	:broadcast	27
2024-04-01 15:26:05,920{GMT}	INFO	[jepsen worker 0] jepsen.util: 0	:ok	:broadcast	27
2024-04-01 15:26:06,103{GMT}	INFO	[jepsen worker 1] jepsen.util: 1	:invoke	:read	nil
2024-04-01 15:26:06,103{GMT}	INFO	[jepsen worker 1] jepsen.util: 1	:ok	:read	[0 1 2 3 4 5 6 7 8 9 10 11 12 13 14 15 16 17 18 19 20 21 22 23 24 25 26 27]
2024-04-01 15:26:06,145{GMT}	INFO	[jepsen worker 2] jepsen.util: 2	:invoke	:broadcast	28
2024-04-01 15:26:06,146{GMT}	INFO	[jepsen worker 2] jepsen.util: 2	:ok	:broadcast	28
2024-04-01 15:26:06,333{GMT}	INFO	[jepsen worker 3] jepsen.util: 3	:invoke	:broadcast	29
2024-04-01 15:26:06,335{GMT}	INFO	[jepsen worker 3] jepsen.util: 3	:ok	:broadcast	29
2024-04-01 15:26:06,376{GMT}	INFO	[jepsen worker 4] jepsen.util: 4	:invoke	:read	nil
2024-04-01 15:26:06,378{GMT}	INFO	[jepsen worker 4] jepsen.util: 4	:ok	:read	[0 1 2 3 4 5 6 7 8 9 10 11 12 13 14 15 16 17 18 19 20 21 22 23 24 25 26 27 28 29]
2024-04-01 15:26:06,409{GMT}	INFO	[jepsen worker 0] jepsen.util: 0	:invoke	:read	nil
2024-04-01 15:26:06,411{GMT}	INFO	[jepsen worker 0] jepsen.util: 0	:ok	:read	[0 1 2 3 4 5 6 7 8 9 10 11 12 13 14 15 16 17 18 19 20 21 22 23 24 25 26 27 28 29]
2024-04-01 15:26:06,414{GMT}	INFO	[jepsen worker 0] jepsen.util: 0	:invoke	:broadcast	30
2024-04-01 15:26:06,416{GMT}	INFO	[jepsen worker 0] jepsen.util: 0	:ok	:broadcast	30
2024-04-01 15:26:06,557{GMT}	INFO	[jepsen worker 1] jepsen.util: 1	:invoke	:broadcast	31
2024-04-01 15:26:06,558{GMT}	INFO	[jepsen worker 1] jepsen.util: 1	:ok	:broadcast	31
2024-04-01 15:26:06,729{GMT}	INFO	[jepsen worker 2] jepsen.util: 2	:invoke	:broadcast	32
2024-04-01 15:26:06,733{GMT}	INFO	[jepsen worker 2] jepsen.util: 2	:ok	:broadcast	32
2024-04-01 15:26:06,924{GMT}	INFO	[jepsen worker 3] jepsen.util: 3	:invoke	:read	nil
2024-04-01 15:26:06,927{GMT}	INFO	[jepsen worker 3] jepsen.util: 3	:ok	:read	[0 1 2 3 4 5 6 7 8 9 10 11 12 13 14 15 16 17 18 19 20 21 22 23 24 25 26 27 28 29 30 31 32]
2024-04-01 15:26:07,056{GMT}	INFO	[jepsen worker 4] jepsen.util: 4	:invoke	:broadcast	33
2024-04-01 15:26:07,056{GMT}	INFO	[jepsen worker 4] jepsen.util: 4	:ok	:broadcast	33
2024-04-01 15:26:07,084{GMT}	INFO	[jepsen worker 0] jepsen.util: 0	:invoke	:read	nil
2024-04-01 15:26:07,085{GMT}	INFO	[jepsen worker 0] jepsen.util: 0	:ok	:read	[0 1 2 3 4 5 6 7 8 9 10 11 12 13 14 15 16 17 18 19 20 21 22 23 24 25 26 27 28 29 30 31 32 33]
2024-04-01 15:26:07,163{GMT}	INFO	[jepsen worker 0] jepsen.util: 0	:invoke	:read	nil
2024-04-01 15:26:07,164{GMT}	INFO	[jepsen worker 0] jepsen.util: 0	:ok	:read	[0 1 2 3 4 5 6 7 8 9 10 11 12 13 14 15 16 17 18 19 20 21 22 23 24 25 26 27 28 29 30 31 32 33]
2024-04-01 15:26:07,233{GMT}	INFO	[jepsen worker 1] jepsen.util: 1	:invoke	:broadcast	34
2024-04-01 15:26:07,234{GMT}	INFO	[jepsen worker 1] jepsen.util: 1	:ok	:broadcast	34
2024-04-01 15:26:07,281{GMT}	INFO	[jepsen worker 2] jepsen.util: 2	:invoke	:read	nil
2024-04-01 15:26:07,282{GMT}	INFO	[jepsen worker 2] jepsen.util: 2	:ok	:read	[0 1 2 3 4 5 6 7 8 9 10 11 12 13 14 15 16 17 18 19 20 21 22 23 24 25 26 27 28 29 30 31 32 33 34]
2024-04-01 15:26:07,313{GMT}	INFO	[jepsen worker 3] jepsen.util: 3	:invoke	:broadcast	35
2024-04-01 15:26:07,313{GMT}	INFO	[jepsen worker 3] jepsen.util: 3	:ok	:broadcast	35
2024-04-01 15:26:07,413{GMT}	INFO	[jepsen worker 4] jepsen.util: 4	:invoke	:read	nil
2024-04-01 15:26:07,414{GMT}	INFO	[jepsen worker 4] jepsen.util: 4	:ok	:read	[0 1 2 3 4 5 6 7 8 9 10 11 12 13 14 15 16 17 18 19 20 21 22 23 24 25 26 27 28 29 30 31 32 33 34 35]
2024-04-01 15:26:07,465{GMT}	INFO	[jepsen worker 0] jepsen.util: 0	:invoke	:read	nil
2024-04-01 15:26:07,466{GMT}	INFO	[jepsen worker 0] jepsen.util: 0	:ok	:read	[0 1 2 3 4 5 6 7 8 9 10 11 12 13 14 15 16 17 18 19 20 21 22 23 24 25 26 27 28 29 30 31 32 33 34 35]
2024-04-01 15:26:07,523{GMT}	INFO	[jepsen worker 0] jepsen.util: 0	:invoke	:broadcast	36
2024-04-01 15:26:07,524{GMT}	INFO	[jepsen worker 0] jepsen.util: 0	:ok	:broadcast	36
2024-04-01 15:26:07,696{GMT}	INFO	[jepsen worker 1] jepsen.util: 1	:invoke	:read	nil
2024-04-01 15:26:07,696{GMT}	INFO	[jepsen worker 2] jepsen.util: 2	:invoke	:broadcast	37
2024-04-01 15:26:07,697{GMT}	INFO	[jepsen worker 2] jepsen.util: 2	:ok	:broadcast	37
2024-04-01 15:26:07,697{GMT}	INFO	[jepsen worker 1] jepsen.util: 1	:ok	:read	[0 1 2 3 4 5 6 7 8 9 10 11 12 13 14 15 16 17 18 19 20 21 22 23 24 25 26 27 28 29 30 31 32 33 34 35 36]
2024-04-01 15:26:07,881{GMT}	INFO	[jepsen worker 3] jepsen.util: 3	:invoke	:read	nil
2024-04-01 15:26:07,881{GMT}	INFO	[jepsen worker 3] jepsen.util: 3	:ok	:read	[0 1 2 3 4 5 6 7 8 9 10 11 12 13 14 15 16 17 18 19 20 21 22 23 24 25 26 27 28 29 30 31 32 33 34 35 36 37]
2024-04-01 15:26:08,079{GMT}	INFO	[jepsen worker 4] jepsen.util: 4	:invoke	:read	nil
2024-04-01 15:26:08,080{GMT}	INFO	[jepsen worker 4] jepsen.util: 4	:ok	:read	[0 1 2 3 4 5 6 7 8 9 10 11 12 13 14 15 16 17 18 19 20 21 22 23 24 25 26 27 28 29 30 31 32 33 34 35 36 37]
2024-04-01 15:26:08,254{GMT}	INFO	[jepsen worker 0] jepsen.util: 0	:invoke	:broadcast	38
2024-04-01 15:26:08,255{GMT}	INFO	[jepsen worker 0] jepsen.util: 0	:ok	:broadcast	38
2024-04-01 15:26:08,445{GMT}	INFO	[jepsen worker 0] jepsen.util: 0	:invoke	:broadcast	39
2024-04-01 15:26:08,446{GMT}	INFO	[jepsen worker 0] jepsen.util: 0	:ok	:broadcast	39
2024-04-01 15:26:08,495{GMT}	INFO	[jepsen worker 1] jepsen.util: 1	:invoke	:broadcast	40
2024-04-01 15:26:08,496{GMT}	INFO	[jepsen worker 1] jepsen.util: 1	:ok	:broadcast	40
2024-04-01 15:26:08,676{GMT}	INFO	[jepsen worker 2] jepsen.util: 2	:invoke	:read	nil
2024-04-01 15:26:08,678{GMT}	INFO	[jepsen worker 2] jepsen.util: 2	:ok	:read	[0 1 2 3 4 5 6 7 8 9 10 11 12 13 14 15 16 17 18 19 20 21 22 23 24 25 26 27 28 29 30 31 32 33 34 35 36 37 38 39 40]
2024-04-01 15:26:08,710{GMT}	INFO	[jepsen worker 3] jepsen.util: 3	:invoke	:read	nil
2024-04-01 15:26:08,711{GMT}	INFO	[jepsen worker 3] jepsen.util: 3	:ok	:read	[0 1 2 3 4 5 6 7 8 9 10 11 12 13 14 15 16 17 18 19 20 21 22 23 24 25 26 27 28 29 30 31 32 33 34 35 36 37 38 39 40]
2024-04-01 15:26:08,751{GMT}	INFO	[jepsen worker 4] jepsen.util: 4	:invoke	:broadcast	41
2024-04-01 15:26:08,752{GMT}	INFO	[jepsen worker 4] jepsen.util: 4	:ok	:broadcast	41
2024-04-01 15:26:08,776{GMT}	INFO	[jepsen worker 0] jepsen.util: 0	:invoke	:read	nil
2024-04-01 15:26:08,777{GMT}	INFO	[jepsen worker 0] jepsen.util: 0	:ok	:read	[0 1 2 3 4 5 6 7 8 9 10 11 12 13 14 15 16 17 18 19 20 21 22 23 24 25 26 27 28 29 30 31 32 33 34 35 36 37 38 39 40 41]
2024-04-01 15:26:08,799{GMT}	INFO	[jepsen worker 0] jepsen.util: 0	:invoke	:read	nil
2024-04-01 15:26:08,800{GMT}	INFO	[jepsen worker 0] jepsen.util: 0	:ok	:read	[0 1 2 3 4 5 6 7 8 9 10 11 12 13 14 15 16 17 18 19 20 21 22 23 24 25 26 27 28 29 30 31 32 33 34 35 36 37 38 39 40 41]
2024-04-01 15:26:08,851{GMT}	INFO	[jepsen worker 1] jepsen.util: 1	:invoke	:read	nil
2024-04-01 15:26:08,853{GMT}	INFO	[jepsen worker 1] jepsen.util: 1	:ok	:read	[0 1 2 3 4 5 6 7 8 9 10 11 12 13 14 15 16 17 18 19 20 21 22 23 24 25 26 27 28 29 30 31 32 33 34 35 36 37 38 39 40 41]
2024-04-01 15:26:09,049{GMT}	INFO	[jepsen worker 2] jepsen.util: 2	:invoke	:read	nil
2024-04-01 15:26:09,052{GMT}	INFO	[jepsen worker 2] jepsen.util: 2	:ok	:read	[0 1 2 3 4 5 6 7 8 9 10 11 12 13 14 15 16 17 18 19 20 21 22 23 24 25 26 27 28 29 30 31 32 33 34 35 36 37 38 39 40 41]
2024-04-01 15:26:09,230{GMT}	INFO	[jepsen worker 3] jepsen.util: 3	:invoke	:read	nil
2024-04-01 15:26:09,231{GMT}	INFO	[jepsen worker 3] jepsen.util: 3	:ok	:read	[0 1 2 3 4 5 6 7 8 9 10 11 12 13 14 15 16 17 18 19 20 21 22 23 24 25 26 27 28 29 30 31 32 33 34 35 36 37 38 39 40 41]
2024-04-01 15:26:09,426{GMT}	INFO	[jepsen worker 4] jepsen.util: 4	:invoke	:read	nil
2024-04-01 15:26:09,429{GMT}	INFO	[jepsen worker 4] jepsen.util: 4	:ok	:read	[0 1 2 3 4 5 6 7 8 9 10 11 12 13 14 15 16 17 18 19 20 21 22 23 24 25 26 27 28 29 30 31 32 33 34 35 36 37 38 39 40 41]
2024-04-01 15:26:09,510{GMT}	INFO	[jepsen worker 0] jepsen.util: 0	:invoke	:broadcast	42
2024-04-01 15:26:09,511{GMT}	INFO	[jepsen worker 0] jepsen.util: 0	:ok	:broadcast	42
2024-04-01 15:26:09,572{GMT}	INFO	[jepsen worker 0] jepsen.util: 0	:invoke	:read	nil
2024-04-01 15:26:09,573{GMT}	INFO	[jepsen worker 0] jepsen.util: 0	:ok	:read	[0 1 2 3 4 5 6 7 8 9 10 11 12 13 14 15 16 17 18 19 20 21 22 23 24 25 26 27 28 29 30 31 32 33 34 35 36 37 38 39 40 41 42]
2024-04-01 15:26:09,765{GMT}	INFO	[jepsen worker 1] jepsen.util: 1	:invoke	:broadcast	43
2024-04-01 15:26:09,766{GMT}	INFO	[jepsen worker 1] jepsen.util: 1	:ok	:broadcast	43
2024-04-01 15:26:09,852{GMT}	INFO	[jepsen worker 2] jepsen.util: 2	:invoke	:broadcast	44
2024-04-01 15:26:09,853{GMT}	INFO	[jepsen worker 2] jepsen.util: 2	:ok	:broadcast	44
2024-04-01 15:26:10,030{GMT}	INFO	[jepsen worker 3] jepsen.util: 3	:invoke	:broadcast	45
2024-04-01 15:26:10,030{GMT}	INFO	[jepsen worker 3] jepsen.util: 3	:ok	:broadcast	45
2024-04-01 15:26:10,116{GMT}	INFO	[jepsen worker 4] jepsen.util: 4	:invoke	:broadcast	46
2024-04-01 15:26:10,143{GMT}	INFO	[jepsen worker 4] jepsen.util: 4	:ok	:broadcast	46
2024-04-01 15:26:10,165{GMT}	INFO	[jepsen worker 0] jepsen.util: 0	:invoke	:broadcast	47
2024-04-01 15:26:10,165{GMT}	INFO	[jepsen worker 0] jepsen.util: 0	:ok	:broadcast	47
2024-04-01 15:26:10,315{GMT}	INFO	[jepsen worker 0] jepsen.util: 0	:invoke	:broadcast	48
2024-04-01 15:26:10,315{GMT}	INFO	[jepsen worker 0] jepsen.util: 0	:ok	:broadcast	48
2024-04-01 15:26:10,421{GMT}	INFO	[jepsen worker 1] jepsen.util: 1	:invoke	:read	nil
2024-04-01 15:26:10,423{GMT}	INFO	[jepsen worker 1] jepsen.util: 1	:ok	:read	[0 1 2 3 4 5 6 7 8 9 10 11 12 13 14 15 16 17 18 19 20 21 22 23 24 25 26 27 28 29 30 31 32 33 34 35 36 37 38 39 40 41 42 43 44 45 46 47 48]
2024-04-01 15:26:10,562{GMT}	INFO	[jepsen worker 2] jepsen.util: 2	:invoke	:broadcast	49
2024-04-01 15:26:10,562{GMT}	INFO	[jepsen worker 2] jepsen.util: 2	:ok	:broadcast	49
2024-04-01 15:26:10,739{GMT}	INFO	[jepsen worker 3] jepsen.util: 3	:invoke	:read	nil
2024-04-01 15:26:10,740{GMT}	INFO	[jepsen worker 3] jepsen.util: 3	:ok	:read	[0 1 2 3 4 5 6 7 8 9 10 11 12 13 14 15 16 17 18 19 20 21 22 23 24 25 26 27 28 29 30 31 32 33 34 35 36 37 38 39 40 41 42 43 44 45 46 47 48 49]
2024-04-01 15:26:10,794{GMT}	INFO	[jepsen worker 4] jepsen.util: 4	:invoke	:broadcast	50
2024-04-01 15:26:10,794{GMT}	INFO	[jepsen worker 4] jepsen.util: 4	:ok	:broadcast	50
2024-04-01 15:26:10,903{GMT}	INFO	[jepsen worker 0] jepsen.util: 0	:invoke	:broadcast	51
2024-04-01 15:26:10,903{GMT}	INFO	[jepsen worker 0] jepsen.util: 0	:ok	:broadcast	51
2024-04-01 15:26:11,095{GMT}	INFO	[jepsen worker 0] jepsen.util: 0	:invoke	:read	nil
2024-04-01 15:26:11,095{GMT}	INFO	[jepsen worker 0] jepsen.util: 0	:ok	:read	[0 1 2 3 4 5 6 7 8 9 10 11 12 13 14 15 16 17 18 19 20 21 22 23 24 25 26 27 28 29 30 31 32 33 34 35 36 37 38 39 40 41 42 43 44 45 46 47 48 49 50 51]
2024-04-01 15:26:11,296{GMT}	INFO	[jepsen worker 1] jepsen.util: 1	:invoke	:read	nil
2024-04-01 15:26:11,296{GMT}	INFO	[jepsen worker 1] jepsen.util: 1	:ok	:read	[0 1 2 3 4 5 6 7 8 9 10 11 12 13 14 15 16 17 18 19 20 21 22 23 24 25 26 27 28 29 30 31 32 33 34 35 36 37 38 39 40 41 42 43 44 45 46 47 48 49 50 51]
2024-04-01 15:26:11,352{GMT}	INFO	[jepsen worker 2] jepsen.util: 2	:invoke	:broadcast	52
2024-04-01 15:26:11,353{GMT}	INFO	[jepsen worker 2] jepsen.util: 2	:ok	:broadcast	52
2024-04-01 15:26:11,412{GMT}	INFO	[jepsen worker 3] jepsen.util: 3	:invoke	:read	nil
2024-04-01 15:26:11,413{GMT}	INFO	[jepsen worker 3] jepsen.util: 3	:ok	:read	[0 1 2 3 4 5 6 7 8 9 10 11 12 13 14 15 16 17 18 19 20 21 22 23 24 25 26 27 28 29 30 31 32 33 34 35 36 37 38 39 40 41 42 43 44 45 46 47 48 49 50 51 52]
2024-04-01 15:26:11,528{GMT}	INFO	[jepsen worker 4] jepsen.util: 4	:invoke	:broadcast	53
2024-04-01 15:26:11,528{GMT}	INFO	[jepsen worker 4] jepsen.util: 4	:ok	:broadcast	53
2024-04-01 15:26:11,595{GMT}	INFO	[jepsen worker 0] jepsen.util: 0	:invoke	:broadcast	54
2024-04-01 15:26:11,596{GMT}	INFO	[jepsen worker 0] jepsen.util: 0	:ok	:broadcast	54
2024-04-01 15:26:11,701{GMT}	INFO	[jepsen worker 0] jepsen.util: 0	:invoke	:broadcast	55
2024-04-01 15:26:11,701{GMT}	INFO	[jepsen worker 0] jepsen.util: 0	:ok	:broadcast	55
2024-04-01 15:26:11,801{GMT}	INFO	[jepsen worker 1] jepsen.util: 1	:invoke	:broadcast	56
2024-04-01 15:26:11,802{GMT}	INFO	[jepsen worker 1] jepsen.util: 1	:ok	:broadcast	56
2024-04-01 15:26:11,981{GMT}	INFO	[jepsen worker 2] jepsen.util: 2	:invoke	:broadcast	57
2024-04-01 15:26:11,982{GMT}	INFO	[jepsen worker 2] jepsen.util: 2	:ok	:broadcast	57
2024-04-01 15:26:12,132{GMT}	INFO	[jepsen worker 3] jepsen.util: 3	:invoke	:read	nil
2024-04-01 15:26:12,133{GMT}	INFO	[jepsen worker 3] jepsen.util: 3	:ok	:read	[0 1 2 3 4 5 6 7 8 9 10 11 12 13 14 15 16 17 18 19 20 21 22 23 24 25 26 27 28 29 30 31 32 33 34 35 36 37 38 39 40 41 42 43 44 45 46 47 48 49 50 51 52 53 54 55 56 57]
2024-04-01 15:26:12,267{GMT}	INFO	[jepsen worker 4] jepsen.util: 4	:invoke	:broadcast	58
2024-04-01 15:26:12,267{GMT}	INFO	[jepsen worker 4] jepsen.util: 4	:ok	:broadcast	58
2024-04-01 15:26:12,293{GMT}	INFO	[jepsen worker 0] jepsen.util: 0	:invoke	:broadcast	59
2024-04-01 15:26:12,294{GMT}	INFO	[jepsen worker 0] jepsen.util: 0	:ok	:broadcast	59
2024-04-01 15:26:12,350{GMT}	INFO	[jepsen worker 0] jepsen.util: 0	:invoke	:broadcast	60
2024-04-01 15:26:12,350{GMT}	INFO	[jepsen worker 0] jepsen.util: 0	:ok	:broadcast	60
2024-04-01 15:26:12,367{GMT}	INFO	[jepsen worker 1] jepsen.util: 1	:invoke	:broadcast	61
2024-04-01 15:26:12,368{GMT}	INFO	[jepsen worker 1] jepsen.util: 1	:ok	:broadcast	61
2024-04-01 15:26:12,368{GMT}	INFO	[jepsen worker 2] jepsen.util: 2	:invoke	:broadcast	62
2024-04-01 15:26:12,369{GMT}	INFO	[jepsen worker 2] jepsen.util: 2	:ok	:broadcast	62
2024-04-01 15:26:12,371{GMT}	INFO	[jepsen worker 3] jepsen.util: 3	:invoke	:read	nil
2024-04-01 15:26:12,371{GMT}	INFO	[jepsen worker 3] jepsen.util: 3	:ok	:read	[0 1 2 3 4 5 6 7 8 9 10 11 12 13 14 15 16 17 18 19 20 21 22 23 24 25 26 27 28 29 30 31 32 33 34 35 36 37 38 39 40 41 42 43 44 45 46 47 48 49 50 51 52 53 54 55 56 57 58 59 60 61 62]
2024-04-01 15:26:12,488{GMT}	INFO	[jepsen worker 4] jepsen.util: 4	:invoke	:read	nil
2024-04-01 15:26:12,489{GMT}	INFO	[jepsen worker 4] jepsen.util: 4	:ok	:read	[0 1 2 3 4 5 6 7 8 9 10 11 12 13 14 15 16 17 18 19 20 21 22 23 24 25 26 27 28 29 30 31 32 33 34 35 36 37 38 39 40 41 42 43 44 45 46 47 48 49 50 51 52 53 54 55 56 57 58 59 60 61 62]
2024-04-01 15:26:12,571{GMT}	INFO	[jepsen worker 0] jepsen.util: 0	:invoke	:read	nil
2024-04-01 15:26:12,572{GMT}	INFO	[jepsen worker 0] jepsen.util: 0	:ok	:read	[0 1 2 3 4 5 6 7 8 9 10 11 12 13 14 15 16 17 18 19 20 21 22 23 24 25 26 27 28 29 30 31 32 33 34 35 36 37 38 39 40 41 42 43 44 45 46 47 48 49 50 51 52 53 54 55 56 57 58 59 60 61 62]
2024-04-01 15:26:12,617{GMT}	INFO	[jepsen worker 0] jepsen.util: 0	:invoke	:broadcast	63
2024-04-01 15:26:12,618{GMT}	INFO	[jepsen worker 0] jepsen.util: 0	:ok	:broadcast	63
2024-04-01 15:26:12,638{GMT}	INFO	[jepsen worker 1] jepsen.util: 1	:invoke	:broadcast	64
2024-04-01 15:26:12,639{GMT}	INFO	[jepsen worker 1] jepsen.util: 1	:ok	:broadcast	64
2024-04-01 15:26:12,740{GMT}	INFO	[jepsen worker 2] jepsen.util: 2	:invoke	:read	nil
2024-04-01 15:26:12,740{GMT}	INFO	[jepsen worker 2] jepsen.util: 2	:ok	:read	[0 1 2 3 4 5 6 7 8 9 10 11 12 13 14 15 16 17 18 19 20 21 22 23 24 25 26 27 28 29 30 31 32 33 34 35 36 37 38 39 40 41 42 43 44 45 46 47 48 49 50 51 52 53 54 55 56 57 58 59 60 61 62 63 64]
2024-04-01 15:26:12,872{GMT}	INFO	[jepsen worker 3] jepsen.util: 3	:invoke	:read	nil
2024-04-01 15:26:12,873{GMT}	INFO	[jepsen worker 3] jepsen.util: 3	:ok	:read	[0 1 2 3 4 5 6 7 8 9 10 11 12 13 14 15 16 17 18 19 20 21 22 23 24 25 26 27 28 29 30 31 32 33 34 35 36 37 38 39 40 41 42 43 44 45 46 47 48 49 50 51 52 53 54 55 56 57 58 59 60 61 62 63 64]
2024-04-01 15:26:13,050{GMT}	INFO	[jepsen worker 4] jepsen.util: 4	:invoke	:read	nil
2024-04-01 15:26:13,052{GMT}	INFO	[jepsen worker 4] jepsen.util: 4	:ok	:read	[0 1 2 3 4 5 6 7 8 9 10 11 12 13 14 15 16 17 18 19 20 21 22 23 24 25 26 27 28 29 30 31 32 33 34 35 36 37 38 39 40 41 42 43 44 45 46 47 48 49 50 51 52 53 54 55 56 57 58 59 60 61 62 63 64]
2024-04-01 15:26:13,138{GMT}	INFO	[jepsen worker 0] jepsen.util: 0	:invoke	:read	nil
2024-04-01 15:26:13,139{GMT}	INFO	[jepsen worker 0] jepsen.util: 0	:ok	:read	[0 1 2 3 4 5 6 7 8 9 10 11 12 13 14 15 16 17 18 19 20 21 22 23 24 25 26 27 28 29 30 31 32 33 34 35 36 37 38 39 40 41 42 43 44 45 46 47 48 49 50 51 52 53 54 55 56 57 58 59 60 61 62 63 64]
2024-04-01 15:26:13,336{GMT}	INFO	[jepsen worker 0] jepsen.util: 0	:invoke	:broadcast	65
2024-04-01 15:26:13,337{GMT}	INFO	[jepsen worker 0] jepsen.util: 0	:ok	:broadcast	65
2024-04-01 15:26:13,492{GMT}	INFO	[jepsen worker 1] jepsen.util: 1	:invoke	:broadcast	66
2024-04-01 15:26:13,493{GMT}	INFO	[jepsen worker 1] jepsen.util: 1	:ok	:broadcast	66
2024-04-01 15:26:13,544{GMT}	INFO	[jepsen worker 2] jepsen.util: 2	:invoke	:broadcast	67
2024-04-01 15:26:13,544{GMT}	INFO	[jepsen worker 2] jepsen.util: 2	:ok	:broadcast	67
2024-04-01 15:26:13,728{GMT}	INFO	[jepsen worker 3] jepsen.util: 3	:invoke	:broadcast	68
2024-04-01 15:26:13,729{GMT}	INFO	[jepsen worker 3] jepsen.util: 3	:ok	:broadcast	68
2024-04-01 15:26:13,922{GMT}	INFO	[jepsen worker 4] jepsen.util: 4	:invoke	:broadcast	69
2024-04-01 15:26:13,923{GMT}	INFO	[jepsen worker 4] jepsen.util: 4	:ok	:broadcast	69
2024-04-01 15:26:14,077{GMT}	INFO	[jepsen worker 0] jepsen.util: 0	:invoke	:broadcast	70
2024-04-01 15:26:14,078{GMT}	INFO	[jepsen worker 0] jepsen.util: 0	:ok	:broadcast	70
2024-04-01 15:26:14,104{GMT}	INFO	[jepsen worker 0] jepsen.util: 0	:invoke	:broadcast	71
2024-04-01 15:26:14,105{GMT}	INFO	[jepsen worker 0] jepsen.util: 0	:ok	:broadcast	71
2024-04-01 15:26:14,286{GMT}	INFO	[jepsen worker 1] jepsen.util: 1	:invoke	:read	nil
2024-04-01 15:26:14,287{GMT}	INFO	[jepsen worker 1] jepsen.util: 1	:ok	:read	[0 1 2 3 4 5 6 7 8 9 10 11 12 13 14 15 16 17 18 19 20 21 22 23 24 25 26 27 28 29 30 31 32 33 34 35 36 37 38 39 40 41 42 43 44 45 46 47 48 49 50 51 52 53 54 55 56 57 58 59 60 61 62 63 64 65 66 67 68 69 70 71]
2024-04-01 15:26:14,405{GMT}	INFO	[jepsen worker 2] jepsen.util: 2	:invoke	:broadcast	72
2024-04-01 15:26:14,407{GMT}	INFO	[jepsen worker 2] jepsen.util: 2	:ok	:broadcast	72
2024-04-01 15:26:14,423{GMT}	INFO	[jepsen worker 3] jepsen.util: 3	:invoke	:read	nil
2024-04-01 15:26:14,424{GMT}	INFO	[jepsen worker 3] jepsen.util: 3	:ok	:read	[0 1 2 3 4 5 6 7 8 9 10 11 12 13 14 15 16 17 18 19 20 21 22 23 24 25 26 27 28 29 30 31 32 33 34 35 36 37 38 39 40 41 42 43 44 45 46 47 48 49 50 51 52 53 54 55 56 57 58 59 60 61 62 63 64 65 66 67 68 69 70 71 72]
2024-04-01 15:26:14,468{GMT}	INFO	[jepsen worker 4] jepsen.util: 4	:invoke	:broadcast	73
2024-04-01 15:26:14,468{GMT}	INFO	[jepsen worker 4] jepsen.util: 4	:ok	:broadcast	73
2024-04-01 15:26:14,658{GMT}	INFO	[jepsen worker 0] jepsen.util: 0	:invoke	:broadcast	74
2024-04-01 15:26:14,658{GMT}	INFO	[jepsen worker 0] jepsen.util: 0	:ok	:broadcast	74
2024-04-01 15:26:14,700{GMT}	INFO	[jepsen worker 0] jepsen.util: 0	:invoke	:read	nil
2024-04-01 15:26:14,702{GMT}	INFO	[jepsen worker 0] jepsen.util: 0	:ok	:read	[0 1 2 3 4 5 6 7 8 9 10 11 12 13 14 15 16 17 18 19 20 21 22 23 24 25 26 27 28 29 30 31 32 33 34 35 36 37 38 39 40 41 42 43 44 45 46 47 48 49 50 51 52 53 54 55 56 57 58 59 60 61 62 63 64 65 66 67 68 69 70 71 72 73 74]
2024-04-01 15:26:14,858{GMT}	INFO	[jepsen worker 1] jepsen.util: 1	:invoke	:broadcast	75
2024-04-01 15:26:14,861{GMT}	INFO	[jepsen worker 1] jepsen.util: 1	:ok	:broadcast	75
2024-04-01 15:26:15,025{GMT}	INFO	[jepsen worker 2] jepsen.util: 2	:invoke	:broadcast	76
2024-04-01 15:26:15,025{GMT}	INFO	[jepsen worker 2] jepsen.util: 2	:ok	:broadcast	76
2024-04-01 15:26:15,143{GMT}	INFO	[jepsen worker 3] jepsen.util: 3	:invoke	:read	nil
2024-04-01 15:26:15,144{GMT}	INFO	[jepsen worker 3] jepsen.util: 3	:ok	:read	[0 1 2 3 4 5 6 7 8 9 10 11 12 13 14 15 16 17 18 19 20 21 22 23 24 25 26 27 28 29 30 31 32 33 34 35 36 37 38 39 40 41 42 43 44 45 46 47 48 49 50 51 52 53 54 55 56 57 58 59 60 61 62 63 64 65 66 67 68 69 70 71 72 73 74 75 76]
2024-04-01 15:26:15,254{GMT}	INFO	[jepsen worker 4] jepsen.util: 4	:invoke	:broadcast	77
2024-04-01 15:26:15,255{GMT}	INFO	[jepsen worker 4] jepsen.util: 4	:ok	:broadcast	77
2024-04-01 15:26:15,359{GMT}	INFO	[jepsen worker 0] jepsen.util: 0	:invoke	:read	nil
2024-04-01 15:26:15,359{GMT}	INFO	[jepsen worker 0] jepsen.util: 0	:ok	:read	[0 1 2 3 4 5 6 7 8 9 10 11 12 13 14 15 16 17 18 19 20 21 22 23 24 25 26 27 28 29 30 31 32 33 34 35 36 37 38 39 40 41 42 43 44 45 46 47 48 49 50 51 52 53 54 55 56 57 58 59 60 61 62 63 64 65 66 67 68 69 70 71 72 73 74 75 76 77]
2024-04-01 15:26:15,404{GMT}	INFO	[jepsen worker 0] jepsen.util: 0	:invoke	:read	nil
2024-04-01 15:26:15,405{GMT}	INFO	[jepsen worker 0] jepsen.util: 0	:ok	:read	[0 1 2 3 4 5 6 7 8 9 10 11 12 13 14 15 16 17 18 19 20 21 22 23 24 25 26 27 28 29 30 31 32 33 34 35 36 37 38 39 40 41 42 43 44 45 46 47 48 49 50 51 52 53 54 55 56 57 58 59 60 61 62 63 64 65 66 67 68 69 70 71 72 73 74 75 76 77]
2024-04-01 15:26:15,566{GMT}	INFO	[jepsen worker 1] jepsen.util: 1	:invoke	:read	nil
2024-04-01 15:26:15,567{GMT}	INFO	[jepsen worker 1] jepsen.util: 1	:ok	:read	[0 1 2 3 4 5 6 7 8 9 10 11 12 13 14 15 16 17 18 19 20 21 22 23 24 25 26 27 28 29 30 31 32 33 34 35 36 37 38 39 40 41 42 43 44 45 46 47 48 49 50 51 52 53 54 55 56 57 58 59 60 61 62 63 64 65 66 67 68 69 70 71 72 73 74 75 76 77]
2024-04-01 15:26:15,729{GMT}	INFO	[jepsen worker 2] jepsen.util: 2	:invoke	:broadcast	78
2024-04-01 15:26:15,730{GMT}	INFO	[jepsen worker 2] jepsen.util: 2	:ok	:broadcast	78
2024-04-01 15:26:15,835{GMT}	INFO	[jepsen worker 3] jepsen.util: 3	:invoke	:broadcast	79
2024-04-01 15:26:15,836{GMT}	INFO	[jepsen worker 3] jepsen.util: 3	:ok	:broadcast	79
2024-04-01 15:26:15,925{GMT}	INFO	[jepsen worker 4] jepsen.util: 4	:invoke	:read	nil
2024-04-01 15:26:15,926{GMT}	INFO	[jepsen worker 4] jepsen.util: 4	:ok	:read	[0 1 2 3 4 5 6 7 8 9 10 11 12 13 14 15 16 17 18 19 20 21 22 23 24 25 26 27 28 29 30 31 32 33 34 35 36 37 38 39 40 41 42 43 44 45 46 47 48 49 50 51 52 53 54 55 56 57 58 59 60 61 62 63 64 65 66 67 68 69 70 71 72 73 74 75 76 77 78 79]
2024-04-01 15:26:16,066{GMT}	INFO	[jepsen worker 0] jepsen.util: 0	:invoke	:broadcast	80
2024-04-01 15:26:16,067{GMT}	INFO	[jepsen worker 0] jepsen.util: 0	:ok	:broadcast	80
2024-04-01 15:26:16,175{GMT}	INFO	[jepsen worker 0] jepsen.util: 0	:invoke	:broadcast	81
2024-04-01 15:26:16,176{GMT}	INFO	[jepsen worker 0] jepsen.util: 0	:ok	:broadcast	81
2024-04-01 15:26:16,372{GMT}	INFO	[jepsen worker 1] jepsen.util: 1	:invoke	:read	nil
2024-04-01 15:26:16,373{GMT}	INFO	[jepsen worker 1] jepsen.util: 1	:ok	:read	[0 1 2 3 4 5 6 7 8 9 10 11 12 13 14 15 16 17 18 19 20 21 22 23 24 25 26 27 28 29 30 31 32 33 34 35 36 37 38 39 40 41 42 43 44 45 46 47 48 49 50 51 52 53 54 55 56 57 58 59 60 61 62 63 64 65 66 67 68 69 70 71 72 73 74 75 76 77 78 79 80 81]
2024-04-01 15:26:16,457{GMT}	INFO	[jepsen worker 2] jepsen.util: 2	:invoke	:broadcast	82
2024-04-01 15:26:16,457{GMT}	INFO	[jepsen worker 2] jepsen.util: 2	:ok	:broadcast	82
2024-04-01 15:26:16,600{GMT}	INFO	[jepsen worker 3] jepsen.util: 3	:invoke	:broadcast	83
2024-04-01 15:26:16,600{GMT}	INFO	[jepsen worker 3] jepsen.util: 3	:ok	:broadcast	83
2024-04-01 15:26:16,787{GMT}	INFO	[jepsen worker 4] jepsen.util: 4	:invoke	:read	nil
2024-04-01 15:26:16,788{GMT}	INFO	[jepsen worker 4] jepsen.util: 4	:ok	:read	[0 1 2 3 4 5 6 7 8 9 10 11 12 13 14 15 16 17 18 19 20 21 22 23 24 25 26 27 28 29 30 31 32 33 34 35 36 37 38 39 40 41 42 43 44 45 46 47 48 49 50 51 52 53 54 55 56 57 58 59 60 61 62 63 64 65 66 67 68 69 70 71 72 73 74 75 76 77 78 79 80 81 82 83]
2024-04-01 15:26:16,888{GMT}	INFO	[jepsen worker 0] jepsen.util: 0	:invoke	:read	nil
2024-04-01 15:26:16,890{GMT}	INFO	[jepsen worker 0] jepsen.util: 0	:ok	:read	[0 1 2 3 4 5 6 7 8 9 10 11 12 13 14 15 16 17 18 19 20 21 22 23 24 25 26 27 28 29 30 31 32 33 34 35 36 37 38 39 40 41 42 43 44 45 46 47 48 49 50 51 52 53 54 55 56 57 58 59 60 61 62 63 64 65 66 67 68 69 70 71 72 73 74 75 76 77 78 79 80 81 82 83]
2024-04-01 15:26:17,000{GMT}	INFO	[jepsen worker 0] jepsen.util: 0	:invoke	:read	nil
2024-04-01 15:26:17,001{GMT}	INFO	[jepsen worker 0] jepsen.util: 0	:ok	:read	[0 1 2 3 4 5 6 7 8 9 10 11 12 13 14 15 16 17 18 19 20 21 22 23 24 25 26 27 28 29 30 31 32 33 34 35 36 37 38 39 40 41 42 43 44 45 46 47 48 49 50 51 52 53 54 55 56 57 58 59 60 61 62 63 64 65 66 67 68 69 70 71 72 73 74 75 76 77 78 79 80 81 82 83]
2024-04-01 15:26:17,020{GMT}	INFO	[jepsen worker 1] jepsen.util: 1	:invoke	:broadcast	84
2024-04-01 15:26:17,021{GMT}	INFO	[jepsen worker 1] jepsen.util: 1	:ok	:broadcast	84
2024-04-01 15:26:17,195{GMT}	INFO	[jepsen worker 2] jepsen.util: 2	:invoke	:read	nil
2024-04-01 15:26:17,197{GMT}	INFO	[jepsen worker 2] jepsen.util: 2	:ok	:read	[0 1 2 3 4 5 6 7 8 9 10 11 12 13 14 15 16 17 18 19 20 21 22 23 24 25 26 27 28 29 30 31 32 33 34 35 36 37 38 39 40 41 42 43 44 45 46 47 48 49 50 51 52 53 54 55 56 57 58 59 60 61 62 63 64 65 66 67 68 69 70 71 72 73 74 75 76 77 78 79 80 81 82 83 84]
2024-04-01 15:26:17,385{GMT}	INFO	[jepsen worker 3] jepsen.util: 3	:invoke	:broadcast	85
2024-04-01 15:26:17,386{GMT}	INFO	[jepsen worker 3] jepsen.util: 3	:ok	:broadcast	85
2024-04-01 15:26:17,561{GMT}	INFO	[jepsen worker 4] jepsen.util: 4	:invoke	:broadcast	86
2024-04-01 15:26:17,562{GMT}	INFO	[jepsen worker 4] jepsen.util: 4	:ok	:broadcast	86
2024-04-01 15:26:17,745{GMT}	INFO	[jepsen worker 0] jepsen.util: 0	:invoke	:broadcast	87
2024-04-01 15:26:17,746{GMT}	INFO	[jepsen worker 0] jepsen.util: 0	:ok	:broadcast	87
2024-04-01 15:26:17,774{GMT}	INFO	[jepsen worker 0] jepsen.util: 0	:invoke	:read	nil
2024-04-01 15:26:17,775{GMT}	INFO	[jepsen worker 0] jepsen.util: 0	:ok	:read	[0 1 2 3 4 5 6 7 8 9 10 11 12 13 14 15 16 17 18 19 20 21 22 23 24 25 26 27 28 29 30 31 32 33 34 35 36 37 38 39 40 41 42 43 44 45 46 47 48 49 50 51 52 53 54 55 56 57 58 59 60 61 62 63 64 65 66 67 68 69 70 71 72 73 74 75 76 77 78 79 80 81 82 83 84 85 86 87]
2024-04-01 15:26:17,815{GMT}	INFO	[jepsen worker 1] jepsen.util: 1	:invoke	:broadcast	88
2024-04-01 15:26:17,816{GMT}	INFO	[jepsen worker 1] jepsen.util: 1	:ok	:broadcast	88
2024-04-01 15:26:17,860{GMT}	INFO	[jepsen worker 2] jepsen.util: 2	:invoke	:broadcast	89
2024-04-01 15:26:17,860{GMT}	INFO	[jepsen worker 2] jepsen.util: 2	:ok	:broadcast	89
2024-04-01 15:26:17,987{GMT}	INFO	[jepsen worker 3] jepsen.util: 3	:invoke	:broadcast	90
2024-04-01 15:26:17,988{GMT}	INFO	[jepsen worker 3] jepsen.util: 3	:ok	:broadcast	90
2024-04-01 15:26:18,010{GMT}	INFO	[jepsen worker 4] jepsen.util: 4	:invoke	:broadcast	91
2024-04-01 15:26:18,010{GMT}	INFO	[jepsen worker 4] jepsen.util: 4	:ok	:broadcast	91
2024-04-01 15:26:18,207{GMT}	INFO	[jepsen worker 0] jepsen.util: 0	:invoke	:read	nil
2024-04-01 15:26:18,209{GMT}	INFO	[jepsen worker 0] jepsen.util: 0	:ok	:read	[0 1 2 3 4 5 6 7 8 9 10 11 12 13 14 15 16 17 18 19 20 21 22 23 24 25 26 27 28 29 30 31 32 33 34 35 36 37 38 39 40 41 42 43 44 45 46 47 48 49 50 51 52 53 54 55 56 57 58 59 60 61 62 63 64 65 66 67 68 69 70 71 72 73 74 75 76 77 78 79 80 81 82 83 84 85 86 87 88 89 90 91]
2024-04-01 15:26:18,387{GMT}	INFO	[jepsen worker 0] jepsen.util: 0	:invoke	:broadcast	92
2024-04-01 15:26:18,388{GMT}	INFO	[jepsen worker 0] jepsen.util: 0	:ok	:broadcast	92
2024-04-01 15:26:18,521{GMT}	INFO	[jepsen worker 1] jepsen.util: 1	:invoke	:read	nil
2024-04-01 15:26:18,522{GMT}	INFO	[jepsen worker 1] jepsen.util: 1	:ok	:read	[0 1 2 3 4 5 6 7 8 9 10 11 12 13 14 15 16 17 18 19 20 21 22 23 24 25 26 27 28 29 30 31 32 33 34 35 36 37 38 39 40 41 42 43 44 45 46 47 48 49 50 51 52 53 54 55 56 57 58 59 60 61 62 63 64 65 66 67 68 69 70 71 72 73 74 75 76 77 78 79 80 81 82 83 84 85 86 87 88 89 90 91 92]
2024-04-01 15:26:18,597{GMT}	INFO	[jepsen worker 2] jepsen.util: 2	:invoke	:broadcast	93
2024-04-01 15:26:18,598{GMT}	INFO	[jepsen worker 2] jepsen.util: 2	:ok	:broadcast	93
2024-04-01 15:26:18,769{GMT}	INFO	[jepsen worker 3] jepsen.util: 3	:invoke	:broadcast	94
2024-04-01 15:26:18,770{GMT}	INFO	[jepsen worker 3] jepsen.util: 3	:ok	:broadcast	94
2024-04-01 15:26:18,841{GMT}	INFO	[jepsen worker 4] jepsen.util: 4	:invoke	:broadcast	95
2024-04-01 15:26:18,841{GMT}	INFO	[jepsen worker 4] jepsen.util: 4	:ok	:broadcast	95
2024-04-01 15:26:18,888{GMT}	INFO	[jepsen worker 0] jepsen.util: 0	:invoke	:read	nil
2024-04-01 15:26:18,888{GMT}	INFO	[jepsen worker 0] jepsen.util: 0	:ok	:read	[0 1 2 3 4 5 6 7 8 9 10 11 12 13 14 15 16 17 18 19 20 21 22 23 24 25 26 27 28 29 30 31 32 33 34 35 36 37 38 39 40 41 42 43 44 45 46 47 48 49 50 51 52 53 54 55 56 57 58 59 60 61 62 63 64 65 66 67 68 69 70 71 72 73 74 75 76 77 78 79 80 81 82 83 84 85 86 87 88 89 90 91 92 93 94 95]
2024-04-01 15:26:18,900{GMT}	INFO	[jepsen worker 0] jepsen.util: 0	:invoke	:read	nil
2024-04-01 15:26:18,900{GMT}	INFO	[jepsen worker 0] jepsen.util: 0	:ok	:read	[0 1 2 3 4 5 6 7 8 9 10 11 12 13 14 15 16 17 18 19 20 21 22 23 24 25 26 27 28 29 30 31 32 33 34 35 36 37 38 39 40 41 42 43 44 45 46 47 48 49 50 51 52 53 54 55 56 57 58 59 60 61 62 63 64 65 66 67 68 69 70 71 72 73 74 75 76 77 78 79 80 81 82 83 84 85 86 87 88 89 90 91 92 93 94 95]
2024-04-01 15:26:19,097{GMT}	INFO	[jepsen worker 1] jepsen.util: 1	:invoke	:broadcast	96
2024-04-01 15:26:19,098{GMT}	INFO	[jepsen worker 1] jepsen.util: 1	:ok	:broadcast	96
2024-04-01 15:26:19,165{GMT}	INFO	[jepsen worker 2] jepsen.util: 2	:invoke	:broadcast	97
2024-04-01 15:26:19,166{GMT}	INFO	[jepsen worker 2] jepsen.util: 2	:ok	:broadcast	97
2024-04-01 15:26:19,302{GMT}	INFO	[jepsen worker 3] jepsen.util: 3	:invoke	:broadcast	98
2024-04-01 15:26:19,303{GMT}	INFO	[jepsen worker 3] jepsen.util: 3	:ok	:broadcast	98
2024-04-01 15:26:19,382{GMT}	INFO	[jepsen worker 4] jepsen.util: 4	:invoke	:read	nil
2024-04-01 15:26:19,383{GMT}	INFO	[jepsen worker 4] jepsen.util: 4	:ok	:read	[0 1 2 3 4 5 6 7 8 9 10 11 12 13 14 15 16 17 18 19 20 21 22 23 24 25 26 27 28 29 30 31 32 33 34 35 36 37 38 39 40 41 42 43 44 45 46 47 48 49 50 51 52 53 54 55 56 57 58 59 60 61 62 63 64 65 66 67 68 69 70 71 72 73 74 75 76 77 78 79 80 81 82 83 84 85 86 87 88 89 90 91 92 93 94 95 96 97 98]
2024-04-01 15:26:19,511{GMT}	INFO	[jepsen worker 0] jepsen.util: 0	:invoke	:broadcast	99
2024-04-01 15:26:19,512{GMT}	INFO	[jepsen worker 0] jepsen.util: 0	:ok	:broadcast	99
2024-04-01 15:26:19,601{GMT}	INFO	[jepsen worker 0] jepsen.util: 0	:invoke	:broadcast	100
2024-04-01 15:26:19,601{GMT}	INFO	[jepsen worker 0] jepsen.util: 0	:ok	:broadcast	100
2024-04-01 15:26:19,625{GMT}	INFO	[jepsen worker 1] jepsen.util: 1	:invoke	:broadcast	101
2024-04-01 15:26:19,625{GMT}	INFO	[jepsen worker 1] jepsen.util: 1	:ok	:broadcast	101
2024-04-01 15:26:19,699{GMT}	INFO	[jepsen worker 2] jepsen.util: 2	:invoke	:broadcast	102
2024-04-01 15:26:19,700{GMT}	INFO	[jepsen worker 2] jepsen.util: 2	:ok	:broadcast	102
2024-04-01 15:26:19,763{GMT}	INFO	[jepsen worker 3] jepsen.util: 3	:invoke	:broadcast	103
2024-04-01 15:26:19,763{GMT}	INFO	[jepsen worker 3] jepsen.util: 3	:ok	:broadcast	103
2024-04-01 15:26:19,882{GMT}	INFO	[jepsen worker 4] jepsen.util: 4	:invoke	:read	nil
2024-04-01 15:26:19,884{GMT}	INFO	[jepsen worker 4] jepsen.util: 4	:ok	:read	[0 1 2 3 4 5 6 7 8 9 10 11 12 13 14 15 16 17 18 19 20 21 22 23 24 25 26 27 28 29 30 31 32 33 34 35 36 37 38 39 40 41 42 43 44 45 46 47 48 49 50 51 52 53 54 55 56 57 58 59 60 61 62 63 64 65 66 67 68 69 70 71 72 73 74 75 76 77 78 79 80 81 82 83 84 85 86 87 88 89 90 91 92 93 94 95 96 97 98 99 100 101 102 103]
2024-04-01 15:26:19,977{GMT}	INFO	[jepsen worker 0] jepsen.util: 0	:invoke	:broadcast	104
2024-04-01 15:26:19,978{GMT}	INFO	[jepsen worker 0] jepsen.util: 0	:ok	:broadcast	104
2024-04-01 15:26:20,141{GMT}	INFO	[jepsen worker 0] jepsen.util: 0	:invoke	:broadcast	105
2024-04-01 15:26:20,142{GMT}	INFO	[jepsen worker 0] jepsen.util: 0	:ok	:broadcast	105
2024-04-01 15:26:20,305{GMT}	INFO	[jepsen worker 1] jepsen.util: 1	:invoke	:broadcast	106
2024-04-01 15:26:20,306{GMT}	INFO	[jepsen worker 1] jepsen.util: 1	:ok	:broadcast	106
2024-04-01 15:26:20,370{GMT}	INFO	[jepsen worker 2] jepsen.util: 2	:invoke	:read	nil
2024-04-01 15:26:20,371{GMT}	INFO	[jepsen worker 2] jepsen.util: 2	:ok	:read	[0 1 2 3 4 5 6 7 8 9 10 11 12 13 14 15 16 17 18 19 20 21 22 23 24 25 26 27 28 29 30 31 32 33 34 35 36 37 38 39 40 41 42 43 44 45 46 47 48 49 50 51 52 53 54 55 56 57 58 59 60 61 62 63 64 65 66 67 68 69 70 71 72 73 74 75 76 77 78 79 80 81 82 83 84 85 86 87 88 89 90 91 92 93 94 95 96 97 98 99 100 101 102 103 104 105 106]
2024-04-01 15:26:20,442{GMT}	INFO	[jepsen worker 3] jepsen.util: 3	:invoke	:read	nil
2024-04-01 15:26:20,443{GMT}	INFO	[jepsen worker 3] jepsen.util: 3	:ok	:read	[0 1 2 3 4 5 6 7 8 9 10 11 12 13 14 15 16 17 18 19 20 21 22 23 24 25 26 27 28 29 30 31 32 33 34 35 36 37 38 39 40 41 42 43 44 45 46 47 48 49 50 51 52 53 54 55 56 57 58 59 60 61 62 63 64 65 66 67 68 69 70 71 72 73 74 75 76 77 78 79 80 81 82 83 84 85 86 87 88 89 90 91 92 93 94 95 96 97 98 99 100 101 102 103 104 105 106]
2024-04-01 15:26:20,524{GMT}	INFO	[jepsen worker 4] jepsen.util: 4	:invoke	:broadcast	107
2024-04-01 15:26:20,525{GMT}	INFO	[jepsen worker 4] jepsen.util: 4	:ok	:broadcast	107
2024-04-01 15:26:20,577{GMT}	INFO	[jepsen worker 0] jepsen.util: 0	:invoke	:broadcast	108
2024-04-01 15:26:20,578{GMT}	INFO	[jepsen worker 0] jepsen.util: 0	:ok	:broadcast	108
2024-04-01 15:26:20,682{GMT}	INFO	[jepsen worker 0] jepsen.util: 0	:invoke	:broadcast	109
2024-04-01 15:26:20,682{GMT}	INFO	[jepsen worker 0] jepsen.util: 0	:ok	:broadcast	109
2024-04-01 15:26:20,714{GMT}	INFO	[jepsen worker 1] jepsen.util: 1	:invoke	:broadcast	110
2024-04-01 15:26:20,714{GMT}	INFO	[jepsen worker 1] jepsen.util: 1	:ok	:broadcast	110
2024-04-01 15:26:20,715{GMT}	INFO	[jepsen worker 2] jepsen.generator.interpreter: Waiting for recovery...
2024-04-01 15:26:30,723{GMT}	INFO	[jepsen worker 2] jepsen.util: 2	:invoke	:read	nil
2024-04-01 15:26:30,723{GMT}	INFO	[jepsen worker 0] jepsen.util: 0	:invoke	:read	nil
2024-04-01 15:26:30,724{GMT}	INFO	[jepsen worker 3] jepsen.util: 3	:invoke	:read	nil
2024-04-01 15:26:30,724{GMT}	INFO	[jepsen worker 1] jepsen.util: 1	:invoke	:read	nil
2024-04-01 15:26:30,724{GMT}	INFO	[jepsen worker 4] jepsen.util: 4	:invoke	:read	nil
2024-04-01 15:26:30,725{GMT}	INFO	[jepsen worker 0] jepsen.util: 0	:ok	:read	[0 1 2 3 4 5 6 7 8 9 10 11 12 13 14 15 16 17 18 19 20 21 22 23 24 25 26 27 28 29 30 31 32 33 34 35 36 37 38 39 40 41 42 43 44 45 46 47 48 49 50 51 52 53 54 55 56 57 58 59 60 61 62 63 64 65 66 67 68 69 70 71 72 73 74 75 76 77 78 79 80 81 82 83 84 85 86 87 88 89 90 91 92 93 94 95 96 97 98 99 100 101 102 103 104 105 106 107 108 109 110]
2024-04-01 15:26:30,725{GMT}	INFO	[jepsen worker 2] jepsen.util: 2	:ok	:read	[0 1 2 3 4 5 6 7 8 9 10 11 12 13 14 15 16 17 18 19 20 21 22 23 24 25 26 27 28 29 30 31 32 33 34 35 36 37 38 39 40 41 42 43 44 45 46 47 48 49 50 51 52 53 54 55 56 57 58 59 60 61 62 63 64 65 66 67 68 69 70 71 72 73 74 75 76 77 78 79 80 81 82 83 84 85 86 87 88 89 90 91 92 93 94 95 96 97 98 99 100 101 102 103 104 105 106 107 108 109 110]
2024-04-01 15:26:30,725{GMT}	INFO	[jepsen worker 1] jepsen.util: 1	:ok	:read	[0 1 2 3 4 5 6 7 8 9 10 11 12 13 14 15 16 17 18 19 20 21 22 23 24 25 26 27 28 29 30 31 32 33 34 35 36 37 38 39 40 41 42 43 44 45 46 47 48 49 50 51 52 53 54 55 56 57 58 59 60 61 62 63 64 65 66 67 68 69 70 71 72 73 74 75 76 77 78 79 80 81 82 83 84 85 86 87 88 89 90 91 92 93 94 95 96 97 98 99 100 101 102 103 104 105 106 107 108 109 110]
2024-04-01 15:26:30,725{GMT}	INFO	[jepsen worker 3] jepsen.util: 3	:ok	:read	[0 1 2 3 4 5 6 7 8 9 10 11 12 13 14 15 16 17 18 19 20 21 22 23 24 25 26 27 28 29 30 31 32 33 34 35 36 37 38 39 40 41 42 43 44 45 46 47 48 49 50 51 52 53 54 55 56 57 58 59 60 61 62 63 64 65 66 67 68 69 70 71 72 73 74 75 76 77 78 79 80 81 82 83 84 85 86 87 88 89 90 91 92 93 94 95 96 97 98 99 100 101 102 103 104 105 106 107 108 109 110]
2024-04-01 15:26:30,725{GMT}	INFO	[jepsen worker 4] jepsen.util: 4	:ok	:read	[0 1 2 3 4 5 6 7 8 9 10 11 12 13 14 15 16 17 18 19 20 21 22 23 24 25 26 27 28 29 30 31 32 33 34 35 36 37 38 39 40 41 42 43 44 45 46 47 48 49 50 51 52 53 54 55 56 57 58 59 60 61 62 63 64 65 66 67 68 69 70 71 72 73 74 75 76 77 78 79 80 81 82 83 84 85 86 87 88 89 90 91 92 93 94 95 96 97 98 99 100 101 102 103 104 105 106 107 108 109 110]
2024-04-01 15:26:30,742{GMT}	INFO	[jepsen test runner] jepsen.core: Run complete, writing
2024-04-01 15:26:30,792{GMT}	INFO	[jepsen node n2] maelstrom.db: Tearing down n2
2024-04-01 15:26:30,792{GMT}	INFO	[jepsen node n1] maelstrom.db: Tearing down n1
2024-04-01 15:26:30,792{GMT}	INFO	[jepsen node n0] maelstrom.db: Tearing down n0
2024-04-01 15:26:30,792{GMT}	INFO	[jepsen node n3] maelstrom.db: Tearing down n3
2024-04-01 15:26:30,792{GMT}	INFO	[jepsen node n4] maelstrom.db: Tearing down n4
2024-04-01 15:26:31,828{GMT}	INFO	[jepsen node n0] maelstrom.net: Shutting down Maelstrom network
2024-04-01 15:26:31,830{GMT}	INFO	[jepsen test runner] jepsen.core: Analyzing...
2024-04-01 15:26:32,178{GMT}	INFO	[jepsen test runner] jepsen.core: Analysis complete
2024-04-01 15:26:32,189{GMT}	INFO	[jepsen results] jepsen.store: Wrote /Users/lihaoyang/maelstrom/store/broadcast/20240401T152559.796+0800/results.edn
2024-04-01 15:26:32,236{GMT}	INFO	[jepsen test runner] jepsen.core: {:perf {:latency-graph {:valid? true},
        :rate-graph {:valid? true},
        :valid? true},
 :timeline {:valid? true},
 :exceptions {:valid? true},
 :stats {:valid? true,
         :count 199,
         :ok-count 199,
         :fail-count 0,
         :info-count 0,
         :by-f {:broadcast {:valid? true,
                            :count 111,
                            :ok-count 111,
                            :fail-count 0,
                            :info-count 0},
                :read {:valid? true,
                       :count 88,
                       :ok-count 88,
                       :fail-count 0,
                       :info-count 0}}},
 :availability {:valid? true, :ok-fraction 1.0},
 :net {:all {:send-count 40619,
             :recv-count 40619,
             :msg-count 40619,
             :msgs-per-op 204.11559},
       :clients {:send-count 418, :recv-count 418, :msg-count 418},
       :servers {:send-count 40201,
                 :recv-count 40201,
                 :msg-count 40201,
                 :msgs-per-op 202.01508},
       :valid? true},
 :workload {:worst-stale (),
            :duplicated-count 0,
            :valid? true,
            :lost-count 0,
            :lost (),
            :stable-count 111,
            :stale-count 0,
            :stale (),
            :never-read-count 0,
            :stable-latencies {0 0, 0.5 0, 0.95 0, 0.99 0, 1 0},
            :attempt-count 111,
            :never-read (),
            :duplicated {}},
 :valid? true}


Everything looks good! (`)
